


materialPath: E:\Juegos\SteamWin\steamapps\common\Team Fortress 2\tf\materials
Loading D:\Art\Level Design\Momentum Mod\github\019ports\df_infernus\df_infernus.vmf
fixing up env_cubemap materials on brush sides...
0...1...2...3...4...5...6...7...8...9...100...1...2...3...4...5...6...7...8...9...10Processing areas...done (0)
Building Faces...done (0)
FixTjuncs...
PruneNodes...
WriteBSP...
done (0)
writing D:\Art\Level Design\Momentum Mod\github\019ports\df_infernus\df_infernus.prt...Building visibility clusters...
done (0)
material "skybox/sky_dl_alpinestormrt" not found.
Can't load skybox file skybox/sky_dl_alpinestorm to build the default cubemap!
Can't load skybox file skybox/sky_dl_alpinestorm to build the default cubemap!
Finding displacement neighbors...
Finding lightmap sample positions...
Displacement Alpha : 0...1...2...3...4...5...6...7...8...9...10
Building Physics collision data...
done (0) (14178 bytes)
Placing detail props : 0...1...2...3...4...5...6...7...8...9...10
Compacting texture/material tables...
Reduced 73 texinfos to 52
Reduced 5 texdatas to 5 (105 bytes to 105)
Writing D:\Art\Level Design\Momentum Mod\github\019ports\df_infernus\df_infernus.bsp
MSG_FILEWRITE - Filesystem was asked to write to 'D:\Art\Level Design\Momentum Mod\github\019ports\df_infernus\df_infernus.bsp', but we don't own that location. Allowing.
ZIP Output overshot buffer estimate: Estimated 0, actual 54
9 seconds elapsed
CMaterialDict::Shutdown m_MissingList count: 1



12 threads
reading d:\art\level design\momentum mod\github\019ports\df_infernus\df_infernus.bsp
reading d:\art\level design\momentum mod\github\019ports\df_infernus\df_infernus.prt
 176 portalclusters
 490 numportals
0...1...2...3...4...5...6...7...8...9...10Optimized: 5 visible clusters (0.02%)
Total clusters visible: 30901
Average clusters visible: 175
Building PAS...
Average clusters audible: 176
visdatasize:9156  compressed from 8448
writing d:\art\level design\momentum mod\github\019ports\df_infernus\df_infernus.bsp
MSG_FILEWRITE - Filesystem was asked to write to 'd:\art\level design\momentum mod\github\019ports\df_infernus\df_infernus.bsp', but we don't own that location. Allowing.
ZIP Output overshot buffer estimate: Estimated 0, actual 54
0 seconds elapsed



[Reading texlights from 'lights.rad']
[56 texlights parsed from 'lights.rad']

Loading d:\art\level design\momentum mod\github\019ports\df_infernus\df_infernus.bsp
338 faces
459698 square feet [66196608.00 square inches]
0 Displacements
0 Square Feet [0.00 Square Inches]
2 direct lights
0...1...2...3...4...5...6...7...8...9...10Build Patch/Sample Hash Table(s).....Done<0.0006 sec>
0...1...2...3...4...5...6...7...8...9...10FinalLightFace Done
0 of 0 (0% of) surface lights went in leaf ambient cubes.
0...1...2...3...4...5...6...7...8...9...10Writing leaf ambient...done
Ready to Finish

Object names       Objects/Maxobjs  Memory / Maxmem  Fullness 
------------       ---------------  ---------------  -------- 
models                   4/1024          192/49152    ( 0.4%) 
brushes                 33/8192          396/98304    ( 0.4%) 
brushsides             260/65536        2080/524288   ( 0.4%) 
planes                 262/65536        5240/1310720  ( 0.4%) 
vertexes               389/65536        4668/786432   ( 0.6%) 
nodes                  325/65536       10400/2097152  ( 0.5%) 
texinfos                52/12288        3744/884736   ( 0.4%) 
texdata                  5/2048          160/65536    ( 0.2%) 
dispinfos                0/0               0/0        ( 0.0%) 
disp_verts               0/0               0/0        ( 0.0%) 
disp_tris                0/0               0/0        ( 0.0%) 
disp_lmsamples           0/0               0/0        ( 0.0%) 
faces                  338/65536       18928/3670016  ( 0.5%) 
hdr faces                0/65536           0/3670016  ( 0.0%) 
origfaces              158/65536        8848/3670016  ( 0.2%) 
leaves                 330/65536       10560/2097152  ( 0.5%) 
leaffaces              493/65536         986/131072   ( 0.8%) 
leafbrushes            143/65536         286/131072   ( 0.2%) 
areas                    2/256            16/2048     ( 0.8%) 
surfedges             2044/512000       8176/2048000  ( 0.4%) 
edges                 1023/256000       4092/1024000  ( 0.4%) 
LDR worldlights          2/8192          176/720896   ( 0.0%) 
HDR worldlights          0/8192            0/720896   ( 0.0%) 
leafwaterdata            0/32768           0/393216   ( 0.0%) 
waterstrips              0/32768           0/327680   ( 0.0%) 
waterverts               0/65536           0/786432   ( 0.0%) 
waterindices             0/65536           0/131072   ( 0.0%) 
cubemapsamples           0/1024            0/16384    ( 0.0%) 
overlays                 0/512             0/180224   ( 0.0%) 
LDR lightdata         [variable]       70276/0        ( 0.0%) 
HDR lightdata         [variable]           0/0        ( 0.0%) 
visdata               [variable]        9156/16777216 ( 0.1%) 
entdata               [variable]        1391/393216   ( 0.4%) 
LDR ambient table      330/65536        1320/262144   ( 0.5%) 
HDR ambient table      330/65536        1320/262144   ( 0.5%) 
LDR leaf ambient      1602/65536       44856/1835008  ( 2.4%) 
HDR leaf ambient       330/65536        9240/1835008  ( 0.5%) 
occluders                0/0               0/0        ( 0.0%) 
occluder polygons        0/0               0/0        ( 0.0%) 
occluder vert ind        0/0               0/0        ( 0.0%) 
detail props          [variable]           1/12       ( 8.3%) 
static props          [variable]           1/12       ( 8.3%) 
pakfile               [variable]          54/0        ( 0.0%) 
physics               [variable]       14178/4194304  ( 0.3%) 
physics terrain       [variable]           2/1048576  ( 0.0%) 

Level flags = 0

Total triangle count: 712
Writing d:\art\level design\momentum mod\github\019ports\df_infernus\df_infernus.bsp
ZIP Output overshot buffer estimate: Estimated 0, actual 54
2 seconds elapsed



materialPath: E:\Juegos\SteamWin\steamapps\common\Team Fortress 2\tf\materials
Loading D:\Art\Level Design\Momentum Mod\github\019ports\df_infernus\df_infernus.vmf
fixing up env_cubemap materials on brush sides...
0...1...2...3...4...5...6...7...8...9...100...1...2...3...4...5...6...7...8...9...10Processing areas...done (0)
Building Faces...done (0)
FixTjuncs...
PruneNodes...
WriteBSP...
done (0)
writing D:\Art\Level Design\Momentum Mod\github\019ports\df_infernus\df_infernus.prt...Building visibility clusters...
done (0)
material "skybox/sky_dl_alpinestormrt" not found.
Can't load skybox file skybox/sky_dl_alpinestorm to build the default cubemap!
Can't load skybox file skybox/sky_dl_alpinestorm to build the default cubemap!
Finding displacement neighbors...
Finding lightmap sample positions...
Displacement Alpha : 0...1...2...3...4...5...6...7...8...9...10
Building Physics collision data...
done (0) (14178 bytes)
Placing detail props : 0...1...2...3...4...5...6...7...8...9...10
Compacting texture/material tables...
Reduced 73 texinfos to 52
Reduced 5 texdatas to 5 (105 bytes to 105)
Writing D:\Art\Level Design\Momentum Mod\github\019ports\df_infernus\df_infernus.bsp
MSG_FILEWRITE - Filesystem was asked to write to 'D:\Art\Level Design\Momentum Mod\github\019ports\df_infernus\df_infernus.bsp', but we don't own that location. Allowing.
ZIP Output overshot buffer estimate: Estimated 0, actual 54
0 seconds elapsed
CMaterialDict::Shutdown m_MissingList count: 1



12 threads
reading d:\art\level design\momentum mod\github\019ports\df_infernus\df_infernus.bsp
reading d:\art\level design\momentum mod\github\019ports\df_infernus\df_infernus.prt
 176 portalclusters
 490 numportals
0...1...2...3...4...5...6...7...8...9...10Optimized: 5 visible clusters (0.02%)
Total clusters visible: 30901
Average clusters visible: 175
Building PAS...
Average clusters audible: 176
visdatasize:9156  compressed from 8448
writing d:\art\level design\momentum mod\github\019ports\df_infernus\df_infernus.bsp
MSG_FILEWRITE - Filesystem was asked to write to 'd:\art\level design\momentum mod\github\019ports\df_infernus\df_infernus.bsp', but we don't own that location. Allowing.
ZIP Output overshot buffer estimate: Estimated 0, actual 54
0 seconds elapsed



[Reading texlights from 'lights.rad']
[56 texlights parsed from 'lights.rad']

Loading d:\art\level design\momentum mod\github\019ports\df_infernus\df_infernus.bsp
338 faces
459698 square feet [66196608.00 square inches]
0 Displacements
0 Square Feet [0.00 Square Inches]
338 patches before subdivision
338 patches after subdivision
2 direct lights
0...1...2...3...4...5...6...7...8...9...100...1...2...3...4...5...6...7...8...9...10transfers 6102, max 88
transfer lists:   0.0 megs
0...1...2...3...4...5...6...7...8...9...10	Bounce #1 added RGB(39, 0, 1)
0...1...2...3...4...5...6...7...8...9...10	Bounce #2 added RGB(1, 0, 0)
Build Patch/Sample Hash Table(s).....Done<0.0008 sec>
0...1...2...3...4...5...6...7...8...9...10FinalLightFace Done
0 of 0 (0% of) surface lights went in leaf ambient cubes.
0...1...2...3...4...5...6...7...8...9...10Writing leaf ambient...done
Ready to Finish

Object names       Objects/Maxobjs  Memory / Maxmem  Fullness 
------------       ---------------  ---------------  -------- 
models                   4/1024          192/49152    ( 0.4%) 
brushes                 33/8192          396/98304    ( 0.4%) 
brushsides             260/65536        2080/524288   ( 0.4%) 
planes                 262/65536        5240/1310720  ( 0.4%) 
vertexes               389/65536        4668/786432   ( 0.6%) 
nodes                  325/65536       10400/2097152  ( 0.5%) 
texinfos                52/12288        3744/884736   ( 0.4%) 
texdata                  5/2048          160/65536    ( 0.2%) 
dispinfos                0/0               0/0        ( 0.0%) 
disp_verts               0/0               0/0        ( 0.0%) 
disp_tris                0/0               0/0        ( 0.0%) 
disp_lmsamples           0/0               0/0        ( 0.0%) 
faces                  338/65536       18928/3670016  ( 0.5%) 
hdr faces                0/65536           0/3670016  ( 0.0%) 
origfaces              158/65536        8848/3670016  ( 0.2%) 
leaves                 330/65536       10560/2097152  ( 0.5%) 
leaffaces              493/65536         986/131072   ( 0.8%) 
leafbrushes            143/65536         286/131072   ( 0.2%) 
areas                    2/256            16/2048     ( 0.8%) 
surfedges             2044/512000       8176/2048000  ( 0.4%) 
edges                 1023/256000       4092/1024000  ( 0.4%) 
LDR worldlights          2/8192          176/720896   ( 0.0%) 
HDR worldlights          0/8192            0/720896   ( 0.0%) 
leafwaterdata            0/32768           0/393216   ( 0.0%) 
waterstrips              0/32768           0/327680   ( 0.0%) 
waterverts               0/65536           0/786432   ( 0.0%) 
waterindices             0/65536           0/131072   ( 0.0%) 
cubemapsamples           0/1024            0/16384    ( 0.0%) 
overlays                 0/512             0/180224   ( 0.0%) 
LDR lightdata         [variable]       70276/0        ( 0.0%) 
HDR lightdata         [variable]           0/0        ( 0.0%) 
visdata               [variable]        9156/16777216 ( 0.1%) 
entdata               [variable]        1391/393216   ( 0.4%) 
LDR ambient table      330/65536        1320/262144   ( 0.5%) 
HDR ambient table      330/65536        1320/262144   ( 0.5%) 
LDR leaf ambient      1601/65536       44828/1835008  ( 2.4%) 
HDR leaf ambient       330/65536        9240/1835008  ( 0.5%) 
occluders                0/0               0/0        ( 0.0%) 
occluder polygons        0/0               0/0        ( 0.0%) 
occluder vert ind        0/0               0/0        ( 0.0%) 
detail props          [variable]           1/12       ( 8.3%) 
static props          [variable]           1/12       ( 8.3%) 
pakfile               [variable]          54/0        ( 0.0%) 
physics               [variable]       14178/4194304  ( 0.3%) 
physics terrain       [variable]           2/1048576  ( 0.0%) 

Level flags = 0

Total triangle count: 712
Writing d:\art\level design\momentum mod\github\019ports\df_infernus\df_infernus.bsp
ZIP Output overshot buffer estimate: Estimated 0, actual 54
2 seconds elapsed



materialPath: E:\Juegos\SteamWin\steamapps\common\Team Fortress 2\tf\materials
Loading D:\Art\Level Design\Momentum Mod\github\019ports\df_infernus\df_infernus.vmf
fixing up env_cubemap materials on brush sides...
0...1...2...3...4...5...6...7...8...9...100...1...2...3...4...5...6...7...8...9...10Processing areas...done (0)
Building Faces...done (0)
FixTjuncs...
PruneNodes...
WriteBSP...
done (0)
writing D:\Art\Level Design\Momentum Mod\github\019ports\df_infernus\df_infernus.prt...Building visibility clusters...
done (0)
Creating default LDR cubemaps for env_cubemap using skybox materials:
   skybox/sky_day01_09*.vmt
 ! Run buildcubemaps in the engine to get the correct cube maps.
Creating default HDR cubemaps for env_cubemap using skybox materials:
   skybox/sky_day01_09*.vmt
 ! Run buildcubemaps in the engine to get the correct cube maps.
Finding displacement neighbors...
Finding lightmap sample positions...
Displacement Alpha : 0...1...2...3...4...5...6...7...8...9...10
Building Physics collision data...
done (0) (14178 bytes)
Placing detail props : 0...1...2...3...4...5...6...7...8...9...10
Compacting texture/material tables...
Reduced 73 texinfos to 52
Reduced 5 texdatas to 5 (105 bytes to 105)
Writing D:\Art\Level Design\Momentum Mod\github\019ports\df_infernus\df_infernus.bsp
MSG_FILEWRITE - Filesystem was asked to write to 'D:\Art\Level Design\Momentum Mod\github\019ports\df_infernus\df_infernus.bsp', but we don't own that location. Allowing.
Wrote ZIP buffer, estimated size 105889, actual size 105675
0 seconds elapsed



12 threads
reading d:\art\level design\momentum mod\github\019ports\df_infernus\df_infernus.bsp
reading d:\art\level design\momentum mod\github\019ports\df_infernus\df_infernus.prt
 176 portalclusters
 490 numportals
0...1...2...3...4...5...6...7...8...9...10Optimized: 5 visible clusters (0.02%)
Total clusters visible: 30901
Average clusters visible: 175
Building PAS...
Average clusters audible: 176
visdatasize:9156  compressed from 8448
writing d:\art\level design\momentum mod\github\019ports\df_infernus\df_infernus.bsp
MSG_FILEWRITE - Filesystem was asked to write to 'd:\art\level design\momentum mod\github\019ports\df_infernus\df_infernus.bsp', but we don't own that location. Allowing.
0 seconds elapsed



[Reading texlights from 'lights.rad']
[56 texlights parsed from 'lights.rad']

Loading d:\art\level design\momentum mod\github\019ports\df_infernus\df_infernus.bsp
338 faces
459698 square feet [66196608.00 square inches]
0 Displacements
0 Square Feet [0.00 Square Inches]
338 patches before subdivision
338 patches after subdivision
2 direct lights
0...1...2...3...4...5...6...7...8...9...100...1...2...3...4...5...6...7...8...9...10transfers 6102, max 88
transfer lists:   0.0 megs
0...1...2...3...4...5...6...7...8...9...10	Bounce #1 added RGB(39, 0, 1)
0...1...2...3...4...5...6...7...8...9...10	Bounce #2 added RGB(1, 0, 0)
Build Patch/Sample Hash Table(s).....Done<0.0008 sec>
0...1...2...3...4...5...6...7...8...9...10FinalLightFace Done
0 of 0 (0% of) surface lights went in leaf ambient cubes.
0...1...2...3...4...5...6...7...8...9...10Writing leaf ambient...done
Ready to Finish

Object names       Objects/Maxobjs  Memory / Maxmem  Fullness 
------------       ---------------  ---------------  -------- 
models                   4/1024          192/49152    ( 0.4%) 
brushes                 33/8192          396/98304    ( 0.4%) 
brushsides             260/65536        2080/524288   ( 0.4%) 
planes                 262/65536        5240/1310720  ( 0.4%) 
vertexes               389/65536        4668/786432   ( 0.6%) 
nodes                  325/65536       10400/2097152  ( 0.5%) 
texinfos                52/12288        3744/884736   ( 0.4%) 
texdata                  5/2048          160/65536    ( 0.2%) 
dispinfos                0/0               0/0        ( 0.0%) 
disp_verts               0/0               0/0        ( 0.0%) 
disp_tris                0/0               0/0        ( 0.0%) 
disp_lmsamples           0/0               0/0        ( 0.0%) 
faces                  338/65536       18928/3670016  ( 0.5%) 
hdr faces                0/65536           0/3670016  ( 0.0%) 
origfaces              158/65536        8848/3670016  ( 0.2%) 
leaves                 330/65536       10560/2097152  ( 0.5%) 
leaffaces              493/65536         986/131072   ( 0.8%) 
leafbrushes            143/65536         286/131072   ( 0.2%) 
areas                    2/256            16/2048     ( 0.8%) 
surfedges             2044/512000       8176/2048000  ( 0.4%) 
edges                 1023/256000       4092/1024000  ( 0.4%) 
LDR worldlights          2/8192          176/720896   ( 0.0%) 
HDR worldlights          0/8192            0/720896   ( 0.0%) 
leafwaterdata            0/32768           0/393216   ( 0.0%) 
waterstrips              0/32768           0/327680   ( 0.0%) 
waterverts               0/65536           0/786432   ( 0.0%) 
waterindices             0/65536           0/131072   ( 0.0%) 
cubemapsamples           0/1024            0/16384    ( 0.0%) 
overlays                 0/512             0/180224   ( 0.0%) 
LDR lightdata         [variable]       70276/0        ( 0.0%) 
HDR lightdata         [variable]           0/0        ( 0.0%) 
visdata               [variable]        9156/16777216 ( 0.1%) 
entdata               [variable]        1385/393216   ( 0.4%) 
LDR ambient table      330/65536        1320/262144   ( 0.5%) 
HDR ambient table      330/65536        1320/262144   ( 0.5%) 
LDR leaf ambient      1601/65536       44828/1835008  ( 2.4%) 
HDR leaf ambient       330/65536        9240/1835008  ( 0.5%) 
occluders                0/0               0/0        ( 0.0%) 
occluder polygons        0/0               0/0        ( 0.0%) 
occluder vert ind        0/0               0/0        ( 0.0%) 
detail props          [variable]           1/12       ( 8.3%) 
static props          [variable]           1/12       ( 8.3%) 
pakfile               [variable]      105675/0        ( 0.0%) 
physics               [variable]       14178/4194304  ( 0.3%) 
physics terrain       [variable]           2/1048576  ( 0.0%) 

Level flags = 0

Total triangle count: 712
Writing d:\art\level design\momentum mod\github\019ports\df_infernus\df_infernus.bsp
2 seconds elapsed



materialPath: E:\Juegos\SteamWin\steamapps\common\Team Fortress 2\tf\materials
Loading D:\Art\Level Design\Momentum Mod\github\019ports\df_infernus\df_infernus.vmf
fixing up env_cubemap materials on brush sides...
0...1...2...3...4...5...6...7...8...9...100...1...2...3...4...5...6...7...8...9...10Processing areas...done (0)
Building Faces...done (0)
FixTjuncs...
PruneNodes...
WriteBSP...
done (0)
writing D:\Art\Level Design\Momentum Mod\github\019ports\df_infernus\df_infernus.prt...Building visibility clusters...
done (0)
Creating default LDR cubemaps for env_cubemap using skybox materials:
   skybox/sky_day01_09*.vmt
 ! Run buildcubemaps in the engine to get the correct cube maps.
Creating default HDR cubemaps for env_cubemap using skybox materials:
   skybox/sky_day01_09*.vmt
 ! Run buildcubemaps in the engine to get the correct cube maps.
Finding displacement neighbors...
Finding lightmap sample positions...
Displacement Alpha : 0...1...2...3...4...5...6...7...8...9...10
Building Physics collision data...
done (0) (14178 bytes)
Placing detail props : 0...1...2...3...4...5...6...7...8...9...10
Compacting texture/material tables...
Reduced 73 texinfos to 52
Reduced 5 texdatas to 5 (105 bytes to 105)
Writing D:\Art\Level Design\Momentum Mod\github\019ports\df_infernus\df_infernus.bsp
MSG_FILEWRITE - Filesystem was asked to write to 'D:\Art\Level Design\Momentum Mod\github\019ports\df_infernus\df_infernus.bsp', but we don't own that location. Allowing.
Wrote ZIP buffer, estimated size 105889, actual size 105675
0 seconds elapsed



12 threads
reading d:\art\level design\momentum mod\github\019ports\df_infernus\df_infernus.bsp
reading d:\art\level design\momentum mod\github\019ports\df_infernus\df_infernus.prt
 176 portalclusters
 490 numportals
0...1...2...3...4...5...6...7...8...9...10Optimized: 5 visible clusters (0.02%)
Total clusters visible: 30901
Average clusters visible: 175
Building PAS...
Average clusters audible: 176
visdatasize:9156  compressed from 8448
writing d:\art\level design\momentum mod\github\019ports\df_infernus\df_infernus.bsp
MSG_FILEWRITE - Filesystem was asked to write to 'd:\art\level design\momentum mod\github\019ports\df_infernus\df_infernus.bsp', but we don't own that location. Allowing.
0 seconds elapsed



[Reading texlights from 'lights.rad']
[56 texlights parsed from 'lights.rad']

Loading d:\art\level design\momentum mod\github\019ports\df_infernus\df_infernus.bsp
338 faces
459698 square feet [66196608.00 square inches]
0 Displacements
0 Square Feet [0.00 Square Inches]
338 patches before subdivision
338 patches after subdivision
2 direct lights
0...1...2...3...4...5...6...7...8...9...100...1...2...3...4...5...6...7...8...9...10transfers 6102, max 88
transfer lists:   0.0 megs
0...1...2...3...4...5...6...7...8...9...10	Bounce #1 added RGB(39, 0, 1)
0...1...2...3...4...5...6...7...8...9...10	Bounce #2 added RGB(1, 0, 0)
Build Patch/Sample Hash Table(s).....Done<0.0008 sec>
0...1...2...3...4...5...6...7...8...9...10FinalLightFace Done
0 of 0 (0% of) surface lights went in leaf ambient cubes.
0...1...2...3...4...5...6...7...8...9...10Writing leaf ambient...done
Ready to Finish

Object names       Objects/Maxobjs  Memory / Maxmem  Fullness 
------------       ---------------  ---------------  -------- 
models                   4/1024          192/49152    ( 0.4%) 
brushes                 33/8192          396/98304    ( 0.4%) 
brushsides             260/65536        2080/524288   ( 0.4%) 
planes                 262/65536        5240/1310720  ( 0.4%) 
vertexes               389/65536        4668/786432   ( 0.6%) 
nodes                  325/65536       10400/2097152  ( 0.5%) 
texinfos                52/12288        3744/884736   ( 0.4%) 
texdata                  5/2048          160/65536    ( 0.2%) 
dispinfos                0/0               0/0        ( 0.0%) 
disp_verts               0/0               0/0        ( 0.0%) 
disp_tris                0/0               0/0        ( 0.0%) 
disp_lmsamples           0/0               0/0        ( 0.0%) 
faces                  338/65536       18928/3670016  ( 0.5%) 
hdr faces                0/65536           0/3670016  ( 0.0%) 
origfaces              158/65536        8848/3670016  ( 0.2%) 
leaves                 330/65536       10560/2097152  ( 0.5%) 
leaffaces              493/65536         986/131072   ( 0.8%) 
leafbrushes            143/65536         286/131072   ( 0.2%) 
areas                    2/256            16/2048     ( 0.8%) 
surfedges             2044/512000       8176/2048000  ( 0.4%) 
edges                 1023/256000       4092/1024000  ( 0.4%) 
LDR worldlights          2/8192          176/720896   ( 0.0%) 
HDR worldlights          0/8192            0/720896   ( 0.0%) 
leafwaterdata            0/32768           0/393216   ( 0.0%) 
waterstrips              0/32768           0/327680   ( 0.0%) 
waterverts               0/65536           0/786432   ( 0.0%) 
waterindices             0/65536           0/131072   ( 0.0%) 
cubemapsamples           0/1024            0/16384    ( 0.0%) 
overlays                 0/512             0/180224   ( 0.0%) 
LDR lightdata         [variable]       70276/0        ( 0.0%) 
HDR lightdata         [variable]           0/0        ( 0.0%) 
visdata               [variable]        9156/16777216 ( 0.1%) 
entdata               [variable]        1385/393216   ( 0.4%) 
LDR ambient table      330/65536        1320/262144   ( 0.5%) 
HDR ambient table      330/65536        1320/262144   ( 0.5%) 
LDR leaf ambient      1601/65536       44828/1835008  ( 2.4%) 
HDR leaf ambient       330/65536        9240/1835008  ( 0.5%) 
occluders                0/0               0/0        ( 0.0%) 
occluder polygons        0/0               0/0        ( 0.0%) 
occluder vert ind        0/0               0/0        ( 0.0%) 
detail props          [variable]           1/12       ( 8.3%) 
static props          [variable]           1/12       ( 8.3%) 
pakfile               [variable]      105675/0        ( 0.0%) 
physics               [variable]       14178/4194304  ( 0.3%) 
physics terrain       [variable]           2/1048576  ( 0.0%) 

Level flags = 0

Total triangle count: 712
Writing d:\art\level design\momentum mod\github\019ports\df_infernus\df_infernus.bsp
2 seconds elapsed



materialPath: E:\Juegos\SteamWin\steamapps\common\Team Fortress 2\tf\materials
Loading D:\Art\Level Design\Momentum Mod\github\019ports\df_infernus\df_infernus.vmf
fixing up env_cubemap materials on brush sides...
0...1...2...3...4...5...6...7...8...9...100...1...2...3...4...5...6...7...8...9...10Processing areas...done (0)
Building Faces...done (0)
FixTjuncs...
PruneNodes...
WriteBSP...
done (0)
writing D:\Art\Level Design\Momentum Mod\github\019ports\df_infernus\df_infernus.prt...Building visibility clusters...
done (0)
Creating default LDR cubemaps for env_cubemap using skybox materials:
   skybox/sky_borealis01*.vmt
 ! Run buildcubemaps in the engine to get the correct cube maps.
Creating default HDR cubemaps for env_cubemap using skybox materials:
   skybox/sky_borealis01*.vmt
 ! Run buildcubemaps in the engine to get the correct cube maps.
Finding displacement neighbors...
Finding lightmap sample positions...
Displacement Alpha : 0...1...2...3...4...5...6...7...8...9...10
Building Physics collision data...
done (0) (14178 bytes)
Placing detail props : 0...1...2...3...4...5...6...7...8...9...10
Compacting texture/material tables...
Reduced 73 texinfos to 52
Reduced 5 texdatas to 5 (105 bytes to 105)
Writing D:\Art\Level Design\Momentum Mod\github\019ports\df_infernus\df_infernus.bsp
MSG_FILEWRITE - Filesystem was asked to write to 'D:\Art\Level Design\Momentum Mod\github\019ports\df_infernus\df_infernus.bsp', but we don't own that location. Allowing.
Wrote ZIP buffer, estimated size 86968, actual size 86754
0 seconds elapsed



12 threads
reading d:\art\level design\momentum mod\github\019ports\df_infernus\df_infernus.bsp
reading d:\art\level design\momentum mod\github\019ports\df_infernus\df_infernus.prt
 176 portalclusters
 490 numportals
0...1...2...3...4...5...6...7...8...9...10Optimized: 5 visible clusters (0.02%)
Total clusters visible: 30901
Average clusters visible: 175
Building PAS...
Average clusters audible: 176
visdatasize:9156  compressed from 8448
writing d:\art\level design\momentum mod\github\019ports\df_infernus\df_infernus.bsp
MSG_FILEWRITE - Filesystem was asked to write to 'd:\art\level design\momentum mod\github\019ports\df_infernus\df_infernus.bsp', but we don't own that location. Allowing.
0 seconds elapsed



[Reading texlights from 'lights.rad']
[56 texlights parsed from 'lights.rad']

Loading d:\art\level design\momentum mod\github\019ports\df_infernus\df_infernus.bsp
338 faces
459698 square feet [66196608.00 square inches]
0 Displacements
0 Square Feet [0.00 Square Inches]
338 patches before subdivision
338 patches after subdivision
2 direct lights
0...1...2...3...4...5...6...7...8...9...100...1...2...3...4...5...6...7...8...9...10transfers 6102, max 88
transfer lists:   0.0 megs
0...1...2...3...4...5...6...7...8...9...10	Bounce #1 added RGB(39, 0, 1)
0...1...2...3...4...5...6...7...8...9...10	Bounce #2 added RGB(1, 0, 0)
Build Patch/Sample Hash Table(s).....Done<0.0008 sec>
0...1...2...3...4...5...6...7...8...9...10FinalLightFace Done
0 of 0 (0% of) surface lights went in leaf ambient cubes.
0...1...2...3...4...5...6...7...8...9...10Writing leaf ambient...done
Ready to Finish

Object names       Objects/Maxobjs  Memory / Maxmem  Fullness 
------------       ---------------  ---------------  -------- 
models                   4/1024          192/49152    ( 0.4%) 
brushes                 33/8192          396/98304    ( 0.4%) 
brushsides             260/65536        2080/524288   ( 0.4%) 
planes                 262/65536        5240/1310720  ( 0.4%) 
vertexes               389/65536        4668/786432   ( 0.6%) 
nodes                  325/65536       10400/2097152  ( 0.5%) 
texinfos                52/12288        3744/884736   ( 0.4%) 
texdata                  5/2048          160/65536    ( 0.2%) 
dispinfos                0/0               0/0        ( 0.0%) 
disp_verts               0/0               0/0        ( 0.0%) 
disp_tris                0/0               0/0        ( 0.0%) 
disp_lmsamples           0/0               0/0        ( 0.0%) 
faces                  338/65536       18928/3670016  ( 0.5%) 
hdr faces                0/65536           0/3670016  ( 0.0%) 
origfaces              158/65536        8848/3670016  ( 0.2%) 
leaves                 330/65536       10560/2097152  ( 0.5%) 
leaffaces              493/65536         986/131072   ( 0.8%) 
leafbrushes            143/65536         286/131072   ( 0.2%) 
areas                    2/256            16/2048     ( 0.8%) 
surfedges             2044/512000       8176/2048000  ( 0.4%) 
edges                 1023/256000       4092/1024000  ( 0.4%) 
LDR worldlights          2/8192          176/720896   ( 0.0%) 
HDR worldlights          0/8192            0/720896   ( 0.0%) 
leafwaterdata            0/32768           0/393216   ( 0.0%) 
waterstrips              0/32768           0/327680   ( 0.0%) 
waterverts               0/65536           0/786432   ( 0.0%) 
waterindices             0/65536           0/131072   ( 0.0%) 
cubemapsamples           0/1024            0/16384    ( 0.0%) 
overlays                 0/512             0/180224   ( 0.0%) 
LDR lightdata         [variable]       70276/0        ( 0.0%) 
HDR lightdata         [variable]           0/0        ( 0.0%) 
visdata               [variable]        9156/16777216 ( 0.1%) 
entdata               [variable]        1387/393216   ( 0.4%) 
LDR ambient table      330/65536        1320/262144   ( 0.5%) 
HDR ambient table      330/65536        1320/262144   ( 0.5%) 
LDR leaf ambient      1601/65536       44828/1835008  ( 2.4%) 
HDR leaf ambient       330/65536        9240/1835008  ( 0.5%) 
occluders                0/0               0/0        ( 0.0%) 
occluder polygons        0/0               0/0        ( 0.0%) 
occluder vert ind        0/0               0/0        ( 0.0%) 
detail props          [variable]           1/12       ( 8.3%) 
static props          [variable]           1/12       ( 8.3%) 
pakfile               [variable]       86754/0        ( 0.0%) 
physics               [variable]       14178/4194304  ( 0.3%) 
physics terrain       [variable]           2/1048576  ( 0.0%) 

Level flags = 0

Total triangle count: 712
Writing d:\art\level design\momentum mod\github\019ports\df_infernus\df_infernus.bsp
2 seconds elapsed



materialPath: E:\Juegos\SteamWin\steamapps\common\Team Fortress 2\tf\materials
Loading D:\Art\Level Design\Momentum Mod\github\019ports\df_infernus\df_infernus.vmf
fixing up env_cubemap materials on brush sides...
0...1...2...3...4...5...6...7...8...9...100...1...2...3...4...5...6...7...8...9...10Processing areas...done (0)
Building Faces...done (0)
FixTjuncs...
PruneNodes...
WriteBSP...
done (0)
writing D:\Art\Level Design\Momentum Mod\github\019ports\df_infernus\df_infernus.prt...Building visibility clusters...
done (0)
Creating default LDR cubemaps for env_cubemap using skybox materials:
   skybox/sky_borealis01*.vmt
 ! Run buildcubemaps in the engine to get the correct cube maps.
Creating default HDR cubemaps for env_cubemap using skybox materials:
   skybox/sky_borealis01*.vmt
 ! Run buildcubemaps in the engine to get the correct cube maps.
Finding displacement neighbors...
Finding lightmap sample positions...
Displacement Alpha : 0...1...2...3...4...5...6...7...8...9...10
Building Physics collision data...
done (0) (14178 bytes)
Placing detail props : 0...1...2...3...4...5...6...7...8...9...10
Compacting texture/material tables...
Reduced 73 texinfos to 52
Reduced 5 texdatas to 5 (105 bytes to 105)
Writing D:\Art\Level Design\Momentum Mod\github\019ports\df_infernus\df_infernus.bsp
MSG_FILEWRITE - Filesystem was asked to write to 'D:\Art\Level Design\Momentum Mod\github\019ports\df_infernus\df_infernus.bsp', but we don't own that location. Allowing.
Wrote ZIP buffer, estimated size 86968, actual size 86754
1 second elapsed



12 threads
reading d:\art\level design\momentum mod\github\019ports\df_infernus\df_infernus.bsp
reading d:\art\level design\momentum mod\github\019ports\df_infernus\df_infernus.prt
 176 portalclusters
 490 numportals
0...1...2...3...4...5...6...7...8...9...10Optimized: 5 visible clusters (0.02%)
Total clusters visible: 30901
Average clusters visible: 175
Building PAS...
Average clusters audible: 176
visdatasize:9156  compressed from 8448
writing d:\art\level design\momentum mod\github\019ports\df_infernus\df_infernus.bsp
MSG_FILEWRITE - Filesystem was asked to write to 'd:\art\level design\momentum mod\github\019ports\df_infernus\df_infernus.bsp', but we don't own that location. Allowing.
0 seconds elapsed



[Reading texlights from 'lights.rad']
[56 texlights parsed from 'lights.rad']

Loading d:\art\level design\momentum mod\github\019ports\df_infernus\df_infernus.bsp
338 faces
459698 square feet [66196608.00 square inches]
0 Displacements
0 Square Feet [0.00 Square Inches]
338 patches before subdivision
338 patches after subdivision
2 direct lights
0...1...2...3...4...5...6...7...8...9...100...1...2...3...4...5...6...7...8...9...10transfers 6102, max 88
transfer lists:   0.0 megs
0...1...2...3...4...5...6...7...8...9...10	Bounce #1 added RGB(39, 0, 1)
0...1...2...3...4...5...6...7...8...9...10	Bounce #2 added RGB(1, 0, 0)
Build Patch/Sample Hash Table(s).....Done<0.0008 sec>
0...1...2...3...4...5...6...7...8...9...10FinalLightFace Done
0 of 0 (0% of) surface lights went in leaf ambient cubes.
0...1...2...3...4...5...6...7...8...9...10Writing leaf ambient...done
Ready to Finish

Object names       Objects/Maxobjs  Memory / Maxmem  Fullness 
------------       ---------------  ---------------  -------- 
models                   4/1024          192/49152    ( 0.4%) 
brushes                 33/8192          396/98304    ( 0.4%) 
brushsides             260/65536        2080/524288   ( 0.4%) 
planes                 262/65536        5240/1310720  ( 0.4%) 
vertexes               389/65536        4668/786432   ( 0.6%) 
nodes                  325/65536       10400/2097152  ( 0.5%) 
texinfos                52/12288        3744/884736   ( 0.4%) 
texdata                  5/2048          160/65536    ( 0.2%) 
dispinfos                0/0               0/0        ( 0.0%) 
disp_verts               0/0               0/0        ( 0.0%) 
disp_tris                0/0               0/0        ( 0.0%) 
disp_lmsamples           0/0               0/0        ( 0.0%) 
faces                  338/65536       18928/3670016  ( 0.5%) 
hdr faces                0/65536           0/3670016  ( 0.0%) 
origfaces              158/65536        8848/3670016  ( 0.2%) 
leaves                 330/65536       10560/2097152  ( 0.5%) 
leaffaces              493/65536         986/131072   ( 0.8%) 
leafbrushes            143/65536         286/131072   ( 0.2%) 
areas                    2/256            16/2048     ( 0.8%) 
surfedges             2044/512000       8176/2048000  ( 0.4%) 
edges                 1023/256000       4092/1024000  ( 0.4%) 
LDR worldlights          2/8192          176/720896   ( 0.0%) 
HDR worldlights          0/8192            0/720896   ( 0.0%) 
leafwaterdata            0/32768           0/393216   ( 0.0%) 
waterstrips              0/32768           0/327680   ( 0.0%) 
waterverts               0/65536           0/786432   ( 0.0%) 
waterindices             0/65536           0/131072   ( 0.0%) 
cubemapsamples           0/1024            0/16384    ( 0.0%) 
overlays                 0/512             0/180224   ( 0.0%) 
LDR lightdata         [variable]       70276/0        ( 0.0%) 
HDR lightdata         [variable]           0/0        ( 0.0%) 
visdata               [variable]        9156/16777216 ( 0.1%) 
entdata               [variable]        1387/393216   ( 0.4%) 
LDR ambient table      330/65536        1320/262144   ( 0.5%) 
HDR ambient table      330/65536        1320/262144   ( 0.5%) 
LDR leaf ambient      1601/65536       44828/1835008  ( 2.4%) 
HDR leaf ambient       330/65536        9240/1835008  ( 0.5%) 
occluders                0/0               0/0        ( 0.0%) 
occluder polygons        0/0               0/0        ( 0.0%) 
occluder vert ind        0/0               0/0        ( 0.0%) 
detail props          [variable]           1/12       ( 8.3%) 
static props          [variable]           1/12       ( 8.3%) 
pakfile               [variable]       86754/0        ( 0.0%) 
physics               [variable]       14178/4194304  ( 0.3%) 
physics terrain       [variable]           2/1048576  ( 0.0%) 

Level flags = 0

Total triangle count: 712
Writing d:\art\level design\momentum mod\github\019ports\df_infernus\df_infernus.bsp
2 seconds elapsed
