PRT1
176
490
4 0 2 (10720 0 -128 ) (10720 0 736 ) (10240 0 736 ) (10240 0 -128 ) 
4 0 1 (10240 0 -128 ) (10240 0 736 ) (10240 480 736 ) (10240 480 -128 ) 
4 1 8 (9216 0 -128 ) (9216 0 320 ) (9216 480 320 ) (9216 480 -128 ) 
4 1 5 (9216 0 320 ) (9216 0 384 ) (9216 480 384 ) (9216 480 320 ) 
4 1 4 (9216 0 384 ) (9216 0 736 ) (9216 480 736 ) (9216 480 384 ) 
4 1 3 (10240 0 -128 ) (10240 0 736 ) (9216 0 736 ) (9216 0 -128 ) 
4 2 3 (10240 0 736 ) (10240 0 -128 ) (10240 -480 -128 ) (10240 -480 736 ) 
4 3 38 (9216 -480 -128 ) (9216 -480 320 ) (9216 0 320 ) (9216 0 -128 ) 
4 3 35 (9216 -480 320 ) (9216 -480 384 ) (9216 0 384 ) (9216 0 320 ) 
4 3 34 (9216 -480 384 ) (9216 -480 736 ) (9216 0 736 ) (9216 0 384 ) 
4 4 34 (9216 0 384 ) (9216 0 736 ) (8192 0 736 ) (8192 0 384 ) 
4 4 13 (8192 0 384 ) (8192 0 736 ) (8192 480 736 ) (8192 480 384 ) 
4 4 6 (8597 256 384 ) (8597 480 384 ) (8853 480 384 ) (8853 256 384 ) 
4 4 5 (9216 0 384 ) (8853 0 384 ) (8853 480 384 ) (9216 480 384 ) 
4 4 7 (8597 0 384 ) (8192 0 384 ) (8192 480 384 ) (8597 480 384 ) 
4 5 35 (9216 0 320 ) (9216 0 384 ) (8853 0 384 ) (8853 0 320 ) 
4 5 8 (8853 480 320 ) (9216 480 320 ) (9216 0 320 ) (8853 0 320 ) 
4 5 6 (8853 480 320 ) (8853 256 320 ) (8853 256 384 ) (8853 480 384 ) 
4 6 11 (8597 480 320 ) (8852 480 320 ) (8852 256 320 ) (8597 256 320 ) 
4 6 8 (8852 480 320 ) (8853 480 320 ) (8853 256 320 ) (8852 256 320 ) 
4 6 7 (8597 480 320 ) (8597 256 320 ) (8597 256 384 ) (8597 480 384 ) 
4 7 37 (8597 0 384 ) (8192 0 384 ) (8192 0 320 ) (8597 0 320 ) 
4 7 14 (8192 0 320 ) (8192 0 384 ) (8192 480 384 ) (8192 480 320 ) 
4 7 11 (8596 480 320 ) (8597 480 320 ) (8597 256 320 ) (8596 256 320 ) 
4 7 12 (8192 0 320 ) (8192 480 320 ) (8596 480 320 ) (8596 0 320 ) 
4 8 38 (9216 0 -128 ) (9216 0 320 ) (8852 0 320 ) (8852 0 -128 ) 
4 8 11 (8852 255.996216 320 ) (8852 480 320 ) (8852 480 316 ) (8852 251.996002 316 ) 
4 8 9 (8852 480 -128 ) (8852 0 -128 ) (8852 0 316 ) (8852 480 316 ) 
4 9 39 (8596 0 60.006012 ) (8596 0 -128 ) (8852 0 -128 ) (8852 0 316 ) 
4 9 11 (8852 251.992325 315.996094 ) (8852 480 315.996094 ) (8731.750977 480 195.750366 ) (8731.750977 131.748657 195.750626 ) 
4 9 10 (8596 480 60.003208 ) (8596 0 60.003212 ) (8731.750977 0 195.750732 ) (8731.750977 480 195.750366 ) 
4 9 12 (8596 480 -128 ) (8596 0 -128 ) (8596 0 60.005997 ) (8596 480 60.006012 ) 
3 10 40 (8596 0 316.418610 ) (8596 0 60.006012 ) (8731.750000 0 195.752243 ) 
4 10 11 (8596 480 316.416412 ) (8596 252.416855 316.416870 ) (8731.748047 131.749802 195.751816 ) (8731.747070 480 195.751450 ) 
4 10 12 (8596 0 60.005997 ) (8596 0 316.418640 ) (8596 480 316.417969 ) (8596 480 60.006012 ) 
4 11 12 (8596 256 320 ) (8596 480 320 ) (8596 480 316.417969 ) (8596 252.418289 316.418274 ) 
4 12 42 (8596 0 320 ) (8192 0 320 ) (8192 0 -128 ) (8596 0 -128 ) 
4 12 14 (8192 0 -128 ) (8192 0 320 ) (8192 480 320 ) (8192 480 -128 ) 
4 13 43 (8192 0 384 ) (8192 0 736 ) (7168 0 736 ) (7168 0 384 ) 
4 13 20 (7168 0 384 ) (7168 0 736 ) (7168 480 736 ) (7168 480 384 ) 
4 13 15 (7515 256 384 ) (7515 480 384 ) (7643 480 384 ) (7643 256 384 ) 
4 13 14 (8192 0 384 ) (7643 0 384 ) (7643 480 384 ) (8192 480 384 ) 
4 13 19 (7515 0 384 ) (7168 0 384 ) (7168 480 384 ) (7515 480 384 ) 
4 14 44 (8192 0 -128 ) (8192 0 384 ) (7643 0 384 ) (7643 0 -128 ) 
3 14 17 (7643 0 64 ) (7643 0 315.988556 ) (7643 251.985001 315.988831 ) 
4 14 16 (7643 256 -128 ) (7643 0 -128 ) (7643 0 64 ) (7643 256 320.003876 ) 
4 14 15 (7643 480 -128 ) (7643 256 -128 ) (7643 256 384 ) (7643 480 384 ) 
4 15 16 (7515 256 320.003876 ) (7515 256 -128 ) (7643 256 -128 ) (7643 256 320.003876 ) 
4 15 19 (7515 480 -128 ) (7515 256 -128 ) (7515 256 384 ) (7515 480 384 ) 
4 16 45 (7515 0 64 ) (7515 0 -128 ) (7643 0 -128 ) (7643 0 64 ) 
3 16 18 (7515 252.443436 316.447296 ) (7515 124.011932 188.013885 ) (7583 191.997437 256 ) 
4 16 17 (7643 0 64 ) (7643 251.985016 315.988831 ) (7515 124.011932 188.013885 ) (7515 0 64 ) 
4 16 19 (7515 256 -128 ) (7515 0 -128 ) (7515 0 64 ) (7515 256 320.003876 ) 
4 17 45 (7515 0 188.013748 ) (7515 0 64 ) (7643 0 64 ) (7643 0 315.988556 ) 
4 17 18 (7583 192.001312 256 ) (7515 124.016632 188.014694 ) (7515 0 188.014694 ) (7583 0 256 ) 
3 17 19 (7515 0 64 ) (7515 0 188.013733 ) (7515 124.011932 188.013855 ) 
3 18 47 (7515 0 316.447174 ) (7515 0 188.013748 ) (7583 0 256 ) 
4 18 19 (7515 0 188.013733 ) (7515 0 316.447144 ) (7515 252.443436 316.447266 ) (7515 124.011932 188.013855 ) 
4 19 49 (7515 0 384 ) (7168 0 384 ) (7168 0 -128 ) (7515 0 -128 ) 
4 19 21 (7168 0 -128 ) (7168 0 384 ) (7168 480 384 ) (7168 480 -128 ) 
4 20 50 (7168 0 384 ) (7168 0 736 ) (6144 0 736 ) (6144 0 384 ) 
4 20 27 (6144 0 384 ) (6144 0 736 ) (6144 480 736 ) (6144 480 384 ) 
4 20 25 (6482 256 384 ) (6482 319.989624 384 ) (6610 319.984253 384 ) (6610 256 384 ) 
4 20 24 (6482 319.989624 384 ) (6482 480 384 ) (6610 480 384 ) (6610 319.984253 384 ) 
4 20 21 (7168 0 384 ) (6610 0 384 ) (6610 480 384 ) (7168 480 384 ) 
4 20 26 (6482 0 384 ) (6144 0 384 ) (6144 480 384 ) (6482 480 384 ) 
4 21 51 (7168 0 -128 ) (7168 0 384 ) (6610 0 384 ) (6610 0 -128 ) 
3 21 25 (6610 256 384 ) (6610 319.984283 384 ) (6610 256 319.997864 ) 
4 21 24 (6610 319.984283 384 ) (6610 480 384 ) (6610 480 316 ) (6610 252.003586 316 ) 
4 21 22 (6610 480 -128 ) (6610 0 -128 ) (6610 0 316 ) (6610 480 316 ) 
4 22 52 (6482 0 188 ) (6482 0 -128 ) (6610 0 -128 ) (6610 0 316 ) 
4 22 24 (6610 252.003250 316 ) (6610 480 316 ) (6550 480 256 ) (6550 192.022766 256 ) 
4 22 23 (6482 480 188 ) (6482 0 188 ) (6550 0 256 ) (6550 480 256 ) 
4 22 26 (6482 480 -128 ) (6482 0 -128 ) (6482 0 188 ) (6482 480 188 ) 
3 23 53 (6482 0 316.444427 ) (6482 0 188 ) (6550 0 256 ) 
4 23 24 (6482 480 316.444641 ) (6482 252.453125 316.444641 ) (6550 192.022491 256 ) (6550 480 256 ) 
4 23 26 (6482 0 188 ) (6482 0 316.444397 ) (6482 480 316.444427 ) (6482 480 188 ) 
4 24 25 (6482 319.992188 384 ) (6482 256 319.993011 ) (6610 256 319.996979 ) (6610 319.985168 384 ) 
4 24 26 (6482 319.989624 384 ) (6482 480 384 ) (6482 480 316.444427 ) (6482 252.452896 316.444427 ) 
3 25 26 (6482 256 384 ) (6482 319.989624 384 ) (6482 256 319.992523 ) 
4 26 56 (6482 0 384 ) (6144 0 384 ) (6144 0 -128 ) (6482 0 -128 ) 
4 26 28 (6144 0 -128 ) (6144 0 384 ) (6144 480 384 ) (6144 480 -128 ) 
4 27 64 (5120 0 384 ) (5120 0 736 ) (5120 480 736 ) (5120 480 384 ) 
4 27 57 (5120 0 736 ) (5120 0 384 ) (6144 0 384 ) (6144 0 736 ) 
4 27 29 (5502 256 384 ) (5502 480 384 ) (5630 480 384 ) (5630 256 384 ) 
4 27 28 (6144 0 384 ) (5630 0 384 ) (5630 480 384 ) (6144 480 384 ) 
4 27 33 (5502 0 384 ) (5120 0 384 ) (5120 480 384 ) (5502 480 384 ) 
4 28 58 (5630 0 -128 ) (6144 0 -128 ) (6144 0 384 ) (5630 0 384 ) 
3 28 31 (5630 0 64 ) (5630 0 316 ) (5630 251.996338 316 ) 
4 28 30 (5630 256 -128 ) (5630 0 -128 ) (5630 0 64 ) (5630 256 320.003876 ) 
4 28 29 (5630 480 -128 ) (5630 256 -128 ) (5630 256 384 ) (5630 480 384 ) 
4 29 30 (5502 256 320.003876 ) (5502 256 -128 ) (5630 256 -128 ) (5630 256 320.003876 ) 
4 29 33 (5502 480 -128 ) (5502 256 -128 ) (5502 256 384 ) (5502 480 384 ) 
4 30 59 (5502 0 -128 ) (5630 0 -128 ) (5630 0 64 ) (5502 0 64 ) 
3 30 32 (5502 252.432266 316.436127 ) (5502 123.998062 188 ) (5570 191.996643 256 ) 
4 30 31 (5630 0 64 ) (5630 251.996353 316 ) (5502 123.998062 188 ) (5502 0 64 ) 
4 30 33 (5502 256 -128 ) (5502 0 -128 ) (5502 0 64 ) (5502 256 320.003876 ) 
4 31 59 (5630 0 64 ) (5630 0 316 ) (5502 0 188 ) (5502 0 64 ) 
4 31 32 (5570 191.996628 256 ) (5502 123.998055 188 ) (5502 0 188 ) (5570 0 256 ) 
3 31 33 (5502 0 64 ) (5502 0 188 ) (5502 123.998062 188 ) 
3 32 60 (5502 0 316.436646 ) (5502 0 188 ) (5570 0 256 ) 
4 32 33 (5502 0 188 ) (5502 0 316.436615 ) (5502 252.432266 316.436096 ) (5502 123.998062 188 ) 
4 33 65 (5120 0 -128 ) (5120 0 384 ) (5120 480 384 ) (5120 480 -128 ) 
4 33 63 (5120 0 384 ) (5120 0 -128 ) (5502 0 -128 ) (5502 0 384 ) 
4 34 43 (8192 0 736 ) (8192 0 384 ) (8192 -480 384 ) (8192 -480 736 ) 
4 34 36 (8853 -480 384 ) (8597 -480 384 ) (8597 -256 384 ) (8853 -256 384 ) 
4 34 35 (9216 -480 384 ) (8853 -480 384 ) (8853 0 384 ) (9216 0 384 ) 
4 34 37 (8597 -480 384 ) (8192 -480 384 ) (8192 0 384 ) (8597 0 384 ) 
4 35 38 (9216 -480 320 ) (8853 -480 320 ) (8853 0 320 ) (9216 0 320 ) 
4 35 36 (8853 -256 320 ) (8853 -480 320 ) (8853 -480 384 ) (8853 -256 384 ) 
4 36 41 (8852 -480 320 ) (8597 -480 320 ) (8597 -256 320 ) (8852 -256 320 ) 
4 36 38 (8853 -480 320 ) (8852 -480 320 ) (8852 -256 320 ) (8853 -256 320 ) 
4 36 37 (8597 -256 320 ) (8597 -480 320 ) (8597 -480 384 ) (8597 -256 384 ) 
4 37 44 (8192 0 384 ) (8192 0 320 ) (8192 -480 320 ) (8192 -480 384 ) 
4 37 41 (8597 -480 320 ) (8596 -480 320 ) (8596 -256 320 ) (8597 -256 320 ) 
4 37 42 (8596 -480 320 ) (8192 -480 320 ) (8192 0 320 ) (8596 0 320 ) 
4 38 41 (8852 -480 316 ) (8852 -480 320 ) (8852 -256 320 ) (8852 -252 316 ) 
4 38 39 (8852 0 -128 ) (8852 -480 -128 ) (8852 -480 316 ) (8852 0 316 ) 
4 39 41 (8731.751953 -480 195.751053 ) (8852 -480 315.996094 ) (8852 -251.996078 315.996094 ) (8731.750977 -131.750778 195.750793 ) 
4 39 40 (8596 0 60.003212 ) (8596 -480 60.003216 ) (8731.751953 -480 195.751053 ) (8731.750977 0 195.750702 ) 
4 39 42 (8596 0 -128 ) (8596 -480 -128 ) (8596 -480 60.005997 ) (8596 0 60.006012 ) 
4 40 41 (8596 -252.417847 316.417847 ) (8596 -480 316.418304 ) (8731.749023 -480 195.752457 ) (8731.748047 -131.752075 195.752090 ) 
4 40 42 (8596 -480 60.005997 ) (8596 -480 316.419312 ) (8596 0 316.418610 ) (8596 0 60.006012 ) 
4 41 42 (8596 -480 316.419312 ) (8596 -480 320 ) (8596 -256 320 ) (8596 -252.418961 316.418976 ) 
4 42 44 (8192 0 320 ) (8192 0 -128 ) (8192 -480 -128 ) (8192 -480 320 ) 
4 43 50 (7168 0 736 ) (7168 0 384 ) (7168 -480 384 ) (7168 -480 736 ) 
4 43 48 (7643 -480 384 ) (7515 -480 384 ) (7515 -256 384 ) (7643 -256 384 ) 
4 43 44 (8192 -480 384 ) (7643 -480 384 ) (7643 0 384 ) (8192 0 384 ) 
4 43 49 (7515 -480 384 ) (7168 -480 384 ) (7168 0 384 ) (7515 0 384 ) 
3 44 46 (7643 -256 315.988495 ) (7643 -256 320 ) (7643 -251.988495 315.988495 ) 
4 44 45 (7643 0 -128 ) (7643 -256 -128 ) (7643 -256 315.988495 ) (7643 0 315.988464 ) 
4 44 48 (7643 -256 -128 ) (7643 -480 -128 ) (7643 -480 384 ) (7643 -256 384 ) 
4 45 47 (7515 0 188.015625 ) (7515 -124.015633 188.015625 ) (7582.998535 -192.001572 256.001556 ) (7582.998535 0 256.001556 ) 
4 45 46 (7515 -124.015633 188.015625 ) (7515 -256 188.015625 ) (7643 -256 315.992188 ) (7643 -251.992188 315.992188 ) 
4 45 48 (7515 -256 188.013519 ) (7515 -256 -128 ) (7643 -256 -128 ) (7643 -256 315.988495 ) 
4 45 49 (7515 0 -128 ) (7515 -256 -128 ) (7515 -256 188.013519 ) (7515 0 188.013519 ) 
3 46 47 (7583 -192 256 ) (7515 -124.014687 188.014664 ) (7515 -252.447296 316.447296 ) 
3 46 49 (7515 -256 188.013519 ) (7515 -256 320 ) (7515 -124.013512 188.013519 ) 
4 46 48 (7515 -256 320 ) (7515 -256 188.013519 ) (7643 -256 315.988495 ) (7643 -256 320 ) 
4 47 49 (7515 0 316.447083 ) (7515 0 188.013519 ) (7515 -124.013512 188.013519 ) (7515 -252.447296 316.447296 ) 
4 48 49 (7515 -256 -128 ) (7515 -480 -128 ) (7515 -480 384 ) (7515 -256 384 ) 
4 49 51 (7168 0 384 ) (7168 0 -128 ) (7168 -480 -128 ) (7168 -480 384 ) 
4 50 57 (6144 0 736 ) (6144 0 384 ) (6144 -480 384 ) (6144 -480 736 ) 
4 50 55 (6482 -320 384 ) (6482 -256 384 ) (6610 -256 384 ) (6610 -320 384 ) 
4 50 54 (6610 -480 384 ) (6482 -480 384 ) (6482 -320 384 ) (6610 -320 384 ) 
4 50 51 (7168 -480 384 ) (6610 -480 384 ) (6610 0 384 ) (7168 0 384 ) 
4 50 56 (6482 -480 384 ) (6144 -480 384 ) (6144 0 384 ) (6482 0 384 ) 
3 51 55 (6610 -320 384 ) (6610 -256 384 ) (6610 -256 320 ) 
4 51 54 (6610 -480 316 ) (6610 -480 384 ) (6610 -320 384 ) (6610 -252 316 ) 
4 51 52 (6610 0 -128 ) (6610 -480 -128 ) (6610 -480 316 ) (6610 0 316 ) 
4 52 54 (6550 -480 256 ) (6610 -480 316 ) (6610 -252 316 ) (6550 -192 256 ) 
4 52 53 (6482 0 188 ) (6482 -480 188 ) (6550 -480 256 ) (6550 0 256 ) 
4 52 56 (6482 0 -128 ) (6482 -480 -128 ) (6482 -480 188 ) (6482 0 188 ) 
4 53 54 (6482 -252.444641 316.444672 ) (6482 -480 316.444672 ) (6550 -480 256 ) (6550 -192 256 ) 
4 53 56 (6482 -480 188 ) (6482 -480 316.444397 ) (6482 0 316.444427 ) (6482 0 188 ) 
4 54 55 (6610 -320 384 ) (6610 -256 320 ) (6482 -256 320 ) (6482 -320 384 ) 
4 54 56 (6482 -480 316.444397 ) (6482 -480 384 ) (6482 -320 384 ) (6482 -252.444427 316.444397 ) 
3 55 56 (6482 -320 384 ) (6482 -256 384 ) (6482 -256 320 ) 
4 56 58 (6144 0 384 ) (6144 0 -128 ) (6144 -480 -128 ) (6144 -480 384 ) 
4 57 90 (5120 -480 384 ) (5120 -480 736 ) (5120 0 736 ) (5120 0 384 ) 
4 57 62 (5502 -320 384 ) (5502 -256 384 ) (5630 -256 384 ) (5630 -320 384 ) 
4 57 61 (5630 -480 384 ) (5502 -480 384 ) (5502 -320 384 ) (5630 -320 384 ) 
4 57 58 (6144 -480 384 ) (5630 -480 384 ) (5630 0 384 ) (6144 0 384 ) 
4 57 63 (5502 -480 384 ) (5120 -480 384 ) (5120 0 384 ) (5502 0 384 ) 
3 58 62 (5630 -320 384 ) (5630 -256 384 ) (5630 -256 320 ) 
4 58 61 (5630 -480 316 ) (5630 -480 384 ) (5630 -320 384 ) (5630 -252 316 ) 
4 58 59 (5630 0 -128 ) (5630 -480 -128 ) (5630 -480 316 ) (5630 0 316 ) 
4 59 61 (5570.001465 -480 256 ) (5630 -480 315.998047 ) (5630 -251.998032 315.998047 ) (5570 -192 256 ) 
4 59 60 (5502 0 187.998062 ) (5502 -480 187.998047 ) (5570.001465 -480 256 ) (5570 0 255.998932 ) 
4 59 63 (5502 0 -128 ) (5502 -480 -128 ) (5502 -480 188 ) (5502 0 188 ) 
4 60 61 (5502 -252.439438 316.439453 ) (5502 -480 316.439911 ) (5570.002441 -480 256 ) (5570.001953 -192 256 ) 
4 60 63 (5502 -480 188 ) (5502 -480 316.437622 ) (5502 0 316.436646 ) (5502 0 188 ) 
4 61 62 (5630 -320 384 ) (5630 -256 320 ) (5502 -256 320 ) (5502 -320 384 ) 
4 61 63 (5502 -480 316.437622 ) (5502 -480 384 ) (5502 -320 384 ) (5502 -252.437149 316.437164 ) 
3 62 63 (5502 -320 384 ) (5502 -256 384 ) (5502 -256 320 ) 
4 63 91 (5120 -480 -128 ) (5120 -480 384 ) (5120 0 384 ) (5120 0 -128 ) 
4 64 90 (5120 0 384 ) (5120 0 736 ) (4096 0 736 ) (4096 0 384 ) 
4 64 71 (4096 0 384 ) (4096 0 736 ) (4096 480 736 ) (4096 480 384 ) 
4 64 66 (4580 256 384 ) (4580 480 384 ) (4708 480 384 ) (4708 256 384 ) 
4 64 65 (5120 0 384 ) (4708 0 384 ) (4708 480 384 ) (5120 480 384 ) 
4 64 70 (4580 0 384 ) (4096 0 384 ) (4096 480 384 ) (4580 480 384 ) 
4 65 91 (5120 0 -128 ) (5120 0 384 ) (4708 0 384 ) (4708 0 -128 ) 
3 65 68 (4708 0 64 ) (4708 0 316 ) (4708 251.996002 316 ) 
4 65 67 (4708 256 -128 ) (4708 0 -128 ) (4708 0 64 ) (4708 256 320.003876 ) 
4 65 66 (4708 480 -128 ) (4708 256 -128 ) (4708 256 384 ) (4708 480 384 ) 
4 66 67 (4580 256 320.003876 ) (4580 256 -128 ) (4708 256 -128 ) (4708 256 320.003876 ) 
4 66 70 (4580 480 -128 ) (4580 256 -128 ) (4580 256 384 ) (4580 480 384 ) 
4 67 92 (4580 0 64 ) (4580 0 -128 ) (4708 0 -128 ) (4708 0 64 ) 
3 67 69 (4580 252.442154 316.446014 ) (4580 123.998062 188 ) (4648 191.997055 256 ) 
4 67 68 (4708 0 64 ) (4708 251.996002 316 ) (4580 123.998062 188 ) (4580 0 64 ) 
4 67 70 (4580 256 -128 ) (4580 0 -128 ) (4580 0 64 ) (4580 256 320.003876 ) 
4 68 92 (4580 0 188 ) (4580 0 64 ) (4708 0 64 ) (4708 0 316 ) 
4 68 69 (4648 191.996948 256 ) (4580 123.998047 188 ) (4580 0 188 ) (4648 0 256 ) 
3 68 70 (4580 0 64 ) (4580 0 188 ) (4580 123.998062 188 ) 
3 69 93 (4580 0 316.445953 ) (4580 0 188 ) (4648 0 256 ) 
4 69 70 (4580 0 188 ) (4580 0 316.445953 ) (4580 252.442154 316.445984 ) (4580 123.998062 188 ) 
4 70 96 (4580 0 384 ) (4096 0 384 ) (4096 0 -128 ) (4580 0 -128 ) 
4 70 72 (4096 0 -128 ) (4096 0 384 ) (4096 480 384 ) (4096 480 -128 ) 
4 71 97 (4096 0 384 ) (4096 0 736 ) (3072 0 736 ) (3072 0 384 ) 
4 71 78 (3072 0 384 ) (3072 0 736 ) (3072 480 736 ) (3072 480 384 ) 
4 71 73 (3721 256 384 ) (3721 480 384 ) (3849 480 384 ) (3849 256 384 ) 
4 71 72 (4096 0 384 ) (3849 0 384 ) (3849 480 384 ) (4096 480 384 ) 
4 71 77 (3721 0 384 ) (3072 0 384 ) (3072 480 384 ) (3721 480 384 ) 
4 72 98 (4096 0 -128 ) (4096 0 384 ) (3849 0 384 ) (3849 0 -128 ) 
3 72 75 (3849 0 64 ) (3849 0 316 ) (3849 251.996338 316 ) 
4 72 74 (3849 256 -128 ) (3849 0 -128 ) (3849 0 64 ) (3849 256 320.003876 ) 
4 72 73 (3849 480 -128 ) (3849 256 -128 ) (3849 256 384 ) (3849 480 384 ) 
4 73 74 (3721 256 320.003876 ) (3721 256 -128 ) (3849 256 -128 ) (3849 256 320.003876 ) 
4 73 77 (3721 480 -128 ) (3721 256 -128 ) (3721 256 384 ) (3721 480 384 ) 
4 74 99 (3721 0 64 ) (3721 0 -128 ) (3849 0 -128 ) (3849 0 64 ) 
3 74 76 (3721 252.438019 316.441864 ) (3721 123.998062 188 ) (3789 191.997070 256 ) 
4 74 75 (3849 0 64 ) (3849 251.996353 316 ) (3721 123.998062 188 ) (3721 0 64 ) 
4 74 77 (3721 256 -128 ) (3721 0 -128 ) (3721 0 64 ) (3721 256 320.003876 ) 
4 75 99 (3721 0 188 ) (3721 0 64 ) (3849 0 64 ) (3849 0 316 ) 
4 75 76 (3789 191.993134 256 ) (3721 123.994148 188 ) (3721 0 188 ) (3789 0 256 ) 
3 75 77 (3721 0 64 ) (3721 0 188 ) (3721 123.998062 188 ) 
3 76 101 (3721 0 316.441986 ) (3721 0 188 ) (3789 0 256 ) 
4 76 77 (3721 0 188 ) (3721 0 316.441986 ) (3721 252.438019 316.441833 ) (3721 123.998062 188 ) 
4 77 103 (3721 0 384 ) (3072 0 384 ) (3072 0 -128 ) (3721 0 -128 ) 
4 77 79 (3072 0 -128 ) (3072 0 384 ) (3072 480 384 ) (3072 480 -128 ) 
4 78 116 (2048 0 384 ) (2048 0 736 ) (2048 480 736 ) (2048 480 384 ) 
4 78 104 (3072 0 384 ) (3072 0 736 ) (2048 0 736 ) (2048 0 384 ) 
4 78 85 (2213 256 384 ) (2213 480 384 ) (2341 480 384 ) (2341 256 384 ) 
4 78 84 (2931 0 384 ) (2341 0 384 ) (2341 480 384 ) (2931 480 384 ) 
4 78 89 (2213 0 384 ) (2048 0 384 ) (2048 480 384 ) (2213 480 384 ) 
4 78 80 (2931 256 384 ) (2931 480 384 ) (3059 480 384 ) (3059 256 384 ) 
4 78 79 (3072 0 384 ) (3059 0 384 ) (3059 480 384 ) (3072 480 384 ) 
4 79 105 (3072 0 -128 ) (3072 0 384 ) (3059 0 384 ) (3059 0 -128 ) 
3 79 82 (3059 0 64 ) (3059 0 316 ) (3059 251.996170 316 ) 
4 79 81 (3059 256 -128 ) (3059 0 -128 ) (3059 0 64 ) (3059 256 320.003876 ) 
4 79 80 (3059 480 -128 ) (3059 256 -128 ) (3059 256 384 ) (3059 480 384 ) 
4 80 84 (2931 256 384 ) (2931 480 384 ) (2931 480 -128 ) (2931 256 -128 ) 
4 80 81 (2931 256 320.003876 ) (2931 256 -128 ) (3059 256 -128 ) (3059 256 320.003876 ) 
4 81 106 (2931 0 64 ) (2931 0 -128 ) (3059 0 -128 ) (3059 0 64 ) 
4 81 84 (2931 0 -128 ) (2931 0 64 ) (2931 256 320.003876 ) (2931 256 -128 ) 
3 81 83 (2931 252.444061 316.447906 ) (2931 123.998337 188 ) (2999 191.997192 256 ) 
4 81 82 (3059 0 64 ) (3059 251.996185 316 ) (2931 123.998337 188 ) (2931 0 64 ) 
4 82 106 (2931 0 188 ) (2931 0 64 ) (3059 0 64 ) (3059 0 316 ) 
3 82 84 (2931 0 64 ) (2931 0 188 ) (2931 123.997986 188 ) 
4 82 83 (2999 191.997025 256 ) (2931 123.998024 188 ) (2931 0 188 ) (2999 0 256 ) 
3 83 107 (2931 0 316.447876 ) (2931 0 188 ) (2999 0 256 ) 
4 83 84 (2931 0 188 ) (2931 0 316.447876 ) (2931 252.444061 316.447876 ) (2931 123.997986 188 ) 
4 84 110 (2931 0 -128 ) (2931 0 384 ) (2341 0 384 ) (2341 0 -128 ) 
3 84 87 (2341 0 64 ) (2341 0 316 ) (2341 251.996002 316 ) 
4 84 86 (2341 256 -128 ) (2341 0 -128 ) (2341 0 64 ) (2341 256 320.003876 ) 
4 84 85 (2341 480 -128 ) (2341 256 -128 ) (2341 256 384 ) (2341 480 384 ) 
4 85 86 (2213 256 320.003876 ) (2213 256 -128 ) (2341 256 -128 ) (2341 256 320.003876 ) 
4 85 89 (2213 480 -128 ) (2213 256 -128 ) (2213 256 384 ) (2213 480 384 ) 
4 86 111 (2213 0 64 ) (2213 0 -128 ) (2341 0 -128 ) (2341 0 64 ) 
3 86 88 (2213 252.438171 316.442017 ) (2213 123.997986 188 ) (2281 191.997070 256 ) 
4 86 87 (2341 0 64 ) (2341 251.996017 316 ) (2213 123.997986 188 ) (2213 0 64 ) 
4 86 89 (2213 256 -128 ) (2213 0 -128 ) (2213 0 64 ) (2213 256 320.003876 ) 
4 87 111 (2213 0 188 ) (2213 0 64 ) (2341 0 64 ) (2341 0 316 ) 
4 87 88 (2281 191.997086 256 ) (2213 123.998047 188 ) (2213 0 188 ) (2281 0 256 ) 
3 87 89 (2213 0 64 ) (2213 0 188 ) (2213 123.997986 188 ) 
3 88 112 (2213 0 316.442047 ) (2213 0 188 ) (2281 0 256 ) 
4 88 89 (2213 0 188 ) (2213 0 316.442047 ) (2213 252.438171 316.441986 ) (2213 123.997986 188 ) 
4 89 117 (2048 0 -128 ) (2048 0 384 ) (2048 480 384 ) (2048 480 -128 ) 
4 89 115 (2213 0 384 ) (2048 0 384 ) (2048 0 -128 ) (2213 0 -128 ) 
4 90 97 (4096 0 736 ) (4096 0 384 ) (4096 -480 384 ) (4096 -480 736 ) 
4 90 95 (4580 -320 384 ) (4580 -256 384 ) (4708 -256 384 ) (4708 -320 384 ) 
4 90 94 (4708 -480 384 ) (4580 -480 384 ) (4580 -320 384 ) (4708 -320 384 ) 
4 90 91 (5120 -480 384 ) (4708 -480 384 ) (4708 0 384 ) (5120 0 384 ) 
4 90 96 (4580 -480 384 ) (4096 -480 384 ) (4096 0 384 ) (4580 0 384 ) 
3 91 95 (4708 -320 384 ) (4708 -256 384 ) (4708 -256 320 ) 
4 91 94 (4708 -480 316 ) (4708 -480 384 ) (4708 -320 384 ) (4708 -252 316 ) 
4 91 92 (4708 0 -128 ) (4708 -480 -128 ) (4708 -480 316 ) (4708 0 316 ) 
4 92 94 (4648 -480 256 ) (4708 -480 316.001953 ) (4708 -252.001938 316.001953 ) (4648 -192 256 ) 
4 92 93 (4580 0 188.001968 ) (4580 -480 188.001984 ) (4648 -480 256 ) (4648 0 256 ) 
4 92 96 (4580 0 -128 ) (4580 -480 -128 ) (4580 -480 188 ) (4580 0 188 ) 
4 93 94 (4580 -252.449341 316.449341 ) (4580 -480 316.449341 ) (4648.003906 -480 256 ) (4648.003906 -192 256 ) 
4 93 96 (4580 -480 188 ) (4580 -480 316.445953 ) (4580 0 316.445953 ) (4580 0 188 ) 
4 94 95 (4708 -320 384 ) (4708 -256 320 ) (4580 -256 320 ) (4580 -320 384 ) 
4 94 96 (4580 -480 316.445953 ) (4580 -480 384 ) (4580 -320 384 ) (4580 -252.445938 316.445953 ) 
3 95 96 (4580 -320 384 ) (4580 -256 384 ) (4580 -256 320 ) 
4 96 98 (4096 0 384 ) (4096 0 -128 ) (4096 -480 -128 ) (4096 -480 384 ) 
4 97 104 (3072 0 736 ) (3072 0 384 ) (3072 -480 384 ) (3072 -480 736 ) 
4 97 102 (3849 -480 384 ) (3721 -480 384 ) (3721 -256 384 ) (3849 -256 384 ) 
4 97 98 (4096 -480 384 ) (3849 -480 384 ) (3849 0 384 ) (4096 0 384 ) 
4 97 103 (3721 -480 384 ) (3072 -480 384 ) (3072 0 384 ) (3721 0 384 ) 
3 98 100 (3849 -256 316 ) (3849 -256 320 ) (3849 -252 316 ) 
4 98 99 (3849 0 -128 ) (3849 -256 -128 ) (3849 -256 316 ) (3849 0 316 ) 
4 98 102 (3849 -256 -128 ) (3849 -480 -128 ) (3849 -480 384 ) (3849 -256 384 ) 
4 99 101 (3721 0 188 ) (3721 -124 188 ) (3789 -192 256 ) (3789 0 256 ) 
4 99 100 (3721 -124 188 ) (3721 -256 188 ) (3849 -256 316 ) (3849 -252 316 ) 
4 99 102 (3721 -256 188 ) (3721 -256 -128 ) (3849 -256 -128 ) (3849 -256 316 ) 
4 99 103 (3721 0 -128 ) (3721 -256 -128 ) (3721 -256 188 ) (3721 0 188 ) 
3 100 101 (3789.004150 -191.996277 255.996262 ) (3721 -123.992203 187.992188 ) (3721 -252.441864 316.441864 ) 
3 100 103 (3721 -256 188 ) (3721 -256 320 ) (3721 -124 188 ) 
4 100 102 (3721 -256 320 ) (3721 -256 188 ) (3849 -256 316 ) (3849 -256 320 ) 
4 101 103 (3721 0 316.441986 ) (3721 0 188 ) (3721 -124 188 ) (3721 -252.441879 316.441895 ) 
4 102 103 (3721 -256 -128 ) (3721 -480 -128 ) (3721 -480 384 ) (3721 -256 384 ) 
4 103 105 (3072 0 384 ) (3072 0 -128 ) (3072 -480 -128 ) (3072 -480 384 ) 
4 104 146 (2048 -480 384 ) (2048 -480 736 ) (2048 0 736 ) (2048 0 384 ) 
4 104 114 (2213 -320 384 ) (2213 -256 384 ) (2341 -256 384 ) (2341 -320 384 ) 
4 104 113 (2341 -480 384 ) (2213 -480 384 ) (2213 -320 384 ) (2341 -320 384 ) 
4 104 110 (2931 -480 384 ) (2341 -480 384 ) (2341 0 384 ) (2931 0 384 ) 
4 104 115 (2213 -480 384 ) (2048 -480 384 ) (2048 0 384 ) (2213 0 384 ) 
4 104 109 (2931 -320 384 ) (2931 -256 384 ) (3059 -256 384 ) (3059 -320 384 ) 
4 104 108 (3059 -480 384 ) (2931 -480 384 ) (2931 -320 384 ) (3059 -320 384 ) 
4 104 105 (3072 -480 384 ) (3059 -480 384 ) (3059 0 384 ) (3072 0 384 ) 
3 105 109 (3059 -320 384 ) (3059 -256 384 ) (3059 -256 320 ) 
4 105 108 (3059 -480 316 ) (3059 -480 384 ) (3059 -320 384 ) (3059 -252 316 ) 
4 105 106 (3059 0 -128 ) (3059 -480 -128 ) (3059 -480 316 ) (3059 0 316 ) 
4 106 110 (2931 -480 -128 ) (2931 -480 188 ) (2931 0 188 ) (2931 0 -128 ) 
4 106 108 (2999 -480 256 ) (3059 -480 316 ) (3059 -252 316 ) (2999 -192 256 ) 
4 106 107 (2931 0 188 ) (2931 -480 188 ) (2999 -480 256 ) (2999 0 256 ) 
4 107 110 (2931 -480 188 ) (2931 -480 316.447876 ) (2931 0 316.447876 ) (2931 0 188 ) 
4 107 108 (2931 -252.446655 316.446655 ) (2931 -480 316.446655 ) (2999.001953 -480 255.998032 ) (2999.001953 -191.998016 255.998047 ) 
4 108 110 (2931 -480 316.447876 ) (2931 -480 384 ) (2931 -320 384 ) (2931 -252.447845 316.447876 ) 
4 108 109 (3059 -320 384 ) (3059 -256 320 ) (2931 -256 320 ) (2931 -320 384 ) 
3 109 110 (2931 -320 384 ) (2931 -256 384 ) (2931 -256 320 ) 
3 110 114 (2341 -320 384 ) (2341 -256 384 ) (2341 -256 320 ) 
4 110 113 (2341 -480 316 ) (2341 -480 384 ) (2341 -320 384 ) (2341 -252 316 ) 
4 110 111 (2341 0 -128 ) (2341 -480 -128 ) (2341 -480 316 ) (2341 0 316 ) 
4 111 113 (2281 -480 256 ) (2341 -480 316 ) (2341 -252 316 ) (2281 -192 256 ) 
4 111 112 (2213 0 188 ) (2213 -480 188 ) (2281 -480 256 ) (2281 0 256 ) 
4 111 115 (2213 0 -128 ) (2213 -480 -128 ) (2213 -480 188 ) (2213 0 188 ) 
4 112 113 (2213 -252.439957 316.439941 ) (2213 -480 316.439941 ) (2280.996094 -480 256.001953 ) (2280.996094 -192.001953 256.001953 ) 
4 112 115 (2213 -480 188 ) (2213 -480 316.442017 ) (2213 0 316.442017 ) (2213 0 188 ) 
4 113 114 (2341 -320 384 ) (2341 -256 320 ) (2213 -256 320 ) (2213 -320 384 ) 
4 113 115 (2213 -480 316.442017 ) (2213 -480 384 ) (2213 -320 384 ) (2213 -252.441986 316.442017 ) 
3 114 115 (2213 -320 384 ) (2213 -256 384 ) (2213 -256 320 ) 
4 115 147 (2048 -480 -128 ) (2048 -480 384 ) (2048 0 384 ) (2048 0 -128 ) 
4 116 146 (2048 0 384 ) (2048 0 736 ) (1024 0 736 ) (1024 0 384 ) 
4 116 127 (1024 0 384 ) (1024 0 736 ) (1024 480 736 ) (1024 480 384 ) 
4 116 123 (1024 256 384 ) (1024 480 384 ) (1130 480 384 ) (1130 256 384 ) 
4 116 122 (1130 480 384 ) (1568 480 384 ) (1568 0 384 ) (1130 0 384 ) 
4 116 118 (1568 480 384 ) (1696 480 384 ) (1696 256 384 ) (1568 256 384 ) 
4 116 117 (1696 480 384 ) (2048 480 384 ) (2048 0 384 ) (1696 0 384 ) 
4 117 147 (2048 0 -128 ) (2048 0 384 ) (1696 0 384 ) (1696 0 -128 ) 
3 117 120 (1696 0 64 ) (1696 0 316 ) (1696 251.996170 316 ) 
4 117 119 (1696 256 -128 ) (1696 0 -128 ) (1696 0 64 ) (1696 256 320.003876 ) 
4 117 118 (1696 480 -128 ) (1696 256 -128 ) (1696 256 384 ) (1696 480 384 ) 
4 118 122 (1568 256 384 ) (1568 480 384 ) (1568 480 -128 ) (1568 256 -128 ) 
4 118 119 (1568 256 320.003876 ) (1568 256 -128 ) (1696 256 -128 ) (1696 256 320.003876 ) 
4 119 148 (1568 0 64 ) (1568 0 -128 ) (1696 0 -128 ) (1696 0 64 ) 
4 119 122 (1568 0 -128 ) (1568 0 64 ) (1568 256 320.003876 ) (1568 256 -128 ) 
3 119 121 (1568 252.440094 316.443939 ) (1568 123.998428 188 ) (1636 191.997192 256 ) 
4 119 120 (1696 0 64 ) (1696 251.996094 316 ) (1568 123.998428 188 ) (1568 0 64 ) 
4 120 148 (1568 0 188 ) (1568 0 64 ) (1696 0 64 ) (1696 0 316 ) 
3 120 122 (1568 0 64 ) (1568 0 188 ) (1568 123.998108 188 ) 
4 120 121 (1636 191.993088 256 ) (1568 123.994125 188 ) (1568 0 188 ) (1636 0 256 ) 
3 121 149 (1568 0 316.443939 ) (1568 0 188 ) (1636 0 256 ) 
4 121 122 (1568 0 188 ) (1568 0 316.443939 ) (1568 252.440079 316.443909 ) (1568 123.998108 188 ) 
4 122 152 (1568 0 -128 ) (1568 0 384 ) (1130 0 384 ) (1130 0 -128 ) 
3 122 125 (1130 0 64 ) (1130 0 316 ) (1130 251.996170 316 ) 
4 122 124 (1130 256 -128 ) (1130 0 -128 ) (1130 0 64 ) (1130 256 320.003876 ) 
4 122 123 (1130 480 -128 ) (1130 256 -128 ) (1130 256 384 ) (1130 480 384 ) 
4 123 128 (1024 256 384 ) (1024 480 384 ) (1024 480 -128 ) (1024 256 -128 ) 
4 123 124 (1024 256 -128 ) (1130 256 -128 ) (1130 256 320.003876 ) (1024 256 320.003876 ) 
4 124 153 (1024 0 64 ) (1024 0 -128 ) (1130 0 -128 ) (1130 0 64 ) 
4 124 129 (1024 0 -128 ) (1024 0 64 ) (1024 256 320.003876 ) (1024 256 -128 ) 
3 124 126 (1024 232.883698 296.887207 ) (1024 145.998001 210 ) (1070 191.997208 256 ) 
4 124 125 (1024 0 64 ) (1130 0 64 ) (1130 251.996185 316 ) (1024 145.998001 210 ) 
4 125 153 (1024 0 210 ) (1024 0 64 ) (1130 0 64 ) (1130 0 316 ) 
3 125 130 (1024 0 64 ) (1024 0 210 ) (1024 145.997772 210 ) 
4 125 126 (1070 191.993134 256 ) (1024 145.993820 210 ) (1024 0 210 ) (1070 0 256 ) 
3 126 154 (1024 0 296.887268 ) (1024 0 210 ) (1070 0 256 ) 
4 126 130 (1024 0 210 ) (1024 0 296.887238 ) (1024 232.883713 296.887238 ) (1024 145.997772 210 ) 
4 127 157 (1024 0 384 ) (1024 0 736 ) (0 0 736 ) (0 0 384 ) 
4 127 141 (0 0 384 ) (0 0 736 ) (0 480 736 ) (0 480 384 ) 
4 127 137 (0 80 384 ) (0 480 384 ) (132 480 384 ) (132 80 384 ) 
4 127 132 (524 256 384 ) (524 480 384 ) (652 480 384 ) (652 256 384 ) 
4 127 136 (524 0 384 ) (132 0 384 ) (132 480 384 ) (524 480 384 ) 
4 127 128 (1002 256 384 ) (1002 480 384 ) (1024 480 384 ) (1024 256 384 ) 
4 127 131 (1002 0 384 ) (652 0 384 ) (652 480 384 ) (1002 480 384 ) 
4 128 129 (1002 256 320.003876 ) (1002 256 -128 ) (1024 256 -128 ) (1024 256 320.003876 ) 
4 128 131 (1002 480 -128 ) (1002 256 -128 ) (1002 256 384 ) (1002 480 384 ) 
4 129 158 (1024 0 -128 ) (1024 0 64 ) (1002 0 64 ) (1002 0 -128 ) 
4 129 130 (1002 252.438095 316.441956 ) (1002 0 64 ) (1024 0 64 ) (1024 232.883636 296.887207 ) 
4 129 131 (1002 256 -128 ) (1002 0 -128 ) (1002 0 64 ) (1002 256 320.003876 ) 
4 130 158 (1024 0 64 ) (1024 0 296.887207 ) (1002 0 316.441925 ) (1002 0 64 ) 
3 130 131 (1002 0 64 ) (1002 0 316.441895 ) (1002 252.438171 316.441986 ) 
4 131 161 (1002 0 384 ) (652 0 384 ) (652 0 -128 ) (1002 0 -128 ) 
3 131 134 (652 251.996185 316 ) (652 0 64 ) (652 0 316 ) 
4 131 133 (652 256 320.003876 ) (652 256 -128 ) (652 0 -128 ) (652 0 64 ) 
4 131 132 (652 256 384 ) (652 480 384 ) (652 480 -128 ) (652 256 -128 ) 
4 132 133 (524 256 320.003876 ) (524 256 -128 ) (652 256 -128 ) (652 256 320.003876 ) 
4 132 136 (524 480 -128 ) (524 256 -128 ) (524 256 384 ) (524 480 384 ) 
4 133 162 (652 0 -128 ) (652 0 64 ) (524 0 64 ) (524 0 -128 ) 
3 133 135 (524 252.437210 316.441071 ) (524 123.998077 188 ) (592 191.997070 256 ) 
4 133 134 (524 123.998077 188 ) (524 0 64 ) (652 0 64 ) (652 251.996170 316 ) 
4 133 136 (524 256 -128 ) (524 0 -128 ) (524 0 64 ) (524 256 320.003876 ) 
4 134 162 (652 0 64 ) (652 0 316 ) (524 0 188 ) (524 0 64 ) 
4 134 135 (592 191.997040 256 ) (524 123.998047 188 ) (524 0 188 ) (592 0 256 ) 
3 134 136 (524 0 64 ) (524 0 188 ) (524 123.998077 188 ) 
3 135 163 (524 0 316.441040 ) (524 0 188 ) (592 0 256 ) 
4 135 136 (524 0 188 ) (524 0 316.441040 ) (524 252.437210 316.441040 ) (524 123.998077 188 ) 
4 136 166 (524 0 384 ) (132 0 384 ) (132 0 -128 ) (524 0 -128 ) 
3 136 140 (132 80 320 ) (132 80 316 ) (132 76 316 ) 
4 136 138 (132 0 -128 ) (132 0 316 ) (132 80 316 ) (132 80 -128 ) 
4 136 137 (132 80 384 ) (132 480 384 ) (132 480 -128 ) (132 80 -128 ) 
4 137 142 (0 80 384 ) (0 480 384 ) (0 480 -128 ) (0 80 -128 ) 
5 137 140 (132 80 316 ) (132 80 320 ) (0 80 320 ) (0 80 291.555939 ) (56.941181 80 240.941177 ) 
3 137 139 (0 80 291.555939 ) (0 80 184 ) (56.941181 80 240.941177 ) 
4 137 138 (0 80 -128 ) (132 80 -128 ) (132 80 316 ) (0 80 184 ) 
4 138 167 (132 0 -128 ) (132 0 316 ) (0 0 184 ) (0 0 -128 ) 
4 138 143 (0 0 -128 ) (0 0 184 ) (0 80 184 ) (0 80 -128 ) 
4 138 140 (132 80 316 ) (56.941177 80 240.941177 ) (56.941181 0.941154 240.941177 ) (132 76 316 ) 
4 138 139 (56.941177 80 240.941177 ) (0 80 184 ) (0 0 184 ) (56.941181 0 240.941177 ) 
3 139 168 (0 0 291.555939 ) (0 0 184 ) (56.941181 0 240.941177 ) 
4 139 143 (0 0 184 ) (0 0 291.555908 ) (0 80 291.555939 ) (0 80 184 ) 
4 139 140 (56.941406 0.941370 240.941406 ) (56.941406 80 240.941406 ) (0 80 291.556366 ) (0 51.556366 291.556366 ) 
3 140 144 (0 80 320 ) (0 80 291.555939 ) (0 51.555927 291.555939 ) 
4 141 171 (0 0 384 ) (0 0 736 ) (-32 0 736 ) (-32 0 384 ) 
4 141 142 (-28 480 384 ) (0 480 384 ) (0 80 384 ) (-28 80 384 ) 
4 141 145 (-32 0 384 ) (-32 480 384 ) (-28 480 384 ) (-28 0 384 ) 
4 142 144 (-28 80 320 ) (-28 80 316.445007 ) (0 80 291.555969 ) (0 80 320 ) 
4 142 143 (-28 80 316.445007 ) (-28 80 -128 ) (0 80 -128 ) (0 80 291.555969 ) 
4 142 145 (-28 480 -128 ) (-28 80 -128 ) (-28 80 384 ) (-28 480 384 ) 
4 143 172 (0 0 -128 ) (0 0 291.555969 ) (-28 0 316.445007 ) (-28 0 -128 ) 
4 143 144 (0 80 291.556183 ) (-28 80 316.445313 ) (-28 76.445305 316.445313 ) (0 51.556171 291.556183 ) 
4 143 145 (-28 80 -128 ) (-28 0 -128 ) (-28 0 316.444977 ) (-28 80 316.445007 ) 
3 144 145 (-28 80 320 ) (-28 80 316.445007 ) (-28 76.445000 316.445007 ) 
4 145 175 (-28 0 384 ) (-32 0 384 ) (-32 0 -128 ) (-28 0 -128 ) 
4 146 157 (1024 0 736 ) (1024 0 384 ) (1024 -480 384 ) (1024 -480 736 ) 
4 146 156 (1024 -320 384 ) (1024 -256 384 ) (1130 -256 384 ) (1130 -320 384 ) 
4 146 155 (1130 -480 384 ) (1024 -480 384 ) (1024 -320 384 ) (1130 -320 384 ) 
4 146 152 (1568 -480 384 ) (1130 -480 384 ) (1130 0 384 ) (1568 0 384 ) 
4 146 151 (1568 -320 384 ) (1568 -256 384 ) (1696 -256 384 ) (1696 -320 384 ) 
4 146 150 (1696 -480 384 ) (1568 -480 384 ) (1568 -320 384 ) (1696 -320 384 ) 
4 146 147 (2048 -480 384 ) (1696 -480 384 ) (1696 0 384 ) (2048 0 384 ) 
3 147 151 (1696 -320 384 ) (1696 -256 384 ) (1696 -256 320 ) 
4 147 150 (1696 -480 316 ) (1696 -480 384 ) (1696 -320 384 ) (1696 -252 316 ) 
4 147 148 (1696 0 -128 ) (1696 -480 -128 ) (1696 -480 316 ) (1696 0 316 ) 
4 148 152 (1568 -480 -128 ) (1568 -480 188 ) (1568 0 188 ) (1568 0 -128 ) 
4 148 150 (1636 -480 256 ) (1696 -480 315.998047 ) (1696 -251.998032 315.998047 ) (1636 -192 256 ) 
4 148 149 (1568 0 187.998047 ) (1568 -480 187.998032 ) (1636 -480 256 ) (1636 0 256 ) 
4 149 152 (1568 -480 188 ) (1568 -480 316.443909 ) (1568 0 316.443909 ) (1568 0 188 ) 
4 149 150 (1568 -252.442932 316.442932 ) (1568 -480 316.442932 ) (1636 -480 256 ) (1636 -192 256 ) 
4 150 152 (1568 -480 316.443909 ) (1568 -480 384 ) (1568 -320 384 ) (1568 -252.443909 316.443909 ) 
4 150 151 (1696 -320 384 ) (1696 -256 320 ) (1568 -256 320 ) (1568 -320 384 ) 
3 151 152 (1568 -320 384 ) (1568 -256 384 ) (1568 -256 320 ) 
3 152 156 (1130 -320 384 ) (1130 -256 384 ) (1130 -256 320 ) 
4 152 155 (1130 -480 316 ) (1130 -480 384 ) (1130 -320 384 ) (1130 -252 316 ) 
4 152 153 (1130 0 -128 ) (1130 -480 -128 ) (1130 -480 316 ) (1130 0 316 ) 
4 153 158 (1024 0 210 ) (1024 0 -128 ) (1024 -480 -128 ) (1024 -480 210 ) 
4 153 155 (1070 -480 256 ) (1130 -480 316 ) (1130 -252 316 ) (1070 -192 256 ) 
4 153 154 (1024 0 210 ) (1024 -480 210 ) (1070 -480 256 ) (1070 0 256 ) 
4 154 158 (1024 0 296.887207 ) (1024 0 210 ) (1024 -480 210 ) (1024 -480 296.887268 ) 
4 154 155 (1024 -480 296.889221 ) (1070.001953 -480 256 ) (1070.001953 -192 256 ) (1024 -232.889221 296.889252 ) 
4 155 159 (1024 -232.887238 296.887238 ) (1024 -480 296.887268 ) (1024 -480 384 ) (1024 -320 384 ) 
4 155 156 (1130 -320 384 ) (1130 -256 320 ) (1024 -256 320 ) (1024 -320 384 ) 
3 156 160 (1024 -256 320 ) (1024 -320 384 ) (1024 -256 384 ) 
4 157 171 (0 0 736 ) (0 0 384 ) (0 -480 384 ) (0 -480 736 ) 
4 157 170 (132 -480 384 ) (0 -480 384 ) (0 -80 384 ) (132 -80 384 ) 
4 157 165 (524 -320 384 ) (524 -256 384 ) (652 -256 384 ) (652 -320 384 ) 
4 157 164 (652 -480 384 ) (524 -480 384 ) (524 -320 384 ) (652 -320 384 ) 
4 157 166 (524 -480 384 ) (132 -480 384 ) (132 0 384 ) (524 0 384 ) 
4 157 160 (1002 -320 384 ) (1002 -256 384 ) (1024 -256 384 ) (1024 -320 384 ) 
4 157 159 (1024 -480 384 ) (1002 -480 384 ) (1002 -320 384 ) (1024 -320 384 ) 
4 157 161 (1002 -480 384 ) (652 -480 384 ) (652 0 384 ) (1002 0 384 ) 
4 158 159 (1002 -252.443359 316.443359 ) (1002 -480 316.443359 ) (1024 -480 296.888580 ) (1024 -232.888580 296.888580 ) 
4 158 161 (1002 0 -128 ) (1002 -480 -128 ) (1002 -480 316.441925 ) (1002 0 316.441925 ) 
4 159 160 (1002 -256 320 ) (1002 -320 384 ) (1024 -320 384 ) (1024 -256 320 ) 
4 159 161 (1002 -480 316.441925 ) (1002 -480 384 ) (1002 -320 384 ) (1002 -252.441895 316.441925 ) 
3 160 161 (1002 -320 384 ) (1002 -256 384 ) (1002 -256 320 ) 
3 161 165 (652 -320 384 ) (652 -256 384 ) (652 -256 320 ) 
4 161 164 (652 -480 316 ) (652 -480 384 ) (652 -320 384 ) (652 -252 316 ) 
4 161 162 (652 -480 -128 ) (652 -480 316 ) (652 0 316 ) (652 0 -128 ) 
4 162 164 (592 -480 256 ) (652 -480 316 ) (652 -252 316 ) (592 -192 256 ) 
4 162 163 (524 0 188 ) (524 -480 188 ) (592 -480 256 ) (592 0 256 ) 
4 162 166 (524 0 -128 ) (524 -480 -128 ) (524 -480 188 ) (524 0 188 ) 
4 163 164 (524 -252.441223 316.441223 ) (524 -480 316.441223 ) (592 -480 256 ) (592 -192 256 ) 
4 163 166 (524 -480 188 ) (524 -480 316.441040 ) (524 0 316.441040 ) (524 0 188 ) 
4 164 165 (652 -320 384 ) (652 -256 320 ) (524 -256 320 ) (524 -320 384 ) 
4 164 166 (524 -480 316.441040 ) (524 -480 384 ) (524 -320 384 ) (524 -252.441010 316.441040 ) 
3 165 166 (524 -320 384 ) (524 -256 384 ) (524 -256 320 ) 
3 166 169 (132 -76 316 ) (132 -80 316 ) (132 -80 320 ) 
4 166 167 (132 0 316 ) (132 0 -128 ) (132 -80 -128 ) (132 -80 316 ) 
4 166 170 (132 -480 -128 ) (132 -480 384 ) (132 -80 384 ) (132 -80 -128 ) 
4 167 172 (0 0 184 ) (0 0 -128 ) (0 -80 -128 ) (0 -80 184 ) 
4 167 169 (56.941181 -80 240.941177 ) (132 -80 316 ) (132 -76 316 ) (56.941177 -0.941176 240.941177 ) 
4 167 168 (0 0 184 ) (0 -80 184 ) (56.941181 -80 240.941177 ) (56.941177 0 240.941177 ) 
4 167 170 (0 -80 -128 ) (132 -80 -128 ) (132 -80 316 ) (0 -80 184 ) 
4 168 172 (0 0 291.555939 ) (0 0 184 ) (0 -80 184 ) (0 -80 291.555908 ) 
4 168 169 (0 -80 291.555847 ) (56.941406 -80 240.941406 ) (56.941406 -0.941414 240.941406 ) (0 -51.555828 291.555847 ) 
3 168 170 (0 -80 291.555939 ) (0 -80 184 ) (56.941181 -80 240.941177 ) 
3 169 173 (0 -51.555885 291.555908 ) (0 -80 291.555908 ) (0 -80 320 ) 
5 169 170 (132 -80 316 ) (132 -80 320 ) (0 -80 320 ) (0 -80 291.555939 ) (56.941181 -80 240.941177 ) 
4 170 174 (0 -80 -128 ) (0 -480 -128 ) (0 -480 384 ) (0 -80 384 ) 
4 171 174 (0 -480 384 ) (-28 -480 384 ) (-28 -80 384 ) (0 -80 384 ) 
4 171 175 (-28 -480 384 ) (-32 -480 384 ) (-32 0 384 ) (-28 0 384 ) 
4 172 173 (-28 -76.445282 316.445313 ) (-28 -80 316.445313 ) (0 -80 291.556244 ) (0 -51.556213 291.556244 ) 
4 172 174 (-28 -80 316.445007 ) (-28 -80 -128 ) (0 -80 -128 ) (0 -80 291.555969 ) 
4 172 175 (-28 0 -128 ) (-28 -80 -128 ) (-28 -80 316.444977 ) (-28 0 316.445007 ) 
3 173 175 (-28 -80 316.444977 ) (-28 -80 320 ) (-28 -76.444939 316.444977 ) 
4 173 174 (-28 -80 320 ) (-28 -80 316.445007 ) (0 -80 291.555969 ) (0 -80 320 ) 
4 174 175 (-28 -80 -128 ) (-28 -480 -128 ) (-28 -480 384 ) (-28 -80 384 ) 
