PRT1
146
362
4 0 3 (5824 384 160 ) (5824 576 160 ) (6144 576 160 ) (6144 384 160 ) 
4 0 1 (5824 384 1120 ) (5824 384 256 ) (6144 384 256 ) (6144 384 1120 ) 
4 0 2 (5824 576 1120 ) (5824 576 160 ) (5824 384 160 ) (5824 384 1120 ) 
4 1 28 (6144 0 256 ) (6144 0 1120 ) (5824 0 1120 ) (5824 0 256 ) 
4 1 2 (5824 0 256 ) (5824 0 1120 ) (5824 384 1120 ) (5824 384 256 ) 
4 2 30 (5824 0 1120 ) (5120 0 1120 ) (5120 0 160 ) (5824 0 160 ) 
4 2 10 (5120 0 160 ) (5120 0 256 ) (5120 384 256 ) (5120 384 160 ) 
4 2 9 (5120 0 256 ) (5120 0 1120 ) (5120 384 1120 ) (5120 384 256 ) 
4 2 8 (5120 384 1120 ) (5120 576 1120 ) (5120 576 160 ) (5120 384 160 ) 
4 2 4 (5824 0 160 ) (5120 0 160 ) (5120 576 160 ) (5824 576 160 ) 
4 3 5 (5824 576 128 ) (6144 576 128 ) (6144 384 128 ) (5824 384 128 ) 
4 3 4 (5824 576 160 ) (5824 576 128 ) (5824 384 128 ) (5824 384 160 ) 
4 4 32 (5824 0 160 ) (5120 0 160 ) (5120 0 128 ) (5824 0 128 ) 
4 4 13 (5120 0 128 ) (5120 0 160 ) (5120 384 160 ) (5120 384 128 ) 
4 4 12 (5120 384 160 ) (5120 576 160 ) (5120 576 128 ) (5120 384 128 ) 
4 4 7 (5120 0 128 ) (5120 384 128 ) (5824 384 128 ) (5824 0 128 ) 
4 4 5 (5120 384 128 ) (5120 576 128 ) (5824 576 128 ) (5824 384 128 ) 
4 5 15 (5120 384 128 ) (5120 576 128 ) (5120 576 -96 ) (5120 384 -96 ) 
4 5 6 (5824 384 -96 ) (6144 384 -96 ) (6144 384 -64 ) (5824 384 -64 ) 
4 5 7 (5120 384 -96 ) (5824 384 -96 ) (5824 384 128 ) (5120 384 128 ) 
4 6 33 (6144 0 -96 ) (6144 0 -64 ) (5824 0 -64 ) (5824 0 -96 ) 
4 6 7 (5824 384 -64 ) (5824 384 -96 ) (5824 0 -96 ) (5824 0 -64 ) 
4 7 34 (5824 0 128 ) (5120 0 128 ) (5120 0 -96 ) (5824 0 -96 ) 
4 7 16 (5120 0 -96 ) (5120 0 128 ) (5120 384 128 ) (5120 384 -96 ) 
4 8 18 (4096 576 160 ) (4096 384 160 ) (4096 384 1120 ) (4096 576 1120 ) 
4 8 12 (4096 384 160 ) (4096 576 160 ) (5120 576 160 ) (5120 384 160 ) 
4 8 11 (4160 384 160 ) (4864 384 160 ) (4864 384 256 ) (4160 384 256 ) 
4 8 10 (4992 384 160 ) (5120 384 160 ) (5120 384 256 ) (4992 384 256 ) 
4 8 9 (5120 384 256 ) (5120 384 1120 ) (4096 384 1120 ) (4096 384 256 ) 
4 9 36 (5120 0 256 ) (5120 0 1120 ) (4096 0 1120 ) (4096 0 256 ) 
4 9 19 (4096 0 256 ) (4096 0 1120 ) (4096 384 1120 ) (4096 384 256 ) 
4 9 11 (4864 0 256 ) (4160 0 256 ) (4160 384 256 ) (4864 384 256 ) 
4 9 10 (5120 0 256 ) (4992 0 256 ) (4992 384 256 ) (5120 384 256 ) 
4 10 37 (5120 0 160 ) (5120 0 256 ) (4992 0 256 ) (4992 0 160 ) 
4 10 13 (5120 0 160 ) (4992 0 160 ) (4992 384 160 ) (5120 384 160 ) 
4 11 38 (4864 0 256 ) (4160 0 256 ) (4160 0 160 ) (4864 0 160 ) 
4 11 14 (4864 0 160 ) (4160 0 160 ) (4160 384 160 ) (4864 384 160 ) 
4 12 22 (4096 384 160 ) (4096 576 160 ) (4096 576 128 ) (4096 384 128 ) 
4 12 15 (5120 576 128 ) (5120 384 128 ) (4096 384 128 ) (4096 576 128 ) 
4 12 13 (4992 384 128 ) (5120 384 128 ) (5120 384 160 ) (4992 384 160 ) 
4 12 14 (4160 384 128 ) (4864 384 128 ) (4864 384 160 ) (4160 384 160 ) 
4 13 40 (5120 0 128 ) (5120 0 160 ) (4992 0 160 ) (4992 0 128 ) 
4 13 16 (5120 384 128 ) (5120 0 128 ) (4992 0 128 ) (4992 384 128 ) 
4 14 41 (4864 0 160 ) (4160 0 160 ) (4160 0 128 ) (4864 0 128 ) 
4 14 17 (4864 0 128 ) (4160 0 128 ) (4160 384 128 ) (4864 384 128 ) 
4 15 25 (4096 384 128 ) (4096 576 128 ) (4096 576 -96 ) (4096 384 -96 ) 
4 15 16 (4992 384 -96 ) (5120 384 -96 ) (5120 384 128 ) (4992 384 128 ) 
4 15 17 (4160 384 -96 ) (4864 384 -96 ) (4864 384 128 ) (4160 384 128 ) 
4 16 43 (5120 0 -96 ) (5120 0 128 ) (4992 0 128 ) (4992 0 -96 ) 
4 17 44 (4864 0 128 ) (4160 0 128 ) (4160 0 -96 ) (4864 0 -96 ) 
4 18 56 (3072 576 160 ) (3072 384 160 ) (3072 384 1120 ) (3072 576 1120 ) 
4 18 22 (3072 384 160 ) (3072 576 160 ) (4096 576 160 ) (4096 384 160 ) 
4 18 20 (3392 384 160 ) (4032 384 160 ) (4032 384 256 ) (3392 384 256 ) 
4 18 21 (3072 384 256 ) (3072 384 160 ) (3264 384 160 ) (3264 384 256 ) 
4 18 19 (3072 384 1120 ) (3072 384 256 ) (4096 384 256 ) (4096 384 1120 ) 
4 19 57 (3072 0 256 ) (3072 0 1120 ) (3072 384 1120 ) (3072 384 256 ) 
4 19 46 (3072 0 1120 ) (3072 0 256 ) (4096 0 256 ) (4096 0 1120 ) 
4 19 20 (4032 0 256 ) (3392 0 256 ) (3392 384 256 ) (4032 384 256 ) 
4 19 21 (3264 0 256 ) (3072 0 256 ) (3072 384 256 ) (3264 384 256 ) 
4 20 47 (3392 0 160 ) (4032 0 160 ) (4032 0 256 ) (3392 0 256 ) 
4 20 23 (4032 0 160 ) (3392 0 160 ) (3392 384 160 ) (4032 384 160 ) 
4 21 58 (3072 0 160 ) (3072 0 256 ) (3072 384 256 ) (3072 384 160 ) 
4 21 48 (3072 0 256 ) (3072 0 160 ) (3264 0 160 ) (3264 0 256 ) 
4 21 24 (3264 0 160 ) (3072 0 160 ) (3072 384 160 ) (3264 384 160 ) 
4 22 60 (3072 384 160 ) (3072 576 160 ) (3072 576 128 ) (3072 384 128 ) 
4 22 25 (4096 576 128 ) (4096 384 128 ) (3072 384 128 ) (3072 576 128 ) 
4 22 24 (3072 384 128 ) (3264 384 128 ) (3264 384 160 ) (3072 384 160 ) 
4 22 23 (3392 384 128 ) (4032 384 128 ) (4032 384 160 ) (3392 384 160 ) 
4 23 50 (3392 0 128 ) (4032 0 128 ) (4032 0 160 ) (3392 0 160 ) 
4 23 26 (4032 0 128 ) (3392 0 128 ) (3392 384 128 ) (4032 384 128 ) 
4 24 61 (3072 0 128 ) (3072 0 160 ) (3072 384 160 ) (3072 384 128 ) 
4 24 51 (3072 0 160 ) (3072 0 128 ) (3264 0 128 ) (3264 0 160 ) 
4 24 27 (3264 0 128 ) (3072 0 128 ) (3072 384 128 ) (3264 384 128 ) 
4 25 63 (3072 384 128 ) (3072 576 128 ) (3072 576 -96 ) (3072 384 -96 ) 
4 25 27 (3072 384 -96 ) (3264 384 -96 ) (3264 384 128 ) (3072 384 128 ) 
4 25 26 (3392 384 -96 ) (4032 384 -96 ) (4032 384 128 ) (3392 384 128 ) 
4 26 53 (3392 0 -96 ) (4032 0 -96 ) (4032 0 128 ) (3392 0 128 ) 
4 27 64 (3072 0 -96 ) (3072 0 128 ) (3072 384 128 ) (3072 384 -96 ) 
4 27 54 (3072 0 128 ) (3072 0 -96 ) (3264 0 -96 ) (3264 0 128 ) 
4 28 29 (5824 -64 1120 ) (5824 -64 256 ) (6144 -64 256 ) (6144 -64 1120 ) 
4 28 30 (5824 -64 256 ) (5824 -64 1120 ) (5824 0 1120 ) (5824 0 256 ) 
4 29 31 (6144 -64 160 ) (6144 -320 160 ) (5824 -320 160 ) (5824 -64 160 ) 
4 29 30 (5824 -64 160 ) (5824 -320 160 ) (5824 -320 1120 ) (5824 -64 1120 ) 
4 30 39 (5120 -64 160 ) (5120 -320 160 ) (5120 -320 1120 ) (5120 -64 1120 ) 
4 30 37 (5120 0 256 ) (5120 0 160 ) (5120 -64 160 ) (5120 -64 256 ) 
4 30 36 (5120 0 1120 ) (5120 0 256 ) (5120 -64 256 ) (5120 -64 1120 ) 
4 30 32 (5120 -320 160 ) (5120 0 160 ) (5824 0 160 ) (5824 -320 160 ) 
4 31 35 (6144 -64 128 ) (6144 -320 128 ) (5824 -320 128 ) (5824 -64 128 ) 
4 31 32 (5824 -64 128 ) (5824 -320 128 ) (5824 -320 160 ) (5824 -64 160 ) 
4 32 42 (5120 -64 128 ) (5120 -320 128 ) (5120 -320 160 ) (5120 -64 160 ) 
4 32 40 (5120 0 160 ) (5120 0 128 ) (5120 -64 128 ) (5120 -64 160 ) 
4 32 35 (5120 -320 128 ) (5120 -64 128 ) (5824 -64 128 ) (5824 -320 128 ) 
4 32 34 (5120 -64 128 ) (5120 0 128 ) (5824 0 128 ) (5824 -64 128 ) 
4 33 35 (5824 -64 -96 ) (6144 -64 -96 ) (6144 -64 -64 ) (5824 -64 -64 ) 
4 33 34 (5824 0 -96 ) (5824 -64 -96 ) (5824 -64 -64 ) (5824 0 -64 ) 
4 34 43 (5120 0 128 ) (5120 0 -96 ) (5120 -64 -96 ) (5120 -64 128 ) 
4 34 35 (5120 -64 -96 ) (5824 -64 -96 ) (5824 -64 128 ) (5120 -64 128 ) 
4 35 45 (5120 -64 -96 ) (5120 -320 -96 ) (5120 -320 128 ) (5120 -64 128 ) 
4 36 46 (4096 0 1120 ) (4096 0 256 ) (4096 -64 256 ) (4096 -64 1120 ) 
4 36 39 (5120 -64 256 ) (5120 -64 1120 ) (4096 -64 1120 ) (4096 -64 256 ) 
4 36 38 (4864 -64 256 ) (4160 -64 256 ) (4160 0 256 ) (4864 0 256 ) 
4 36 37 (5120 -64 256 ) (4992 -64 256 ) (4992 0 256 ) (5120 0 256 ) 
4 37 40 (4992 0 160 ) (5120 0 160 ) (5120 -64 160 ) (4992 -64 160 ) 
4 37 39 (4992 -64 160 ) (5120 -64 160 ) (5120 -64 256 ) (4992 -64 256 ) 
4 38 41 (4160 0 160 ) (4864 0 160 ) (4864 -64 160 ) (4160 -64 160 ) 
4 38 39 (4160 -64 160 ) (4864 -64 160 ) (4864 -64 256 ) (4160 -64 256 ) 
4 39 49 (4096 -64 160 ) (4096 -320 160 ) (4096 -320 1120 ) (4096 -64 1120 ) 
4 39 42 (4096 -320 160 ) (4096 -64 160 ) (5120 -64 160 ) (5120 -320 160 ) 
4 40 43 (4992 0 128 ) (5120 0 128 ) (5120 -64 128 ) (4992 -64 128 ) 
4 40 42 (4992 -64 128 ) (5120 -64 128 ) (5120 -64 160 ) (4992 -64 160 ) 
4 41 44 (4160 0 128 ) (4864 0 128 ) (4864 -64 128 ) (4160 -64 128 ) 
4 41 42 (4160 -64 128 ) (4864 -64 128 ) (4864 -64 160 ) (4160 -64 160 ) 
4 42 52 (4096 -64 128 ) (4096 -320 128 ) (4096 -320 160 ) (4096 -64 160 ) 
4 42 45 (4096 -320 128 ) (4096 -64 128 ) (5120 -64 128 ) (5120 -320 128 ) 
4 43 45 (4992 -64 -96 ) (5120 -64 -96 ) (5120 -64 128 ) (4992 -64 128 ) 
4 44 45 (4160 -64 -96 ) (4864 -64 -96 ) (4864 -64 128 ) (4160 -64 128 ) 
4 45 55 (4096 -64 -96 ) (4096 -320 -96 ) (4096 -320 128 ) (4096 -64 128 ) 
4 46 76 (3072 0 1120 ) (3072 0 256 ) (3072 -64 256 ) (3072 -64 1120 ) 
4 46 49 (3072 -64 1120 ) (3072 -64 256 ) (4096 -64 256 ) (4096 -64 1120 ) 
4 46 47 (4032 -64 256 ) (3392 -64 256 ) (3392 0 256 ) (4032 0 256 ) 
4 46 48 (3264 -64 256 ) (3072 -64 256 ) (3072 0 256 ) (3264 0 256 ) 
4 47 50 (3392 0 160 ) (4032 0 160 ) (4032 -64 160 ) (3392 -64 160 ) 
4 47 49 (3392 -64 160 ) (4032 -64 160 ) (4032 -64 256 ) (3392 -64 256 ) 
4 48 77 (3072 0 256 ) (3072 0 160 ) (3072 -64 160 ) (3072 -64 256 ) 
4 48 51 (3072 -64 160 ) (3072 0 160 ) (3264 0 160 ) (3264 -64 160 ) 
4 48 49 (3072 -64 256 ) (3072 -64 160 ) (3264 -64 160 ) (3264 -64 256 ) 
4 49 79 (3072 -320 1120 ) (3072 -64 1120 ) (3072 -64 160 ) (3072 -320 160 ) 
4 49 52 (3072 -320 160 ) (3072 -64 160 ) (4096 -64 160 ) (4096 -320 160 ) 
4 50 53 (4032 -64 128 ) (3392 -64 128 ) (3392 0 128 ) (4032 0 128 ) 
4 50 52 (3392 -64 128 ) (4032 -64 128 ) (4032 -64 160 ) (3392 -64 160 ) 
4 51 80 (3072 -64 160 ) (3072 0 160 ) (3072 0 128 ) (3072 -64 128 ) 
4 51 54 (3264 -64 128 ) (3072 -64 128 ) (3072 0 128 ) (3264 0 128 ) 
4 51 52 (3072 -64 128 ) (3264 -64 128 ) (3264 -64 160 ) (3072 -64 160 ) 
4 52 82 (3072 -320 160 ) (3072 -64 160 ) (3072 -64 128 ) (3072 -320 128 ) 
4 52 55 (4096 -64 128 ) (4096 -320 128 ) (3072 -320 128 ) (3072 -64 128 ) 
4 53 55 (3392 -64 -96 ) (4032 -64 -96 ) (4032 -64 128 ) (3392 -64 128 ) 
4 54 83 (3072 -64 128 ) (3072 0 128 ) (3072 0 -96 ) (3072 -64 -96 ) 
4 54 55 (3072 -64 -96 ) (3264 -64 -96 ) (3264 -64 128 ) (3072 -64 128 ) 
4 55 85 (3072 -320 128 ) (3072 -64 128 ) (3072 -64 -96 ) (3072 -320 -96 ) 
4 56 66 (2048 576 160 ) (2048 384 160 ) (2048 384 1120 ) (2048 576 1120 ) 
4 56 60 (2048 384 160 ) (2048 576 160 ) (3072 576 160 ) (3072 384 160 ) 
4 56 59 (2080 384 160 ) (2592 384 160 ) (2592 384 256 ) (2080 384 256 ) 
4 56 58 (2720 384 160 ) (3072 384 160 ) (3072 384 256 ) (2720 384 256 ) 
4 56 57 (3072 384 256 ) (3072 384 1120 ) (2048 384 1120 ) (2048 384 256 ) 
4 57 76 (3072 0 256 ) (3072 0 1120 ) (2048 0 1120 ) (2048 0 256 ) 
4 57 67 (2048 0 256 ) (2048 0 1120 ) (2048 384 1120 ) (2048 384 256 ) 
4 57 59 (2592 0 256 ) (2080 0 256 ) (2080 384 256 ) (2592 384 256 ) 
4 57 58 (3072 0 256 ) (2720 0 256 ) (2720 384 256 ) (3072 384 256 ) 
4 58 77 (3072 0 160 ) (3072 0 256 ) (2720 0 256 ) (2720 0 160 ) 
4 58 61 (3072 0 160 ) (2720 0 160 ) (2720 384 160 ) (3072 384 160 ) 
4 59 78 (2592 0 256 ) (2080 0 256 ) (2080 0 160 ) (2592 0 160 ) 
4 59 62 (2592 0 160 ) (2080 0 160 ) (2080 384 160 ) (2592 384 160 ) 
4 60 70 (2048 384 160 ) (2048 576 160 ) (2048 576 128 ) (2048 384 128 ) 
4 60 63 (3072 576 128 ) (3072 384 128 ) (2048 384 128 ) (2048 576 128 ) 
4 60 61 (2720 384 128 ) (3072 384 128 ) (3072 384 160 ) (2720 384 160 ) 
4 60 62 (2080 384 128 ) (2592 384 128 ) (2592 384 160 ) (2080 384 160 ) 
4 61 80 (3072 0 128 ) (3072 0 160 ) (2720 0 160 ) (2720 0 128 ) 
4 61 64 (3072 384 128 ) (3072 0 128 ) (2720 0 128 ) (2720 384 128 ) 
4 62 81 (2592 0 160 ) (2080 0 160 ) (2080 0 128 ) (2592 0 128 ) 
4 62 65 (2592 0 128 ) (2080 0 128 ) (2080 384 128 ) (2592 384 128 ) 
4 63 73 (2048 384 128 ) (2048 576 128 ) (2048 576 -96 ) (2048 384 -96 ) 
4 63 64 (2720 384 -96 ) (3072 384 -96 ) (3072 384 128 ) (2720 384 128 ) 
4 63 65 (2080 384 -96 ) (2592 384 -96 ) (2592 384 128 ) (2080 384 128 ) 
4 64 83 (3072 0 -96 ) (3072 0 128 ) (2720 0 128 ) (2720 0 -96 ) 
4 65 84 (2592 0 128 ) (2080 0 128 ) (2080 0 -96 ) (2592 0 -96 ) 
4 66 96 (1024 576 160 ) (1024 384 160 ) (1024 384 1120 ) (1024 576 1120 ) 
4 66 70 (1024 384 160 ) (1024 576 160 ) (2048 576 160 ) (2048 384 160 ) 
4 66 69 (1024 384 256 ) (1024 384 160 ) (1360 384 160 ) (1360 384 256 ) 
4 66 68 (1488 384 160 ) (1952 384 160 ) (1952 384 256 ) (1488 384 256 ) 
4 66 67 (1024 384 1120 ) (1024 384 256 ) (2048 384 256 ) (2048 384 1120 ) 
4 67 97 (1024 0 256 ) (1024 0 1120 ) (1024 384 1120 ) (1024 384 256 ) 
4 67 86 (2048 0 256 ) (2048 0 1120 ) (1024 0 1120 ) (1024 0 256 ) 
4 67 69 (1360 0 256 ) (1024 0 256 ) (1024 384 256 ) (1360 384 256 ) 
4 67 68 (1952 0 256 ) (1488 0 256 ) (1488 384 256 ) (1952 384 256 ) 
4 68 87 (1952 0 256 ) (1488 0 256 ) (1488 0 160 ) (1952 0 160 ) 
4 68 71 (1952 0 160 ) (1488 0 160 ) (1488 384 160 ) (1952 384 160 ) 
4 69 98 (1024 0 160 ) (1024 0 256 ) (1024 384 256 ) (1024 384 160 ) 
4 69 88 (1360 0 256 ) (1024 0 256 ) (1024 0 160 ) (1360 0 160 ) 
4 69 72 (1360 0 160 ) (1024 0 160 ) (1024 384 160 ) (1360 384 160 ) 
4 70 103 (1024 384 160 ) (1024 576 160 ) (1024 576 128 ) (1024 384 128 ) 
4 70 73 (1024 384 128 ) (1024 576 128 ) (2048 576 128 ) (2048 384 128 ) 
4 70 71 (1488 384 128 ) (1952 384 128 ) (1952 384 160 ) (1488 384 160 ) 
4 70 72 (1024 384 128 ) (1360 384 128 ) (1360 384 160 ) (1024 384 160 ) 
4 71 90 (1952 0 160 ) (1488 0 160 ) (1488 0 128 ) (1952 0 128 ) 
4 71 74 (1488 384 128 ) (1952 384 128 ) (1952 0 128 ) (1488 0 128 ) 
4 72 104 (1024 0 128 ) (1024 0 160 ) (1024 384 160 ) (1024 384 128 ) 
4 72 91 (1360 0 160 ) (1024 0 160 ) (1024 0 128 ) (1360 0 128 ) 
4 72 75 (1024 0 128 ) (1024 384 128 ) (1360 384 128 ) (1360 0 128 ) 
4 73 115 (1024 576 -64 ) (1024 576 -96 ) (1024 384 -96 ) (1024 384 -64 ) 
4 73 109 (1024 384 128 ) (1024 576 128 ) (1024 576 -64 ) (1024 384 -64 ) 
4 73 74 (1488 384 -96 ) (1952 384 -96 ) (1952 384 128 ) (1488 384 128 ) 
4 73 75 (1024 384 -96 ) (1360 384 -96 ) (1360 384 128 ) (1024 384 128 ) 
4 74 93 (1952 0 128 ) (1488 0 128 ) (1488 0 -96 ) (1952 0 -96 ) 
4 75 116 (1024 0 -96 ) (1024 0 -64 ) (1024 384 -64 ) (1024 384 -96 ) 
4 75 110 (1024 0 -64 ) (1024 0 128 ) (1024 384 128 ) (1024 384 -64 ) 
4 75 94 (1360 0 128 ) (1024 0 128 ) (1024 0 -96 ) (1360 0 -96 ) 
4 76 86 (2048 0 1120 ) (2048 0 256 ) (2048 -64 256 ) (2048 -64 1120 ) 
4 76 79 (3072 -64 256 ) (3072 -64 1120 ) (2048 -64 1120 ) (2048 -64 256 ) 
4 76 78 (2592 -64 256 ) (2080 -64 256 ) (2080 0 256 ) (2592 0 256 ) 
4 76 77 (3072 -64 256 ) (2720 -64 256 ) (2720 0 256 ) (3072 0 256 ) 
4 77 80 (2720 0 160 ) (3072 0 160 ) (3072 -64 160 ) (2720 -64 160 ) 
4 77 79 (2720 -64 160 ) (3072 -64 160 ) (3072 -64 256 ) (2720 -64 256 ) 
4 78 81 (2080 0 160 ) (2592 0 160 ) (2592 -64 160 ) (2080 -64 160 ) 
4 78 79 (2080 -64 160 ) (2592 -64 160 ) (2592 -64 256 ) (2080 -64 256 ) 
4 79 89 (2048 -320 1120 ) (2048 -64 1120 ) (2048 -64 160 ) (2048 -320 160 ) 
4 79 82 (2048 -320 160 ) (2048 -64 160 ) (3072 -64 160 ) (3072 -320 160 ) 
4 80 83 (2720 0 128 ) (3072 0 128 ) (3072 -64 128 ) (2720 -64 128 ) 
4 80 82 (2720 -64 128 ) (3072 -64 128 ) (3072 -64 160 ) (2720 -64 160 ) 
4 81 84 (2080 0 128 ) (2592 0 128 ) (2592 -64 128 ) (2080 -64 128 ) 
4 81 82 (2080 -64 128 ) (2592 -64 128 ) (2592 -64 160 ) (2080 -64 160 ) 
4 82 92 (2048 -320 160 ) (2048 -64 160 ) (2048 -64 128 ) (2048 -320 128 ) 
4 82 85 (2048 -320 128 ) (2048 -64 128 ) (3072 -64 128 ) (3072 -320 128 ) 
4 83 85 (2720 -64 -96 ) (3072 -64 -96 ) (3072 -64 128 ) (2720 -64 128 ) 
4 84 85 (2080 -64 -96 ) (2592 -64 -96 ) (2592 -64 128 ) (2080 -64 128 ) 
4 85 95 (2048 -320 128 ) (2048 -64 128 ) (2048 -64 -96 ) (2048 -320 -96 ) 
4 86 130 (1024 0 1120 ) (1024 0 256 ) (1024 -64 256 ) (1024 -64 1120 ) 
4 86 89 (1024 -64 1120 ) (1024 -64 256 ) (2048 -64 256 ) (2048 -64 1120 ) 
4 86 88 (1360 -64 256 ) (1024 -64 256 ) (1024 0 256 ) (1360 0 256 ) 
4 86 87 (1952 -64 256 ) (1488 -64 256 ) (1488 0 256 ) (1952 0 256 ) 
4 87 90 (1488 0 160 ) (1952 0 160 ) (1952 -64 160 ) (1488 -64 160 ) 
4 87 89 (1488 -64 160 ) (1952 -64 160 ) (1952 -64 256 ) (1488 -64 256 ) 
4 88 131 (1024 0 256 ) (1024 0 160 ) (1024 -64 160 ) (1024 -64 256 ) 
4 88 91 (1024 -64 160 ) (1024 0 160 ) (1360 0 160 ) (1360 -64 160 ) 
4 88 89 (1024 -64 256 ) (1024 -64 160 ) (1360 -64 160 ) (1360 -64 256 ) 
4 89 134 (1024 -320 1120 ) (1024 -64 1120 ) (1024 -64 160 ) (1024 -320 160 ) 
4 89 92 (1024 -320 160 ) (1024 -64 160 ) (2048 -64 160 ) (2048 -320 160 ) 
4 90 93 (1488 0 128 ) (1952 0 128 ) (1952 -64 128 ) (1488 -64 128 ) 
4 90 92 (1488 -64 128 ) (1952 -64 128 ) (1952 -64 160 ) (1488 -64 160 ) 
4 91 135 (1024 -64 160 ) (1024 0 160 ) (1024 0 128 ) (1024 -64 128 ) 
4 91 94 (1024 0 128 ) (1360 0 128 ) (1360 -64 128 ) (1024 -64 128 ) 
4 91 92 (1024 -64 128 ) (1360 -64 128 ) (1360 -64 160 ) (1024 -64 160 ) 
4 92 138 (1024 -320 160 ) (1024 -64 160 ) (1024 -64 128 ) (1024 -320 128 ) 
4 92 95 (2048 -64 128 ) (2048 -320 128 ) (1024 -320 128 ) (1024 -64 128 ) 
4 93 95 (1488 -64 -96 ) (1952 -64 -96 ) (1952 -64 128 ) (1488 -64 128 ) 
4 94 139 (1024 -64 128 ) (1024 0 128 ) (1024 0 -96 ) (1024 -64 -96 ) 
4 94 95 (1024 -64 -96 ) (1360 -64 -96 ) (1360 -64 128 ) (1024 -64 128 ) 
4 95 142 (1024 -320 128 ) (1024 -64 128 ) (1024 -64 -96 ) (1024 -320 -96 ) 
4 96 121 (0 576 160 ) (0 384 160 ) (0 384 1120 ) (0 576 1120 ) 
4 96 103 (0 384 160 ) (0 576 160 ) (1024 576 160 ) (1024 384 160 ) 
4 96 101 (0 384 256 ) (0 384 160 ) (64 384 160 ) (64 384 256 ) 
4 96 99 (544 384 160 ) (864 384 160 ) (864 384 256 ) (544 384 256 ) 
4 96 100 (64 384 160 ) (416 384 160 ) (416 384 256 ) (64 384 256 ) 
4 96 98 (992 384 160 ) (1024 384 160 ) (1024 384 256 ) (992 384 256 ) 
4 96 97 (0 384 1120 ) (0 384 256 ) (1024 384 256 ) (1024 384 1120 ) 
4 97 130 (1024 0 256 ) (1024 0 1120 ) (0 0 1120 ) (0 0 256 ) 
4 97 122 (0 64 1120 ) (0 256 1120 ) (0 256 256 ) (0 64 256 ) 
4 97 123 (0 0 256 ) (0 0 1120 ) (0 64 1120 ) (0 64 256 ) 
4 97 121 (0 256 1120 ) (0 384 1120 ) (0 384 256 ) (0 256 256 ) 
4 97 101 (0 256 256 ) (0 384 256 ) (64 384 256 ) (64 256 256 ) 
4 97 102 (64 0 256 ) (0 0 256 ) (0 64 256 ) (64 64 256 ) 
4 97 99 (864 0 256 ) (544 0 256 ) (544 384 256 ) (864 384 256 ) 
4 97 100 (416 0 256 ) (64 0 256 ) (64 384 256 ) (416 384 256 ) 
4 97 98 (1024 0 256 ) (992 0 256 ) (992 384 256 ) (1024 384 256 ) 
4 98 131 (1024 0 160 ) (1024 0 256 ) (992 0 256 ) (992 0 160 ) 
4 98 104 (1024 0 160 ) (992 0 160 ) (992 384 160 ) (1024 384 160 ) 
4 99 132 (864 0 256 ) (544 0 256 ) (544 0 160 ) (864 0 160 ) 
4 99 105 (864 0 160 ) (544 0 160 ) (544 384 160 ) (864 384 160 ) 
4 100 133 (416 0 256 ) (64 0 256 ) (64 0 160 ) (416 0 160 ) 
4 100 106 (416 0 160 ) (64 0 160 ) (64 384 160 ) (416 384 160 ) 
4 100 101 (64 256 256 ) (64 384 256 ) (64 384 160 ) (64 256 160 ) 
4 100 102 (64 0 256 ) (64 64 256 ) (64 64 160 ) (64 0 160 ) 
4 101 121 (0 256 256 ) (0 384 256 ) (0 384 160 ) (0 256 160 ) 
4 101 107 (0 256 160 ) (0 384 160 ) (64 384 160 ) (64 256 160 ) 
4 102 133 (64 0 256 ) (0 0 256 ) (0 0 160 ) (64 0 160 ) 
4 102 123 (0 0 160 ) (0 0 256 ) (0 64 256 ) (0 64 160 ) 
4 102 108 (64 0 160 ) (0 0 160 ) (0 64 160 ) (64 64 160 ) 
4 103 124 (0 384 160 ) (0 576 160 ) (0 576 128 ) (0 384 128 ) 
4 103 109 (0 384 128 ) (0 576 128 ) (1024 576 128 ) (1024 384 128 ) 
4 103 107 (0 384 128 ) (64 384 128 ) (64 384 160 ) (0 384 160 ) 
4 103 105 (544 384 128 ) (864 384 128 ) (864 384 160 ) (544 384 160 ) 
4 103 106 (64 384 128 ) (416 384 128 ) (416 384 160 ) (64 384 160 ) 
4 103 104 (992 384 128 ) (1024 384 128 ) (1024 384 160 ) (992 384 160 ) 
4 104 135 (1024 0 128 ) (1024 0 160 ) (992 0 160 ) (992 0 128 ) 
4 104 110 (992 384 128 ) (1024 384 128 ) (1024 0 128 ) (992 0 128 ) 
4 105 136 (864 0 160 ) (544 0 160 ) (544 0 128 ) (864 0 128 ) 
4 105 111 (544 384 128 ) (864 384 128 ) (864 0 128 ) (544 0 128 ) 
4 106 137 (416 0 160 ) (64 0 160 ) (64 0 128 ) (416 0 128 ) 
4 106 112 (64 384 128 ) (416 384 128 ) (416 0 128 ) (64 0 128 ) 
4 106 107 (64 384 160 ) (64 384 128 ) (64 256 128 ) (64 256 160 ) 
4 106 108 (64 64 128 ) (64 0 128 ) (64 0 160 ) (64 64 160 ) 
4 107 124 (0 256 160 ) (0 384 160 ) (0 384 128 ) (0 256 128 ) 
4 107 113 (0 256 128 ) (0 384 128 ) (64 384 128 ) (64 256 128 ) 
4 108 137 (64 0 160 ) (0 0 160 ) (0 0 128 ) (64 0 128 ) 
4 108 125 (0 0 128 ) (0 0 160 ) (0 64 160 ) (0 64 128 ) 
4 108 114 (0 0 128 ) (0 64 128 ) (64 64 128 ) (64 0 128 ) 
4 109 126 (0 384 128 ) (0 576 128 ) (0 576 -64 ) (0 384 -64 ) 
4 109 115 (0 384 -64 ) (0 576 -64 ) (1024 576 -64 ) (1024 384 -64 ) 
4 109 113 (0 384 -64 ) (64 384 -64 ) (64 384 128 ) (0 384 128 ) 
4 109 111 (544 384 -64 ) (864 384 -64 ) (864 384 128 ) (544 384 128 ) 
4 109 112 (64 384 -64 ) (416 384 -64 ) (416 384 128 ) (64 384 128 ) 
4 109 110 (992 384 -64 ) (1024 384 -64 ) (1024 384 128 ) (992 384 128 ) 
4 110 139 (1024 0 -64 ) (1024 0 128 ) (992 0 128 ) (992 0 -64 ) 
4 110 116 (1024 0 -64 ) (992 0 -64 ) (992 384 -64 ) (1024 384 -64 ) 
4 111 140 (864 0 128 ) (544 0 128 ) (544 0 -64 ) (864 0 -64 ) 
4 111 117 (864 0 -64 ) (544 0 -64 ) (544 384 -64 ) (864 384 -64 ) 
4 112 141 (416 0 128 ) (64 0 128 ) (64 0 -64 ) (416 0 -64 ) 
4 112 118 (416 0 -64 ) (64 0 -64 ) (64 384 -64 ) (416 384 -64 ) 
4 112 113 (64 384 128 ) (64 384 -64 ) (64 256 -64 ) (64 256 128 ) 
4 112 114 (64 64 -64 ) (64 0 -64 ) (64 0 128 ) (64 64 128 ) 
4 113 126 (0 256 128 ) (0 384 128 ) (0 384 -64 ) (0 256 -64 ) 
4 113 119 (0 256 -64 ) (0 384 -64 ) (64 384 -64 ) (64 256 -64 ) 
4 114 141 (64 0 128 ) (0 0 128 ) (0 0 -64 ) (64 0 -64 ) 
4 114 127 (0 0 -64 ) (0 0 128 ) (0 64 128 ) (0 64 -64 ) 
4 114 120 (64 0 -64 ) (0 0 -64 ) (0 64 -64 ) (64 64 -64 ) 
4 115 126 (0 384 -64 ) (0 576 -64 ) (0 576 -96 ) (0 384 -96 ) 
4 115 119 (0 384 -96 ) (64 384 -96 ) (64 384 -64 ) (0 384 -64 ) 
4 115 118 (64 384 -96 ) (416 384 -96 ) (416 384 -64 ) (64 384 -64 ) 
4 115 116 (992 384 -96 ) (1024 384 -96 ) (1024 384 -64 ) (992 384 -64 ) 
4 115 117 (544 384 -96 ) (864 384 -96 ) (864 384 -64 ) (544 384 -64 ) 
4 116 139 (1024 0 -96 ) (1024 0 -64 ) (992 0 -64 ) (992 0 -96 ) 
4 117 140 (864 0 -64 ) (544 0 -64 ) (544 0 -96 ) (864 0 -96 ) 
4 118 141 (416 0 -64 ) (64 0 -64 ) (64 0 -96 ) (416 0 -96 ) 
4 118 119 (64 384 -64 ) (64 384 -96 ) (64 256 -96 ) (64 256 -64 ) 
4 118 120 (64 64 -96 ) (64 0 -96 ) (64 0 -64 ) (64 64 -64 ) 
4 119 126 (0 256 -64 ) (0 384 -64 ) (0 384 -96 ) (0 256 -96 ) 
4 120 141 (64 0 -64 ) (0 0 -64 ) (0 0 -96 ) (64 0 -96 ) 
4 120 128 (0 0 -96 ) (0 0 -64 ) (0 64 -64 ) (0 64 -96 ) 
4 121 124 (-128 256 160 ) (-128 576 160 ) (0 576 160 ) (0 256 160 ) 
4 121 122 (0 256 1120 ) (-128 256 1120 ) (-128 256 256 ) (0 256 256 ) 
4 122 123 (0 64 1120 ) (-128 64 1120 ) (-128 64 256 ) (0 64 256 ) 
4 123 143 (0 0 160 ) (0 0 1120 ) (-128 0 1120 ) (-128 0 160 ) 
4 123 125 (0 0 160 ) (-128 0 160 ) (-128 64 160 ) (0 64 160 ) 
4 124 126 (0 576 128 ) (0 256 128 ) (-128 256 128 ) (-128 576 128 ) 
4 125 144 (0 0 128 ) (0 0 160 ) (-128 0 160 ) (-128 0 128 ) 
4 125 127 (0 64 128 ) (0 0 128 ) (-128 0 128 ) (-128 64 128 ) 
4 126 129 (-128 256 -64 ) (-128 256 -96 ) (-96 256 -96 ) (-96 256 -64 ) 
4 127 145 (0 0 -64 ) (0 0 128 ) (-128 0 128 ) (-128 0 -64 ) 
4 127 128 (-96 64 -64 ) (0 64 -64 ) (0 0 -64 ) (-96 0 -64 ) 
4 127 129 (-128 0 -64 ) (-128 64 -64 ) (-96 64 -64 ) (-96 0 -64 ) 
4 128 145 (0 0 -96 ) (0 0 -64 ) (-96 0 -64 ) (-96 0 -96 ) 
4 128 129 (-96 0 -64 ) (-96 64 -64 ) (-96 64 -96 ) (-96 0 -96 ) 
4 129 145 (-96 0 -64 ) (-128 0 -64 ) (-128 0 -96 ) (-96 0 -96 ) 
4 130 143 (0 0 1120 ) (0 0 256 ) (0 -64 256 ) (0 -64 1120 ) 
4 130 134 (0 -64 1120 ) (0 -64 256 ) (1024 -64 256 ) (1024 -64 1120 ) 
4 130 132 (864 -64 256 ) (544 -64 256 ) (544 0 256 ) (864 0 256 ) 
4 130 133 (416 -64 256 ) (0 -64 256 ) (0 0 256 ) (416 0 256 ) 
4 130 131 (1024 -64 256 ) (992 -64 256 ) (992 0 256 ) (1024 0 256 ) 
4 131 135 (992 0 160 ) (1024 0 160 ) (1024 -64 160 ) (992 -64 160 ) 
4 131 134 (992 -64 160 ) (1024 -64 160 ) (1024 -64 256 ) (992 -64 256 ) 
4 132 136 (544 0 160 ) (864 0 160 ) (864 -64 160 ) (544 -64 160 ) 
4 132 134 (544 -64 160 ) (864 -64 160 ) (864 -64 256 ) (544 -64 256 ) 
4 133 143 (0 0 256 ) (0 0 160 ) (0 -64 160 ) (0 -64 256 ) 
4 133 137 (0 -64 160 ) (0 0 160 ) (416 0 160 ) (416 -64 160 ) 
4 133 134 (0 -64 256 ) (0 -64 160 ) (416 -64 160 ) (416 -64 256 ) 
4 134 143 (0 -64 160 ) (0 -320 160 ) (0 -320 1120 ) (0 -64 1120 ) 
4 134 138 (0 -320 160 ) (0 -64 160 ) (1024 -64 160 ) (1024 -320 160 ) 
4 135 139 (992 0 128 ) (1024 0 128 ) (1024 -64 128 ) (992 -64 128 ) 
4 135 138 (992 -64 128 ) (1024 -64 128 ) (1024 -64 160 ) (992 -64 160 ) 
4 136 140 (544 0 128 ) (864 0 128 ) (864 -64 128 ) (544 -64 128 ) 
4 136 138 (544 -64 128 ) (864 -64 128 ) (864 -64 160 ) (544 -64 160 ) 
4 137 144 (0 0 160 ) (0 0 128 ) (0 -64 128 ) (0 -64 160 ) 
4 137 141 (0 -64 128 ) (0 0 128 ) (416 0 128 ) (416 -64 128 ) 
4 137 138 (0 -64 128 ) (416 -64 128 ) (416 -64 160 ) (0 -64 160 ) 
4 138 144 (0 -64 128 ) (0 -320 128 ) (0 -320 160 ) (0 -64 160 ) 
4 138 142 (0 -320 128 ) (0 -64 128 ) (1024 -64 128 ) (1024 -320 128 ) 
4 139 142 (992 -64 -96 ) (1024 -64 -96 ) (1024 -64 128 ) (992 -64 128 ) 
4 140 142 (544 -64 -96 ) (864 -64 -96 ) (864 -64 128 ) (544 -64 128 ) 
4 141 145 (0 0 128 ) (0 0 -96 ) (0 -64 -96 ) (0 -64 128 ) 
4 141 142 (0 -64 -96 ) (416 -64 -96 ) (416 -64 128 ) (0 -64 128 ) 
4 142 145 (0 -64 -96 ) (0 -320 -96 ) (0 -320 128 ) (0 -64 128 ) 
4 143 144 (-128 0 160 ) (0 0 160 ) (0 -320 160 ) (-128 -320 160 ) 
4 144 145 (-128 0 128 ) (0 0 128 ) (0 -320 128 ) (-128 -320 128 ) 
