


materialPath: E:\Juegos\SteamWin\steamapps\common\Team Fortress 2\tf\materials
Loading D:\Art\Level Design\Momentum Mod\github\019ports\df_palmslane\df_palmslane.vmf
fixing up env_cubemap materials on brush sides...
0...1...2...3...4...5...6...7...8...9...10**** leaked ****
Entity trigger_momentum_timer_start (8.00 160.00 320.00) leaked!
Processing areas...done (0)
Building Faces...done (0)
FixTjuncs...
PruneNodes...
WriteBSP...
done (0)
Creating default LDR cubemaps for env_cubemap using skybox materials:
   skybox/sky_day01_06*.vmt
 ! Run buildcubemaps in the engine to get the correct cube maps.
Creating default HDR cubemaps for env_cubemap using skybox materials:
   skybox/sky_day01_06*.vmt
 ! Run buildcubemaps in the engine to get the correct cube maps.
Finding displacement neighbors...
Finding lightmap sample positions...
Displacement Alpha : 0...1...2...3...4...5...6...7...8...9...10
Building Physics collision data...
done (0) (16102 bytes)
Placing detail props : 0...1...2...3...4...5...6...7...8...9...10
Water found with no water_lod_control entity, creating a default one.
Compacting texture/material tables...
Reduced 83 texinfos to 44
Reduced 9 texdatas to 8 (209 bytes to 167)
Writing D:\Art\Level Design\Momentum Mod\github\019ports\df_palmslane\df_palmslane.bsp
MSG_FILEWRITE - Filesystem was asked to write to 'D:\Art\Level Design\Momentum Mod\github\019ports\df_palmslane\df_palmslane.bsp', but we don't own that location. Allowing.
Wrote ZIP buffer, estimated size 106314, actual size 105966
0 seconds elapsed



12 threads
reading d:\art\level design\momentum mod\github\019ports\df_palmslane\df_palmslane.bsp
reading d:\art\level design\momentum mod\github\019ports\df_palmslane\df_palmslane.prt
LoadPortals: couldn't read d:\art\level design\momentum mod\github\019ports\df_palmslane\df_palmslane.prt



[Reading texlights from 'lights.rad']
[56 texlights parsed from 'lights.rad']

Loading d:\art\level design\momentum mod\github\019ports\df_palmslane\df_palmslane.bsp
No vis information, direct lighting only.
749 faces
450460 square feet [64866304.00 square inches]
0 Displacements
0 Square Feet [0.00 Square Inches]
0 direct lights
0...1...2...3...4...5...6...7...8...9...10Build Patch/Sample Hash Table(s).....Done<0.0028 sec>
0...1...2...3...4...5...6...7...8...9...10FinalLightFace Done
0 of 0 (0% of) surface lights went in leaf ambient cubes.
0...1...2...3...4...5...6...7...8...9...10Writing leaf ambient...done
Ready to Finish

Object names       Objects/Maxobjs  Memory / Maxmem  Fullness 
------------       ---------------  ---------------  -------- 
models                   4/1024          192/49152    ( 0.4%) 
brushes                 43/8192          516/98304    ( 0.5%) 
brushsides             258/65536        2064/524288   ( 0.4%) 
planes                 152/65536        3040/1310720  ( 0.2%) 
vertexes               842/65536       10104/786432   ( 1.3%) 
nodes                  572/65536       18304/2097152  ( 0.9%) 
texinfos                44/12288        3168/884736   ( 0.4%) 
texdata                  8/2048          256/65536    ( 0.4%) 
dispinfos                0/0               0/0        ( 0.0%) 
disp_verts               0/0               0/0        ( 0.0%) 
disp_tris                0/0               0/0        ( 0.0%) 
disp_lmsamples           0/0               0/0        ( 0.0%) 
faces                  749/65536       41944/3670016  ( 1.1%) 
hdr faces                0/65536           0/3670016  ( 0.0%) 
origfaces              156/65536        8736/3670016  ( 0.2%) 
leaves                 577/65536       18464/2097152  ( 0.9%) 
leaffaces              905/65536        1810/131072   ( 1.4%) 
leafbrushes            281/65536         562/131072   ( 0.4%) 
areas                    2/256            16/2048     ( 0.8%) 
surfedges             4012/512000      16048/2048000  ( 0.8%) 
edges                 2057/256000       8228/1024000  ( 0.8%) 
LDR worldlights          0/8192            0/720896   ( 0.0%) 
HDR worldlights          0/8192            0/720896   ( 0.0%) 
leafwaterdata            1/32768          12/393216   ( 0.0%) 
waterstrips             58/32768         580/327680   ( 0.2%) 
waterverts               0/65536           0/786432   ( 0.0%) 
waterindices          1155/65536        2310/131072   ( 1.8%) 
cubemapsamples           0/1024            0/16384    ( 0.0%) 
overlays                 0/512             0/180224   ( 0.0%) 
LDR lightdata         [variable]      337312/0        ( 0.0%) 
HDR lightdata         [variable]           0/0        ( 0.0%) 
visdata               [variable]           0/16777216 ( 0.0%) 
entdata               [variable]        1407/393216   ( 0.4%) 
LDR ambient table      577/65536        2308/262144   ( 0.9%) 
HDR ambient table      577/65536        2308/262144   ( 0.9%) 
LDR leaf ambient       360/65536       10080/1835008  ( 0.5%) 
HDR leaf ambient       577/65536       16156/1835008  ( 0.9%) 
occluders                0/0               0/0        ( 0.0%) 
occluder polygons        0/0               0/0        ( 0.0%) 
occluder vert ind        0/0               0/0        ( 0.0%) 
detail props          [variable]           1/12       ( 8.3%) 
static props          [variable]           1/12       ( 8.3%) 
pakfile               [variable]      105966/0        ( 0.0%) 
physics               [variable]       16102/4194304  ( 0.4%) 
physics terrain       [variable]           2/1048576  ( 0.0%) 

Level flags = 0

Total triangle count: 1890
Writing d:\art\level design\momentum mod\github\019ports\df_palmslane\df_palmslane.bsp
2 seconds elapsed



materialPath: E:\Juegos\SteamWin\steamapps\common\Team Fortress 2\tf\materials
Loading D:\Art\Level Design\Momentum Mod\github\019ports\df_palmslane\df_palmslane.vmf
fixing up env_cubemap materials on brush sides...
0...1...2...3...4...5...6...7...8...9...100...1...2...3...4...5...6...7...8...9...10Processing areas...done (0)
Building Faces...done (0)
FixTjuncs...
PruneNodes...
WriteBSP...
done (0)
writing D:\Art\Level Design\Momentum Mod\github\019ports\df_palmslane\df_palmslane.prt...Building visibility clusters...
done (0)
Creating default LDR cubemaps for env_cubemap using skybox materials:
   skybox/sky_day01_06*.vmt
 ! Run buildcubemaps in the engine to get the correct cube maps.
Creating default HDR cubemaps for env_cubemap using skybox materials:
   skybox/sky_day01_06*.vmt
 ! Run buildcubemaps in the engine to get the correct cube maps.
Finding displacement neighbors...
Finding lightmap sample positions...
Displacement Alpha : 0...1...2...3...4...5...6...7...8...9...10
Building Physics collision data...
done (0) (16038 bytes)
Placing detail props : 0...1...2...3...4...5...6...7...8...9...10
Water found with no water_lod_control entity, creating a default one.
Compacting texture/material tables...
Reduced 83 texinfos to 44
Reduced 9 texdatas to 8 (209 bytes to 167)
Writing D:\Art\Level Design\Momentum Mod\github\019ports\df_palmslane\df_palmslane.bsp
MSG_FILEWRITE - Filesystem was asked to write to 'D:\Art\Level Design\Momentum Mod\github\019ports\df_palmslane\df_palmslane.bsp', but we don't own that location. Allowing.
Wrote ZIP buffer, estimated size 106314, actual size 105966
0 seconds elapsed



12 threads
reading d:\art\level design\momentum mod\github\019ports\df_palmslane\df_palmslane.bsp
reading d:\art\level design\momentum mod\github\019ports\df_palmslane\df_palmslane.prt
 146 portalclusters
 362 numportals
0...1...2...3...4...5...6...7...8...9...10Optimized: 280 visible clusters (1.83%)
Total clusters visible: 15278
Average clusters visible: 104
Building PAS...
Average clusters audible: 146
visdatasize:6720  compressed from 7008
writing d:\art\level design\momentum mod\github\019ports\df_palmslane\df_palmslane.bsp
MSG_FILEWRITE - Filesystem was asked to write to 'd:\art\level design\momentum mod\github\019ports\df_palmslane\df_palmslane.bsp', but we don't own that location. Allowing.
0 seconds elapsed



[Reading texlights from 'lights.rad']
[56 texlights parsed from 'lights.rad']

Loading d:\art\level design\momentum mod\github\019ports\df_palmslane\df_palmslane.bsp
759 faces
450645 square feet [64892928.00 square inches]
0 Displacements
0 Square Feet [0.00 Square Inches]
759 patches before subdivision
759 patches after subdivision
0 direct lights
0...1...2...3...4...5...6...7...8...9...100...1...2...3...4...5...6...7...8...9...10transfers 78675, max 420
transfer lists:   0.6 megs
0...1...2...3...4...5...6...7...8...9...10	Bounce #1 added RGB(0, 0, 0)
Build Patch/Sample Hash Table(s).....Done<0.0038 sec>
0...1...2...3...4...5...6...7...8...9...10FinalLightFace Done
0 of 0 (0% of) surface lights went in leaf ambient cubes.
0...1...2...3...4...5...6...7...8...9...10Writing leaf ambient...done
Ready to Finish

Object names       Objects/Maxobjs  Memory / Maxmem  Fullness 
------------       ---------------  ---------------  -------- 
models                   4/1024          192/49152    ( 0.4%) 
brushes                 43/8192          516/98304    ( 0.5%) 
brushsides             258/65536        2064/524288   ( 0.4%) 
planes                 150/65536        3000/1310720  ( 0.2%) 
vertexes               702/65536        8424/786432   ( 1.1%) 
nodes                  339/65536       10848/2097152  ( 0.5%) 
texinfos                44/12288        3168/884736   ( 0.4%) 
texdata                  8/2048          256/65536    ( 0.4%) 
dispinfos                0/0               0/0        ( 0.0%) 
disp_verts               0/0               0/0        ( 0.0%) 
disp_tris                0/0               0/0        ( 0.0%) 
disp_lmsamples           0/0               0/0        ( 0.0%) 
faces                  759/65536       42504/3670016  ( 1.2%) 
hdr faces                0/65536           0/3670016  ( 0.0%) 
origfaces              156/65536        8736/3670016  ( 0.2%) 
leaves                 344/65536       11008/2097152  ( 0.5%) 
leaffaces              805/65536        1610/131072   ( 1.2%) 
leafbrushes            291/65536         582/131072   ( 0.4%) 
areas                    2/256            16/2048     ( 0.8%) 
surfedges             4052/512000      16208/2048000  ( 0.8%) 
edges                 2069/256000       8276/1024000  ( 0.8%) 
LDR worldlights          0/8192            0/720896   ( 0.0%) 
HDR worldlights          0/8192            0/720896   ( 0.0%) 
leafwaterdata            1/32768          12/393216   ( 0.0%) 
waterstrips             52/32768         520/327680   ( 0.2%) 
waterverts               0/65536           0/786432   ( 0.0%) 
waterindices          1050/65536        2100/131072   ( 1.6%) 
cubemapsamples           0/1024            0/16384    ( 0.0%) 
overlays                 0/512             0/180224   ( 0.0%) 
LDR lightdata         [variable]      337884/0        ( 0.0%) 
HDR lightdata         [variable]           0/0        ( 0.0%) 
visdata               [variable]        6720/16777216 ( 0.0%) 
entdata               [variable]        1407/393216   ( 0.4%) 
LDR ambient table      344/65536        1376/262144   ( 0.5%) 
HDR ambient table      344/65536        1376/262144   ( 0.5%) 
LDR leaf ambient       164/65536        4592/1835008  ( 0.3%) 
HDR leaf ambient       344/65536        9632/1835008  ( 0.5%) 
occluders                0/0               0/0        ( 0.0%) 
occluder polygons        0/0               0/0        ( 0.0%) 
occluder vert ind        0/0               0/0        ( 0.0%) 
detail props          [variable]           1/12       ( 8.3%) 
static props          [variable]           1/12       ( 8.3%) 
pakfile               [variable]      105966/0        ( 0.0%) 
physics               [variable]       16038/4194304  ( 0.4%) 
physics terrain       [variable]           2/1048576  ( 0.0%) 

Level flags = 0

Total triangle count: 1910
Writing d:\art\level design\momentum mod\github\019ports\df_palmslane\df_palmslane.bsp
1 second elapsed
