


materialPath: E:\Juegos\SteamWin\steamapps\common\Team Fortress 2\tf\materials
Loading D:\Art\Level Design\Momentum Mod\github\Q2jump\df_acejumps66.vmf
fixing up env_cubemap materials on brush sides...
0...1...2...3...4...5...6...7...8...9...10**** leaked ****
Entity trigger_momentum_timer_stop (-224.00 -3920.00 128.00) leaked!

FindPortalSide: Couldn't find a good match for which brush to assign to a portal near (3584.0 3072.0 -80.0)
Leaf 0 contents: CONTENTS_SOLID 
Leaf 1 contents: 
viscontents (node 0 contents ^ node 1 contents): CONTENTS_SOLID 
This means that none of the brushes in leaf 0 or 1 that touches the portal has CONTENTS_SOLID 
Check for a huge brush enclosing the coordinates above that has contents CONTENTS_SOLID 
Candidate brush IDs: 


FindPortalSide: Couldn't find a good match for which brush to assign to a portal near (3584.0 3072.0 -104.0)
Leaf 0 contents: CONTENTS_SOLID 
Leaf 1 contents: 
viscontents (node 0 contents ^ node 1 contents): CONTENTS_SOLID 
This means that none of the brushes in leaf 0 or 1 that touches the portal has CONTENTS_SOLID 
Check for a huge brush enclosing the coordinates above that has contents CONTENTS_SOLID 
Candidate brush IDs: 


FindPortalSide: Couldn't find a good match for which brush to assign to a portal near (3584.0 3072.0 288.0)
Leaf 0 contents: CONTENTS_SOLID 
Leaf 1 contents: 
viscontents (node 0 contents ^ node 1 contents): CONTENTS_SOLID 
This means that none of the brushes in leaf 0 or 1 that touches the portal has CONTENTS_SOLID 
Check for a huge brush enclosing the coordinates above that has contents CONTENTS_SOLID 
Candidate brush IDs: 


FindPortalSide: Couldn't find a good match for which brush to assign to a portal near (3584.0 3072.0 656.0)
Leaf 0 contents: CONTENTS_SOLID 
Leaf 1 contents: 
viscontents (node 0 contents ^ node 1 contents): CONTENTS_SOLID 
This means that none of the brushes in leaf 0 or 1 that touches the portal has CONTENTS_SOLID 
Check for a huge brush enclosing the coordinates above that has contents CONTENTS_SOLID 
Candidate brush IDs: 


FindPortalSide: Couldn't find a good match for which brush to assign to a portal near (3584.0 3072.0 680.0)
Leaf 0 contents: CONTENTS_SOLID 
Leaf 1 contents: 
viscontents (node 0 contents ^ node 1 contents): CONTENTS_SOLID 
This means that none of the brushes in leaf 0 or 1 that touches the portal has CONTENTS_SOLID 
Check for a huge brush enclosing the coordinates above that has contents CONTENTS_SOLID 
Candidate brush IDs: 


FindPortalSide: Couldn't find a good match for which brush to assign to a portal near (3072.0 3584.0 -80.0)
Leaf 0 contents: CONTENTS_SOLID 
Leaf 1 contents: 
viscontents (node 0 contents ^ node 1 contents): CONTENTS_SOLID 
This means that none of the brushes in leaf 0 or 1 that touches the portal has CONTENTS_SOLID 
Check for a huge brush enclosing the coordinates above that has contents CONTENTS_SOLID 
Candidate brush IDs: 


FindPortalSide: Couldn't find a good match for which brush to assign to a portal near (3072.0 3584.0 -104.0)
Leaf 0 contents: CONTENTS_SOLID 
Leaf 1 contents: 
viscontents (node 0 contents ^ node 1 contents): CONTENTS_SOLID 
This means that none of the brushes in leaf 0 or 1 that touches the portal has CONTENTS_SOLID 
Check for a huge brush enclosing the coordinates above that has contents CONTENTS_SOLID 
Candidate brush IDs: 


FindPortalSide: Couldn't find a good match for which brush to assign to a portal near (3072.0 3584.0 0.0)
Leaf 0 contents: CONTENTS_SOLID 
Leaf 1 contents: 
viscontents (node 0 contents ^ node 1 contents): CONTENTS_SOLID 
This means that none of the brushes in leaf 0 or 1 that touches the portal has CONTENTS_SOLID 
Check for a huge brush enclosing the coordinates above that has contents CONTENTS_SOLID 
Candidate brush IDs: 

*** Suppressing further FindPortalSide errors.... ***
Processing areas...done (0)
Building Faces...done (0)
Chop Details...done (0)
Find Visible Detail Sides...done (0)
Merging details...done (0)
FixTjuncs...
PruneNodes...
WriteBSP...
done (0)
Creating default LDR cubemaps for env_cubemap using skybox materials:
   skybox/sky_day01_01*.vmt
 ! Run buildcubemaps in the engine to get the correct cube maps.
Creating default HDR cubemaps for env_cubemap using skybox materials:
   skybox/sky_day01_01*.vmt
 ! Run buildcubemaps in the engine to get the correct cube maps.
Finding displacement neighbors...
Finding lightmap sample positions...
Displacement Alpha : 0...1...2...3...4...5...6...7...8...9...10
Building Physics collision data...
done (0) (171968 bytes)
Placing detail props : 0...1...2...3...4...5...6...7...8...9...10
Water found with no water_lod_control entity, creating a default one.
Compacting texture/material tables...
Reduced 293 texinfos to 248
Reduced 22 texdatas to 19 (653 bytes to 476)
Writing D:\Art\Level Design\Momentum Mod\github\Q2jump\df_acejumps66.bsp
MSG_FILEWRITE - Filesystem was asked to write to 'D:\Art\Level Design\Momentum Mod\github\Q2jump\df_acejumps66.bsp', but we don't own that location. Allowing.
Wrote ZIP buffer, estimated size 213221, actual size 212337
0 seconds elapsed



12 threads
reading d:\art\level design\momentum mod\github\q2jump\df_acejumps66.bsp
reading d:\art\level design\momentum mod\github\q2jump\df_acejumps66.prt
LoadPortals: couldn't read d:\art\level design\momentum mod\github\q2jump\df_acejumps66.prt



[Reading texlights from 'lights.rad']
[56 texlights parsed from 'lights.rad']

Loading d:\art\level design\momentum mod\github\q2jump\df_acejumps66.bsp
No vis information, direct lighting only.
18014 faces
48 degenerate faces
996173 square feet [143449040.00 square inches]
0 Displacements
0 Square Feet [0.00 Square Inches]
0 direct lights
0...1...2...3...4...5...6...7...8...9...10Build Patch/Sample Hash Table(s).....Done<0.3071 sec>
0...1...2...3...4...5...6...7...8...9...10FinalLightFace Done
0 of 0 (0% of) surface lights went in leaf ambient cubes.
0...1...2...3...4...5...6...7...8...9...10Writing leaf ambient...done
Ready to Finish

Object names       Objects/Maxobjs  Memory / Maxmem  Fullness 
------------       ---------------  ---------------  -------- 
models                   3/1024          144/49152    ( 0.3%) 
brushes                461/8192         5532/98304    ( 5.6%) 
brushsides            3553/65536       28424/524288   ( 5.4%) 
planes                1864/65536       37280/1310720  ( 2.8%) 
vertexes             21947/65536      263364/786432   (33.5%) 
nodes                 3106/65536       99392/2097152  ( 4.7%) 
texinfos               248/12288       17856/884736   ( 2.0%) 
texdata                 19/2048          608/65536    ( 0.9%) 
dispinfos                0/0               0/0        ( 0.0%) 
disp_verts               0/0               0/0        ( 0.0%) 
disp_tris                0/0               0/0        ( 0.0%) 
disp_lmsamples           0/0               0/0        ( 0.0%) 
faces                18014/65536     1008784/3670016  (27.5%) 
hdr faces                0/65536           0/3670016  ( 0.0%) 
origfaces             1798/65536      100688/3670016  ( 2.7%) 
leaves                3110/65536       99520/2097152  ( 4.7%) 
leaffaces            20600/65536       41200/131072   (31.4%) 
leafbrushes           1472/65536        2944/131072   ( 2.2%) 
areas                    2/256            16/2048     ( 0.8%) 
surfedges            91123/512000     364492/2048000  (17.8%) 
edges                46738/256000     186952/1024000  (18.3%) 
LDR worldlights          0/8192            0/720896   ( 0.0%) 
HDR worldlights          0/8192            0/720896   ( 0.0%) 
leafwaterdata            2/32768          24/393216   ( 0.0%) 
waterstrips            780/32768        7800/327680   ( 2.4%) 
waterverts               0/65536           0/786432   ( 0.0%) 
waterindices         18465/65536       36930/131072   (28.2%) 
cubemapsamples           0/1024            0/16384    ( 0.0%) 
overlays                 0/512             0/180224   ( 0.0%) 
LDR lightdata         [variable]    41528912/0        ( 0.0%) 
HDR lightdata         [variable]           0/0        ( 0.0%) 
visdata               [variable]           0/16777216 ( 0.0%) 
entdata               [variable]        1739/393216   ( 0.4%) 
LDR ambient table     3110/65536       12440/262144   ( 4.7%) 
HDR ambient table     3110/65536       12440/262144   ( 4.7%) 
LDR leaf ambient      1804/65536       50512/1835008  ( 2.8%) 
HDR leaf ambient      3110/65536       87080/1835008  ( 4.7%) 
occluders                0/0               0/0        ( 0.0%) 
occluder polygons        0/0               0/0        ( 0.0%) 
occluder vert ind        0/0               0/0        ( 0.0%) 
detail props          [variable]           1/12       ( 8.3%) 
static props          [variable]           1/12       ( 8.3%) 
pakfile               [variable]      212337/0        ( 0.0%) 
physics               [variable]      171968/4194304  ( 4.1%) 
physics terrain       [variable]           2/1048576  ( 0.0%) 

Level flags = 0

Total triangle count: 47898
Writing d:\art\level design\momentum mod\github\q2jump\df_acejumps66.bsp
35 seconds elapsed



materialPath: E:\Juegos\SteamWin\steamapps\common\Team Fortress 2\tf\materials
Loading D:\Art\Level Design\Momentum Mod\github\Q2jump\df_acejumps66.vmf
fixing up env_cubemap materials on brush sides...
0...1...2...3...4...5...6...7...8...9...10**** leaked ****
Entity trigger_momentum_timer_stop (-224.00 -3920.00 128.00) leaked!

FindPortalSide: Couldn't find a good match for which brush to assign to a portal near (3584.0 3072.0 -80.0)
Leaf 0 contents: CONTENTS_SOLID 
Leaf 1 contents: 
viscontents (node 0 contents ^ node 1 contents): CONTENTS_SOLID 
This means that none of the brushes in leaf 0 or 1 that touches the portal has CONTENTS_SOLID 
Check for a huge brush enclosing the coordinates above that has contents CONTENTS_SOLID 
Candidate brush IDs: 


FindPortalSide: Couldn't find a good match for which brush to assign to a portal near (3584.0 3072.0 -104.0)
Leaf 0 contents: CONTENTS_SOLID 
Leaf 1 contents: 
viscontents (node 0 contents ^ node 1 contents): CONTENTS_SOLID 
This means that none of the brushes in leaf 0 or 1 that touches the portal has CONTENTS_SOLID 
Check for a huge brush enclosing the coordinates above that has contents CONTENTS_SOLID 
Candidate brush IDs: 


FindPortalSide: Couldn't find a good match for which brush to assign to a portal near (3584.0 3072.0 288.0)
Leaf 0 contents: CONTENTS_SOLID 
Leaf 1 contents: 
viscontents (node 0 contents ^ node 1 contents): CONTENTS_SOLID 
This means that none of the brushes in leaf 0 or 1 that touches the portal has CONTENTS_SOLID 
Check for a huge brush enclosing the coordinates above that has contents CONTENTS_SOLID 
Candidate brush IDs: 


FindPortalSide: Couldn't find a good match for which brush to assign to a portal near (3584.0 3072.0 656.0)
Leaf 0 contents: CONTENTS_SOLID 
Leaf 1 contents: 
viscontents (node 0 contents ^ node 1 contents): CONTENTS_SOLID 
This means that none of the brushes in leaf 0 or 1 that touches the portal has CONTENTS_SOLID 
Check for a huge brush enclosing the coordinates above that has contents CONTENTS_SOLID 
Candidate brush IDs: 


FindPortalSide: Couldn't find a good match for which brush to assign to a portal near (3584.0 3072.0 680.0)
Leaf 0 contents: CONTENTS_SOLID 
Leaf 1 contents: 
viscontents (node 0 contents ^ node 1 contents): CONTENTS_SOLID 
This means that none of the brushes in leaf 0 or 1 that touches the portal has CONTENTS_SOLID 
Check for a huge brush enclosing the coordinates above that has contents CONTENTS_SOLID 
Candidate brush IDs: 


FindPortalSide: Couldn't find a good match for which brush to assign to a portal near (3072.0 3584.0 -80.0)
Leaf 0 contents: CONTENTS_SOLID 
Leaf 1 contents: 
viscontents (node 0 contents ^ node 1 contents): CONTENTS_SOLID 
This means that none of the brushes in leaf 0 or 1 that touches the portal has CONTENTS_SOLID 
Check for a huge brush enclosing the coordinates above that has contents CONTENTS_SOLID 
Candidate brush IDs: 


FindPortalSide: Couldn't find a good match for which brush to assign to a portal near (3072.0 3584.0 -104.0)
Leaf 0 contents: CONTENTS_SOLID 
Leaf 1 contents: 
viscontents (node 0 contents ^ node 1 contents): CONTENTS_SOLID 
This means that none of the brushes in leaf 0 or 1 that touches the portal has CONTENTS_SOLID 
Check for a huge brush enclosing the coordinates above that has contents CONTENTS_SOLID 
Candidate brush IDs: 


FindPortalSide: Couldn't find a good match for which brush to assign to a portal near (3072.0 3584.0 0.0)
Leaf 0 contents: CONTENTS_SOLID 
Leaf 1 contents: 
viscontents (node 0 contents ^ node 1 contents): CONTENTS_SOLID 
This means that none of the brushes in leaf 0 or 1 that touches the portal has CONTENTS_SOLID 
Check for a huge brush enclosing the coordinates above that has contents CONTENTS_SOLID 
Candidate brush IDs: 

*** Suppressing further FindPortalSide errors.... ***
Processing areas...done (0)
Building Faces...done (0)
Chop Details...done (0)
Find Visible Detail Sides...done (0)
Merging details...done (0)
FixTjuncs...
PruneNodes...
WriteBSP...
done (0)
Creating default LDR cubemaps for env_cubemap using skybox materials:
   skybox/sky_day01_01*.vmt
 ! Run buildcubemaps in the engine to get the correct cube maps.
Creating default HDR cubemaps for env_cubemap using skybox materials:
   skybox/sky_day01_01*.vmt
 ! Run buildcubemaps in the engine to get the correct cube maps.
Finding displacement neighbors...
Finding lightmap sample positions...
Displacement Alpha : 0...1...2...3...4...5...6...7...8...9...10
Building Physics collision data...
done (0) (172000 bytes)
Placing detail props : 0...1...2...3...4...5...6...7...8...9...10
Water found with no water_lod_control entity, creating a default one.
Compacting texture/material tables...
Reduced 296 texinfos to 251
Reduced 22 texdatas to 19 (653 bytes to 476)
Writing D:\Art\Level Design\Momentum Mod\github\Q2jump\df_acejumps66.bsp
MSG_FILEWRITE - Filesystem was asked to write to 'D:\Art\Level Design\Momentum Mod\github\Q2jump\df_acejumps66.bsp', but we don't own that location. Allowing.
Wrote ZIP buffer, estimated size 213221, actual size 212337
0 seconds elapsed



12 threads
reading d:\art\level design\momentum mod\github\q2jump\df_acejumps66.bsp
reading d:\art\level design\momentum mod\github\q2jump\df_acejumps66.prt
LoadPortals: couldn't read d:\art\level design\momentum mod\github\q2jump\df_acejumps66.prt



[Reading texlights from 'lights.rad']
[56 texlights parsed from 'lights.rad']

Loading d:\art\level design\momentum mod\github\q2jump\df_acejumps66.bsp
No vis information, direct lighting only.
18009 faces
51 degenerate faces
996172 square feet [143448880.00 square inches]
0 Displacements
0 Square Feet [0.00 Square Inches]
0 direct lights
0...1...2...3...4...5...6...7...8...9...10Build Patch/Sample Hash Table(s).....Done<0.3031 sec>
0...1...2...3...4...5...6...7...8...9...10FinalLightFace Done
0 of 0 (0% of) surface lights went in leaf ambient cubes.
0...1...2...3...4...5...6...7...8...9...10Writing leaf ambient...done
Ready to Finish

Object names       Objects/Maxobjs  Memory / Maxmem  Fullness 
------------       ---------------  ---------------  -------- 
models                   3/1024          144/49152    ( 0.3%) 
brushes                461/8192         5532/98304    ( 5.6%) 
brushsides            3553/65536       28424/524288   ( 5.4%) 
planes                1864/65536       37280/1310720  ( 2.8%) 
vertexes             21930/65536      263160/786432   (33.5%) 
nodes                 3112/65536       99584/2097152  ( 4.7%) 
texinfos               251/12288       18072/884736   ( 2.0%) 
texdata                 19/2048          608/65536    ( 0.9%) 
dispinfos                0/0               0/0        ( 0.0%) 
disp_verts               0/0               0/0        ( 0.0%) 
disp_tris                0/0               0/0        ( 0.0%) 
disp_lmsamples           0/0               0/0        ( 0.0%) 
faces                18009/65536     1008504/3670016  (27.5%) 
hdr faces                0/65536           0/3670016  ( 0.0%) 
origfaces             1800/65536      100800/3670016  ( 2.7%) 
leaves                3116/65536       99712/2097152  ( 4.8%) 
leaffaces            20625/65536       41250/131072   (31.5%) 
leafbrushes           1476/65536        2952/131072   ( 2.3%) 
areas                    2/256            16/2048     ( 0.8%) 
surfedges            91093/512000     364372/2048000  (17.8%) 
edges                46724/256000     186896/1024000  (18.3%) 
LDR worldlights          0/8192            0/720896   ( 0.0%) 
HDR worldlights          0/8192            0/720896   ( 0.0%) 
leafwaterdata            2/32768          24/393216   ( 0.0%) 
waterstrips            781/32768        7810/327680   ( 2.4%) 
waterverts               0/65536           0/786432   ( 0.0%) 
waterindices         18540/65536       37080/131072   (28.3%) 
cubemapsamples           0/1024            0/16384    ( 0.0%) 
overlays                 0/512             0/180224   ( 0.0%) 
LDR lightdata         [variable]    41525200/0        ( 0.0%) 
HDR lightdata         [variable]           0/0        ( 0.0%) 
visdata               [variable]           0/16777216 ( 0.0%) 
entdata               [variable]        1739/393216   ( 0.4%) 
LDR ambient table     3116/65536       12464/262144   ( 4.8%) 
HDR ambient table     3116/65536       12464/262144   ( 4.8%) 
LDR leaf ambient      1806/65536       50568/1835008  ( 2.8%) 
HDR leaf ambient      3116/65536       87248/1835008  ( 4.8%) 
occluders                0/0               0/0        ( 0.0%) 
occluder polygons        0/0               0/0        ( 0.0%) 
occluder vert ind        0/0               0/0        ( 0.0%) 
detail props          [variable]           1/12       ( 8.3%) 
static props          [variable]           1/12       ( 8.3%) 
pakfile               [variable]      212337/0        ( 0.0%) 
physics               [variable]      172000/4194304  ( 4.1%) 
physics terrain       [variable]           2/1048576  ( 0.0%) 

Level flags = 0

Total triangle count: 47870
Writing d:\art\level design\momentum mod\github\q2jump\df_acejumps66.bsp
35 seconds elapsed



materialPath: E:\Juegos\SteamWin\steamapps\common\Team Fortress 2\tf\materials
Loading D:\Art\Level Design\Momentum Mod\github\Q2jump\df_acejumps66.vmf
fixing up env_cubemap materials on brush sides...
0...1...2...3...4...5...6...7...8...9...10**** leaked ****
Entity trigger_momentum_timer_stop (1472.00 704.00 135.97) leaked!

FindPortalSide: Couldn't find a good match for which brush to assign to a portal near (3584.0 3072.0 -80.0)
Leaf 0 contents: CONTENTS_SOLID 
Leaf 1 contents: 
viscontents (node 0 contents ^ node 1 contents): CONTENTS_SOLID 
This means that none of the brushes in leaf 0 or 1 that touches the portal has CONTENTS_SOLID 
Check for a huge brush enclosing the coordinates above that has contents CONTENTS_SOLID 
Candidate brush IDs: 


FindPortalSide: Couldn't find a good match for which brush to assign to a portal near (3584.0 3072.0 -104.0)
Leaf 0 contents: CONTENTS_SOLID 
Leaf 1 contents: 
viscontents (node 0 contents ^ node 1 contents): CONTENTS_SOLID 
This means that none of the brushes in leaf 0 or 1 that touches the portal has CONTENTS_SOLID 
Check for a huge brush enclosing the coordinates above that has contents CONTENTS_SOLID 
Candidate brush IDs: 


FindPortalSide: Couldn't find a good match for which brush to assign to a portal near (3584.0 3072.0 288.0)
Leaf 0 contents: CONTENTS_SOLID 
Leaf 1 contents: 
viscontents (node 0 contents ^ node 1 contents): CONTENTS_SOLID 
This means that none of the brushes in leaf 0 or 1 that touches the portal has CONTENTS_SOLID 
Check for a huge brush enclosing the coordinates above that has contents CONTENTS_SOLID 
Candidate brush IDs: 


FindPortalSide: Couldn't find a good match for which brush to assign to a portal near (3584.0 3072.0 656.0)
Leaf 0 contents: CONTENTS_SOLID 
Leaf 1 contents: 
viscontents (node 0 contents ^ node 1 contents): CONTENTS_SOLID 
This means that none of the brushes in leaf 0 or 1 that touches the portal has CONTENTS_SOLID 
Check for a huge brush enclosing the coordinates above that has contents CONTENTS_SOLID 
Candidate brush IDs: 


FindPortalSide: Couldn't find a good match for which brush to assign to a portal near (3584.0 3072.0 680.0)
Leaf 0 contents: CONTENTS_SOLID 
Leaf 1 contents: 
viscontents (node 0 contents ^ node 1 contents): CONTENTS_SOLID 
This means that none of the brushes in leaf 0 or 1 that touches the portal has CONTENTS_SOLID 
Check for a huge brush enclosing the coordinates above that has contents CONTENTS_SOLID 
Candidate brush IDs: 


FindPortalSide: Couldn't find a good match for which brush to assign to a portal near (3072.0 3584.0 -80.0)
Leaf 0 contents: CONTENTS_SOLID 
Leaf 1 contents: 
viscontents (node 0 contents ^ node 1 contents): CONTENTS_SOLID 
This means that none of the brushes in leaf 0 or 1 that touches the portal has CONTENTS_SOLID 
Check for a huge brush enclosing the coordinates above that has contents CONTENTS_SOLID 
Candidate brush IDs: 


FindPortalSide: Couldn't find a good match for which brush to assign to a portal near (3072.0 3584.0 -104.0)
Leaf 0 contents: CONTENTS_SOLID 
Leaf 1 contents: 
viscontents (node 0 contents ^ node 1 contents): CONTENTS_SOLID 
This means that none of the brushes in leaf 0 or 1 that touches the portal has CONTENTS_SOLID 
Check for a huge brush enclosing the coordinates above that has contents CONTENTS_SOLID 
Candidate brush IDs: 


FindPortalSide: Couldn't find a good match for which brush to assign to a portal near (3072.0 3584.0 0.0)
Leaf 0 contents: CONTENTS_SOLID 
Leaf 1 contents: 
viscontents (node 0 contents ^ node 1 contents): CONTENTS_SOLID 
This means that none of the brushes in leaf 0 or 1 that touches the portal has CONTENTS_SOLID 
Check for a huge brush enclosing the coordinates above that has contents CONTENTS_SOLID 
Candidate brush IDs: 

*** Suppressing further FindPortalSide errors.... ***
Processing areas...done (0)
Building Faces...done (0)
Chop Details...done (0)
Find Visible Detail Sides...done (0)
Merging details...done (0)
FixTjuncs...
PruneNodes...
WriteBSP...
done (0)
Creating default LDR cubemaps for env_cubemap using skybox materials:
   skybox/sky_day01_01*.vmt
 ! Run buildcubemaps in the engine to get the correct cube maps.
Creating default HDR cubemaps for env_cubemap using skybox materials:
   skybox/sky_day01_01*.vmt
 ! Run buildcubemaps in the engine to get the correct cube maps.
Finding displacement neighbors...
Finding lightmap sample positions...
Displacement Alpha : 0...1...2...3...4...5...6...7...8...9...10
Building Physics collision data...
done (0) (172000 bytes)
Placing detail props : 0...1...2...3...4...5...6...7...8...9...10
Water found with no water_lod_control entity, creating a default one.
Compacting texture/material tables...
Reduced 296 texinfos to 251
Reduced 22 texdatas to 19 (653 bytes to 476)
Writing D:\Art\Level Design\Momentum Mod\github\Q2jump\df_acejumps66.bsp
MSG_FILEWRITE - Filesystem was asked to write to 'D:\Art\Level Design\Momentum Mod\github\Q2jump\df_acejumps66.bsp', but we don't own that location. Allowing.
Wrote ZIP buffer, estimated size 213221, actual size 212337
0 seconds elapsed
