


materialPath: E:\Juegos\SteamWin\steamapps\common\Team Fortress 2\tf\materials
Loading D:\Art\Level Design\Momentum Mod\github\019ports\df_kairos_20min\df_kairos_20min.vmf
fixing up env_cubemap materials on brush sides...
0...1...2...3...4...5...6...7...8...9...100...1...2...3...4...5...6...7...8...9...10Processing areas...done (0)
Building Faces...done (0)
FixTjuncs...
PruneNodes...
WriteBSP...
done (0)
writing D:\Art\Level Design\Momentum Mod\github\019ports\df_kairos_20min\df_kairos_20min.prt...Building visibility clusters...
done (0)
Creating default LDR cubemaps for env_cubemap using skybox materials:
   skybox/sky_day01_01*.vmt
 ! Run buildcubemaps in the engine to get the correct cube maps.
Creating default HDR cubemaps for env_cubemap using skybox materials:
   skybox/sky_day01_01*.vmt
 ! Run buildcubemaps in the engine to get the correct cube maps.
Finding displacement neighbors...
Finding lightmap sample positions...
Displacement Alpha : 0...1...2...3...4...5...6...7...8...9...10
Building Physics collision data...
done (0) (86325 bytes)
Placing detail props : 0...1...2...3...4...5...6...7...8...9...10
Compacting texture/material tables...
Reduced 67 texinfos to 47
Reduced 7 texdatas to 7 (162 bytes to 162)
Writing D:\Art\Level Design\Momentum Mod\github\019ports\df_kairos_20min\df_kairos_20min.bsp
MSG_FILEWRITE - Filesystem was asked to write to 'D:\Art\Level Design\Momentum Mod\github\019ports\df_kairos_20min\df_kairos_20min.bsp', but we don't own that location. Allowing.
Wrote ZIP buffer, estimated size 105905, actual size 105691
28 seconds elapsed



12 threads
reading d:\art\level design\momentum mod\github\019ports\df_kairos_20min\df_kairos_20min.bsp
reading d:\art\level design\momentum mod\github\019ports\df_kairos_20min\df_kairos_20min.prt
 399 portalclusters
1871 numportals
0...1...2...3...4...5...6...7...8...9...10Optimized: 12 visible clusters (0.01%)
Total clusters visible: 158875
Average clusters visible: 398
Building PAS...
Average clusters audible: 399
visdatasize:43096  compressed from 44688
writing d:\art\level design\momentum mod\github\019ports\df_kairos_20min\df_kairos_20min.bsp
MSG_FILEWRITE - Filesystem was asked to write to 'd:\art\level design\momentum mod\github\019ports\df_kairos_20min\df_kairos_20min.bsp', but we don't own that location. Allowing.
0 seconds elapsed



[Reading texlights from 'lights.rad']
[56 texlights parsed from 'lights.rad']

Loading d:\art\level design\momentum mod\github\019ports\df_kairos_20min\df_kairos_20min.bsp
1466 faces
150580 square feet [21683628.00 square inches]
0 Displacements
0 Square Feet [0.00 Square Inches]
1466 patches before subdivision
1466 patches after subdivision
0 direct lights
0...1...2...3...4...5...6...7...8...9...100...1...2...3...4...5...6...7...8...9...10transfers 763035, max 857
transfer lists:   5.8 megs
0...1...2...3...4...5...6...7...8...9...10	Bounce #1 added RGB(0, 0, 0)
Build Patch/Sample Hash Table(s).....Done<0.0147 sec>
0...1...2...3...4...5...6...7...8...9...10FinalLightFace Done
0 of 0 (0% of) surface lights went in leaf ambient cubes.
0...1...2...3...4...5...6...7...8...9...10Writing leaf ambient...done
Ready to Finish

Object names       Objects/Maxobjs  Memory / Maxmem  Fullness 
------------       ---------------  ---------------  -------- 
models                   5/1024          240/49152    ( 0.5%) 
brushes                246/8192         2952/98304    ( 3.0%) 
brushsides            1502/65536       12016/524288   ( 2.3%) 
planes                 460/65536        9200/1310720  ( 0.7%) 
vertexes              1951/65536       23412/786432   ( 3.0%) 
nodes                  580/65536       18560/2097152  ( 0.9%) 
texinfos                47/12288        3384/884736   ( 0.4%) 
texdata                  7/2048          224/65536    ( 0.3%) 
dispinfos                0/0               0/0        ( 0.0%) 
disp_verts               0/0               0/0        ( 0.0%) 
disp_tris                0/0               0/0        ( 0.0%) 
disp_lmsamples           0/0               0/0        ( 0.0%) 
faces                 1466/65536       82096/3670016  ( 2.2%) 
hdr faces                0/65536           0/3670016  ( 0.0%) 
origfaces              769/65536       43064/3670016  ( 1.2%) 
leaves                 586/65536       18752/2097152  ( 0.9%) 
leaffaces             3529/65536        7058/131072   ( 5.4%) 
leafbrushes            404/65536         808/131072   ( 0.6%) 
areas                    2/256            16/2048     ( 0.8%) 
surfedges             9404/512000      37616/2048000  ( 1.8%) 
edges                 4944/256000      19776/1024000  ( 1.9%) 
LDR worldlights          0/8192            0/720896   ( 0.0%) 
HDR worldlights          0/8192            0/720896   ( 0.0%) 
leafwaterdata            0/32768           0/393216   ( 0.0%) 
waterstrips             26/32768         260/327680   ( 0.1%) 
waterverts               0/65536           0/786432   ( 0.0%) 
waterindices           459/65536         918/131072   ( 0.7%) 
cubemapsamples           0/1024            0/16384    ( 0.0%) 
overlays                 0/512             0/180224   ( 0.0%) 
LDR lightdata         [variable]     1372108/0        ( 0.0%) 
HDR lightdata         [variable]           0/0        ( 0.0%) 
visdata               [variable]       43096/16777216 ( 0.3%) 
entdata               [variable]        1178/393216   ( 0.3%) 
LDR ambient table      586/65536        2344/262144   ( 0.9%) 
HDR ambient table      586/65536        2344/262144   ( 0.9%) 
LDR leaf ambient       423/65536       11844/1835008  ( 0.6%) 
HDR leaf ambient       586/65536       16408/1835008  ( 0.9%) 
occluders                0/0               0/0        ( 0.0%) 
occluder polygons        0/0               0/0        ( 0.0%) 
occluder vert ind        0/0               0/0        ( 0.0%) 
detail props          [variable]           1/12       ( 8.3%) 
static props          [variable]           1/12       ( 8.3%) 
pakfile               [variable]      105691/0        ( 0.0%) 
physics               [variable]       86325/4194304  ( 2.1%) 
physics terrain       [variable]           2/1048576  ( 0.0%) 

Level flags = 0

Total triangle count: 3396
Writing d:\art\level design\momentum mod\github\019ports\df_kairos_20min\df_kairos_20min.bsp
1 second elapsed
