PRT1
416
1146
4 0 3 (448 1344 1472 ) (448 1536 1472 ) (448 1536 1344 ) (448 1344 1344 ) 
4 0 2 (448 1344 1472 ) (448 1344 1344 ) (512 1344 1344 ) (512 1344 1472 ) 
4 1 9 (448 1344 1218 ) (448 1536 1218 ) (512 1536 1218 ) (512 1344 1218 ) 
4 1 2 (448 1344 1312 ) (448 1344 1218 ) (512 1344 1218 ) (512 1344 1312 ) 
4 1 3 (448 1536 1312 ) (448 1536 1218 ) (448 1344 1218 ) (448 1344 1312 ) 
4 2 74 (448 1024 1218 ) (512 1024 1218 ) (512 1024 1284 ) (448 1024 1284 ) 
4 2 62 (512 1024 1312 ) (512 1024 1344 ) (448 1024 1344 ) (448 1024 1312 ) 
4 2 61 (512 1024 1344 ) (512 1024 1472 ) (448 1024 1472 ) (448 1024 1344 ) 
4 2 68 (512 1024 1284 ) (512 1024 1312 ) (448 1024 1312 ) (448 1024 1284 ) 
4 2 21 (512 1024 1218 ) (448 1024 1218 ) (448 1056 1218 ) (512 1056 1218 ) 
4 2 9 (448 1056 1218 ) (448 1344 1218 ) (512 1344 1218 ) (512 1056 1218 ) 
4 2 3 (448 1024 1472 ) (448 1344 1472 ) (448 1344 1218 ) (448 1024 1218 ) 
4 3 74 (288 1024 1218 ) (448 1024 1218 ) (448 1024 1284 ) (288 1024 1284 ) 
4 3 63 (448 1024 1312 ) (448 1024 1344 ) (288 1024 1344 ) (288 1024 1312 ) 
4 3 61 (448 1024 1344 ) (448 1024 1472 ) (288 1024 1472 ) (288 1024 1344 ) 
4 3 68 (448 1024 1284 ) (448 1024 1312 ) (288 1024 1312 ) (288 1024 1284 ) 
4 3 21 (448 1024 1218 ) (288 1024 1218 ) (288 1056 1218 ) (448 1056 1218 ) 
4 3 9 (288 1056 1218 ) (288 1536 1218 ) (448 1536 1218 ) (448 1056 1218 ) 
4 3 8 (288 1056 1472 ) (288 1472 1472 ) (288 1472 1218 ) (288 1056 1218 ) 
4 3 4 (288 1472 1472 ) (288 1536 1472 ) (288 1536 1218 ) (288 1472 1218 ) 
4 4 9 (128 1536 1218 ) (288 1536 1218 ) (288 1472 1218 ) (128 1472 1218 ) 
4 4 8 (128 1472 1218 ) (288 1472 1218 ) (288 1472 1472 ) (128 1472 1472 ) 
4 4 5 (128 1472 1344 ) (128 1472 1472 ) (128 1536 1472 ) (128 1536 1344 ) 
4 4 6 (128 1472 1218 ) (128 1472 1312 ) (128 1536 1312 ) (128 1536 1218 ) 
4 5 8 (128 1472 1344 ) (128 1472 1472 ) (64 1472 1472 ) (64 1472 1344 ) 
4 5 7 (64 1472 1344 ) (64 1472 1472 ) (64 1536 1472 ) (64 1536 1344 ) 
4 6 9 (64 1536 1218 ) (128 1536 1218 ) (128 1472 1218 ) (64 1472 1218 ) 
4 6 8 (64 1472 1218 ) (128 1472 1218 ) (128 1472 1312 ) (64 1472 1312 ) 
4 6 7 (64 1472 1218 ) (64 1472 1312 ) (64 1536 1312 ) (64 1536 1218 ) 
4 7 27 (0 1536 1344 ) (0 1536 1312 ) (0 1472 1312 ) (0 1472 1344 ) 
4 7 26 (0 1472 1472 ) (0 1536 1472 ) (0 1536 1344 ) (0 1472 1344 ) 
4 7 29 (0 1536 1312 ) (0 1536 1218 ) (0 1472 1218 ) (0 1472 1312 ) 
4 7 9 (0 1472 1218 ) (0 1536 1218 ) (64 1536 1218 ) (64 1472 1218 ) 
4 7 8 (0 1472 1218 ) (64 1472 1218 ) (64 1472 1472 ) (0 1472 1472 ) 
4 8 30 (0 1056 1472 ) (0 1472 1472 ) (0 1472 1218 ) (0 1056 1218 ) 
4 8 9 (0 1056 1218 ) (0 1472 1218 ) (288 1472 1218 ) (288 1056 1218 ) 
4 9 36 (0 1056 1218 ) (0 1536 1218 ) (0 1536 1104 ) (0 1056 1104 ) 
4 9 21 (512 1056 1104 ) (512 1056 1218 ) (288 1056 1218 ) (288 1056 1104 ) 
4 10 37 (0 1536 1080 ) (0 1536 512 ) (0 1056 512 ) (0 1056 1080 ) 
4 10 22 (512 1056 512 ) (512 1056 1080 ) (288 1056 1080 ) (288 1056 512 ) 
4 10 17 (32 1312 512 ) (32 1376 512 ) (96 1376 512 ) (96 1312 512 ) 
4 10 16 (32 1376 512 ) (32 1504 512 ) (96 1504 512 ) (96 1376 512 ) 
4 10 19 (96 1056 512 ) (32 1056 512 ) (32 1312 512 ) (96 1312 512 ) 
4 10 20 (32 1056 512 ) (0 1056 512 ) (0 1504 512 ) (32 1504 512 ) 
4 10 13 (416 1056 512 ) (288 1056 512 ) (288 1184 512 ) (416 1184 512 ) 
4 10 12 (288 1184 512 ) (288 1504 512 ) (416 1504 512 ) (416 1184 512 ) 
4 10 11 (480 1056 512 ) (416 1056 512 ) (416 1504 512 ) (480 1504 512 ) 
4 10 15 (288 1056 512 ) (96 1056 512 ) (96 1504 512 ) (288 1504 512 ) 
4 11 24 (480 1056 45.176498 ) (416 1056 45.176498 ) (416 1504 45.176498 ) (480 1504 45.176498 ) 
4 11 23 (416 1056 45.176498 ) (480 1056 45.176498 ) (480 1056 512 ) (416 1056 512 ) 
4 11 13 (416 1056 160 ) (416 1056 512 ) (416 1184 512 ) (416 1184 160 ) 
4 11 14 (416 1184 45.176498 ) (416 1056 45.176498 ) (416 1056 144 ) (416 1184 144 ) 
4 11 12 (416 1504 512 ) (416 1504 45.176498 ) (416 1184 45.176498 ) (416 1184 512 ) 
4 12 24 (288 1184 45.176498 ) (288 1504 45.176498 ) (416 1504 45.176498 ) (416 1184 45.176498 ) 
4 12 13 (288 1184 512 ) (288 1184 160 ) (416 1184 160 ) (416 1184 512 ) 
4 12 14 (288 1184 144 ) (288 1184 45.176498 ) (416 1184 45.176498 ) (416 1184 144 ) 
4 12 15 (288 1504 512 ) (288 1504 45.176498 ) (288 1184 45.176498 ) (288 1184 512 ) 
4 13 23 (416 1056 160 ) (416 1056 512 ) (288 1056 512 ) (288 1056 160 ) 
4 13 15 (288 1056 160 ) (288 1056 512 ) (288 1184 512 ) (288 1184 160 ) 
4 14 24 (416 1056 45.176498 ) (288 1056 45.176498 ) (288 1184 45.176498 ) (416 1184 45.176498 ) 
4 14 23 (288 1056 45.176498 ) (416 1056 45.176498 ) (416 1056 144 ) (288 1056 144 ) 
4 14 15 (288 1184 45.176498 ) (288 1056 45.176498 ) (288 1056 144 ) (288 1184 144 ) 
4 15 24 (288 1056 45.176498 ) (96 1056 45.176498 ) (96 1504 45.176498 ) (288 1504 45.176498 ) 
4 15 17 (96 1312 192 ) (96 1312 512 ) (96 1376 512 ) (96 1376 192 ) 
4 15 18 (96 1376 45.176498 ) (96 1312 45.176498 ) (96 1312 176 ) (96 1376 176 ) 
4 15 16 (96 1504 512 ) (96 1504 45.176498 ) (96 1376 45.176498 ) (96 1376 512 ) 
4 15 19 (96 1312 45.176498 ) (96 1056 45.176498 ) (96 1056 512 ) (96 1312 512 ) 
4 16 24 (32 1376 45.176498 ) (32 1504 45.176498 ) (96 1504 45.176498 ) (96 1376 45.176498 ) 
4 16 17 (32 1376 512 ) (32 1376 192 ) (96 1376 192 ) (96 1376 512 ) 
4 16 18 (32 1376 176 ) (32 1376 45.176498 ) (96 1376 45.176498 ) (96 1376 176 ) 
4 16 20 (32 1504 512 ) (32 1504 45.176498 ) (32 1376 45.176498 ) (32 1376 512 ) 
4 17 19 (32 1312 512 ) (32 1312 192 ) (96 1312 192 ) (96 1312 512 ) 
4 17 20 (32 1312 192 ) (32 1312 512 ) (32 1376 512 ) (32 1376 192 ) 
4 18 24 (32 1312 45.176498 ) (32 1376 45.176498 ) (96 1376 45.176498 ) (96 1312 45.176498 ) 
4 18 20 (32 1376 45.176498 ) (32 1312 45.176498 ) (32 1312 176 ) (32 1376 176 ) 
4 18 19 (32 1312 176 ) (32 1312 45.176498 ) (96 1312 45.176498 ) (96 1312 176 ) 
4 19 24 (96 1056 45.176498 ) (32 1056 45.176498 ) (32 1312 45.176498 ) (96 1312 45.176498 ) 
4 19 20 (32 1312 45.176498 ) (32 1056 45.176498 ) (32 1056 512 ) (32 1312 512 ) 
4 20 38 (0 1504 45.176498 ) (0 1056 45.176498 ) (0 1056 512 ) (0 1504 512 ) 
4 20 24 (32 1056 45.176498 ) (0 1056 45.176498 ) (0 1504 45.176498 ) (32 1504 45.176498 ) 
4 21 80 (512 1024 1218 ) (288 1024 1218 ) (288 1024 1104 ) (512 1024 1104 ) 
4 22 83 (352 1024 512 ) (416 1024 512 ) (416 1024 1080 ) (352 1024 1080 ) 
4 22 82 (416 1024 512 ) (480 1024 512 ) (480 1024 1080 ) (416 1024 1080 ) 
4 22 87 (288 1024 1080 ) (288 1024 512 ) (352 1024 512 ) (352 1024 1080 ) 
4 22 81 (480 1024 512 ) (512 1024 512 ) (512 1024 1080 ) (480 1024 1080 ) 
4 22 23 (288 1024 512 ) (288 1056 512 ) (480 1056 512 ) (480 1024 512 ) 
4 23 83 (352 1024 45.176498 ) (416 1024 45.176498 ) (416 1024 512 ) (352 1024 512 ) 
4 23 82 (416 1024 45.176498 ) (480 1024 45.176498 ) (480 1024 512 ) (416 1024 512 ) 
4 23 87 (288 1024 512 ) (288 1024 45.176498 ) (352 1024 45.176498 ) (352 1024 512 ) 
4 23 25 (480 1024 45.176498 ) (288 1024 45.176498 ) (288 1056 45.176498 ) (480 1056 45.176498 ) 
4 24 52 (0 1056 16 ) (0 1056 45.176498 ) (0 1504 45.176498 ) (0 1504 16 ) 
4 24 25 (480 1056 45.176498 ) (288 1056 45.176498 ) (288 1056 16 ) (480 1056 16 ) 
4 25 101 (480 1024 16 ) (480 1024 45.176498 ) (288 1024 45.176498 ) (288 1024 16 ) 
4 26 32 (-960 1472 1472 ) (-1024 1472 1472 ) (-1024 1472 1344 ) (-960 1472 1344 ) 
4 26 31 (-800 1472 1472 ) (-960 1472 1472 ) (-960 1472 1344 ) (-800 1472 1344 ) 
4 26 30 (0 1472 1344 ) (0 1472 1472 ) (-800 1472 1472 ) (-800 1472 1344 ) 
4 26 28 (-384 1472 1344 ) (-832 1472 1344 ) (-832 1536 1344 ) (-384 1536 1344 ) 
4 26 27 (0 1472 1344 ) (-320 1472 1344 ) (-320 1536 1344 ) (0 1536 1344 ) 
4 27 30 (0 1472 1312 ) (0 1472 1344 ) (-320 1472 1344 ) (-320 1472 1312 ) 
4 27 29 (0 1472 1312 ) (-320 1472 1312 ) (-320 1536 1312 ) (0 1536 1312 ) 
4 28 31 (-800 1472 1344 ) (-832 1472 1344 ) (-832 1472 1312 ) (-800 1472 1312 ) 
4 28 30 (-384 1472 1344 ) (-800 1472 1344 ) (-800 1472 1312 ) (-384 1472 1312 ) 
4 28 29 (-384 1472 1312 ) (-832 1472 1312 ) (-832 1536 1312 ) (-384 1536 1312 ) 
4 29 36 (-1024 1472 1218 ) (-1024 1536 1218 ) (0 1536 1218 ) (0 1472 1218 ) 
4 29 32 (-1024 1472 1218 ) (-960 1472 1218 ) (-960 1472 1312 ) (-1024 1472 1312 ) 
4 29 31 (-960 1472 1218 ) (-800 1472 1218 ) (-800 1472 1312 ) (-960 1472 1312 ) 
4 29 30 (-800 1472 1218 ) (0 1472 1218 ) (0 1472 1312 ) (-800 1472 1312 ) 
4 30 36 (-800 1056 1218 ) (-800 1472 1218 ) (0 1472 1218 ) (0 1056 1218 ) 
4 30 31 (-800 1472 1472 ) (-800 1472 1218 ) (-800 1056 1218 ) (-800 1056 1472 ) 
4 31 124 (-960 1024 1284 ) (-960 1024 1218 ) (-800 1024 1218 ) (-800 1024 1284 ) 
4 31 116 (-800 1024 1472 ) (-960 1024 1472 ) (-960 1024 1284 ) (-800 1024 1284 ) 
4 31 49 (-800 1024 1218 ) (-960 1024 1218 ) (-960 1056 1218 ) (-800 1056 1218 ) 
4 31 36 (-960 1056 1218 ) (-960 1472 1218 ) (-800 1472 1218 ) (-800 1056 1218 ) 
4 31 33 (-960 1088 1344 ) (-960 1088 1472 ) (-960 1152 1472 ) (-960 1152 1344 ) 
4 31 34 (-960 1152 1218 ) (-960 1088 1218 ) (-960 1088 1312 ) (-960 1152 1312 ) 
4 31 32 (-960 1472 1472 ) (-960 1472 1218 ) (-960 1152 1218 ) (-960 1152 1472 ) 
4 31 35 (-960 1088 1218 ) (-960 1024 1218 ) (-960 1024 1472 ) (-960 1088 1472 ) 
4 32 36 (-1024 1152 1218 ) (-1024 1472 1218 ) (-960 1472 1218 ) (-960 1152 1218 ) 
4 32 33 (-960 1152 1344 ) (-960 1152 1472 ) (-1024 1152 1472 ) (-1024 1152 1344 ) 
4 32 34 (-1024 1152 1218 ) (-960 1152 1218 ) (-960 1152 1312 ) (-1024 1152 1312 ) 
4 33 35 (-960 1088 1344 ) (-960 1088 1472 ) (-1024 1088 1472 ) (-1024 1088 1344 ) 
4 34 36 (-1024 1088 1218 ) (-1024 1152 1218 ) (-960 1152 1218 ) (-960 1088 1218 ) 
4 34 35 (-1024 1088 1218 ) (-960 1088 1218 ) (-960 1088 1312 ) (-1024 1088 1312 ) 
4 35 124 (-1024 1024 1284 ) (-1024 1024 1218 ) (-960 1024 1218 ) (-960 1024 1284 ) 
4 35 116 (-960 1024 1472 ) (-1024 1024 1472 ) (-1024 1024 1284 ) (-960 1024 1284 ) 
4 35 49 (-960 1024 1218 ) (-1024 1024 1218 ) (-1024 1056 1218 ) (-960 1056 1218 ) 
4 35 36 (-1024 1056 1218 ) (-1024 1088 1218 ) (-960 1088 1218 ) (-960 1056 1218 ) 
4 36 49 (-800 1056 1218 ) (-1024 1056 1218 ) (-1024 1056 1104 ) (-800 1056 1104 ) 
4 37 51 (-992 1056 1080 ) (-1024 1056 1080 ) (-1024 1056 512 ) (-992 1056 512 ) 
4 37 50 (-800 1056 1080 ) (-992 1056 1080 ) (-992 1056 512 ) (-800 1056 512 ) 
4 37 45 (-736 1216 512 ) (-736 1280 512 ) (-672 1280 512 ) (-672 1216 512 ) 
4 37 44 (-736 1280 512 ) (-736 1504 512 ) (-672 1504 512 ) (-672 1280 512 ) 
4 37 47 (-672 1056 512 ) (-736 1056 512 ) (-736 1216 512 ) (-672 1216 512 ) 
4 37 43 (-352 1056 512 ) (-672 1056 512 ) (-672 1504 512 ) (-352 1504 512 ) 
4 37 48 (-736 1056 512 ) (-992 1056 512 ) (-992 1504 512 ) (-736 1504 512 ) 
4 37 40 (-352 1376 512 ) (-352 1440 512 ) (-288 1440 512 ) (-288 1376 512 ) 
4 37 39 (-352 1440 512 ) (-352 1504 512 ) (-288 1504 512 ) (-288 1440 512 ) 
4 37 42 (-288 1056 512 ) (-352 1056 512 ) (-352 1376 512 ) (-288 1376 512 ) 
4 37 38 (0 1056 512 ) (-288 1056 512 ) (-288 1504 512 ) (0 1504 512 ) 
4 38 52 (-288 1504 45.176498 ) (0 1504 45.176498 ) (0 1056 45.176498 ) (-288 1056 45.176498 ) 
4 38 40 (-288 1376 224 ) (-288 1376 512 ) (-288 1440 512 ) (-288 1440 224 ) 
4 38 41 (-288 1440 45.176498 ) (-288 1376 45.176498 ) (-288 1376 208 ) (-288 1440 208 ) 
4 38 39 (-288 1504 512 ) (-288 1504 45.176498 ) (-288 1440 45.176498 ) (-288 1440 512 ) 
4 38 42 (-288 1376 45.176498 ) (-288 1056 45.176498 ) (-288 1056 512 ) (-288 1376 512 ) 
4 39 52 (-352 1504 45.176498 ) (-288 1504 45.176498 ) (-288 1440 45.176498 ) (-352 1440 45.176498 ) 
4 39 43 (-352 1504 512 ) (-352 1504 45.176498 ) (-352 1440 45.176498 ) (-352 1440 512 ) 
4 39 40 (-352 1440 512 ) (-352 1440 224 ) (-288 1440 224 ) (-288 1440 512 ) 
4 39 41 (-352 1440 208 ) (-352 1440 45.176498 ) (-288 1440 45.176498 ) (-288 1440 208 ) 
4 40 43 (-352 1376 224 ) (-352 1376 512 ) (-352 1440 512 ) (-352 1440 224 ) 
4 40 42 (-352 1376 512 ) (-352 1376 224 ) (-288 1376 224 ) (-288 1376 512 ) 
4 41 52 (-288 1440 45.176498 ) (-288 1376 45.176498 ) (-352 1376 45.176498 ) (-352 1440 45.176498 ) 
4 41 43 (-352 1440 45.176498 ) (-352 1376 45.176498 ) (-352 1376 208 ) (-352 1440 208 ) 
4 41 42 (-352 1376 208 ) (-352 1376 45.176498 ) (-288 1376 45.176498 ) (-288 1376 208 ) 
4 42 52 (-288 1376 45.176498 ) (-288 1056 45.176498 ) (-352 1056 45.176498 ) (-352 1376 45.176498 ) 
4 42 43 (-352 1376 45.176498 ) (-352 1056 45.176498 ) (-352 1056 512 ) (-352 1376 512 ) 
4 43 52 (-672 1504 45.176498 ) (-352 1504 45.176498 ) (-352 1056 45.176498 ) (-672 1056 45.176498 ) 
4 43 45 (-672 1216 224 ) (-672 1216 512 ) (-672 1280 512 ) (-672 1280 224 ) 
4 43 46 (-672 1280 45.176498 ) (-672 1216 45.176498 ) (-672 1216 208 ) (-672 1280 208 ) 
4 43 44 (-672 1504 512 ) (-672 1504 45.176498 ) (-672 1280 45.176498 ) (-672 1280 512 ) 
4 43 47 (-672 1216 45.176498 ) (-672 1056 45.176498 ) (-672 1056 512 ) (-672 1216 512 ) 
4 44 52 (-736 1504 45.176498 ) (-672 1504 45.176498 ) (-672 1280 45.176498 ) (-736 1280 45.176498 ) 
4 44 45 (-736 1280 512 ) (-736 1280 224 ) (-672 1280 224 ) (-672 1280 512 ) 
4 44 46 (-736 1280 208 ) (-736 1280 45.176498 ) (-672 1280 45.176498 ) (-672 1280 208 ) 
4 44 48 (-736 1504 512 ) (-736 1504 45.176498 ) (-736 1280 45.176498 ) (-736 1280 512 ) 
4 45 47 (-736 1216 512 ) (-736 1216 224 ) (-672 1216 224 ) (-672 1216 512 ) 
4 45 48 (-736 1216 224 ) (-736 1216 512 ) (-736 1280 512 ) (-736 1280 224 ) 
4 46 52 (-672 1280 45.176498 ) (-672 1216 45.176498 ) (-736 1216 45.176498 ) (-736 1280 45.176498 ) 
4 46 48 (-736 1280 45.176498 ) (-736 1216 45.176498 ) (-736 1216 208 ) (-736 1280 208 ) 
4 46 47 (-736 1216 208 ) (-736 1216 45.176498 ) (-672 1216 45.176498 ) (-672 1216 208 ) 
4 47 52 (-672 1216 45.176498 ) (-672 1056 45.176498 ) (-736 1056 45.176498 ) (-736 1216 45.176498 ) 
4 47 48 (-736 1216 45.176498 ) (-736 1056 45.176498 ) (-736 1056 512 ) (-736 1216 512 ) 
4 48 52 (-992 1504 45.176498 ) (-736 1504 45.176498 ) (-736 1056 45.176498 ) (-992 1056 45.176498 ) 
4 48 50 (-992 1056 45.176498 ) (-800 1056 45.176498 ) (-800 1056 512 ) (-992 1056 512 ) 
4 49 143 (-1024 1024 1120 ) (-1024 1024 1104 ) (-800 1024 1104 ) (-800 1024 1120 ) 
4 49 130 (-800 1024 1218 ) (-1024 1024 1218 ) (-1024 1024 1120 ) (-800 1024 1120 ) 
4 50 147 (-992 1024 45.176498 ) (-928 1024 45.176498 ) (-928 1024 512 ) (-992 1024 512 ) 
4 50 146 (-928 1024 45.176498 ) (-800 1024 45.176498 ) (-800 1024 512 ) (-928 1024 512 ) 
4 50 144 (-800 1024 512 ) (-800 1024 1080 ) (-992 1024 1080 ) (-992 1024 512 ) 
4 50 53 (-992 1056 45.176498 ) (-800 1056 45.176498 ) (-800 1024 45.176498 ) (-992 1024 45.176498 ) 
4 50 51 (-992 1024 1080 ) (-992 1056 1080 ) (-992 1056 512 ) (-992 1024 512 ) 
4 51 144 (-1024 1024 1080 ) (-1024 1024 512 ) (-992 1024 512 ) (-992 1024 1080 ) 
4 52 53 (-992 1056 45.176498 ) (-992 1056 16 ) (-800 1056 16 ) (-800 1056 45.176498 ) 
4 53 167 (-800 1024 16 ) (-800 1024 45.176498 ) (-992 1024 45.176498 ) (-992 1024 16 ) 
4 54 393 (1024 -2944 512 ) (1024 -2880 512 ) (1024 -2880 320 ) (1024 -2944 320 ) 
4 54 384 (1024 -2560 512 ) (1024 -2048 512 ) (1024 -2048 320 ) (1024 -2560 320 ) 
4 54 58 (1024 -2816 320 ) (1024 -2560 320 ) (1216 -2560 320 ) (1216 -2816 320 ) 
4 54 56 (1024 -2496 320 ) (1024 -2048 320 ) (1088 -2048 320 ) (1088 -2496 320 ) 
4 54 55 (1088 -2048 320 ) (1216 -2048 320 ) (1216 -2560 320 ) (1088 -2560 320 ) 
4 55 59 (1088 -2048 288 ) (1216 -2048 288 ) (1216 -2560 288 ) (1088 -2560 288 ) 
4 55 58 (1088 -2560 288 ) (1216 -2560 288 ) (1216 -2560 320 ) (1088 -2560 320 ) 
4 55 57 (1088 -2496 288 ) (1088 -2560 288 ) (1088 -2560 304 ) (1088 -2496 304 ) 
4 55 56 (1088 -2048 288 ) (1088 -2496 288 ) (1088 -2496 320 ) (1088 -2048 320 ) 
4 56 384 (1024 -2048 320 ) (1024 -2048 288 ) (1024 -2496 288 ) (1024 -2496 320 ) 
4 56 59 (1024 -2496 288 ) (1024 -2048 288 ) (1088 -2048 288 ) (1088 -2496 288 ) 
4 56 57 (1024 -2496 288 ) (1088 -2496 288 ) (1088 -2496 304 ) (1024 -2496 304 ) 
4 57 384 (1024 -2496 288 ) (1024 -2560 288 ) (1024 -2560 304 ) (1024 -2496 304 ) 
4 57 59 (1024 -2560 288 ) (1024 -2496 288 ) (1088 -2496 288 ) (1088 -2560 288 ) 
4 57 58 (1024 -2560 288 ) (1088 -2560 288 ) (1088 -2560 304 ) (1024 -2560 304 ) 
4 58 60 (1024 -2816 288 ) (1024 -2560 288 ) (1216 -2560 288 ) (1216 -2816 288 ) 
4 59 399 (1024 -2560 288 ) (1024 -2048 288 ) (1024 -2048 272 ) (1024 -2560 272 ) 
4 59 60 (1024 -2560 272 ) (1216 -2560 272 ) (1216 -2560 288 ) (1024 -2560 288 ) 
4 61 73 (288 0 1344 ) (288 0 1472 ) (288 480 1472 ) (288 480 1344 ) 
4 61 67 (288 0 1344 ) (288 64 1344 ) (384 64 1344 ) (384 0 1344 ) 
4 61 64 (448 832 1344 ) (512 832 1344 ) (512 448 1344 ) (448 448 1344 ) 
4 61 65 (512 384 1344 ) (512 64 1344 ) (448 64 1344 ) (448 384 1344 ) 
4 61 66 (288 64 1344 ) (288 832 1344 ) (448 832 1344 ) (448 64 1344 ) 
4 61 62 (448 1024 1344 ) (512 1024 1344 ) (512 896 1344 ) (448 896 1344 ) 
4 61 63 (288 832 1344 ) (288 1024 1344 ) (448 1024 1344 ) (448 832 1344 ) 
4 62 63 (448 1024 1312 ) (448 896 1312 ) (448 896 1344 ) (448 1024 1344 ) 
4 62 68 (448 1024 1312 ) (512 1024 1312 ) (512 896 1312 ) (448 896 1312 ) 
4 63 66 (288 832 1312 ) (448 832 1312 ) (448 832 1344 ) (288 832 1344 ) 
4 63 68 (288 832 1312 ) (288 1024 1312 ) (448 1024 1312 ) (448 832 1312 ) 
4 64 68 (448 832 1312 ) (512 832 1312 ) (512 448 1312 ) (448 448 1312 ) 
4 64 66 (448 832 1344 ) (448 832 1312 ) (448 448 1312 ) (448 448 1344 ) 
4 65 66 (448 384 1312 ) (448 64 1312 ) (448 64 1344 ) (448 384 1344 ) 
4 65 68 (512 384 1312 ) (512 64 1312 ) (448 64 1312 ) (448 384 1312 ) 
4 66 73 (288 64 1344 ) (288 480 1344 ) (288 480 1312 ) (288 64 1312 ) 
4 66 67 (288 64 1312 ) (384 64 1312 ) (384 64 1344 ) (288 64 1344 ) 
4 66 68 (288 64 1312 ) (288 832 1312 ) (448 832 1312 ) (448 64 1312 ) 
4 67 73 (288 0 1312 ) (288 0 1344 ) (288 64 1344 ) (288 64 1312 ) 
4 67 68 (288 0 1312 ) (288 64 1312 ) (384 64 1312 ) (384 0 1312 ) 
4 68 78 (512 512 1284 ) (512 0 1284 ) (288 0 1284 ) (288 512 1284 ) 
4 68 74 (288 1024 1284 ) (512 1024 1284 ) (512 512 1284 ) (288 512 1284 ) 
4 68 73 (288 480 1284 ) (288 0 1284 ) (288 0 1312 ) (288 480 1312 ) 
4 69 75 (128 1024 1284 ) (256 1024 1284 ) (256 832 1284 ) (128 832 1284 ) 
4 69 70 (128 832 1472 ) (128 832 1312 ) (256 832 1312 ) (256 832 1472 ) 
4 69 72 (128 1024 1284 ) (128 832 1284 ) (128 832 1472 ) (128 1024 1472 ) 
4 70 72 (128 704 1312 ) (128 704 1472 ) (128 832 1472 ) (128 832 1312 ) 
4 70 71 (128 704 1472 ) (128 704 1312 ) (256 704 1312 ) (256 704 1472 ) 
4 71 76 (256 704 1284 ) (256 512 1284 ) (128 512 1284 ) (128 704 1284 ) 
4 71 72 (128 704 1284 ) (128 512 1284 ) (128 512 1472 ) (128 704 1472 ) 
4 72 111 (0 704 1284 ) (0 512 1284 ) (0 512 1472 ) (0 704 1472 ) 
4 72 105 (0 1024 1312 ) (0 1024 1284 ) (0 704 1284 ) (0 704 1312 ) 
4 72 103 (0 1024 1472 ) (0 1024 1312 ) (0 704 1312 ) (0 704 1472 ) 
4 72 77 (0 512 1284 ) (0 1024 1284 ) (128 1024 1284 ) (128 512 1284 ) 
4 73 170 (0 0 1472 ) (0 0 1344 ) (64 0 1344 ) (64 0 1472 ) 
4 73 112 (0 480 1284 ) (0 0 1284 ) (0 0 1472 ) (0 480 1472 ) 
4 73 79 (0 0 1284 ) (0 480 1284 ) (288 480 1284 ) (288 0 1284 ) 
4 74 80 (288 1024 1218 ) (512 1024 1218 ) (512 512 1218 ) (288 512 1218 ) 
4 74 78 (288 512 1218 ) (512 512 1218 ) (512 512 1284 ) (288 512 1284 ) 
4 75 77 (128 1024 1264 ) (128 832 1264 ) (128 832 1284 ) (128 1024 1284 ) 
4 76 77 (128 704 1264 ) (128 512 1264 ) (128 512 1284 ) (128 704 1284 ) 
4 77 119 (0 1024 1284 ) (0 1024 1264 ) (0 512 1264 ) (0 512 1284 ) 
4 78 88 (512 0 1218 ) (288 0 1218 ) (288 480 1218 ) (512 480 1218 ) 
4 78 80 (288 480 1218 ) (288 512 1218 ) (512 512 1218 ) (512 480 1218 ) 
4 78 79 (288 480 1218 ) (288 0 1218 ) (288 0 1284 ) (288 480 1284 ) 
4 79 125 (0 480 1218 ) (0 0 1218 ) (0 0 1284 ) (0 480 1284 ) 
4 79 88 (288 0 1218 ) (0 0 1218 ) (0 480 1218 ) (288 480 1218 ) 
4 80 88 (512 480 1104 ) (512 480 1218 ) (288 480 1218 ) (288 480 1104 ) 
4 81 89 (512 480 512 ) (512 480 1080 ) (480 480 1080 ) (480 480 512 ) 
4 81 82 (480 480 512 ) (480 480 1080 ) (480 1024 1080 ) (480 1024 512 ) 
4 82 101 (416 1024 45.176498 ) (480 1024 45.176498 ) (480 480 45.176498 ) (416 480 45.176498 ) 
4 82 90 (416 480 45.176498 ) (480 480 45.176498 ) (480 480 1080 ) (416 480 1080 ) 
4 82 84 (416 768 128 ) (416 768 1080 ) (416 832 1080 ) (416 832 128 ) 
4 82 85 (416 832 45.176498 ) (416 768 45.176498 ) (416 768 112 ) (416 832 112 ) 
4 82 83 (416 1024 45.176498 ) (416 832 45.176498 ) (416 832 1080 ) (416 1024 1080 ) 
4 82 86 (416 768 45.176498 ) (416 480 45.176498 ) (416 480 1080 ) (416 768 1080 ) 
4 83 101 (352 1024 45.176498 ) (416 1024 45.176498 ) (416 832 45.176498 ) (352 832 45.176498 ) 
4 83 84 (352 832 1080 ) (352 832 128 ) (416 832 128 ) (416 832 1080 ) 
4 83 85 (352 832 112 ) (352 832 45.176498 ) (416 832 45.176498 ) (416 832 112 ) 
4 83 87 (352 1024 45.176498 ) (352 832 45.176498 ) (352 832 1080 ) (352 1024 1080 ) 
4 84 86 (352 768 1080 ) (352 768 128 ) (416 768 128 ) (416 768 1080 ) 
4 84 87 (352 768 128 ) (352 768 1080 ) (352 832 1080 ) (352 832 128 ) 
4 85 101 (416 832 45.176498 ) (416 768 45.176498 ) (352 768 45.176498 ) (352 832 45.176498 ) 
4 85 87 (352 832 45.176498 ) (352 768 45.176498 ) (352 768 112 ) (352 832 112 ) 
4 85 86 (352 768 112 ) (352 768 45.176498 ) (416 768 45.176498 ) (416 768 112 ) 
4 86 101 (416 768 45.176498 ) (416 480 45.176498 ) (352 480 45.176498 ) (352 768 45.176498 ) 
4 86 91 (384 480 96 ) (384 480 1080 ) (352 480 1080 ) (352 480 96 ) 
4 86 92 (352 480 45.176498 ) (384 480 45.176498 ) (384 480 80 ) (352 480 80 ) 
4 86 90 (384 480 45.176498 ) (416 480 45.176498 ) (416 480 1080 ) (384 480 1080 ) 
4 86 87 (352 768 45.176498 ) (352 480 45.176498 ) (352 480 1080 ) (352 768 1080 ) 
4 87 101 (288 1024 45.176498 ) (352 1024 45.176498 ) (352 480 45.176498 ) (288 480 45.176498 ) 
4 87 94 (288 480 45.176498 ) (320 480 45.176498 ) (320 480 1080 ) (288 480 1080 ) 
4 87 91 (352 480 96 ) (352 480 1080 ) (320 480 1080 ) (320 480 96 ) 
4 87 92 (320 480 45.176498 ) (352 480 45.176498 ) (352 480 80 ) (320 480 80 ) 
4 88 151 (0 0 1104 ) (0 0 1120 ) (0 480 1120 ) (0 480 1104 ) 
4 88 140 (0 0 1120 ) (0 0 1218 ) (0 32 1218 ) (0 32 1120 ) 
4 88 131 (0 32 1218 ) (0 480 1218 ) (0 480 1120 ) (0 32 1120 ) 
4 89 100 (512 32 832 ) (512 32 1080 ) (480 32 1080 ) (480 32 832 ) 
4 89 90 (480 32 512 ) (480 32 1080 ) (480 480 1080 ) (480 480 512 ) 
4 90 102 (384 480 45.176498 ) (480 480 45.176498 ) (480 32 45.176498 ) (384 32 45.176498 ) 
4 90 100 (480 32 832 ) (480 32 1080 ) (384 32 1080 ) (384 32 832 ) 
4 90 91 (384 416 1080 ) (384 480 1080 ) (384 480 96 ) (384 416 96 ) 
4 90 92 (384 480 80 ) (384 480 45.176498 ) (384 416 45.176498 ) (384 416 80 ) 
4 90 93 (384 32 45.176498 ) (384 32 1080 ) (384 416 1080 ) (384 416 45.176498 ) 
4 91 94 (320 416 1080 ) (320 480 1080 ) (320 480 96 ) (320 416 96 ) 
4 91 93 (320 416 1080 ) (320 416 96 ) (384 416 96 ) (384 416 1080 ) 
4 92 102 (320 480 45.176498 ) (384 480 45.176498 ) (384 416 45.176498 ) (320 416 45.176498 ) 
4 92 94 (320 480 80 ) (320 480 45.176498 ) (320 416 45.176498 ) (320 416 80 ) 
4 92 93 (320 416 80 ) (320 416 45.176498 ) (384 416 45.176498 ) (384 416 80 ) 
4 93 102 (384 416 45.176498 ) (384 32 45.176498 ) (320 32 45.176498 ) (320 416 45.176498 ) 
4 93 100 (384 32 832 ) (384 32 1080 ) (320 32 1080 ) (320 32 832 ) 
4 93 94 (320 32 45.176498 ) (320 32 1080 ) (320 416 1080 ) (320 416 45.176498 ) 
4 94 102 (96 480 45.176498 ) (320 480 45.176498 ) (320 32 45.176498 ) (96 32 45.176498 ) 
4 94 100 (320 32 832 ) (320 32 1080 ) (96 32 1080 ) (96 32 832 ) 
4 94 96 (96 224 1080 ) (96 288 1080 ) (96 288 64 ) (96 224 64 ) 
4 94 97 (96 288 48 ) (96 288 45.176498 ) (96 224 45.176498 ) (96 224 48 ) 
4 94 95 (96 288 1080 ) (96 480 1080 ) (96 480 45.176498 ) (96 288 45.176498 ) 
4 94 98 (96 32 45.176498 ) (96 32 1080 ) (96 224 1080 ) (96 224 45.176498 ) 
4 95 102 (32 480 45.176498 ) (96 480 45.176498 ) (96 288 45.176498 ) (32 288 45.176498 ) 
4 95 96 (32 288 1080 ) (32 288 64 ) (96 288 64 ) (96 288 1080 ) 
4 95 97 (32 288 48 ) (32 288 45.176498 ) (96 288 45.176498 ) (96 288 48 ) 
4 95 99 (32 288 1080 ) (32 480 1080 ) (32 480 45.176498 ) (32 288 45.176498 ) 
4 96 98 (32 224 1080 ) (32 224 64 ) (96 224 64 ) (96 224 1080 ) 
4 96 99 (32 224 1080 ) (32 288 1080 ) (32 288 64 ) (32 224 64 ) 
4 97 102 (96 288 45.176498 ) (96 224 45.176498 ) (32 224 45.176498 ) (32 288 45.176498 ) 
4 97 99 (32 288 48 ) (32 288 45.176498 ) (32 224 45.176498 ) (32 224 48 ) 
4 97 98 (32 224 48 ) (32 224 45.176498 ) (96 224 45.176498 ) (96 224 48 ) 
4 98 102 (96 224 45.176498 ) (96 32 45.176498 ) (32 32 45.176498 ) (32 224 45.176498 ) 
4 98 100 (96 32 832 ) (96 32 1080 ) (32 32 1080 ) (32 32 832 ) 
4 98 99 (32 32 45.176498 ) (32 32 1080 ) (32 224 1080 ) (32 224 45.176498 ) 
4 99 154 (0 480 45.176498 ) (0 32 45.176498 ) (0 32 832 ) (0 480 832 ) 
4 99 153 (0 32 832 ) (0 32 1080 ) (0 480 1080 ) (0 480 832 ) 
4 99 102 (0 32 45.176498 ) (0 480 45.176498 ) (32 480 45.176498 ) (32 32 45.176498 ) 
4 99 100 (32 32 832 ) (32 32 1080 ) (0 32 1080 ) (0 32 832 ) 
4 100 153 (0 0 832 ) (0 0 1080 ) (0 32 1080 ) (0 32 832 ) 
4 101 102 (480 480 45.176498 ) (288 480 45.176498 ) (288 480 16 ) (480 480 16 ) 
4 102 166 (0 32 16 ) (0 32 45.176498 ) (0 480 45.176498 ) (0 480 16 ) 
4 103 111 (-768 704 1312 ) (0 704 1312 ) (0 704 1472 ) (-768 704 1472 ) 
4 103 110 (-768 832 1312 ) (-768 1024 1312 ) (-704 1024 1312 ) (-704 832 1312 ) 
4 103 109 (-352 704 1312 ) (-704 704 1312 ) (-704 1024 1312 ) (-352 1024 1312 ) 
4 103 106 (-352 800 1312 ) (-352 1024 1312 ) (-288 1024 1312 ) (-288 800 1312 ) 
4 103 108 (-288 704 1312 ) (-352 704 1312 ) (-352 736 1312 ) (-288 736 1312 ) 
4 103 105 (0 704 1312 ) (-288 704 1312 ) (-288 1024 1312 ) (0 1024 1312 ) 
4 103 104 (-768 832 1312 ) (-768 704 1312 ) (-768 704 1472 ) (-768 832 1472 ) 
4 104 116 (-800 704 1312 ) (-800 704 1472 ) (-800 832 1472 ) (-800 832 1312 ) 
4 105 119 (-288 1024 1284 ) (0 1024 1284 ) (0 704 1284 ) (-288 704 1284 ) 
4 105 111 (-288 704 1284 ) (0 704 1284 ) (0 704 1312 ) (-288 704 1312 ) 
4 105 107 (-288 800 1284 ) (-288 736 1284 ) (-288 736 1296 ) (-288 800 1296 ) 
4 105 106 (-288 1024 1284 ) (-288 800 1284 ) (-288 800 1312 ) (-288 1024 1312 ) 
4 105 108 (-288 736 1284 ) (-288 704 1284 ) (-288 704 1312 ) (-288 736 1312 ) 
4 106 119 (-352 1024 1284 ) (-288 1024 1284 ) (-288 800 1284 ) (-352 800 1284 ) 
4 106 109 (-352 1024 1284 ) (-352 800 1284 ) (-352 800 1312 ) (-352 1024 1312 ) 
4 106 107 (-352 800 1296 ) (-352 800 1284 ) (-288 800 1284 ) (-288 800 1296 ) 
4 107 119 (-288 800 1284 ) (-288 736 1284 ) (-352 736 1284 ) (-352 800 1284 ) 
4 107 109 (-352 800 1284 ) (-352 736 1284 ) (-352 736 1296 ) (-352 800 1296 ) 
4 107 108 (-352 736 1296 ) (-352 736 1284 ) (-288 736 1284 ) (-288 736 1296 ) 
4 108 119 (-288 736 1284 ) (-288 704 1284 ) (-352 704 1284 ) (-352 736 1284 ) 
4 108 111 (-352 704 1284 ) (-288 704 1284 ) (-288 704 1312 ) (-352 704 1312 ) 
4 108 109 (-352 736 1284 ) (-352 704 1284 ) (-352 704 1312 ) (-352 736 1312 ) 
4 109 119 (-704 1024 1284 ) (-352 1024 1284 ) (-352 704 1284 ) (-704 704 1284 ) 
4 109 111 (-704 704 1284 ) (-352 704 1284 ) (-352 704 1312 ) (-704 704 1312 ) 
4 109 110 (-704 1024 1284 ) (-704 832 1284 ) (-704 832 1312 ) (-704 1024 1312 ) 
4 110 121 (-768 1024 1284 ) (-767 1024 1284 ) (-767 832 1284 ) (-768 832 1284 ) 
4 110 120 (-767 1024 1284 ) (-704 1024 1284 ) (-704 832 1284 ) (-767 832 1284 ) 
4 111 123 (-768 704 1284 ) (-767 704 1284 ) (-767 512 1284 ) (-768 512 1284 ) 
4 111 122 (-767 704 1284 ) (-704 704 1284 ) (-704 512 1284 ) (-767 512 1284 ) 
4 111 119 (-704 704 1284 ) (0 704 1284 ) (0 512 1284 ) (-704 512 1284 ) 
4 112 179 (0 0 1344 ) (0 0 1472 ) (-128 0 1472 ) (-128 0 1344 ) 
4 112 125 (0 0 1284 ) (-128 0 1284 ) (-128 480 1284 ) (0 480 1284 ) 
4 112 113 (-128 480 1472 ) (-128 480 1344 ) (-128 0 1344 ) (-128 0 1472 ) 
4 113 179 (-128 0 1472 ) (-160 0 1472 ) (-160 0 1344 ) (-128 0 1344 ) 
4 113 114 (-160 480 1472 ) (-160 480 1344 ) (-160 0 1344 ) (-160 0 1472 ) 
4 114 188 (-352 0 1312 ) (-352 0 1284 ) (-160 0 1284 ) (-160 0 1312 ) 
4 114 182 (-160 0 1472 ) (-352 0 1472 ) (-352 0 1312 ) (-160 0 1312 ) 
4 114 126 (-160 0 1284 ) (-352 0 1284 ) (-352 480 1284 ) (-160 480 1284 ) 
4 114 115 (-352 480 1472 ) (-352 480 1284 ) (-352 32 1284 ) (-352 32 1472 ) 
4 115 127 (-800 32 1284 ) (-800 480 1284 ) (-352 480 1284 ) (-352 32 1284 ) 
4 115 117 (-800 480 1284 ) (-800 32 1284 ) (-800 32 1472 ) (-800 480 1472 ) 
4 116 124 (-1024 512 1284 ) (-1024 1024 1284 ) (-800 1024 1284 ) (-800 512 1284 ) 
4 117 128 (-1024 32 1284 ) (-1024 480 1284 ) (-960 480 1284 ) (-960 32 1284 ) 
4 117 127 (-960 480 1284 ) (-800 480 1284 ) (-800 32 1284 ) (-960 32 1284 ) 
4 117 118 (-1024 32 1284 ) (-960 32 1284 ) (-960 32 1472 ) (-1024 32 1472 ) 
4 118 195 (-1024 0 1312 ) (-1024 0 1284 ) (-960 0 1284 ) (-960 0 1312 ) 
4 118 187 (-1024 0 1472 ) (-1024 0 1312 ) (-960 0 1312 ) (-960 0 1472 ) 
4 118 129 (-960 0 1284 ) (-1024 0 1284 ) (-1024 32 1284 ) (-960 32 1284 ) 
4 119 122 (-704 704 1264 ) (-704 512 1264 ) (-704 512 1284 ) (-704 704 1284 ) 
4 119 120 (-704 1024 1264 ) (-704 832 1264 ) (-704 832 1284 ) (-704 1024 1284 ) 
4 120 121 (-767 1024 1264 ) (-767 832 1264 ) (-767 832 1284 ) (-767 1024 1284 ) 
4 122 123 (-767 704 1284 ) (-767 704 1264 ) (-767 512 1264 ) (-767 512 1284 ) 
4 124 130 (-1024 1024 1218 ) (-800 1024 1218 ) (-800 512 1218 ) (-1024 512 1218 ) 
4 125 140 (0 32 1218 ) (0 0 1218 ) (-128 0 1218 ) (-128 32 1218 ) 
4 125 131 (0 480 1218 ) (0 32 1218 ) (-128 32 1218 ) (-128 480 1218 ) 
4 126 188 (-160 0 1284 ) (-352 0 1284 ) (-352 0 1218 ) (-160 0 1218 ) 
4 126 142 (-320 0 1218 ) (-352 0 1218 ) (-352 32 1218 ) (-320 32 1218 ) 
4 126 141 (-160 0 1218 ) (-320 0 1218 ) (-320 32 1218 ) (-160 32 1218 ) 
4 126 133 (-352 32 1218 ) (-352 64 1218 ) (-160 64 1218 ) (-160 32 1218 ) 
4 126 132 (-352 64 1218 ) (-352 480 1218 ) (-160 480 1218 ) (-160 64 1218 ) 
4 126 127 (-352 480 1284 ) (-352 480 1218 ) (-352 32 1218 ) (-352 32 1284 ) 
4 127 136 (-960 32 1218 ) (-960 64 1218 ) (-704 64 1218 ) (-704 32 1218 ) 
4 127 134 (-448 64 1218 ) (-416 64 1218 ) (-416 32 1218 ) (-448 32 1218 ) 
4 127 133 (-416 64 1218 ) (-352 64 1218 ) (-352 32 1218 ) (-416 32 1218 ) 
4 127 135 (-704 64 1218 ) (-448 64 1218 ) (-448 32 1218 ) (-704 32 1218 ) 
4 127 132 (-960 64 1218 ) (-960 480 1218 ) (-352 480 1218 ) (-352 64 1218 ) 
4 127 128 (-960 480 1218 ) (-960 32 1218 ) (-960 32 1284 ) (-960 480 1284 ) 
4 128 137 (-1024 32 1218 ) (-1024 64 1218 ) (-992 64 1218 ) (-992 32 1218 ) 
4 128 136 (-992 64 1218 ) (-960 64 1218 ) (-960 32 1218 ) (-992 32 1218 ) 
4 128 132 (-1024 64 1218 ) (-1024 480 1218 ) (-960 480 1218 ) (-960 64 1218 ) 
4 128 129 (-960 32 1280 ) (-960 32 1284 ) (-1024 32 1284 ) (-1024 32 1280 ) 
4 129 195 (-960 0 1284 ) (-1024 0 1284 ) (-1024 0 1280 ) (-960 0 1280 ) 
4 130 143 (-1024 512 1120 ) (-1024 1024 1120 ) (-800 1024 1120 ) (-800 512 1120 ) 
4 131 151 (-128 480 1120 ) (0 480 1120 ) (0 32 1120 ) (-128 32 1120 ) 
4 131 140 (-128 32 1120 ) (0 32 1120 ) (0 32 1218 ) (-128 32 1218 ) 
4 132 158 (-1024 64 1120 ) (-1024 480 1120 ) (-352 480 1120 ) (-352 64 1120 ) 
4 132 152 (-352 480 1120 ) (-160 480 1120 ) (-160 64 1120 ) (-352 64 1120 ) 
4 132 138 (-736 64 1120 ) (-704 64 1120 ) (-704 64 1152 ) (-736 64 1152 ) 
4 132 139 (-1024 64 1120 ) (-736 64 1120 ) (-736 64 1184 ) (-1024 64 1184 ) 
4 132 137 (-992 64 1218 ) (-1024 64 1218 ) (-1024 64 1216 ) (-992 64 1216 ) 
4 132 136 (-704 64 1184 ) (-704 64 1218 ) (-992 64 1218 ) (-992 64 1184 ) 
4 132 134 (-416 64 1152 ) (-416 64 1218 ) (-448 64 1218 ) (-448 64 1152 ) 
4 132 133 (-416 64 1120 ) (-160 64 1120 ) (-160 64 1218 ) (-416 64 1218 ) 
4 132 135 (-704 64 1120 ) (-448 64 1120 ) (-448 64 1218 ) (-704 64 1218 ) 
4 133 158 (-416 64 1120 ) (-352 64 1120 ) (-352 32 1120 ) (-416 32 1120 ) 
4 133 152 (-352 64 1120 ) (-160 64 1120 ) (-160 32 1120 ) (-352 32 1120 ) 
4 133 142 (-320 32 1152 ) (-320 32 1218 ) (-352 32 1218 ) (-352 32 1152 ) 
4 133 141 (-320 32 1120 ) (-160 32 1120 ) (-160 32 1218 ) (-320 32 1218 ) 
4 133 134 (-416 64 1218 ) (-416 64 1152 ) (-416 32 1152 ) (-416 32 1218 ) 
4 134 135 (-448 64 1218 ) (-448 64 1152 ) (-448 32 1152 ) (-448 32 1218 ) 
4 135 158 (-704 64 1120 ) (-448 64 1120 ) (-448 32 1120 ) (-704 32 1120 ) 
4 135 138 (-704 64 1152 ) (-704 64 1120 ) (-704 32 1120 ) (-704 32 1152 ) 
4 135 136 (-704 64 1218 ) (-704 64 1184 ) (-704 32 1184 ) (-704 32 1218 ) 
4 136 139 (-992 64 1184 ) (-736 64 1184 ) (-736 32 1184 ) (-992 32 1184 ) 
4 136 137 (-992 64 1218 ) (-992 64 1216 ) (-992 32 1216 ) (-992 32 1218 ) 
4 138 158 (-736 64 1120 ) (-704 64 1120 ) (-704 32 1120 ) (-736 32 1120 ) 
4 138 139 (-736 32 1120 ) (-736 32 1152 ) (-736 64 1152 ) (-736 64 1120 ) 
4 139 158 (-1024 32 1120 ) (-1024 64 1120 ) (-736 64 1120 ) (-736 32 1120 ) 
4 140 151 (0 0 1120 ) (-128 0 1120 ) (-128 32 1120 ) (0 32 1120 ) 
4 141 188 (-160 0 1218 ) (-320 0 1218 ) (-320 0 1120 ) (-160 0 1120 ) 
4 141 152 (-160 0 1120 ) (-320 0 1120 ) (-320 32 1120 ) (-160 32 1120 ) 
4 141 142 (-320 32 1218 ) (-320 32 1152 ) (-320 0 1152 ) (-320 0 1218 ) 
4 142 188 (-320 0 1218 ) (-352 0 1218 ) (-352 0 1152 ) (-320 0 1152 ) 
4 144 148 (-928 896 512 ) (-928 832 512 ) (-992 832 512 ) (-992 896 512 ) 
4 144 147 (-992 1024 512 ) (-928 1024 512 ) (-928 896 512 ) (-992 896 512 ) 
4 144 150 (-928 832 512 ) (-928 512 512 ) (-992 512 512 ) (-992 832 512 ) 
4 144 146 (-928 1024 512 ) (-800 1024 512 ) (-800 512 512 ) (-928 512 512 ) 
4 144 145 (-1024 512 512 ) (-800 512 512 ) (-800 512 1080 ) (-1024 512 1080 ) 
4 145 160 (-992 480 1080 ) (-1024 480 1080 ) (-1024 480 512 ) (-992 480 512 ) 
4 145 159 (-800 480 512 ) (-800 480 1080 ) (-992 480 1080 ) (-992 480 512 ) 
4 145 150 (-928 480 512 ) (-992 480 512 ) (-992 512 512 ) (-928 512 512 ) 
4 145 146 (-800 512 512 ) (-800 480 512 ) (-928 480 512 ) (-928 512 512 ) 
4 146 167 (-928 1024 45.176498 ) (-800 1024 45.176498 ) (-800 480 45.176498 ) (-928 480 45.176498 ) 
4 146 165 (-928 480 45.176498 ) (-800 480 45.176498 ) (-800 480 208 ) (-928 480 208 ) 
4 146 159 (-800 480 224 ) (-800 480 512 ) (-928 480 512 ) (-928 480 224 ) 
4 146 148 (-928 832 224 ) (-928 832 512 ) (-928 896 512 ) (-928 896 224 ) 
4 146 149 (-928 896 45.176498 ) (-928 832 45.176498 ) (-928 832 208 ) (-928 896 208 ) 
4 146 147 (-928 1024 45.176498 ) (-928 896 45.176498 ) (-928 896 512 ) (-928 1024 512 ) 
4 146 150 (-928 832 45.176498 ) (-928 480 45.176498 ) (-928 480 512 ) (-928 832 512 ) 
4 147 167 (-992 1024 45.176498 ) (-928 1024 45.176498 ) (-928 896 45.176498 ) (-992 896 45.176498 ) 
4 147 148 (-992 896 512 ) (-992 896 224 ) (-928 896 224 ) (-928 896 512 ) 
4 147 149 (-992 896 208 ) (-992 896 45.176498 ) (-928 896 45.176498 ) (-928 896 208 ) 
4 148 150 (-992 832 512 ) (-992 832 224 ) (-928 832 224 ) (-928 832 512 ) 
4 149 167 (-928 896 45.176498 ) (-928 832 45.176498 ) (-992 832 45.176498 ) (-992 896 45.176498 ) 
4 149 150 (-992 832 208 ) (-992 832 45.176498 ) (-928 832 45.176498 ) (-928 832 208 ) 
4 150 167 (-928 832 45.176498 ) (-928 480 45.176498 ) (-992 480 45.176498 ) (-992 832 45.176498 ) 
4 150 164 (-928 480 208 ) (-928 480 224 ) (-992 480 224 ) (-992 480 208 ) 
4 150 165 (-992 480 45.176498 ) (-928 480 45.176498 ) (-928 480 208 ) (-992 480 208 ) 
4 150 159 (-928 480 224 ) (-928 480 512 ) (-992 480 512 ) (-992 480 224 ) 
4 152 209 (-160 0 1120 ) (-352 0 1120 ) (-352 0 1088 ) (-160 0 1088 ) 
4 152 158 (-352 480 1120 ) (-352 480 1088 ) (-352 32 1088 ) (-352 32 1120 ) 
4 153 155 (-160 480 1080 ) (-160 480 832 ) (-160 0 832 ) (-160 0 1080 ) 
4 153 154 (-160 32 832 ) (-160 480 832 ) (0 480 832 ) (0 32 832 ) 
4 154 166 (0 480 45.176498 ) (0 32 45.176498 ) (-160 32 45.176498 ) (-160 480 45.176498 ) 
4 154 156 (-160 480 64 ) (-160 480 45.176498 ) (-160 32 45.176498 ) (-160 32 64 ) 
4 154 155 (-160 480 832 ) (-160 480 64 ) (-160 32 64 ) (-160 32 832 ) 
4 155 308 (-352 0 288 ) (-352 0 64 ) (-288 0 64 ) (-288 0 288 ) 
4 155 307 (-288 0 64 ) (-160 0 64 ) (-160 0 288 ) (-288 0 288 ) 
4 155 291 (-352 0 482 ) (-352 0 288 ) (-160 0 288 ) (-160 0 482 ) 
4 155 279 (-352 0 498 ) (-352 0 482 ) (-160 0 482 ) (-160 0 498 ) 
4 155 257 (-352 0 738 ) (-352 0 498 ) (-160 0 498 ) (-160 0 738 ) 
4 155 245 (-352 0 754 ) (-352 0 738 ) (-160 0 738 ) (-160 0 754 ) 
4 155 213 (-352 0 896 ) (-352 0 754 ) (-160 0 754 ) (-160 0 896 ) 
4 155 212 (-352 0 1080 ) (-352 0 896 ) (-160 0 896 ) (-160 0 1080 ) 
4 155 161 (-352 480 224 ) (-352 480 208 ) (-352 96 208 ) (-352 96 224 ) 
4 155 165 (-352 480 208 ) (-352 480 64 ) (-352 32 64 ) (-352 32 208 ) 
4 155 159 (-352 480 1080 ) (-352 480 224 ) (-352 32 224 ) (-352 32 1080 ) 
4 155 156 (-352 32 64 ) (-352 480 64 ) (-160 480 64 ) (-160 32 64 ) 
4 156 166 (-352 32 45.176498 ) (-352 480 45.176498 ) (-160 480 45.176498 ) (-160 32 45.176498 ) 
4 156 165 (-352 480 64 ) (-352 480 45.176498 ) (-352 32 45.176498 ) (-352 32 64 ) 
4 156 157 (-160 32 45.176498 ) (-160 32 48 ) (-352 32 48 ) (-352 32 45.176498 ) 
4 157 311 (-352 0 48 ) (-352 0 45.176498 ) (-160 0 45.176498 ) (-160 0 48 ) 
4 157 169 (-160 0 45.176498 ) (-352 0 45.176498 ) (-352 32 45.176498 ) (-160 32 45.176498 ) 
4 159 163 (-800 32 224 ) (-928 32 224 ) (-928 352 224 ) (-800 352 224 ) 
4 159 162 (-608 32 224 ) (-800 32 224 ) (-800 480 224 ) (-608 480 224 ) 
4 159 164 (-928 32 224 ) (-992 32 224 ) (-992 480 224 ) (-928 480 224 ) 
4 159 161 (-608 96 224 ) (-608 480 224 ) (-352 480 224 ) (-352 96 224 ) 
4 159 160 (-992 32 512 ) (-992 32 1080 ) (-992 480 1080 ) (-992 480 512 ) 
4 161 162 (-608 480 208 ) (-608 96 208 ) (-608 96 224 ) (-608 480 224 ) 
4 161 165 (-608 96 208 ) (-608 480 208 ) (-352 480 208 ) (-352 96 208 ) 
4 162 163 (-800 352 208 ) (-800 32 208 ) (-800 32 224 ) (-800 352 224 ) 
4 162 165 (-608 32 208 ) (-800 32 208 ) (-800 480 208 ) (-608 480 208 ) 
4 163 165 (-800 32 208 ) (-928 32 208 ) (-928 352 208 ) (-800 352 208 ) 
4 163 164 (-928 352 208 ) (-928 32 208 ) (-928 32 224 ) (-928 352 224 ) 
4 164 165 (-928 32 208 ) (-992 32 208 ) (-992 480 208 ) (-928 480 208 ) 
4 165 168 (-992 480 45.176498 ) (-800 480 45.176498 ) (-800 32 45.176498 ) (-992 32 45.176498 ) 
4 165 166 (-800 480 45.176498 ) (-352 480 45.176498 ) (-352 32 45.176498 ) (-800 32 45.176498 ) 
4 166 169 (-160 32 45.176498 ) (-352 32 45.176498 ) (-352 32 16 ) (-160 32 16 ) 
4 166 168 (-800 32 16 ) (-800 32 45.176498 ) (-800 480 45.176498 ) (-800 480 16 ) 
4 167 168 (-992 480 45.176498 ) (-992 480 16 ) (-800 480 16 ) (-800 480 45.176498 ) 
4 169 321 (-160 0 16 ) (-160 0 45.176498 ) (-352 0 45.176498 ) (-352 0 16 ) 
4 170 179 (0 0 1472 ) (0 0 1344 ) (0 -32 1344 ) (0 -32 1472 ) 
4 170 172 (0 -32 1472 ) (0 -32 1344 ) (64 -32 1344 ) (64 -32 1472 ) 
4 171 284 (0 0 482 ) (0 0 288 ) (0 -32 288 ) (0 -32 482 ) 
4 171 274 (0 0 498 ) (0 0 482 ) (0 -32 482 ) (0 -32 498 ) 
4 171 253 (0 0 672 ) (0 0 498 ) (0 -32 498 ) (0 -32 672 ) 
4 171 178 (0 -32 288 ) (0 0 288 ) (64 0 288 ) (64 -32 288 ) 
4 171 173 (0 -32 672 ) (0 -32 288 ) (64 -32 288 ) (64 -32 672 ) 
4 172 180 (0 -128 1232 ) (0 -128 1472 ) (0 -32 1472 ) (0 -32 1232 ) 
4 173 284 (0 -32 288 ) (0 -128 288 ) (0 -128 482 ) (0 -32 482 ) 
4 173 274 (0 -128 482 ) (0 -128 498 ) (0 -32 498 ) (0 -32 482 ) 
4 173 253 (0 -128 498 ) (0 -128 672 ) (0 -32 672 ) (0 -32 498 ) 
4 173 178 (0 -128 288 ) (0 -32 288 ) (64 -32 288 ) (64 -128 288 ) 
4 173 174 (0 -128 288 ) (64 -128 288 ) (64 -128 672 ) (0 -128 672 ) 
4 174 288 (0 -320 288 ) (0 -640 288 ) (0 -640 482 ) (0 -320 482 ) 
4 174 286 (0 -192 288 ) (0 -320 288 ) (0 -320 482 ) (0 -192 482 ) 
4 174 284 (0 -128 288 ) (0 -192 288 ) (0 -192 482 ) (0 -128 482 ) 
4 174 274 (0 -640 482 ) (0 -640 498 ) (0 -128 498 ) (0 -128 482 ) 
4 174 253 (0 -640 498 ) (0 -640 672 ) (0 -128 672 ) (0 -128 498 ) 
4 174 178 (0 -640 288 ) (0 -128 288 ) (64 -128 288 ) (64 -640 288 ) 
4 174 175 (64 -640 448 ) (64 -640 672 ) (0 -640 672 ) (0 -640 448 ) 
4 174 176 (0 -640 288 ) (64 -640 288 ) (64 -640 432 ) (0 -640 432 ) 
4 175 288 (0 -704 448 ) (0 -704 482 ) (0 -640 482 ) (0 -640 448 ) 
4 175 274 (0 -704 482 ) (0 -704 498 ) (0 -640 498 ) (0 -640 482 ) 
4 175 253 (0 -704 498 ) (0 -704 672 ) (0 -640 672 ) (0 -640 498 ) 
4 175 177 (64 -704 448 ) (64 -704 672 ) (0 -704 672 ) (0 -704 448 ) 
4 176 288 (0 -640 288 ) (0 -704 288 ) (0 -704 432 ) (0 -640 432 ) 
4 176 178 (0 -704 288 ) (0 -640 288 ) (64 -640 288 ) (64 -704 288 ) 
4 176 177 (0 -704 288 ) (64 -704 288 ) (64 -704 432 ) (0 -704 432 ) 
4 177 327 (0 -1024 672 ) (0 -1024 288 ) (64 -1024 288 ) (64 -1024 672 ) 
4 177 288 (0 -704 288 ) (0 -1024 288 ) (0 -1024 482 ) (0 -704 482 ) 
4 177 274 (0 -1024 482 ) (0 -1024 498 ) (0 -704 498 ) (0 -704 482 ) 
4 177 253 (0 -1024 498 ) (0 -1024 672 ) (0 -704 672 ) (0 -704 498 ) 
4 177 178 (64 -1024 288 ) (0 -1024 288 ) (0 -704 288 ) (64 -704 288 ) 
4 178 340 (64 -1024 272 ) (64 -1024 288 ) (0 -1024 288 ) (0 -1024 272 ) 
4 178 301 (0 0 288 ) (0 0 272 ) (0 -1024 272 ) (0 -1024 288 ) 
4 179 182 (-160 -32 1344 ) (-160 -32 1472 ) (-160 0 1472 ) (-160 0 1344 ) 
4 179 181 (-160 -32 1472 ) (-160 -32 1344 ) (-128 -32 1344 ) (-128 -32 1472 ) 
4 179 180 (-128 -32 1344 ) (0 -32 1344 ) (0 -32 1472 ) (-128 -32 1472 ) 
4 180 181 (-128 -32 1472 ) (-128 -32 1344 ) (-128 -128 1344 ) (-128 -128 1472 ) 
4 181 182 (-160 -128 1344 ) (-160 -128 1472 ) (-160 -32 1472 ) (-160 -32 1344 ) 
4 182 197 (-160 -512 1312 ) (-160 -512 1472 ) (-352 -512 1472 ) (-352 -512 1312 ) 
4 182 188 (-160 -512 1312 ) (-352 -512 1312 ) (-352 0 1312 ) (-160 0 1312 ) 
4 182 183 (-352 -160 1312 ) (-352 -352 1312 ) (-352 -352 1472 ) (-352 -160 1472 ) 
4 183 188 (-384 -352 1312 ) (-384 -160 1312 ) (-352 -160 1312 ) (-352 -352 1312 ) 
4 183 185 (-384 -288 1344 ) (-384 -288 1472 ) (-384 -224 1472 ) (-384 -224 1344 ) 
4 183 184 (-384 -160 1312 ) (-384 -224 1312 ) (-384 -224 1472 ) (-384 -160 1472 ) 
4 183 186 (-384 -288 1312 ) (-384 -352 1312 ) (-384 -352 1472 ) (-384 -288 1472 ) 
4 184 188 (-448 -224 1312 ) (-448 0 1312 ) (-384 0 1312 ) (-384 -224 1312 ) 
4 184 185 (-448 -224 1472 ) (-448 -224 1344 ) (-384 -224 1344 ) (-384 -224 1472 ) 
4 184 187 (-448 0 1312 ) (-448 -224 1312 ) (-448 -224 1472 ) (-448 0 1472 ) 
4 185 187 (-448 -288 1344 ) (-448 -288 1472 ) (-448 -224 1472 ) (-448 -224 1344 ) 
4 185 186 (-448 -288 1472 ) (-448 -288 1344 ) (-384 -288 1344 ) (-384 -288 1472 ) 
4 186 188 (-384 -512 1312 ) (-448 -512 1312 ) (-448 -288 1312 ) (-384 -288 1312 ) 
4 186 187 (-448 -288 1312 ) (-448 -512 1312 ) (-448 -512 1472 ) (-448 -288 1472 ) 
4 187 326 (-1024 0 1472 ) (-1024 0 1312 ) (-1024 -512 1312 ) (-1024 -512 1472 ) 
4 187 199 (-960 -512 1472 ) (-1024 -512 1472 ) (-1024 -512 1312 ) (-960 -512 1312 ) 
4 187 193 (-768 -224 1312 ) (-768 0 1312 ) (-704 0 1312 ) (-704 -224 1312 ) 
4 187 194 (-704 -512 1312 ) (-768 -512 1312 ) (-768 -288 1312 ) (-704 -288 1312 ) 
4 187 192 (-544 -512 1312 ) (-704 -512 1312 ) (-704 0 1312 ) (-544 0 1312 ) 
4 187 195 (-768 -512 1312 ) (-1024 -512 1312 ) (-1024 0 1312 ) (-768 0 1312 ) 
4 187 191 (-512 -512 1312 ) (-544 -512 1312 ) (-544 -320 1312 ) (-512 -320 1312 ) 
4 187 189 (-544 -192 1312 ) (-544 0 1312 ) (-512 0 1312 ) (-512 -192 1312 ) 
4 187 190 (-544 -320 1312 ) (-544 -192 1312 ) (-512 -192 1312 ) (-512 -320 1312 ) 
4 187 188 (-448 -512 1312 ) (-512 -512 1312 ) (-512 0 1312 ) (-448 0 1312 ) 
4 188 210 (-512 0 1120 ) (-352 0 1120 ) (-352 -512 1120 ) (-512 -512 1120 ) 
4 188 209 (-352 0 1120 ) (-160 0 1120 ) (-160 -512 1120 ) (-352 -512 1120 ) 
4 188 198 (-320 -512 1120 ) (-160 -512 1120 ) (-160 -512 1152 ) (-320 -512 1152 ) 
4 188 197 (-160 -512 1152 ) (-160 -512 1312 ) (-352 -512 1312 ) (-352 -512 1152 ) 
4 188 191 (-512 -512 1152 ) (-512 -512 1312 ) (-512 -320 1312 ) (-512 -320 1152 ) 
4 188 189 (-512 -192 1152 ) (-512 -192 1312 ) (-512 0 1312 ) (-512 0 1152 ) 
4 188 190 (-512 -192 1120 ) (-512 -320 1120 ) (-512 -320 1312 ) (-512 -192 1312 ) 
4 189 196 (-544 -192 1152 ) (-544 -192 1280 ) (-544 0 1280 ) (-544 0 1152 ) 
4 189 192 (-544 -192 1280 ) (-544 -192 1312 ) (-544 0 1312 ) (-544 0 1280 ) 
4 189 190 (-544 -192 1312 ) (-544 -192 1152 ) (-512 -192 1152 ) (-512 -192 1312 ) 
4 190 196 (-544 -192 1120 ) (-544 -320 1120 ) (-544 -320 1280 ) (-544 -192 1280 ) 
4 190 192 (-544 -320 1280 ) (-544 -320 1312 ) (-544 -192 1312 ) (-544 -192 1280 ) 
4 190 191 (-544 -320 1312 ) (-544 -320 1152 ) (-512 -320 1152 ) (-512 -320 1312 ) 
4 191 196 (-544 -512 1152 ) (-544 -512 1280 ) (-544 -320 1280 ) (-544 -320 1152 ) 
4 191 192 (-544 -512 1280 ) (-544 -512 1312 ) (-544 -320 1312 ) (-544 -320 1280 ) 
4 192 196 (-704 0 1280 ) (-544 0 1280 ) (-544 -512 1280 ) (-704 -512 1280 ) 
4 192 193 (-704 0 1280 ) (-704 -224 1280 ) (-704 -224 1312 ) (-704 0 1312 ) 
4 192 194 (-704 -288 1280 ) (-704 -512 1280 ) (-704 -512 1312 ) (-704 -288 1312 ) 
4 193 196 (-768 0 1280 ) (-704 0 1280 ) (-704 -224 1280 ) (-768 -224 1280 ) 
4 193 195 (-768 0 1280 ) (-768 -224 1280 ) (-768 -224 1312 ) (-768 0 1312 ) 
4 194 196 (-704 -288 1280 ) (-704 -512 1280 ) (-768 -512 1280 ) (-768 -288 1280 ) 
4 194 195 (-768 -288 1280 ) (-768 -512 1280 ) (-768 -512 1312 ) (-768 -288 1312 ) 
4 195 326 (-1024 0 1312 ) (-1024 0 1280 ) (-1024 -512 1280 ) (-1024 -512 1312 ) 
4 195 199 (-960 -512 1312 ) (-1024 -512 1312 ) (-1024 -512 1280 ) (-960 -512 1280 ) 
4 195 196 (-992 0 1280 ) (-768 0 1280 ) (-768 -512 1280 ) (-992 -512 1280 ) 
4 196 240 (-928 -192 1120 ) (-928 -320 1120 ) (-992 -320 1120 ) (-992 -192 1120 ) 
4 196 239 (-992 0 1120 ) (-928 0 1120 ) (-928 -192 1120 ) (-992 -192 1120 ) 
4 196 242 (-928 -320 1120 ) (-928 -512 1120 ) (-992 -512 1120 ) (-992 -320 1120 ) 
4 196 238 (-928 0 1120 ) (-800 0 1120 ) (-800 -512 1120 ) (-928 -512 1120 ) 
4 196 235 (-800 0 1120 ) (-768 0 1120 ) (-768 -512 1120 ) (-800 -512 1120 ) 
4 196 232 (-704 -224 1120 ) (-704 -288 1120 ) (-768 -288 1120 ) (-768 -224 1120 ) 
4 196 231 (-768 0 1120 ) (-704 0 1120 ) (-704 -224 1120 ) (-768 -224 1120 ) 
4 196 234 (-704 -288 1120 ) (-704 -512 1120 ) (-768 -512 1120 ) (-768 -288 1120 ) 
4 196 230 (-704 0 1120 ) (-544 0 1120 ) (-544 -512 1120 ) (-704 -512 1120 ) 
4 197 203 (-160 -544 1152 ) (-160 -544 1184 ) (-352 -544 1184 ) (-352 -544 1152 ) 
4 197 201 (-160 -544 1184 ) (-160 -544 1216 ) (-352 -544 1216 ) (-352 -544 1184 ) 
4 197 200 (-160 -544 1216 ) (-160 -544 1472 ) (-352 -544 1472 ) (-352 -544 1216 ) 
4 197 198 (-160 -544 1152 ) (-320 -544 1152 ) (-320 -512 1152 ) (-160 -512 1152 ) 
4 198 221 (-320 -512 1120 ) (-160 -512 1120 ) (-160 -544 1120 ) (-320 -544 1120 ) 
4 198 206 (-320 -544 1120 ) (-160 -544 1120 ) (-160 -544 1152 ) (-320 -544 1152 ) 
4 199 200 (-1024 -544 1472 ) (-1024 -544 1280 ) (-960 -544 1280 ) (-960 -544 1472 ) 
4 200 202 (-992 -992 1216 ) (-1024 -992 1216 ) (-1024 -576 1216 ) (-992 -576 1216 ) 
4 200 201 (-160 -992 1216 ) (-992 -992 1216 ) (-992 -544 1216 ) (-160 -544 1216 ) 
4 201 204 (-704 -992 1184 ) (-736 -992 1184 ) (-736 -576 1184 ) (-704 -576 1184 ) 
4 201 203 (-160 -992 1184 ) (-704 -992 1184 ) (-704 -544 1184 ) (-160 -544 1184 ) 
4 201 205 (-736 -992 1184 ) (-992 -992 1184 ) (-992 -544 1184 ) (-736 -544 1184 ) 
4 201 202 (-992 -576 1184 ) (-992 -992 1184 ) (-992 -992 1216 ) (-992 -576 1216 ) 
4 202 205 (-992 -992 1184 ) (-1024 -992 1184 ) (-1024 -576 1184 ) (-992 -576 1184 ) 
4 203 207 (-416 -992 1152 ) (-448 -992 1152 ) (-448 -576 1152 ) (-416 -576 1152 ) 
4 203 206 (-160 -992 1152 ) (-416 -992 1152 ) (-416 -544 1152 ) (-160 -544 1152 ) 
4 203 208 (-448 -992 1152 ) (-704 -992 1152 ) (-704 -544 1152 ) (-448 -544 1152 ) 
4 203 204 (-704 -576 1152 ) (-704 -992 1152 ) (-704 -992 1184 ) (-704 -576 1184 ) 
4 204 208 (-704 -992 1152 ) (-736 -992 1152 ) (-736 -576 1152 ) (-704 -576 1152 ) 
4 204 205 (-736 -576 1152 ) (-736 -992 1152 ) (-736 -992 1184 ) (-736 -576 1184 ) 
4 205 208 (-736 -992 1152 ) (-1024 -992 1152 ) (-1024 -544 1152 ) (-736 -544 1152 ) 
4 206 223 (-416 -544 1120 ) (-352 -544 1120 ) (-352 -992 1120 ) (-416 -992 1120 ) 
4 206 221 (-352 -544 1120 ) (-160 -544 1120 ) (-160 -992 1120 ) (-352 -992 1120 ) 
4 206 207 (-416 -992 1120 ) (-416 -992 1152 ) (-416 -576 1152 ) (-416 -576 1120 ) 
4 207 223 (-416 -576 1120 ) (-416 -992 1120 ) (-448 -992 1120 ) (-448 -576 1120 ) 
4 207 208 (-448 -992 1120 ) (-448 -992 1152 ) (-448 -576 1152 ) (-448 -576 1120 ) 
4 208 243 (-1024 -992 1120 ) (-1024 -544 1120 ) (-544 -544 1120 ) (-544 -992 1120 ) 
4 208 228 (-544 -544 1120 ) (-512 -544 1120 ) (-512 -992 1120 ) (-544 -992 1120 ) 
4 208 223 (-512 -544 1120 ) (-448 -544 1120 ) (-448 -992 1120 ) (-512 -992 1120 ) 
4 209 221 (-160 -512 1088 ) (-160 -512 1120 ) (-352 -512 1120 ) (-352 -512 1088 ) 
4 209 211 (-352 -512 1088 ) (-352 -512 1112 ) (-352 0 1112 ) (-352 0 1088 ) 
4 209 210 (-352 -512 1112 ) (-352 -512 1120 ) (-352 0 1120 ) (-352 0 1112 ) 
4 210 211 (-352 0 1112 ) (-352 -512 1112 ) (-512 -512 1112 ) (-512 0 1112 ) 
4 212 227 (-512 -512 896 ) (-512 -512 960 ) (-512 -384 960 ) (-512 -384 896 ) 
4 212 226 (-512 -320 1080 ) (-512 -192 1080 ) (-512 -192 960 ) (-512 -320 960 ) 
4 212 225 (-512 0 960 ) (-512 0 896 ) (-512 -128 896 ) (-512 -128 960 ) 
4 212 222 (-352 -512 896 ) (-160 -512 896 ) (-160 -512 1080 ) (-352 -512 1080 ) 
4 212 217 (-448 -512 896 ) (-480 -512 896 ) (-480 0 896 ) (-448 0 896 ) 
4 212 216 (-416 -512 896 ) (-448 -512 896 ) (-448 0 896 ) (-416 0 896 ) 
4 212 220 (-480 -512 896 ) (-512 -512 896 ) (-512 0 896 ) (-480 0 896 ) 
4 212 214 (-416 -448 896 ) (-416 -64 896 ) (-384 -64 896 ) (-384 -448 896 ) 
4 212 213 (-160 -512 896 ) (-384 -512 896 ) (-384 0 896 ) (-160 0 896 ) 
4 213 249 (-160 -384 754 ) (-160 -512 754 ) (-384 -512 754 ) (-384 -384 754 ) 
4 213 247 (-160 -128 754 ) (-160 -384 754 ) (-384 -384 754 ) (-384 -128 754 ) 
4 213 245 (-384 0 754 ) (-160 0 754 ) (-160 -128 754 ) (-384 -128 754 ) 
4 213 222 (-352 -512 754 ) (-160 -512 754 ) (-160 -512 896 ) (-352 -512 896 ) 
4 213 214 (-384 -448 896 ) (-384 -64 896 ) (-384 -64 864 ) (-384 -448 864 ) 
4 213 215 (-384 0 754 ) (-384 -512 754 ) (-384 -512 864 ) (-384 0 864 ) 
4 214 216 (-416 -448 896 ) (-416 -64 896 ) (-416 -64 864 ) (-416 -448 864 ) 
4 214 215 (-416 -448 864 ) (-416 -64 864 ) (-384 -64 864 ) (-384 -448 864 ) 
4 215 249 (-384 -384 754 ) (-384 -512 754 ) (-416 -512 754 ) (-416 -384 754 ) 
4 215 247 (-384 -128 754 ) (-384 -384 754 ) (-416 -384 754 ) (-416 -128 754 ) 
4 215 245 (-416 0 754 ) (-384 0 754 ) (-384 -128 754 ) (-416 -128 754 ) 
4 215 216 (-416 0 754 ) (-416 -512 754 ) (-416 -512 864 ) (-416 0 864 ) 
4 216 249 (-416 -384 754 ) (-416 -512 754 ) (-448 -512 754 ) (-448 -384 754 ) 
4 216 247 (-416 -128 754 ) (-416 -384 754 ) (-448 -384 754 ) (-448 -128 754 ) 
4 216 245 (-448 0 754 ) (-416 0 754 ) (-416 -128 754 ) (-448 -128 754 ) 
4 216 218 (-448 -480 832 ) (-448 -32 832 ) (-448 -32 800 ) (-448 -480 800 ) 
4 216 217 (-448 -512 832 ) (-448 -512 896 ) (-448 0 896 ) (-448 0 832 ) 
4 216 219 (-448 0 754 ) (-448 -512 754 ) (-448 -512 800 ) (-448 0 800 ) 
4 217 218 (-480 -480 832 ) (-480 -32 832 ) (-448 -32 832 ) (-448 -480 832 ) 
4 217 220 (-480 -512 832 ) (-480 -512 896 ) (-480 0 896 ) (-480 0 832 ) 
4 218 219 (-480 -480 800 ) (-480 -32 800 ) (-448 -32 800 ) (-448 -480 800 ) 
4 218 220 (-480 -480 832 ) (-480 -32 832 ) (-480 -32 800 ) (-480 -480 800 ) 
4 219 249 (-448 -384 754 ) (-448 -512 754 ) (-480 -512 754 ) (-480 -384 754 ) 
4 219 247 (-448 -128 754 ) (-448 -384 754 ) (-480 -384 754 ) (-480 -128 754 ) 
4 219 245 (-480 0 754 ) (-448 0 754 ) (-448 -128 754 ) (-480 -128 754 ) 
4 219 220 (-480 0 754 ) (-480 -512 754 ) (-480 -512 800 ) (-480 0 800 ) 
4 220 249 (-512 -512 754 ) (-512 -384 754 ) (-480 -384 754 ) (-480 -512 754 ) 
4 220 247 (-512 -384 754 ) (-512 -128 754 ) (-480 -128 754 ) (-480 -384 754 ) 
4 220 245 (-512 -128 754 ) (-512 0 754 ) (-480 0 754 ) (-480 -128 754 ) 
4 220 227 (-512 -512 768 ) (-512 -512 896 ) (-512 -384 896 ) (-512 -384 768 ) 
4 220 225 (-512 -128 896 ) (-512 0 896 ) (-512 0 768 ) (-512 -128 768 ) 
4 221 223 (-352 -544 1088 ) (-352 -992 1088 ) (-352 -992 1120 ) (-352 -544 1120 ) 
4 222 251 (-352 -512 754 ) (-160 -512 754 ) (-160 -992 754 ) (-352 -992 754 ) 
4 222 224 (-352 -544 754 ) (-352 -992 754 ) (-352 -992 1080 ) (-352 -544 1080 ) 
4 223 228 (-512 -992 1088 ) (-512 -992 1120 ) (-512 -544 1120 ) (-512 -544 1088 ) 
4 224 252 (-512 -992 754 ) (-512 -544 754 ) (-352 -544 754 ) (-352 -992 754 ) 
4 224 229 (-512 -544 754 ) (-512 -992 754 ) (-512 -992 1080 ) (-512 -544 1080 ) 
4 225 230 (-544 -128 960 ) (-544 0 960 ) (-544 0 768 ) (-544 -128 768 ) 
4 226 230 (-544 -320 960 ) (-544 -320 1080 ) (-544 -192 1080 ) (-544 -192 960 ) 
4 227 230 (-544 -512 768 ) (-544 -512 960 ) (-544 -384 960 ) (-544 -384 768 ) 
4 228 243 (-544 -992 1088 ) (-544 -992 1120 ) (-544 -544 1120 ) (-544 -544 1088 ) 
4 229 252 (-544 -992 754 ) (-544 -544 754 ) (-512 -544 754 ) (-512 -992 754 ) 
4 229 244 (-544 -544 754 ) (-544 -992 754 ) (-544 -992 1080 ) (-544 -544 1080 ) 
4 230 250 (-544 -384 754 ) (-544 -512 754 ) (-704 -512 754 ) (-704 -384 754 ) 
4 230 248 (-544 -128 754 ) (-544 -384 754 ) (-704 -384 754 ) (-704 -128 754 ) 
4 230 246 (-704 0 754 ) (-544 0 754 ) (-544 -128 754 ) (-704 -128 754 ) 
4 230 232 (-704 -288 1088 ) (-704 -288 1120 ) (-704 -224 1120 ) (-704 -224 1088 ) 
4 230 233 (-704 -224 754 ) (-704 -288 754 ) (-704 -288 1056 ) (-704 -224 1056 ) 
4 230 231 (-704 0 754 ) (-704 -224 754 ) (-704 -224 1120 ) (-704 0 1120 ) 
4 230 234 (-704 -288 754 ) (-704 -512 754 ) (-704 -512 1120 ) (-704 -288 1120 ) 
4 231 248 (-704 -128 754 ) (-704 -224 754 ) (-768 -224 754 ) (-768 -128 754 ) 
4 231 246 (-768 0 754 ) (-704 0 754 ) (-704 -128 754 ) (-768 -128 754 ) 
4 231 236 (-768 -224 928 ) (-768 -224 960 ) (-768 -32 960 ) (-768 -32 928 ) 
4 231 235 (-768 -224 960 ) (-768 -224 1120 ) (-768 0 1120 ) (-768 0 960 ) 
4 231 237 (-768 0 754 ) (-768 -224 754 ) (-768 -224 928 ) (-768 0 928 ) 
4 231 232 (-768 -224 1120 ) (-768 -224 1088 ) (-704 -224 1088 ) (-704 -224 1120 ) 
4 231 233 (-768 -224 1056 ) (-768 -224 754 ) (-704 -224 754 ) (-704 -224 1056 ) 
4 232 235 (-768 -288 1088 ) (-768 -288 1120 ) (-768 -224 1120 ) (-768 -224 1088 ) 
4 232 234 (-768 -288 1120 ) (-768 -288 1088 ) (-704 -288 1088 ) (-704 -288 1120 ) 
4 233 248 (-704 -224 754 ) (-704 -288 754 ) (-768 -288 754 ) (-768 -224 754 ) 
4 233 236 (-768 -288 928 ) (-768 -288 960 ) (-768 -224 960 ) (-768 -224 928 ) 
4 233 235 (-768 -288 960 ) (-768 -288 1056 ) (-768 -224 1056 ) (-768 -224 960 ) 
4 233 237 (-768 -224 754 ) (-768 -288 754 ) (-768 -288 928 ) (-768 -224 928 ) 
4 233 234 (-768 -288 1056 ) (-768 -288 754 ) (-704 -288 754 ) (-704 -288 1056 ) 
4 234 250 (-704 -384 754 ) (-704 -512 754 ) (-768 -512 754 ) (-768 -384 754 ) 
4 234 248 (-704 -288 754 ) (-704 -384 754 ) (-768 -384 754 ) (-768 -288 754 ) 
4 234 236 (-768 -480 960 ) (-768 -288 960 ) (-768 -288 928 ) (-768 -480 928 ) 
4 234 235 (-768 -512 960 ) (-768 -512 1120 ) (-768 -288 1120 ) (-768 -288 960 ) 
4 234 237 (-768 -288 754 ) (-768 -512 754 ) (-768 -512 928 ) (-768 -288 928 ) 
4 235 238 (-800 -512 960 ) (-800 -512 1120 ) (-800 0 1120 ) (-800 0 960 ) 
4 235 236 (-800 -480 960 ) (-800 -32 960 ) (-768 -32 960 ) (-768 -480 960 ) 
4 236 238 (-800 -480 960 ) (-800 -32 960 ) (-800 -32 928 ) (-800 -480 928 ) 
4 236 237 (-800 -480 928 ) (-800 -32 928 ) (-768 -32 928 ) (-768 -480 928 ) 
4 237 250 (-768 -384 754 ) (-768 -512 754 ) (-800 -512 754 ) (-800 -384 754 ) 
4 237 248 (-768 -128 754 ) (-768 -384 754 ) (-800 -384 754 ) (-800 -128 754 ) 
4 237 246 (-800 0 754 ) (-768 0 754 ) (-768 -128 754 ) (-800 -128 754 ) 
4 237 238 (-800 0 754 ) (-800 -512 754 ) (-800 -512 928 ) (-800 0 928 ) 
4 238 250 (-800 -384 754 ) (-800 -512 754 ) (-928 -512 754 ) (-928 -384 754 ) 
4 238 248 (-800 -128 754 ) (-800 -384 754 ) (-928 -384 754 ) (-928 -128 754 ) 
4 238 246 (-928 0 754 ) (-800 0 754 ) (-800 -128 754 ) (-928 -128 754 ) 
4 238 240 (-928 -320 1024 ) (-928 -320 1120 ) (-928 -192 1120 ) (-928 -192 1024 ) 
4 238 241 (-928 -192 754 ) (-928 -320 754 ) (-928 -320 992 ) (-928 -192 992 ) 
4 238 239 (-928 0 754 ) (-928 -192 754 ) (-928 -192 1120 ) (-928 0 1120 ) 
4 238 242 (-928 -320 754 ) (-928 -512 754 ) (-928 -512 1120 ) (-928 -320 1120 ) 
4 239 248 (-928 -128 754 ) (-928 -192 754 ) (-992 -192 754 ) (-992 -128 754 ) 
4 239 246 (-992 0 754 ) (-928 0 754 ) (-928 -128 754 ) (-992 -128 754 ) 
4 239 240 (-992 -192 1120 ) (-992 -192 1024 ) (-928 -192 1024 ) (-928 -192 1120 ) 
4 239 241 (-992 -192 992 ) (-992 -192 754 ) (-928 -192 754 ) (-928 -192 992 ) 
4 240 242 (-992 -320 1120 ) (-992 -320 1024 ) (-928 -320 1024 ) (-928 -320 1120 ) 
4 241 248 (-928 -192 754 ) (-928 -320 754 ) (-992 -320 754 ) (-992 -192 754 ) 
4 241 242 (-992 -320 992 ) (-992 -320 754 ) (-928 -320 754 ) (-928 -320 992 ) 
4 242 250 (-928 -384 754 ) (-928 -512 754 ) (-992 -512 754 ) (-992 -384 754 ) 
4 242 248 (-928 -320 754 ) (-928 -384 754 ) (-992 -384 754 ) (-992 -320 754 ) 
4 244 252 (-1024 -992 754 ) (-1024 -544 754 ) (-544 -544 754 ) (-544 -992 754 ) 
4 245 265 (-512 0 738 ) (-480 0 738 ) (-480 -128 738 ) (-512 -128 738 ) 
4 245 264 (-480 0 738 ) (-384 0 738 ) (-384 -128 738 ) (-480 -128 738 ) 
4 245 261 (-384 0 738 ) (-352 0 738 ) (-352 -128 738 ) (-384 -128 738 ) 
4 245 257 (-352 0 738 ) (-160 0 738 ) (-160 -128 738 ) (-352 -128 738 ) 
4 245 247 (-512 -128 738 ) (-160 -128 738 ) (-160 -128 754 ) (-512 -128 754 ) 
4 246 271 (-992 0 738 ) (-544 0 738 ) (-544 -128 738 ) (-992 -128 738 ) 
4 246 248 (-992 -128 738 ) (-544 -128 738 ) (-544 -128 754 ) (-992 -128 754 ) 
4 247 266 (-480 -224 738 ) (-480 -288 738 ) (-512 -288 738 ) (-512 -224 738 ) 
4 247 265 (-512 -128 738 ) (-480 -128 738 ) (-480 -224 738 ) (-512 -224 738 ) 
4 247 268 (-480 -288 738 ) (-480 -384 738 ) (-512 -384 738 ) (-512 -288 738 ) 
4 247 264 (-480 -128 738 ) (-384 -128 738 ) (-384 -384 738 ) (-480 -384 738 ) 
4 247 263 (-352 -320 738 ) (-352 -384 738 ) (-384 -384 738 ) (-384 -320 738 ) 
4 247 262 (-352 -192 738 ) (-352 -320 738 ) (-384 -320 738 ) (-384 -192 738 ) 
4 247 261 (-384 -128 738 ) (-352 -128 738 ) (-352 -192 738 ) (-384 -192 738 ) 
4 247 259 (-352 -128 738 ) (-160 -128 738 ) (-160 -384 738 ) (-352 -384 738 ) 
4 247 249 (-512 -384 738 ) (-160 -384 738 ) (-160 -384 754 ) (-512 -384 754 ) 
4 248 271 (-992 -128 738 ) (-544 -128 738 ) (-544 -384 738 ) (-992 -384 738 ) 
4 248 250 (-992 -384 738 ) (-544 -384 738 ) (-544 -384 754 ) (-992 -384 754 ) 
4 249 268 (-512 -384 738 ) (-480 -384 738 ) (-480 -512 738 ) (-512 -512 738 ) 
4 249 264 (-480 -384 738 ) (-384 -384 738 ) (-384 -512 738 ) (-480 -512 738 ) 
4 249 263 (-384 -384 738 ) (-352 -384 738 ) (-352 -512 738 ) (-384 -512 738 ) 
4 249 260 (-352 -384 738 ) (-160 -384 738 ) (-160 -512 738 ) (-352 -512 738 ) 
4 249 251 (-352 -512 738 ) (-160 -512 738 ) (-160 -512 754 ) (-352 -512 754 ) 
4 250 271 (-992 -384 738 ) (-544 -384 738 ) (-544 -512 738 ) (-992 -512 738 ) 
4 251 260 (-352 -512 738 ) (-160 -512 738 ) (-160 -992 738 ) (-352 -992 738 ) 
4 251 252 (-352 -544 738 ) (-352 -992 738 ) (-352 -992 754 ) (-352 -544 754 ) 
4 252 272 (-1024 -992 738 ) (-1024 -544 738 ) (-352 -544 738 ) (-352 -992 738 ) 
4 253 343 (0 -1024 498 ) (0 -1024 672 ) (-96 -1024 672 ) (-96 -1024 498 ) 
4 253 274 (0 -1024 498 ) (-96 -1024 498 ) (-96 0 498 ) (0 0 498 ) 
4 253 255 (-96 -192 498 ) (-96 -320 498 ) (-96 -320 672 ) (-96 -192 672 ) 
4 253 256 (-96 -384 498 ) (-96 -1024 498 ) (-96 -1024 672 ) (-96 -384 672 ) 
4 253 254 (-96 0 498 ) (-96 -128 498 ) (-96 -128 672 ) (-96 0 672 ) 
4 254 275 (-128 -128 498 ) (-128 0 498 ) (-96 0 498 ) (-96 -128 498 ) 
4 255 276 (-128 -320 498 ) (-128 -192 498 ) (-96 -192 498 ) (-96 -320 498 ) 
4 255 258 (-128 -192 498 ) (-128 -320 498 ) (-128 -320 672 ) (-128 -192 672 ) 
4 256 344 (-96 -1024 672 ) (-128 -1024 672 ) (-128 -1024 498 ) (-96 -1024 498 ) 
4 256 277 (-96 -1024 498 ) (-128 -1024 498 ) (-128 -384 498 ) (-96 -384 498 ) 
4 257 279 (-352 -128 498 ) (-352 0 498 ) (-160 0 498 ) (-160 -128 498 ) 
4 257 261 (-352 -128 576 ) (-352 -128 738 ) (-352 0 738 ) (-352 0 576 ) 
4 257 259 (-352 -128 738 ) (-352 -128 498 ) (-160 -128 498 ) (-160 -128 738 ) 
4 258 278 (-160 -128 498 ) (-128 -128 498 ) (-128 -384 498 ) (-160 -384 498 ) 
4 258 259 (-160 -128 672 ) (-160 -128 498 ) (-160 -384 498 ) (-160 -384 672 ) 
4 259 279 (-352 -384 498 ) (-352 -128 498 ) (-160 -128 498 ) (-160 -384 498 ) 
4 259 263 (-352 -384 576 ) (-352 -384 738 ) (-352 -320 738 ) (-352 -320 576 ) 
4 259 262 (-352 -320 738 ) (-352 -192 738 ) (-352 -192 512 ) (-352 -320 512 ) 
4 259 261 (-352 -192 738 ) (-352 -128 738 ) (-352 -128 576 ) (-352 -192 576 ) 
4 259 260 (-352 -384 738 ) (-352 -384 498 ) (-160 -384 498 ) (-160 -384 738 ) 
4 260 281 (-352 -544 498 ) (-352 -512 498 ) (-160 -512 498 ) (-160 -544 498 ) 
4 260 282 (-352 -992 498 ) (-352 -544 498 ) (-160 -544 498 ) (-160 -992 498 ) 
4 260 279 (-352 -512 498 ) (-352 -384 498 ) (-160 -384 498 ) (-160 -512 498 ) 
4 260 272 (-352 -544 498 ) (-352 -992 498 ) (-352 -992 738 ) (-352 -544 738 ) 
4 260 263 (-352 -512 576 ) (-352 -512 738 ) (-352 -384 738 ) (-352 -384 576 ) 
4 261 264 (-384 -192 738 ) (-384 0 738 ) (-384 0 576 ) (-384 -192 576 ) 
4 261 262 (-384 -192 738 ) (-384 -192 576 ) (-352 -192 576 ) (-352 -192 738 ) 
4 262 264 (-384 -320 738 ) (-384 -192 738 ) (-384 -192 512 ) (-384 -320 512 ) 
4 262 263 (-384 -320 738 ) (-384 -320 576 ) (-352 -320 576 ) (-352 -320 738 ) 
4 263 264 (-384 -512 576 ) (-384 -512 738 ) (-384 -320 738 ) (-384 -320 576 ) 
4 264 280 (-480 0 498 ) (-384 0 498 ) (-384 -512 498 ) (-480 -512 498 ) 
4 264 269 (-480 -448 640 ) (-480 -64 640 ) (-480 -64 608 ) (-480 -448 608 ) 
4 264 270 (-480 0 498 ) (-480 -512 498 ) (-480 -512 608 ) (-480 0 608 ) 
4 264 266 (-480 -288 738 ) (-480 -224 738 ) (-480 -224 704 ) (-480 -288 704 ) 
4 264 267 (-480 -224 672 ) (-480 -224 640 ) (-480 -288 640 ) (-480 -288 672 ) 
4 264 265 (-480 -224 738 ) (-480 0 738 ) (-480 0 640 ) (-480 -224 640 ) 
4 264 268 (-480 -512 640 ) (-480 -512 738 ) (-480 -288 738 ) (-480 -288 640 ) 
4 265 269 (-512 -224 640 ) (-512 -64 640 ) (-480 -64 640 ) (-480 -224 640 ) 
4 265 266 (-512 -224 738 ) (-512 -224 704 ) (-480 -224 704 ) (-480 -224 738 ) 
4 265 267 (-512 -224 672 ) (-512 -224 640 ) (-480 -224 640 ) (-480 -224 672 ) 
4 266 268 (-512 -288 738 ) (-512 -288 704 ) (-480 -288 704 ) (-480 -288 738 ) 
4 267 269 (-512 -288 640 ) (-512 -224 640 ) (-480 -224 640 ) (-480 -288 640 ) 
4 267 268 (-512 -288 672 ) (-512 -288 640 ) (-480 -288 640 ) (-480 -288 672 ) 
4 268 269 (-512 -448 640 ) (-512 -288 640 ) (-480 -288 640 ) (-480 -448 640 ) 
4 269 270 (-512 -448 608 ) (-512 -64 608 ) (-480 -64 608 ) (-480 -448 608 ) 
4 270 280 (-512 0 498 ) (-480 0 498 ) (-480 -512 498 ) (-512 -512 498 ) 
4 272 282 (-1024 -992 498 ) (-1024 -544 498 ) (-352 -544 498 ) (-352 -992 498 ) 
4 272 273 (-768 -992 498 ) (-640 -992 498 ) (-640 -992 512 ) (-768 -992 512 ) 
4 273 358 (-768 -1024 512 ) (-768 -1024 498 ) (-640 -1024 498 ) (-640 -1024 512 ) 
4 273 283 (-640 -1024 498 ) (-768 -1024 498 ) (-768 -992 498 ) (-640 -992 498 ) 
4 274 343 (0 -1024 482 ) (0 -1024 498 ) (-96 -1024 498 ) (-96 -1024 482 ) 
4 274 288 (0 -320 482 ) (0 -1024 482 ) (-96 -1024 482 ) (-96 -320 482 ) 
4 274 287 (-32 -320 482 ) (-96 -320 482 ) (-96 -192 482 ) (-32 -192 482 ) 
4 274 286 (0 -192 482 ) (0 -320 482 ) (-32 -320 482 ) (-32 -192 482 ) 
4 274 284 (0 0 482 ) (0 -192 482 ) (-96 -192 482 ) (-96 0 482 ) 
4 274 276 (-96 -192 482 ) (-96 -320 482 ) (-96 -320 498 ) (-96 -192 498 ) 
4 274 277 (-96 -384 482 ) (-96 -1024 482 ) (-96 -1024 498 ) (-96 -384 498 ) 
4 274 275 (-96 0 482 ) (-96 -128 482 ) (-96 -128 498 ) (-96 0 498 ) 
4 275 285 (-128 -128 482 ) (-128 0 482 ) (-96 0 482 ) (-96 -128 482 ) 
4 276 287 (-128 -320 482 ) (-128 -192 482 ) (-96 -192 482 ) (-96 -320 482 ) 
4 276 278 (-128 -192 482 ) (-128 -320 482 ) (-128 -320 498 ) (-128 -192 498 ) 
4 277 344 (-96 -1024 498 ) (-128 -1024 498 ) (-128 -1024 482 ) (-96 -1024 482 ) 
4 277 289 (-96 -1024 482 ) (-128 -1024 482 ) (-128 -384 482 ) (-96 -384 482 ) 
4 278 290 (-128 -128 482 ) (-128 -384 482 ) (-160 -384 482 ) (-160 -128 482 ) 
4 278 279 (-160 -128 482 ) (-160 -384 482 ) (-160 -384 498 ) (-160 -128 498 ) 
4 279 291 (-352 0 482 ) (-160 0 482 ) (-160 -512 482 ) (-352 -512 482 ) 
4 279 281 (-352 -512 482 ) (-160 -512 482 ) (-160 -512 498 ) (-352 -512 498 ) 
4 280 292 (-512 0 482 ) (-384 0 482 ) (-384 -512 482 ) (-512 -512 482 ) 
4 281 293 (-352 -512 482 ) (-160 -512 482 ) (-160 -544 482 ) (-352 -544 482 ) 
4 281 282 (-352 -544 482 ) (-160 -544 482 ) (-160 -544 498 ) (-352 -544 498 ) 
4 282 296 (-448 -736 482 ) (-448 -768 482 ) (-480 -768 482 ) (-480 -736 482 ) 
4 282 295 (-480 -544 482 ) (-448 -544 482 ) (-448 -736 482 ) (-480 -736 482 ) 
4 282 298 (-448 -768 482 ) (-448 -992 482 ) (-480 -992 482 ) (-480 -768 482 ) 
4 282 294 (-448 -544 482 ) (-160 -544 482 ) (-160 -992 482 ) (-448 -992 482 ) 
4 282 299 (-1024 -992 482 ) (-1024 -544 482 ) (-480 -544 482 ) (-480 -992 482 ) 
4 282 283 (-768 -992 482 ) (-640 -992 482 ) (-640 -992 498 ) (-768 -992 498 ) 
4 283 358 (-640 -1024 498 ) (-768 -1024 498 ) (-768 -1024 482 ) (-640 -1024 482 ) 
4 283 300 (-640 -1024 482 ) (-768 -1024 482 ) (-768 -992 482 ) (-640 -992 482 ) 
4 284 302 (-32 -192 288 ) (-96 -192 288 ) (-96 0 288 ) (-32 0 288 ) 
4 284 301 (0 0 288 ) (0 -192 288 ) (-32 -192 288 ) (-32 0 288 ) 
4 284 287 (-32 -192 480 ) (-32 -192 482 ) (-96 -192 482 ) (-96 -192 480 ) 
4 284 286 (-32 -192 288 ) (0 -192 288 ) (0 -192 482 ) (-32 -192 482 ) 
4 284 285 (-96 0 288 ) (-96 -128 288 ) (-96 -128 482 ) (-96 0 482 ) 
4 285 304 (-128 -128 288 ) (-128 0 288 ) (-96 0 288 ) (-96 -128 288 ) 
4 286 301 (0 -192 288 ) (0 -320 288 ) (-32 -320 288 ) (-32 -192 288 ) 
4 286 288 (-32 -320 288 ) (0 -320 288 ) (0 -320 482 ) (-32 -320 482 ) 
4 286 287 (-32 -192 482 ) (-32 -192 480 ) (-32 -320 480 ) (-32 -320 482 ) 
4 287 290 (-128 -320 480 ) (-128 -320 482 ) (-128 -192 482 ) (-128 -192 480 ) 
4 287 288 (-96 -320 480 ) (-32 -320 480 ) (-32 -320 482 ) (-96 -320 482 ) 
4 288 343 (0 -1024 288 ) (0 -1024 482 ) (-96 -1024 482 ) (-96 -1024 288 ) 
4 288 303 (-32 -1024 288 ) (-96 -1024 288 ) (-96 -320 288 ) (-32 -320 288 ) 
4 288 301 (0 -320 288 ) (0 -1024 288 ) (-32 -1024 288 ) (-32 -320 288 ) 
4 288 289 (-96 -384 288 ) (-96 -1024 288 ) (-96 -1024 482 ) (-96 -384 482 ) 
4 289 345 (-128 -1024 448 ) (-128 -1024 432 ) (-96 -1024 432 ) (-96 -1024 448 ) 
4 289 351 (-128 -1024 432 ) (-128 -1024 288 ) (-96 -1024 288 ) (-96 -1024 432 ) 
4 289 344 (-96 -1024 482 ) (-128 -1024 482 ) (-128 -1024 448 ) (-96 -1024 448 ) 
4 289 305 (-96 -1024 288 ) (-128 -1024 288 ) (-128 -384 288 ) (-96 -384 288 ) 
4 290 306 (-128 -128 288 ) (-128 -384 288 ) (-160 -384 288 ) (-160 -128 288 ) 
4 290 291 (-160 -128 288 ) (-160 -384 288 ) (-160 -384 482 ) (-160 -128 482 ) 
4 291 308 (-352 0 288 ) (-288 0 288 ) (-288 -480 288 ) (-352 -480 288 ) 
4 291 307 (-288 0 288 ) (-160 0 288 ) (-160 -512 288 ) (-288 -512 288 ) 
4 291 293 (-352 -512 288 ) (-160 -512 288 ) (-160 -512 482 ) (-352 -512 482 ) 
4 293 307 (-288 -512 288 ) (-160 -512 288 ) (-160 -544 288 ) (-288 -544 288 ) 
4 293 294 (-352 -544 288 ) (-160 -544 288 ) (-160 -544 482 ) (-352 -544 482 ) 
4 294 313 (-448 -544 288 ) (-352 -544 288 ) (-352 -992 288 ) (-448 -992 288 ) 
4 294 312 (-352 -544 288 ) (-160 -544 288 ) (-160 -992 288 ) (-352 -992 288 ) 
4 294 296 (-448 -768 320 ) (-448 -768 482 ) (-448 -736 482 ) (-448 -736 320 ) 
4 294 297 (-448 -736 288 ) (-448 -768 288 ) (-448 -768 304 ) (-448 -736 304 ) 
4 294 295 (-448 -544 482 ) (-448 -544 288 ) (-448 -736 288 ) (-448 -736 482 ) 
4 294 298 (-448 -768 288 ) (-448 -992 288 ) (-448 -992 482 ) (-448 -768 482 ) 
4 295 313 (-480 -544 288 ) (-448 -544 288 ) (-448 -736 288 ) (-480 -736 288 ) 
4 295 296 (-480 -736 482 ) (-480 -736 320 ) (-448 -736 320 ) (-448 -736 482 ) 
4 295 297 (-480 -736 304 ) (-480 -736 288 ) (-448 -736 288 ) (-448 -736 304 ) 
4 295 299 (-480 -544 482 ) (-480 -544 288 ) (-480 -736 288 ) (-480 -736 482 ) 
4 296 298 (-480 -768 482 ) (-480 -768 320 ) (-448 -768 320 ) (-448 -768 482 ) 
4 296 299 (-480 -768 320 ) (-480 -768 482 ) (-480 -736 482 ) (-480 -736 320 ) 
4 297 313 (-448 -736 288 ) (-448 -768 288 ) (-480 -768 288 ) (-480 -736 288 ) 
4 297 299 (-480 -736 288 ) (-480 -768 288 ) (-480 -768 304 ) (-480 -736 304 ) 
4 297 298 (-480 -768 304 ) (-480 -768 288 ) (-448 -768 288 ) (-448 -768 304 ) 
4 298 313 (-448 -768 288 ) (-448 -992 288 ) (-480 -992 288 ) (-480 -768 288 ) 
4 298 299 (-480 -768 288 ) (-480 -992 288 ) (-480 -992 482 ) (-480 -768 482 ) 
4 299 313 (-1024 -992 288 ) (-1024 -544 288 ) (-480 -544 288 ) (-480 -992 288 ) 
4 299 300 (-640 -992 320 ) (-640 -992 482 ) (-768 -992 482 ) (-768 -992 320 ) 
4 300 358 (-640 -1024 482 ) (-768 -1024 482 ) (-768 -1024 320 ) (-640 -1024 320 ) 
4 301 370 (0 -1024 272 ) (0 -1024 288 ) (-32 -1024 288 ) (-32 -1024 272 ) 
4 301 302 (-32 -192 288 ) (-32 0 288 ) (-32 0 272 ) (-32 -192 272 ) 
4 301 303 (-32 -1024 272 ) (-32 -1024 288 ) (-32 -320 288 ) (-32 -320 272 ) 
4 302 304 (-96 -128 288 ) (-96 0 288 ) (-96 0 272 ) (-96 -128 272 ) 
4 303 370 (-32 -1024 288 ) (-96 -1024 288 ) (-96 -1024 272 ) (-32 -1024 272 ) 
4 303 305 (-96 -1024 272 ) (-96 -1024 288 ) (-96 -384 288 ) (-96 -384 272 ) 
4 305 371 (-96 -1024 288 ) (-128 -1024 288 ) (-128 -1024 272 ) (-96 -1024 272 ) 
4 306 307 (-160 -384 256 ) (-160 -384 288 ) (-160 -128 288 ) (-160 -128 256 ) 
4 307 312 (-288 -544 64 ) (-160 -544 64 ) (-160 -544 288 ) (-288 -544 288 ) 
4 307 310 (-288 -416 64 ) (-288 -96 64 ) (-160 -96 64 ) (-160 -416 64 ) 
4 307 309 (-288 -480 64 ) (-288 -544 64 ) (-288 -544 272 ) (-288 -480 272 ) 
4 307 308 (-288 0 64 ) (-288 -480 64 ) (-288 -480 288 ) (-288 0 288 ) 
4 308 310 (-352 -416 64 ) (-352 -96 64 ) (-288 -96 64 ) (-288 -416 64 ) 
4 308 309 (-352 -480 272 ) (-352 -480 64 ) (-288 -480 64 ) (-288 -480 272 ) 
4 309 312 (-352 -544 272 ) (-352 -544 64 ) (-288 -544 64 ) (-288 -544 272 ) 
4 310 311 (-352 -416 48 ) (-352 -96 48 ) (-160 -96 48 ) (-160 -416 48 ) 
4 311 322 (-352 -544 45.176498 ) (-352 -512 45.176498 ) (-160 -512 45.176498 ) (-160 -544 45.176498 ) 
4 311 321 (-352 -512 45.176498 ) (-352 0 45.176498 ) (-160 0 45.176498 ) (-160 -512 45.176498 ) 
4 311 312 (-352 -544 48 ) (-352 -544 45.176498 ) (-160 -544 45.176498 ) (-160 -544 48 ) 
4 312 323 (-352 -992 45.176498 ) (-352 -544 45.176498 ) (-160 -544 45.176498 ) (-160 -992 45.176498 ) 
4 312 314 (-352 -544 45.176498 ) (-352 -992 45.176498 ) (-352 -992 64 ) (-352 -544 64 ) 
4 312 313 (-352 -992 64 ) (-352 -992 288 ) (-352 -544 288 ) (-352 -544 64 ) 
4 313 319 (-1024 -672 64 ) (-1024 -544 64 ) (-896 -544 64 ) (-896 -672 64 ) 
4 313 320 (-896 -992 64 ) (-1024 -992 64 ) (-1024 -864 64 ) (-896 -864 64 ) 
4 313 318 (-608 -992 64 ) (-896 -992 64 ) (-896 -544 64 ) (-608 -544 64 ) 
4 313 315 (-608 -736 64 ) (-608 -544 64 ) (-544 -544 64 ) (-544 -736 64 ) 
4 313 317 (-544 -992 64 ) (-608 -992 64 ) (-608 -800 64 ) (-544 -800 64 ) 
4 313 314 (-352 -992 64 ) (-544 -992 64 ) (-544 -544 64 ) (-352 -544 64 ) 
4 314 323 (-544 -544 45.176498 ) (-352 -544 45.176498 ) (-352 -992 45.176498 ) (-544 -992 45.176498 ) 
4 314 316 (-544 -736 48 ) (-544 -736 45.176498 ) (-544 -800 45.176498 ) (-544 -800 48 ) 
4 314 315 (-544 -736 64 ) (-544 -544 64 ) (-544 -544 45.176498 ) (-544 -736 45.176498 ) 
4 314 317 (-544 -992 45.176498 ) (-544 -992 64 ) (-544 -800 64 ) (-544 -800 45.176498 ) 
4 315 323 (-608 -544 45.176498 ) (-544 -544 45.176498 ) (-544 -736 45.176498 ) (-608 -736 45.176498 ) 
4 315 318 (-608 -736 64 ) (-608 -544 64 ) (-608 -544 45.176498 ) (-608 -736 45.176498 ) 
4 315 316 (-608 -736 48 ) (-608 -736 45.176498 ) (-544 -736 45.176498 ) (-544 -736 48 ) 
4 316 323 (-544 -736 45.176498 ) (-544 -800 45.176498 ) (-608 -800 45.176498 ) (-608 -736 45.176498 ) 
4 316 318 (-608 -736 48 ) (-608 -736 45.176498 ) (-608 -800 45.176498 ) (-608 -800 48 ) 
4 316 317 (-608 -800 48 ) (-608 -800 45.176498 ) (-544 -800 45.176498 ) (-544 -800 48 ) 
4 317 323 (-544 -800 45.176498 ) (-544 -992 45.176498 ) (-608 -992 45.176498 ) (-608 -800 45.176498 ) 
4 317 318 (-608 -992 45.176498 ) (-608 -992 64 ) (-608 -800 64 ) (-608 -800 45.176498 ) 
4 318 323 (-896 -544 45.176498 ) (-608 -544 45.176498 ) (-608 -992 45.176498 ) (-896 -992 45.176498 ) 
4 318 319 (-896 -672 64 ) (-896 -544 64 ) (-896 -544 45.176498 ) (-896 -672 45.176498 ) 
4 318 320 (-896 -992 45.176498 ) (-896 -992 64 ) (-896 -864 64 ) (-896 -864 45.176498 ) 
4 319 324 (-1024 -672 45.176498 ) (-1024 -544 45.176498 ) (-896 -544 45.176498 ) (-896 -672 45.176498 ) 
4 320 325 (-1024 -992 45.176498 ) (-1024 -864 45.176498 ) (-896 -864 45.176498 ) (-896 -992 45.176498 ) 
4 321 322 (-160 -512 45.176498 ) (-352 -512 45.176498 ) (-352 -512 16 ) (-160 -512 16 ) 
4 322 323 (-160 -544 45.176498 ) (-352 -544 45.176498 ) (-352 -544 16 ) (-160 -544 16 ) 
4 323 324 (-896 -544 45.176498 ) (-896 -544 16 ) (-896 -672 16 ) (-896 -672 45.176498 ) 
4 323 325 (-896 -864 16 ) (-896 -992 16 ) (-896 -992 45.176498 ) (-896 -864 45.176498 ) 
4 327 343 (0 -1024 672 ) (0 -1024 288 ) (0 -1120 288 ) (0 -1120 672 ) 
4 327 340 (0 -1120 288 ) (0 -1024 288 ) (64 -1024 288 ) (64 -1120 288 ) 
4 328 389 (512 -2048 512 ) (512 -2048 384 ) (704 -2048 384 ) (704 -2048 512 ) 
4 328 383 (512 -2048 672 ) (512 -2048 512 ) (704 -2048 512 ) (704 -2048 672 ) 
4 328 333 (512 -1696 672 ) (512 -1696 384 ) (512 -1888 384 ) (512 -1888 672 ) 
4 328 330 (576 -1696 384 ) (640 -1696 384 ) (640 -1984 384 ) (576 -1984 384 ) 
4 328 329 (640 -1696 384 ) (704 -1696 384 ) (704 -2048 384 ) (640 -2048 384 ) 
4 328 332 (512 -2048 384 ) (512 -1696 384 ) (576 -1696 384 ) (576 -2048 384 ) 
4 329 389 (640 -2048 288 ) (704 -2048 288 ) (704 -2048 384 ) (640 -2048 384 ) 
4 329 339 (704 -2048 288 ) (640 -2048 288 ) (640 -1696 288 ) (704 -1696 288 ) 
4 329 331 (640 -1984 368 ) (640 -1984 288 ) (640 -2048 288 ) (640 -2048 368 ) 
4 329 330 (640 -1984 384 ) (640 -1696 384 ) (640 -1696 288 ) (640 -1984 288 ) 
4 330 339 (576 -1984 288 ) (576 -1696 288 ) (640 -1696 288 ) (640 -1984 288 ) 
4 330 331 (576 -1984 368 ) (576 -1984 288 ) (640 -1984 288 ) (640 -1984 368 ) 
4 330 332 (576 -1984 384 ) (576 -1696 384 ) (576 -1696 288 ) (576 -1984 288 ) 
4 331 389 (576 -2048 288 ) (640 -2048 288 ) (640 -2048 368 ) (576 -2048 368 ) 
4 331 339 (640 -2048 288 ) (576 -2048 288 ) (576 -1984 288 ) (640 -1984 288 ) 
4 331 332 (576 -1984 368 ) (576 -1984 288 ) (576 -2048 288 ) (576 -2048 368 ) 
4 332 389 (512 -2048 384 ) (512 -2048 288 ) (576 -2048 288 ) (576 -2048 384 ) 
4 332 339 (576 -2048 288 ) (512 -2048 288 ) (512 -1696 288 ) (576 -1696 288 ) 
4 332 333 (512 -1696 384 ) (512 -1696 288 ) (512 -1888 288 ) (512 -1888 384 ) 
4 333 341 (384 -1696 288 ) (512 -1696 288 ) (512 -1888 288 ) (384 -1888 288 ) 
4 333 334 (384 -1760 672 ) (384 -1696 672 ) (384 -1696 416 ) (384 -1760 416 ) 
4 333 335 (384 -1696 400 ) (384 -1696 288 ) (384 -1760 288 ) (384 -1760 400 ) 
4 333 336 (384 -1888 288 ) (384 -1888 672 ) (384 -1760 672 ) (384 -1760 288 ) 
4 334 337 (320 -1760 672 ) (320 -1696 672 ) (320 -1696 416 ) (320 -1760 416 ) 
4 334 336 (320 -1760 672 ) (320 -1760 416 ) (384 -1760 416 ) (384 -1760 672 ) 
4 335 341 (320 -1696 288 ) (384 -1696 288 ) (384 -1760 288 ) (320 -1760 288 ) 
4 335 336 (320 -1760 400 ) (320 -1760 288 ) (384 -1760 288 ) (384 -1760 400 ) 
4 335 337 (320 -1696 400 ) (320 -1696 288 ) (320 -1760 288 ) (320 -1760 400 ) 
4 336 341 (384 -1760 288 ) (384 -1888 288 ) (320 -1888 288 ) (320 -1760 288 ) 
4 336 337 (320 -1888 288 ) (320 -1888 672 ) (320 -1760 672 ) (320 -1760 288 ) 
4 337 353 (0 -1696 288 ) (0 -1888 288 ) (0 -1888 416 ) (0 -1696 416 ) 
4 337 352 (0 -1888 416 ) (0 -1888 672 ) (0 -1696 672 ) (0 -1696 416 ) 
4 337 341 (0 -1888 288 ) (0 -1696 288 ) (320 -1696 288 ) (320 -1888 288 ) 
4 338 390 (0 -2048 512 ) (0 -2048 288 ) (480 -2048 288 ) (480 -2048 512 ) 
4 338 357 (0 -1920 288 ) (0 -2048 288 ) (0 -2048 512 ) (0 -1920 512 ) 
4 338 342 (480 -2048 288 ) (0 -2048 288 ) (0 -1920 288 ) (480 -1920 288 ) 
4 339 399 (704 -2048 272 ) (704 -2048 288 ) (512 -2048 288 ) (512 -2048 272 ) 
4 339 341 (512 -1888 288 ) (512 -1696 288 ) (512 -1696 272 ) (512 -1888 272 ) 
4 340 370 (0 -1024 288 ) (0 -1024 272 ) (0 -1120 272 ) (0 -1120 288 ) 
4 341 372 (0 -1888 272 ) (0 -1888 288 ) (0 -1696 288 ) (0 -1696 272 ) 
4 342 402 (416 -2048 288 ) (288 -2048 288 ) (288 -2048 272 ) (416 -2048 272 ) 
4 342 401 (480 -2048 272 ) (480 -2048 288 ) (416 -2048 288 ) (416 -2048 272 ) 
4 342 404 (288 -2048 288 ) (0 -2048 288 ) (0 -2048 272 ) (288 -2048 272 ) 
4 342 373 (0 -2048 272 ) (0 -2048 288 ) (0 -1920 288 ) (0 -1920 272 ) 
4 343 370 (-96 -1024 288 ) (0 -1024 288 ) (0 -1120 288 ) (-96 -1120 288 ) 
4 343 345 (-96 -1024 448 ) (-96 -1024 432 ) (-96 -1120 432 ) (-96 -1120 448 ) 
4 343 351 (-96 -1024 432 ) (-96 -1024 288 ) (-96 -1120 288 ) (-96 -1120 432 ) 
4 343 344 (-96 -1024 672 ) (-96 -1024 448 ) (-96 -1120 448 ) (-96 -1120 672 ) 
4 344 352 (-288 -1696 672 ) (-288 -1696 448 ) (-96 -1696 448 ) (-96 -1696 672 ) 
4 344 349 (-288 -1408 448 ) (-288 -1024 448 ) (-224 -1024 448 ) (-224 -1408 448 ) 
4 344 350 (-224 -1696 448 ) (-288 -1696 448 ) (-288 -1472 448 ) (-224 -1472 448 ) 
4 344 346 (-192 -1088 448 ) (-192 -1024 448 ) (-128 -1024 448 ) (-128 -1088 448 ) 
4 344 347 (-128 -1696 448 ) (-192 -1696 448 ) (-192 -1152 448 ) (-128 -1152 448 ) 
4 344 345 (-96 -1024 448 ) (-96 -1696 448 ) (-128 -1696 448 ) (-128 -1024 448 ) 
4 344 348 (-192 -1696 448 ) (-224 -1696 448 ) (-224 -1024 448 ) (-192 -1024 448 ) 
4 345 352 (-128 -1696 432 ) (-96 -1696 432 ) (-96 -1696 448 ) (-128 -1696 448 ) 
4 345 346 (-128 -1024 432 ) (-128 -1088 432 ) (-128 -1088 448 ) (-128 -1024 448 ) 
4 345 347 (-128 -1152 432 ) (-128 -1696 432 ) (-128 -1696 448 ) (-128 -1152 448 ) 
4 345 351 (-96 -1024 432 ) (-96 -1696 432 ) (-128 -1696 432 ) (-128 -1024 432 ) 
4 346 348 (-192 -1024 432 ) (-192 -1088 432 ) (-192 -1088 448 ) (-192 -1024 448 ) 
4 346 351 (-192 -1088 432 ) (-192 -1024 432 ) (-128 -1024 432 ) (-128 -1088 432 ) 
4 347 352 (-192 -1696 432 ) (-128 -1696 432 ) (-128 -1696 448 ) (-192 -1696 448 ) 
4 347 351 (-128 -1696 432 ) (-192 -1696 432 ) (-192 -1152 432 ) (-128 -1152 432 ) 
4 347 348 (-192 -1152 432 ) (-192 -1696 432 ) (-192 -1696 448 ) (-192 -1152 448 ) 
4 348 352 (-224 -1696 432 ) (-192 -1696 432 ) (-192 -1696 448 ) (-224 -1696 448 ) 
4 348 349 (-224 -1024 432 ) (-224 -1408 432 ) (-224 -1408 448 ) (-224 -1024 448 ) 
4 348 350 (-224 -1472 432 ) (-224 -1696 432 ) (-224 -1696 448 ) (-224 -1472 448 ) 
4 348 351 (-192 -1696 432 ) (-224 -1696 432 ) (-224 -1024 432 ) (-192 -1024 432 ) 
4 349 351 (-288 -1408 432 ) (-288 -1024 432 ) (-224 -1024 432 ) (-224 -1408 432 ) 
4 350 352 (-288 -1696 448 ) (-288 -1696 432 ) (-224 -1696 432 ) (-224 -1696 448 ) 
4 350 351 (-224 -1696 432 ) (-288 -1696 432 ) (-288 -1472 432 ) (-224 -1472 432 ) 
4 351 371 (-288 -1024 288 ) (-96 -1024 288 ) (-96 -1696 288 ) (-288 -1696 288 ) 
4 351 356 (-288 -1696 416 ) (-288 -1696 288 ) (-96 -1696 288 ) (-96 -1696 416 ) 
4 351 352 (-288 -1696 432 ) (-288 -1696 416 ) (-96 -1696 416 ) (-96 -1696 432 ) 
4 352 355 (-32 -1888 416 ) (-96 -1888 416 ) (-96 -1760 416 ) (-32 -1760 416 ) 
4 352 353 (0 -1888 416 ) (-32 -1888 416 ) (-32 -1696 416 ) (0 -1696 416 ) 
4 352 356 (-96 -1888 416 ) (-288 -1888 416 ) (-288 -1696 416 ) (-96 -1696 416 ) 
4 353 372 (0 -1696 288 ) (0 -1888 288 ) (-32 -1888 288 ) (-32 -1696 288 ) 
4 353 354 (-32 -1696 400 ) (-32 -1696 288 ) (-32 -1760 288 ) (-32 -1760 400 ) 
4 353 355 (-32 -1888 288 ) (-32 -1888 416 ) (-32 -1760 416 ) (-32 -1760 288 ) 
4 354 372 (-96 -1760 288 ) (-96 -1696 288 ) (-32 -1696 288 ) (-32 -1760 288 ) 
4 354 355 (-96 -1760 400 ) (-96 -1760 288 ) (-32 -1760 288 ) (-32 -1760 400 ) 
4 354 356 (-96 -1696 400 ) (-96 -1696 288 ) (-96 -1760 288 ) (-96 -1760 400 ) 
4 355 372 (-32 -1888 288 ) (-96 -1888 288 ) (-96 -1760 288 ) (-32 -1760 288 ) 
4 355 356 (-96 -1888 288 ) (-96 -1888 416 ) (-96 -1760 416 ) (-96 -1760 288 ) 
4 356 372 (-96 -1888 288 ) (-288 -1888 288 ) (-288 -1696 288 ) (-96 -1696 288 ) 
4 357 411 (-192 -2048 512 ) (-288 -2048 512 ) (-288 -2048 288 ) (-192 -2048 288 ) 
4 357 408 (-64 -2048 512 ) (-192 -2048 512 ) (-192 -2048 288 ) (-64 -2048 288 ) 
4 357 407 (0 -2048 288 ) (0 -2048 512 ) (-64 -2048 512 ) (-64 -2048 288 ) 
4 357 373 (0 -1920 288 ) (0 -2048 288 ) (-288 -2048 288 ) (-288 -1920 288 ) 
4 357 365 (-288 -1920 288 ) (-288 -2048 288 ) (-288 -2048 512 ) (-288 -1920 512 ) 
4 358 367 (-448 -1888 448 ) (-448 -1888 320 ) (-384 -1888 320 ) (-384 -1888 448 ) 
4 358 363 (-448 -1536 320 ) (-384 -1536 320 ) (-384 -1824 320 ) (-448 -1824 320 ) 
4 358 362 (-384 -1536 320 ) (-320 -1536 320 ) (-320 -1888 320 ) (-384 -1888 320 ) 
4 358 364 (-832 -1888 320 ) (-832 -1536 320 ) (-448 -1536 320 ) (-448 -1888 320 ) 
4 358 361 (-832 -1408 320 ) (-832 -1152 320 ) (-320 -1152 320 ) (-320 -1408 320 ) 
4 358 359 (-640 -1024 320 ) (-320 -1024 320 ) (-320 -1152 320 ) (-640 -1152 320 ) 
4 358 360 (-832 -1152 320 ) (-832 -1024 320 ) (-768 -1024 320 ) (-768 -1152 320 ) 
4 359 374 (-640 -1024 288 ) (-320 -1024 288 ) (-320 -1152 288 ) (-640 -1152 288 ) 
4 359 361 (-320 -1152 288 ) (-320 -1152 320 ) (-640 -1152 320 ) (-640 -1152 288 ) 
4 360 375 (-832 -1024 288 ) (-768 -1024 288 ) (-768 -1152 288 ) (-832 -1152 288 ) 
4 360 361 (-768 -1152 320 ) (-832 -1152 320 ) (-832 -1152 288 ) (-768 -1152 288 ) 
4 361 376 (-320 -1152 288 ) (-320 -1408 288 ) (-832 -1408 288 ) (-832 -1152 288 ) 
4 362 377 (-320 -1536 288 ) (-320 -1888 288 ) (-384 -1888 288 ) (-384 -1536 288 ) 
4 362 363 (-384 -1536 320 ) (-384 -1536 288 ) (-384 -1824 288 ) (-384 -1824 320 ) 
4 363 378 (-448 -1824 288 ) (-448 -1536 288 ) (-384 -1536 288 ) (-384 -1824 288 ) 
4 363 364 (-448 -1536 320 ) (-448 -1536 288 ) (-448 -1824 288 ) (-448 -1824 320 ) 
4 364 379 (-448 -1888 288 ) (-832 -1888 288 ) (-832 -1536 288 ) (-448 -1536 288 ) 
4 365 411 (-384 -2048 288 ) (-288 -2048 288 ) (-288 -2048 512 ) (-384 -2048 512 ) 
4 365 380 (-288 -1920 288 ) (-288 -2048 288 ) (-384 -2048 288 ) (-384 -1920 288 ) 
4 365 367 (-384 -1984 320 ) (-384 -1984 448 ) (-384 -1920 448 ) (-384 -1920 320 ) 
4 365 368 (-384 -1984 288 ) (-384 -2048 288 ) (-384 -2048 448 ) (-384 -1984 448 ) 
4 365 366 (-384 -2048 448 ) (-384 -2048 512 ) (-384 -1920 512 ) (-384 -1920 448 ) 
4 366 411 (-384 -2048 448 ) (-384 -2048 512 ) (-448 -2048 512 ) (-448 -2048 448 ) 
4 366 369 (-448 -1920 448 ) (-448 -2048 448 ) (-448 -2048 512 ) (-448 -1920 512 ) 
4 366 367 (-448 -1984 448 ) (-448 -1920 448 ) (-384 -1920 448 ) (-384 -1984 448 ) 
4 366 368 (-448 -2048 448 ) (-448 -1984 448 ) (-384 -1984 448 ) (-384 -2048 448 ) 
4 367 369 (-448 -1920 320 ) (-448 -1984 320 ) (-448 -1984 448 ) (-448 -1920 448 ) 
4 367 368 (-384 -1984 320 ) (-384 -1984 448 ) (-448 -1984 448 ) (-448 -1984 320 ) 
4 368 411 (-448 -2048 288 ) (-384 -2048 288 ) (-384 -2048 448 ) (-448 -2048 448 ) 
4 368 381 (-384 -2048 288 ) (-448 -2048 288 ) (-448 -1984 288 ) (-384 -1984 288 ) 
4 368 369 (-448 -1984 288 ) (-448 -2048 288 ) (-448 -2048 448 ) (-448 -1984 448 ) 
4 369 411 (-512 -2048 288 ) (-448 -2048 288 ) (-448 -2048 512 ) (-512 -2048 512 ) 
4 369 382 (-448 -2048 288 ) (-512 -2048 288 ) (-512 -1920 288 ) (-448 -1920 288 ) 
4 370 371 (-96 -1120 288 ) (-96 -1024 288 ) (-96 -1024 272 ) (-96 -1120 272 ) 
4 371 372 (-288 -1696 288 ) (-288 -1696 272 ) (-96 -1696 272 ) (-96 -1696 288 ) 
4 373 413 (-64 -2048 288 ) (-192 -2048 288 ) (-192 -2048 272 ) (-64 -2048 272 ) 
4 373 412 (0 -2048 272 ) (0 -2048 288 ) (-64 -2048 288 ) (-64 -2048 272 ) 
4 373 415 (-192 -2048 288 ) (-288 -2048 288 ) (-288 -2048 272 ) (-192 -2048 272 ) 
4 373 380 (-288 -2048 288 ) (-288 -1920 288 ) (-288 -1920 272 ) (-288 -2048 272 ) 
4 374 376 (-640 -1152 272 ) (-320 -1152 272 ) (-320 -1152 288 ) (-640 -1152 288 ) 
4 375 376 (-832 -1152 288 ) (-832 -1152 272 ) (-768 -1152 272 ) (-768 -1152 288 ) 
4 377 378 (-384 -1536 288 ) (-384 -1536 272 ) (-384 -1824 272 ) (-384 -1824 288 ) 
4 378 379 (-448 -1536 288 ) (-448 -1536 272 ) (-448 -1824 272 ) (-448 -1824 288 ) 
4 380 415 (-288 -2048 272 ) (-288 -2048 288 ) (-384 -2048 288 ) (-384 -2048 272 ) 
4 380 381 (-384 -1984 272 ) (-384 -2048 272 ) (-384 -2048 288 ) (-384 -1984 288 ) 
4 381 415 (-384 -2048 272 ) (-384 -2048 288 ) (-448 -2048 288 ) (-448 -2048 272 ) 
4 381 382 (-448 -1984 272 ) (-448 -2048 272 ) (-448 -2048 288 ) (-448 -1984 288 ) 
4 382 415 (-448 -2048 272 ) (-448 -2048 288 ) (-512 -2048 288 ) (-512 -2048 272 ) 
4 383 386 (832 -2240 512 ) (832 -2304 512 ) (768 -2304 512 ) (768 -2240 512 ) 
4 383 385 (768 -2048 512 ) (832 -2048 512 ) (832 -2240 512 ) (768 -2240 512 ) 
4 383 388 (832 -2304 512 ) (832 -2560 512 ) (768 -2560 512 ) (768 -2304 512 ) 
4 383 384 (832 -2048 512 ) (1024 -2048 512 ) (1024 -2560 512 ) (832 -2560 512 ) 
4 383 389 (512 -2048 512 ) (768 -2048 512 ) (768 -2560 512 ) (512 -2560 512 ) 
4 384 399 (832 -2048 288 ) (1024 -2048 288 ) (1024 -2560 288 ) (832 -2560 288 ) 
4 384 386 (832 -2304 352 ) (832 -2304 512 ) (832 -2240 512 ) (832 -2240 352 ) 
4 384 387 (832 -2240 288 ) (832 -2304 288 ) (832 -2304 336 ) (832 -2240 336 ) 
4 384 385 (832 -2048 288 ) (832 -2240 288 ) (832 -2240 512 ) (832 -2048 512 ) 
4 384 388 (832 -2304 288 ) (832 -2560 288 ) (832 -2560 512 ) (832 -2304 512 ) 
4 385 399 (768 -2048 288 ) (832 -2048 288 ) (832 -2240 288 ) (768 -2240 288 ) 
4 385 386 (768 -2240 512 ) (768 -2240 352 ) (832 -2240 352 ) (832 -2240 512 ) 
4 385 387 (768 -2240 336 ) (768 -2240 288 ) (832 -2240 288 ) (832 -2240 336 ) 
4 385 389 (768 -2048 288 ) (768 -2240 288 ) (768 -2240 512 ) (768 -2048 512 ) 
4 386 388 (768 -2304 512 ) (768 -2304 352 ) (832 -2304 352 ) (832 -2304 512 ) 
4 386 389 (768 -2304 352 ) (768 -2304 512 ) (768 -2240 512 ) (768 -2240 352 ) 
4 387 399 (832 -2240 288 ) (832 -2304 288 ) (768 -2304 288 ) (768 -2240 288 ) 
4 387 389 (768 -2240 288 ) (768 -2304 288 ) (768 -2304 336 ) (768 -2240 336 ) 
4 387 388 (768 -2304 336 ) (768 -2304 288 ) (832 -2304 288 ) (832 -2304 336 ) 
4 388 399 (832 -2304 288 ) (832 -2560 288 ) (768 -2560 288 ) (768 -2304 288 ) 
4 388 389 (768 -2304 288 ) (768 -2560 288 ) (768 -2560 512 ) (768 -2304 512 ) 
4 389 399 (512 -2048 288 ) (768 -2048 288 ) (768 -2560 288 ) (512 -2560 288 ) 
4 390 407 (0 -2560 512 ) (0 -2048 512 ) (0 -2048 288 ) (0 -2560 288 ) 
4 390 402 (288 -2048 288 ) (416 -2048 288 ) (416 -2560 288 ) (288 -2560 288 ) 
4 390 401 (416 -2048 288 ) (480 -2048 288 ) (480 -2560 288 ) (416 -2560 288 ) 
4 390 404 (0 -2560 288 ) (0 -2048 288 ) (288 -2048 288 ) (288 -2560 288 ) 
4 390 391 (0 -2560 288 ) (480 -2560 288 ) (480 -2560 512 ) (0 -2560 512 ) 
4 391 407 (0 -2592 512 ) (0 -2560 512 ) (0 -2560 288 ) (0 -2592 288 ) 
4 391 402 (288 -2560 288 ) (416 -2560 288 ) (416 -2592 288 ) (288 -2592 288 ) 
4 391 401 (416 -2560 288 ) (480 -2560 288 ) (480 -2592 288 ) (416 -2592 288 ) 
4 391 404 (0 -2592 288 ) (0 -2560 288 ) (288 -2560 288 ) (288 -2592 288 ) 
4 391 396 (416 -2592 320 ) (416 -2592 512 ) (288 -2592 512 ) (288 -2592 320 ) 
4 391 395 (416 -2592 288 ) (480 -2592 288 ) (480 -2592 512 ) (416 -2592 512 ) 
4 391 397 (0 -2592 288 ) (288 -2592 288 ) (288 -2592 512 ) (0 -2592 512 ) 
4 392 406 (768 -2880 288 ) (544 -2880 288 ) (544 -2816 288 ) (768 -2816 288 ) 
4 392 405 (992 -2816 288 ) (992 -2880 288 ) (768 -2880 288 ) (768 -2816 288 ) 
4 392 400 (544 -2592 288 ) (992 -2592 288 ) (992 -2816 288 ) (544 -2816 288 ) 
4 392 398 (544 -2720 288 ) (544 -2816 288 ) (544 -2816 512 ) (544 -2720 512 ) 
4 392 395 (544 -2592 512 ) (544 -2592 288 ) (544 -2720 288 ) (544 -2720 512 ) 
4 392 393 (992 -2880 320 ) (992 -2880 512 ) (768 -2880 512 ) (768 -2880 320 ) 
4 392 394 (544 -2880 512 ) (544 -2880 288 ) (768 -2880 288 ) (768 -2880 512 ) 
4 393 394 (768 -2880 512 ) (768 -2880 320 ) (768 -2944 320 ) (768 -2944 512 ) 
4 394 406 (768 -2944 288 ) (544 -2944 288 ) (544 -2880 288 ) (768 -2880 288 ) 
4 395 401 (416 -2592 288 ) (480 -2592 288 ) (480 -2720 288 ) (416 -2720 288 ) 
4 395 400 (480 -2592 288 ) (544 -2592 288 ) (544 -2720 288 ) (480 -2720 288 ) 
4 395 398 (416 -2720 288 ) (544 -2720 288 ) (544 -2720 512 ) (416 -2720 512 ) 
4 395 396 (416 -2592 512 ) (416 -2592 320 ) (416 -2720 320 ) (416 -2720 512 ) 
4 396 398 (416 -2720 320 ) (416 -2720 512 ) (288 -2720 512 ) (288 -2720 320 ) 
4 396 397 (288 -2592 512 ) (288 -2592 320 ) (288 -2720 320 ) (288 -2720 512 ) 
4 397 407 (0 -2720 512 ) (0 -2592 512 ) (0 -2592 288 ) (0 -2720 288 ) 
4 397 404 (0 -2720 288 ) (0 -2592 288 ) (288 -2592 288 ) (288 -2720 288 ) 
4 397 398 (0 -2720 288 ) (288 -2720 288 ) (288 -2720 512 ) (0 -2720 512 ) 
4 398 407 (0 -2816 512 ) (0 -2720 512 ) (0 -2720 288 ) (0 -2816 288 ) 
4 398 403 (288 -2720 288 ) (416 -2720 288 ) (416 -2816 288 ) (288 -2816 288 ) 
4 398 401 (416 -2720 288 ) (480 -2720 288 ) (480 -2816 288 ) (416 -2816 288 ) 
4 398 404 (0 -2816 288 ) (0 -2720 288 ) (288 -2720 288 ) (288 -2816 288 ) 
4 398 400 (480 -2720 288 ) (544 -2720 288 ) (544 -2816 288 ) (480 -2816 288 ) 
4 400 406 (768 -2816 288 ) (544 -2816 288 ) (544 -2816 272 ) (768 -2816 272 ) 
4 400 405 (992 -2816 288 ) (768 -2816 288 ) (768 -2816 272 ) (992 -2816 272 ) 
4 400 401 (480 -2816 272 ) (480 -2816 288 ) (480 -2592 288 ) (480 -2592 272 ) 
4 401 402 (416 -2048 272 ) (416 -2592 272 ) (416 -2592 288 ) (416 -2048 288 ) 
4 401 403 (416 -2720 272 ) (416 -2816 272 ) (416 -2816 288 ) (416 -2720 288 ) 
4 402 404 (288 -2048 272 ) (288 -2592 272 ) (288 -2592 288 ) (288 -2048 288 ) 
4 403 404 (288 -2720 272 ) (288 -2816 272 ) (288 -2816 288 ) (288 -2720 288 ) 
4 404 412 (0 -2816 272 ) (0 -2816 288 ) (0 -2048 288 ) (0 -2048 272 ) 
4 405 406 (768 -2816 288 ) (768 -2816 272 ) (768 -2880 272 ) (768 -2880 288 ) 
4 407 412 (-64 -2048 288 ) (0 -2048 288 ) (0 -2816 288 ) (-64 -2816 288 ) 
4 407 409 (-64 -2368 320 ) (-64 -2368 512 ) (-64 -2240 512 ) (-64 -2240 320 ) 
4 407 408 (-64 -2048 288 ) (-64 -2240 288 ) (-64 -2240 512 ) (-64 -2048 512 ) 
4 407 410 (-64 -2368 288 ) (-64 -2816 288 ) (-64 -2816 512 ) (-64 -2368 512 ) 
4 408 413 (-192 -2048 288 ) (-64 -2048 288 ) (-64 -2240 288 ) (-192 -2240 288 ) 
4 408 411 (-192 -2048 288 ) (-192 -2240 288 ) (-192 -2240 512 ) (-192 -2048 512 ) 
4 408 409 (-192 -2240 512 ) (-192 -2240 320 ) (-64 -2240 320 ) (-64 -2240 512 ) 
4 409 411 (-192 -2368 320 ) (-192 -2368 512 ) (-192 -2240 512 ) (-192 -2240 320 ) 
4 409 410 (-192 -2368 512 ) (-192 -2368 320 ) (-64 -2368 320 ) (-64 -2368 512 ) 
4 410 414 (-64 -2368 288 ) (-64 -2816 288 ) (-192 -2816 288 ) (-192 -2368 288 ) 
4 410 411 (-192 -2368 288 ) (-192 -2816 288 ) (-192 -2816 512 ) (-192 -2368 512 ) 
4 411 415 (-512 -2048 288 ) (-192 -2048 288 ) (-192 -2816 288 ) (-512 -2816 288 ) 
4 412 413 (-64 -2048 272 ) (-64 -2240 272 ) (-64 -2240 288 ) (-64 -2048 288 ) 
4 412 414 (-64 -2368 272 ) (-64 -2816 272 ) (-64 -2816 288 ) (-64 -2368 288 ) 
4 413 415 (-192 -2048 272 ) (-192 -2240 272 ) (-192 -2240 288 ) (-192 -2048 288 ) 
4 414 415 (-192 -2368 272 ) (-192 -2816 272 ) (-192 -2816 288 ) (-192 -2368 288 ) 
