


materialPath: E:\Juegos\SteamWin\steamapps\common\Team Fortress 2\tf\materials
Loading D:\Art\Level Design\Momentum Mod\github\019ports\df_nood_inder\df_nood_inder.vmf
ConVarRef mat_reduceparticles doesn't point to an existing ConVar
material "common/lavacaulk" not found.
Material not found!: COMMON/LAVACAULK
fixing up env_cubemap materials on brush sides...
0...1...2...3...4...5...6...7...8...9...100...1...2...3...4...5...6...7...8...9...10**** leaked ****
Entity target_checkpoint (8136.00 3056.00 -1984.00) leaked!

FindPortalSide: Couldn't find a good match for which brush to assign to a portal near (8552.0 9216.0 -2232.0)
Leaf 0 contents: CONTENTS_SOLID 
Leaf 1 contents: 
viscontents (node 0 contents ^ node 1 contents): CONTENTS_SOLID 
This means that none of the brushes in leaf 0 or 1 that touches the portal has CONTENTS_SOLID 
Check for a huge brush enclosing the coordinates above that has contents CONTENTS_SOLID 
Candidate brush IDs: 


FindPortalSide: Couldn't find a good match for which brush to assign to a portal near (8944.0 9216.0 -1712.0)
Leaf 0 contents: CONTENTS_SOLID 
Leaf 1 contents: 
viscontents (node 0 contents ^ node 1 contents): CONTENTS_SOLID 
This means that none of the brushes in leaf 0 or 1 that touches the portal has CONTENTS_SOLID 
Check for a huge brush enclosing the coordinates above that has contents CONTENTS_SOLID 
Candidate brush IDs: 


FindPortalSide: Couldn't find a good match for which brush to assign to a portal near (9096.0 9216.0 -1712.0)
Leaf 0 contents: CONTENTS_SOLID 
Leaf 1 contents: 
viscontents (node 0 contents ^ node 1 contents): CONTENTS_SOLID 
This means that none of the brushes in leaf 0 or 1 that touches the portal has CONTENTS_SOLID 
Check for a huge brush enclosing the coordinates above that has contents CONTENTS_SOLID 
Candidate brush IDs: 


FindPortalSide: Couldn't find a good match for which brush to assign to a portal near (9064.0 9216.0 -2248.0)
Leaf 0 contents: CONTENTS_SOLID 
Leaf 1 contents: 
viscontents (node 0 contents ^ node 1 contents): CONTENTS_SOLID 
This means that none of the brushes in leaf 0 or 1 that touches the portal has CONTENTS_SOLID 
Check for a huge brush enclosing the coordinates above that has contents CONTENTS_SOLID 
Candidate brush IDs: 


FindPortalSide: Couldn't find a good match for which brush to assign to a portal near (9096.0 9216.0 -1682.5)
Leaf 0 contents: CONTENTS_SOLID 
Leaf 1 contents: 
viscontents (node 0 contents ^ node 1 contents): CONTENTS_SOLID 
This means that none of the brushes in leaf 0 or 1 that touches the portal has CONTENTS_SOLID 
Check for a huge brush enclosing the coordinates above that has contents CONTENTS_SOLID 
Candidate brush IDs: 


FindPortalSide: Couldn't find a good match for which brush to assign to a portal near (9096.0 9216.0 -1578.5)
Leaf 0 contents: CONTENTS_SOLID 
Leaf 1 contents: 
viscontents (node 0 contents ^ node 1 contents): CONTENTS_SOLID 
This means that none of the brushes in leaf 0 or 1 that touches the portal has CONTENTS_SOLID 
Check for a huge brush enclosing the coordinates above that has contents CONTENTS_SOLID 
Candidate brush IDs: 


FindPortalSide: Couldn't find a good match for which brush to assign to a portal near (9096.0 9216.0 -1374.0)
Leaf 0 contents: CONTENTS_SOLID 
Leaf 1 contents: 
viscontents (node 0 contents ^ node 1 contents): CONTENTS_SOLID 
This means that none of the brushes in leaf 0 or 1 that touches the portal has CONTENTS_SOLID 
Check for a huge brush enclosing the coordinates above that has contents CONTENTS_SOLID 
Candidate brush IDs: 


FindPortalSide: Couldn't find a good match for which brush to assign to a portal near (8284.0 9216.0 796.0)
Leaf 0 contents: CONTENTS_SOLID 
Leaf 1 contents: 
viscontents (node 0 contents ^ node 1 contents): CONTENTS_SOLID 
This means that none of the brushes in leaf 0 or 1 that touches the portal has CONTENTS_SOLID 
Check for a huge brush enclosing the coordinates above that has contents CONTENTS_SOLID 
Candidate brush IDs: 

*** Suppressing further FindPortalSide errors.... ***
Processing areas...done (0)
Building Faces...done (0)
Chop Details...done (0)
Find Visible Detail Sides...done (0)
Merging details...done (0)
FixTjuncs...
PruneNodes...
WriteBSP...
done (0)
Creating default LDR cubemaps for env_cubemap using skybox materials:
   skybox/sky_borealis01*.vmt
 ! Run buildcubemaps in the engine to get the correct cube maps.
Creating default HDR cubemaps for env_cubemap using skybox materials:
   skybox/sky_borealis01*.vmt
 ! Run buildcubemaps in the engine to get the correct cube maps.
Finding displacement neighbors...
Finding lightmap sample positions...
Displacement Alpha : 0...1...2...3...4...5...6...7...8...9...10
Building Physics collision data...
done (1) (278441 bytes)
Placing detail props : 0...1...2...3...4...5...6...7...8...9...10
Compacting texture/material tables...
Reduced 820 texinfos to 759
Reduced 11 texdatas to 11 (239 bytes to 239)
Writing D:\Art\Level Design\Momentum Mod\github\019ports\df_nood_inder\df_nood_inder.bsp
MSG_FILEWRITE - Filesystem was asked to write to 'D:\Art\Level Design\Momentum Mod\github\019ports\df_nood_inder\df_nood_inder.bsp', but we don't own that location. Allowing.
Wrote ZIP buffer, estimated size 86976, actual size 86762
1 minute, 16 seconds elapsed
CMaterialDict::Shutdown m_MissingList count: 1



12 threads
reading d:\art\level design\momentum mod\github\019ports\df_nood_inder\df_nood_inder.bsp
reading d:\art\level design\momentum mod\github\019ports\df_nood_inder\df_nood_inder.prt
LoadPortals: couldn't read d:\art\level design\momentum mod\github\019ports\df_nood_inder\df_nood_inder.prt



[Reading texlights from 'lights.rad']
[56 texlights parsed from 'lights.rad']

Loading d:\art\level design\momentum mod\github\019ports\df_nood_inder\df_nood_inder.bsp
No vis information, direct lighting only.
5078 faces
1 degenerate faces
2547597 square feet [366854016.00 square inches]
0 Displacements
0 Square Feet [0.00 Square Inches]
0 direct lights
0...1...2...3...4...5...6...7...8...9...10Build Patch/Sample Hash Table(s).....Done<0.0812 sec>
0...1...2...3...4...5...6...7...8...9...10FinalLightFace Done
0 of 0 (0% of) surface lights went in leaf ambient cubes.
0...1...2...3...4...5...6...7...8...9...10Writing leaf ambient...done
Ready to Finish

Object names       Objects/Maxobjs  Memory / Maxmem  Fullness 
------------       ---------------  ---------------  -------- 
models                  23/1024         1104/49152    ( 2.2%) 
brushes                786/8192         9432/98304    ( 9.6%) 
brushsides            5550/65536       44400/524288   ( 8.5%) 
planes                2914/65536       58280/1310720  ( 4.4%) 
vertexes              9230/65536      110760/786432   (14.1%) 
nodes                 4632/65536      148224/2097152  ( 7.1%) 
texinfos               759/12288       54648/884736   ( 6.2%) 
texdata                 11/2048          352/65536    ( 0.5%) 
dispinfos                0/0               0/0        ( 0.0%) 
disp_verts               0/0               0/0        ( 0.0%) 
disp_tris                0/0               0/0        ( 0.0%) 
disp_lmsamples           0/0               0/0        ( 0.0%) 
faces                 5078/65536      284368/3670016  ( 7.7%) 
hdr faces                0/65536           0/3670016  ( 0.0%) 
origfaces             1400/65536       78400/3670016  ( 2.1%) 
leaves                4656/65536      148992/2097152  ( 7.1%) 
leaffaces             5690/65536       11380/131072   ( 8.7%) 
leafbrushes           2601/65536        5202/131072   ( 4.0%) 
areas                    3/256            24/2048     ( 1.2%) 
surfedges            28824/512000     115296/2048000  ( 5.6%) 
edges                15905/256000      63620/1024000  ( 6.2%) 
LDR worldlights          0/8192            0/720896   ( 0.0%) 
HDR worldlights          0/8192            0/720896   ( 0.0%) 
leafwaterdata            0/32768           0/393216   ( 0.0%) 
waterstrips            439/32768        4390/327680   ( 1.3%) 
waterverts               0/65536           0/786432   ( 0.0%) 
waterindices          6297/65536       12594/131072   ( 9.6%) 
cubemapsamples           0/1024            0/16384    ( 0.0%) 
overlays                 0/512             0/180224   ( 0.0%) 
LDR lightdata         [variable]     5772820/0        ( 0.0%) 
HDR lightdata         [variable]           0/0        ( 0.0%) 
visdata               [variable]           0/16777216 ( 0.0%) 
entdata               [variable]        7540/393216   ( 1.9%) 
LDR ambient table     4656/65536       18624/262144   ( 7.1%) 
HDR ambient table     4656/65536       18624/262144   ( 7.1%) 
LDR leaf ambient      2478/65536       69384/1835008  ( 3.8%) 
HDR leaf ambient      4656/65536      130368/1835008  ( 7.1%) 
occluders                0/0               0/0        ( 0.0%) 
occluder polygons        0/0               0/0        ( 0.0%) 
occluder vert ind        0/0               0/0        ( 0.0%) 
detail props          [variable]           1/12       ( 8.3%) 
static props          [variable]           1/12       ( 8.3%) 
pakfile               [variable]       86762/0        ( 0.0%) 
physics               [variable]      278441/4194304  ( 6.6%) 
physics terrain       [variable]           2/1048576  ( 0.0%) 

Level flags = 0

Total triangle count: 13086
Writing d:\art\level design\momentum mod\github\019ports\df_nood_inder\df_nood_inder.bsp
11 seconds elapsed



materialPath: E:\Juegos\SteamWin\steamapps\common\Team Fortress 2\tf\materials
Loading D:\Art\Level Design\Momentum Mod\github\019ports\df_nood_inder\df_nood_inder.vmf
ConVarRef mat_reduceparticles doesn't point to an existing ConVar
fixing up env_cubemap materials on brush sides...
0...1...2...3...4...5...6...7...8...9...10**** leaked ****
Entity target_checkpoint (8136.00 3056.00 -1984.00) leaked!

FindPortalSide: Couldn't find a good match for which brush to assign to a portal near (8552.0 9216.0 -1712.0)
Leaf 0 contents: CONTENTS_SOLID 
Leaf 1 contents: 
viscontents (node 0 contents ^ node 1 contents): CONTENTS_SOLID 
This means that none of the brushes in leaf 0 or 1 that touches the portal has CONTENTS_SOLID 
Check for a huge brush enclosing the coordinates above that has contents CONTENTS_SOLID 
Candidate brush IDs: 


FindPortalSide: Couldn't find a good match for which brush to assign to a portal near (8944.0 9216.0 -1712.0)
Leaf 0 contents: CONTENTS_SOLID 
Leaf 1 contents: 
viscontents (node 0 contents ^ node 1 contents): CONTENTS_SOLID 
This means that none of the brushes in leaf 0 or 1 that touches the portal has CONTENTS_SOLID 
Check for a huge brush enclosing the coordinates above that has contents CONTENTS_SOLID 
Candidate brush IDs: 


FindPortalSide: Couldn't find a good match for which brush to assign to a portal near (9096.0 9216.0 -1712.0)
Leaf 0 contents: CONTENTS_SOLID 
Leaf 1 contents: 
viscontents (node 0 contents ^ node 1 contents): CONTENTS_SOLID 
This means that none of the brushes in leaf 0 or 1 that touches the portal has CONTENTS_SOLID 
Check for a huge brush enclosing the coordinates above that has contents CONTENTS_SOLID 
Candidate brush IDs: 


FindPortalSide: Couldn't find a good match for which brush to assign to a portal near (8704.0 9216.0 -2248.0)
Leaf 0 contents: CONTENTS_SOLID 
Leaf 1 contents: 
viscontents (node 0 contents ^ node 1 contents): CONTENTS_SOLID 
This means that none of the brushes in leaf 0 or 1 that touches the portal has CONTENTS_SOLID 
Check for a huge brush enclosing the coordinates above that has contents CONTENTS_SOLID 
Candidate brush IDs: 


FindPortalSide: Couldn't find a good match for which brush to assign to a portal near (9096.0 9216.0 -1478.0)
Leaf 0 contents: CONTENTS_SOLID 
Leaf 1 contents: 
viscontents (node 0 contents ^ node 1 contents): CONTENTS_SOLID 
This means that none of the brushes in leaf 0 or 1 that touches the portal has CONTENTS_SOLID 
Check for a huge brush enclosing the coordinates above that has contents CONTENTS_SOLID 
Candidate brush IDs: 


FindPortalSide: Couldn't find a good match for which brush to assign to a portal near (8284.0 9216.0 -460.0)
Leaf 0 contents: CONTENTS_SOLID 
Leaf 1 contents: 
viscontents (node 0 contents ^ node 1 contents): CONTENTS_SOLID 
This means that none of the brushes in leaf 0 or 1 that touches the portal has CONTENTS_SOLID 
Check for a huge brush enclosing the coordinates above that has contents CONTENTS_SOLID 
Candidate brush IDs: 


FindPortalSide: Couldn't find a good match for which brush to assign to a portal near (8660.0 9216.0 -460.0)
Leaf 0 contents: CONTENTS_SOLID 
Leaf 1 contents: 
viscontents (node 0 contents ^ node 1 contents): CONTENTS_SOLID 
This means that none of the brushes in leaf 0 or 1 that touches the portal has CONTENTS_SOLID 
Check for a huge brush enclosing the coordinates above that has contents CONTENTS_SOLID 
Candidate brush IDs: 


FindPortalSide: Couldn't find a good match for which brush to assign to a portal near (9096.0 9216.0 -866.0)
Leaf 0 contents: CONTENTS_SOLID 
Leaf 1 contents: 
viscontents (node 0 contents ^ node 1 contents): CONTENTS_SOLID 
This means that none of the brushes in leaf 0 or 1 that touches the portal has CONTENTS_SOLID 
Check for a huge brush enclosing the coordinates above that has contents CONTENTS_SOLID 
Candidate brush IDs: 

*** Suppressing further FindPortalSide errors.... ***
Processing areas...done (0)
Building Faces...done (0)
Chop Details...done (0)
Find Visible Detail Sides...done (0)
Merging details...done (0)
FixTjuncs...
PruneNodes...
WriteBSP...
done (0)
Creating default LDR cubemaps for env_cubemap using skybox materials:
   skybox/sky_borealis01*.vmt
 ! Run buildcubemaps in the engine to get the correct cube maps.
Creating default HDR cubemaps for env_cubemap using skybox materials:
   skybox/sky_borealis01*.vmt
 ! Run buildcubemaps in the engine to get the correct cube maps.
Finding displacement neighbors...
Finding lightmap sample positions...
Displacement Alpha : 0...1...2...3...4...5...6...7...8...9...10
Building Physics collision data...
done (1) (278587 bytes)
Placing detail props : 0...1...2...3...4...5...6...7...8...9...10
Compacting texture/material tables...
Reduced 822 texinfos to 759
Reduced 10 texdatas to 10 (222 bytes to 222)
Writing D:\Art\Level Design\Momentum Mod\github\019ports\df_nood_inder\df_nood_inder.bsp
MSG_FILEWRITE - Filesystem was asked to write to 'D:\Art\Level Design\Momentum Mod\github\019ports\df_nood_inder\df_nood_inder.bsp', but we don't own that location. Allowing.
Wrote ZIP buffer, estimated size 86976, actual size 86762
1 minute, 36 seconds elapsed



materialPath: E:\Juegos\SteamWin\steamapps\common\Team Fortress 2\tf\materials
Loading D:\Art\Level Design\Momentum Mod\github\019ports\df_nood_inder\df_nood_inder.vmf



materialPath: E:\Juegos\SteamWin\steamapps\common\Team Fortress 2\tf\materials
Loading D:\Art\Level Design\Momentum Mod\github\019ports\df_nood_inder\df_nood_inder.vmf



materialPath: E:\Juegos\SteamWin\steamapps\common\Team Fortress 2\tf\materials
Loading D:\Art\Level Design\Momentum Mod\github\019ports\df_nood_inder\df_nood_inder.vmf
ConVarRef mat_reduceparticles doesn't point to an existing ConVar
fixing up env_cubemap materials on brush sides...
0...1...2...3...4...5...6...7...8...9...10**** leaked ****
Entity target_checkpoint (8136.00 3056.00 -1984.00) leaked!

FindPortalSide: Couldn't find a good match for which brush to assign to a portal near (8552.0 9216.0 -1712.0)
Leaf 0 contents: CONTENTS_SOLID 
Leaf 1 contents: 
viscontents (node 0 contents ^ node 1 contents): CONTENTS_SOLID 
This means that none of the brushes in leaf 0 or 1 that touches the portal has CONTENTS_SOLID 
Check for a huge brush enclosing the coordinates above that has contents CONTENTS_SOLID 
Candidate brush IDs: 


FindPortalSide: Couldn't find a good match for which brush to assign to a portal near (8944.0 9216.0 -1712.0)
Leaf 0 contents: CONTENTS_SOLID 
Leaf 1 contents: 
viscontents (node 0 contents ^ node 1 contents): CONTENTS_SOLID 
This means that none of the brushes in leaf 0 or 1 that touches the portal has CONTENTS_SOLID 
Check for a huge brush enclosing the coordinates above that has contents CONTENTS_SOLID 
Candidate brush IDs: 


FindPortalSide: Couldn't find a good match for which brush to assign to a portal near (9096.0 9216.0 -1712.0)
Leaf 0 contents: CONTENTS_SOLID 
Leaf 1 contents: 
viscontents (node 0 contents ^ node 1 contents): CONTENTS_SOLID 
This means that none of the brushes in leaf 0 or 1 that touches the portal has CONTENTS_SOLID 
Check for a huge brush enclosing the coordinates above that has contents CONTENTS_SOLID 
Candidate brush IDs: 


FindPortalSide: Couldn't find a good match for which brush to assign to a portal near (8704.0 9216.0 -2248.0)
Leaf 0 contents: CONTENTS_SOLID 
Leaf 1 contents: 
viscontents (node 0 contents ^ node 1 contents): CONTENTS_SOLID 
This means that none of the brushes in leaf 0 or 1 that touches the portal has CONTENTS_SOLID 
Check for a huge brush enclosing the coordinates above that has contents CONTENTS_SOLID 
Candidate brush IDs: 


FindPortalSide: Couldn't find a good match for which brush to assign to a portal near (9096.0 9216.0 -1478.0)
Leaf 0 contents: CONTENTS_SOLID 
Leaf 1 contents: 
viscontents (node 0 contents ^ node 1 contents): CONTENTS_SOLID 
This means that none of the brushes in leaf 0 or 1 that touches the portal has CONTENTS_SOLID 
Check for a huge brush enclosing the coordinates above that has contents CONTENTS_SOLID 
Candidate brush IDs: 


FindPortalSide: Couldn't find a good match for which brush to assign to a portal near (8284.0 9216.0 -460.0)
Leaf 0 contents: CONTENTS_SOLID 
Leaf 1 contents: 
viscontents (node 0 contents ^ node 1 contents): CONTENTS_SOLID 
This means that none of the brushes in leaf 0 or 1 that touches the portal has CONTENTS_SOLID 
Check for a huge brush enclosing the coordinates above that has contents CONTENTS_SOLID 
Candidate brush IDs: 


FindPortalSide: Couldn't find a good match for which brush to assign to a portal near (8660.0 9216.0 -460.0)
Leaf 0 contents: CONTENTS_SOLID 
Leaf 1 contents: 
viscontents (node 0 contents ^ node 1 contents): CONTENTS_SOLID 
This means that none of the brushes in leaf 0 or 1 that touches the portal has CONTENTS_SOLID 
Check for a huge brush enclosing the coordinates above that has contents CONTENTS_SOLID 
Candidate brush IDs: 


FindPortalSide: Couldn't find a good match for which brush to assign to a portal near (9096.0 9216.0 -866.0)
Leaf 0 contents: CONTENTS_SOLID 
Leaf 1 contents: 
viscontents (node 0 contents ^ node 1 contents): CONTENTS_SOLID 
This means that none of the brushes in leaf 0 or 1 that touches the portal has CONTENTS_SOLID 
Check for a huge brush enclosing the coordinates above that has contents CONTENTS_SOLID 
Candidate brush IDs: 

*** Suppressing further FindPortalSide errors.... ***
Processing areas...done (0)
Building Faces...done (0)
Chop Details...done (0)
Find Visible Detail Sides...done (0)
Merging details...done (0)
FixTjuncs...
PruneNodes...
WriteBSP...
done (0)
Creating default LDR cubemaps for env_cubemap using skybox materials:
   skybox/sky_borealis01*.vmt
 ! Run buildcubemaps in the engine to get the correct cube maps.
Creating default HDR cubemaps for env_cubemap using skybox materials:
   skybox/sky_borealis01*.vmt
 ! Run buildcubemaps in the engine to get the correct cube maps.
Finding displacement neighbors...
Finding lightmap sample positions...
Displacement Alpha : 0...1...2...3...4...5...6...7...8...9...10
Building Physics collision data...
done (0) (278587 bytes)
Placing detail props : 0...1...2...3...4...5...6...7...8...9...10
Compacting texture/material tables...
Reduced 822 texinfos to 759
Reduced 10 texdatas to 10 (222 bytes to 222)
Writing D:\Art\Level Design\Momentum Mod\github\019ports\df_nood_inder\df_nood_inder.bsp
MSG_FILEWRITE - Filesystem was asked to write to 'D:\Art\Level Design\Momentum Mod\github\019ports\df_nood_inder\df_nood_inder.bsp', but we don't own that location. Allowing.
Wrote ZIP buffer, estimated size 86976, actual size 86762
1 minute, 11 seconds elapsed



12 threads
reading d:\art\level design\momentum mod\github\019ports\df_nood_inder\df_nood_inder.bsp
reading d:\art\level design\momentum mod\github\019ports\df_nood_inder\df_nood_inder.prt
LoadPortals: couldn't read d:\art\level design\momentum mod\github\019ports\df_nood_inder\df_nood_inder.prt



[Reading texlights from 'lights.rad']
[56 texlights parsed from 'lights.rad']

Loading d:\art\level design\momentum mod\github\019ports\df_nood_inder\df_nood_inder.bsp
No vis information, direct lighting only.
5069 faces
2547322 square feet [366814464.00 square inches]
0 Displacements
0 Square Feet [0.00 Square Inches]
0 direct lights
0...1...2...3...4...5...6...7...8...9...10Build Patch/Sample Hash Table(s).....Done<0.0814 sec>
0...1...2...3...4...5...6...7...8...9...10FinalLightFace Done
0 of 0 (0% of) surface lights went in leaf ambient cubes.
0...1...2...3...4...5...6..


materialPath: E:\Juegos\SteamWin\steamapps\common\Team Fortress 2\tf\materials
Loading D:\Art\Level Design\Momentum Mod\github\019ports\df_nood_inder\df_nood_inder.vmf
ConVarRef mat_reduceparticles doesn't point to an existing ConVar
fixing up env_cubemap materials on brush sides...
0...1...2...3...4...5...6...7...8...9...10**** leaked ****
Entity target_checkpoint (8136.00 3056.00 -1984.00) leaked!

FindPortalSide: Couldn't find a good match for which brush to assign to a portal near (8552.0 9216.0 -1712.0)
Leaf 0 contents: CONTENTS_SOLID 
Leaf 1 contents: 
viscontents (node 0 contents ^ node 1 contents): CONTENTS_SOLID 
This means that none of the brushes in leaf 0 or 1 that touches the portal has CONTENTS_SOLID 
Check for a huge brush enclosing the coordinates above that has contents CONTENTS_SOLID 
Candidate brush IDs: 


FindPortalSide: Couldn't find a good match for which brush to assign to a portal near (8944.0 9216.0 -1712.0)
Leaf 0 contents: CONTENTS_SOLID 
Leaf 1 contents: 
viscontents (node 0 contents ^ node 1 contents): CONTENTS_SOLID 
This means that none of the brushes in leaf 0 or 1 that touches the portal has CONTENTS_SOLID 
Check for a huge brush enclosing the coordinates above that has contents CONTENTS_SOLID 
Candidate brush IDs: 


FindPortalSide: Couldn't find a good match for which brush to assign to a portal near (9096.0 9216.0 -1712.0)
Leaf 0 contents: CONTENTS_SOLID 
Leaf 1 contents: 
viscontents (node 0 contents ^ node 1 contents): CONTENTS_SOLID 
This means that none of the brushes in leaf 0 or 1 that touches the portal has CONTENTS_SOLID 
Check for a huge brush enclosing the coordinates above that has contents CONTENTS_SOLID 
Candidate brush IDs: 


FindPortalSide: Couldn't find a good match for which brush to assign to a portal near (8704.0 9216.0 -2248.0)
Leaf 0 contents: CONTENTS_SOLID 
Leaf 1 contents: 
viscontents (node 0 contents ^ node 1 contents): CONTENTS_SOLID 
This means that none of the brushes in leaf 0 or 1 that touches the portal has CONTENTS_SOLID 
Check for a huge brush enclosing the coordinates above that has contents CONTENTS_SOLID 
Candidate brush IDs: 


FindPortalSide: Couldn't find a good match for which brush to assign to a portal near (9096.0 9216.0 -1478.0)
Leaf 0 contents: CONTENTS_SOLID 
Leaf 1 contents: 
viscontents (node 0 contents ^ node 1 contents): CONTENTS_SOLID 
This means that none of the brushes in leaf 0 or 1 that touches the portal has CONTENTS_SOLID 
Check for a huge brush enclosing the coordinates above that has contents CONTENTS_SOLID 
Candidate brush IDs: 


FindPortalSide: Couldn't find a good match for which brush to assign to a portal near (8284.0 9216.0 -460.0)
Leaf 0 contents: CONTENTS_SOLID 
Leaf 1 contents: 
viscontents (node 0 contents ^ node 1 contents): CONTENTS_SOLID 
This means that none of the brushes in leaf 0 or 1 that touches the portal has CONTENTS_SOLID 
Check for a huge brush enclosing the coordinates above that has contents CONTENTS_SOLID 
Candidate brush IDs: 


FindPortalSide: Couldn't find a good match for which brush to assign to a portal near (8660.0 9216.0 -460.0)
Leaf 0 contents: CONTENTS_SOLID 
Leaf 1 contents: 
viscontents (node 0 contents ^ node 1 contents): CONTENTS_SOLID 
This means that none of the brushes in leaf 0 or 1 that touches the portal has CONTENTS_SOLID 
Check for a huge brush enclosing the coordinates above that has contents CONTENTS_SOLID 
Candidate brush IDs: 


FindPortalSide: Couldn't find a good match for which brush to assign to a portal near (9096.0 9216.0 -866.0)
Leaf 0 contents: CONTENTS_SOLID 
Leaf 1 contents: 
viscontents (node 0 contents ^ node 1 contents): CONTENTS_SOLID 
This means that none of the brushes in leaf 0 or 1 that touches the portal has CONTENTS_SOLID 
Check for a huge brush enclosing the coordinates above that has contents CONTENTS_SOLID 
Candidate brush IDs: 

*** Suppressing further FindPortalSide errors.... ***
Processing areas...done (0)
Building Faces...done (0)
Chop Details...done (0)
Find Visible Detail Sides...done (0)
Merging details...done (0)
FixTjuncs...
PruneNodes...
WriteBSP...
done (0)
Creating default LDR cubemaps for env_cubemap using skybox materials:
   skybox/sky_borealis01*.vmt
 ! Run buildcubemaps in the engine to get the correct cube maps.
Creating default HDR cubemaps for env_cubemap using skybox materials:
   skybox/sky_borealis01*.vmt
 ! Run buildcubemaps in the engine to get the correct cube maps.
Finding displacement neighbors...
Finding lightmap sample positions...
Displacement Alpha : 0...1...2...3...4...5...6...7...8...9...10
Building Physics collision data...
done (1) (278587 bytes)
Placing detail props : 0...1...2...3...4...5...6...7...8...9...10
Compacting texture/material tables...
Reduced 822 texinfos to 759
Reduced 10 texdatas to 10 (222 bytes to 222)
Writing D:\Art\Level Design\Momentum Mod\github\019ports\df_nood_inder\df_nood_inder.bsp
MSG_FILEWRITE - Filesystem was asked to write to 'D:\Art\Level Design\Momentum Mod\github\019ports\df_nood_inder\df_nood_inder.bsp', but we don't own that location. Allowing.
Wrote ZIP buffer, estimated size 86976, actual size 86762
1 second elapsed



12 threads
reading d:\art\level design\momentum mod\github\019ports\df_nood_inder\df_nood_inder.bsp
reading d:\art\level design\momentum mod\github\019ports\df_nood_inder\df_nood_inder.prt
LoadPortals: couldn't read d:\art\level design\momentum mod\github\019ports\df_nood_inder\df_nood_inder.prt



[Reading texlights from 'lights.rad']
[56 texlights parsed from 'lights.rad']

Loading d:\art\level design\momentum mod\github\019ports\df_nood_inder\df_nood_inder.bsp
No vis information, direct lighting only.
5038 faces
2547323 square feet [366814528.00 square inches]
0 Displacements
0 Square Feet [0.00 Square Inches]
0 direct lights
0...1...2...3...4...5...6...7...8...9...10Build Patch/Sample Hash Table(s).....Done<0.0810 sec>
0...1...2...3...4...5...6...7...8...9...10FinalLightFace Done
0 of 0 (0% of) surface lights went in leaf ambient cubes.
0...1...2...3...4...5...6...7...8...9...10Writing leaf ambient...done
Ready to Finish

Object names       Objects/Maxobjs  Memory / Maxmem  Fullness 
------------       ---------------  ---------------  -------- 
models                  23/1024         1104/49152    ( 2.2%) 
brushes                786/8192         9432/98304    ( 9.6%) 
brushsides            5550/65536       44400/524288   ( 8.5%) 
planes                2918/65536       58360/1310720  ( 4.5%) 
vertexes              8717/65536      104604/786432   (13.3%) 
nodes                 4422/65536      141504/2097152  ( 6.7%) 
texinfos               759/12288       54648/884736   ( 6.2%) 
texdata                 10/2048          320/65536    ( 0.5%) 
dispinfos                0/0               0/0        ( 0.0%) 
disp_verts               0/0               0/0        ( 0.0%) 
disp_tris                0/0               0/0        ( 0.0%) 
disp_lmsamples           0/0               0/0        ( 0.0%) 
faces                 5038/65536      282128/3670016  ( 7.7%) 
hdr faces                0/65536           0/3670016  ( 0.0%) 
origfaces             1406/65536       78736/3670016  ( 2.1%) 
leaves                4446/65536      142272/2097152  ( 6.8%) 
leaffaces             6002/65536       12004/131072   ( 9.2%) 
leafbrushes           2273/65536        4546/131072   ( 3.5%) 
areas                    3/256            24/2048     ( 1.2%) 
surfedges            28589/512000     114356/2048000  ( 5.6%) 
edges                15762/256000      63048/1024000  ( 6.2%) 
LDR worldlights          0/8192            0/720896   ( 0.0%) 
HDR worldlights          0/8192            0/720896   ( 0.0%) 
leafwaterdata            0/32768           0/393216   ( 0.0%) 
waterstrips            408/32768        4080/327680   ( 1.2%) 
waterverts               0/65536           0/786432   ( 0.0%) 
waterindices          5673/65536       11346/131072   ( 8.7%) 
cubemapsamples           0/1024            0/16384    ( 0.0%) 
overlays                 0/512             0/180224   ( 0.0%) 
LDR lightdata         [variable]     5710860/0        ( 0.0%) 
HDR lightdata         [variable]           0/0        ( 0.0%) 
visdata               [variable]           0/16777216 ( 0.0%) 
entdata               [variable]        7541/393216   ( 1.9%) 
LDR ambient table     4446/65536       17784/262144   ( 6.8%) 
HDR ambient table     4446/65536       17784/262144   ( 6.8%) 
LDR leaf ambient      2337/65536       65436/1835008  ( 3.6%) 
HDR leaf ambient      4446/65536      124488/1835008  ( 6.8%) 
occluders                0/0               0/0        ( 0.0%) 
occluder polygons        0/0               0/0        ( 0.0%) 
occluder vert ind        0/0               0/0        ( 0.0%) 
detail props          [variable]           1/12       ( 8.3%) 
static props          [variable]           1/12       ( 8.3%) 
pakfile               [variable]       86762/0        ( 0.0%) 
physics               [variable]      278587/4194304  ( 6.6%) 
physics terrain       [variable]           2/1048576  ( 0.0%) 

Level flags = 0

Total triangle count: 12907
Writing d:\art\level design\momentum mod\github\019ports\df_nood_inder\df_nood_inder.bsp
5 seconds elapsed



materialPath: E:\Juegos\SteamWin\steamapps\common\Team Fortress 2\tf\materials
Loading D:\Art\Level Design\Momentum Mod\github\019ports\df_nood_inder\df_nood_inder.vmf
ConVarRef mat_reduceparticles doesn't point to an existing ConVar
fixing up env_cubemap materials on brush sides...
0...1...2...3...4...5...6...7...8...9...100...1...2...3...4...5...6...7...8...9...10Processing areas...done (0)
Building Faces...done (0)
Chop Details...done (0)
Find Visible Detail Sides...done (0)
Merging details...done (0)
FixTjuncs...
PruneNodes...
WriteBSP...
done (0)
writing D:\Art\Level Design\Momentum Mod\github\019ports\df_nood_inder\df_nood_inder.prt...Building visibility clusters...
done (1)
Creating default LDR cubemaps for env_cubemap using skybox materials:
   skybox/sky_borealis01*.vmt
 ! Run buildcubemaps in the engine to get the correct cube maps.
Creating default HDR cubemaps for env_cubemap using skybox materials:
   skybox/sky_borealis01*.vmt
 ! Run buildcubemaps in the engine to get the correct cube maps.
Finding displacement neighbors...
Finding lightmap sample positions...
Displacement Alpha : 0...1...2...3...4...5...6...7...8...9...10
Building Physics collision data...
done (0) (278459 bytes)
Placing detail props : 0...1...2...3...4...5...6...7...8...9...10
Compacting texture/material tables...
Reduced 822 texinfos to 757
Reduced 10 texdatas to 10 (222 bytes to 222)
Writing D:\Art\Level Design\Momentum Mod\github\019ports\df_nood_inder\df_nood_inder.bsp
MSG_FILEWRITE - Filesystem was asked to write to 'D:\Art\Level Design\Momentum Mod\github\019ports\df_nood_inder\df_nood_inder.bsp', but we don't own that location. Allowing.
Wrote ZIP buffer, estimated size 86976, actual size 86762
1 second elapsed



12 threads
reading d:\art\level design\momentum mod\github\019ports\df_nood_inder\df_nood_inder.bsp
reading d:\art\level design\momentum mod\github\019ports\df_nood_inder\df_nood_inder.prt
 730 portalclusters
1843 numportals
0...1...2...3...4...5...6...7...8...9...10Optimized: 9551 visible clusters (4.47%)
Total clusters visible: 213569
Average clusters visible: 292
Building PAS...
Average clusters audible: 531
visdatasize:101372  compressed from 140160
writing d:\art\level design\momentum mod\github\019ports\df_nood_inder\df_nood_inder.bsp
MSG_FILEWRITE - Filesystem was asked to write to 'd:\art\level design\momentum mod\github\019ports\df_nood_inder\df_nood_inder.bsp', but we don't own that location. Allowing.
1 second elapsed



[Reading texlights from 'lights.rad']
[56 texlights parsed from 'lights.rad']

Loading d:\art\level design\momentum mod\github\019ports\df_nood_inder\df_nood_inder.bsp
4916 faces
1 degenerate faces
2499346 square feet [359905920.00 square inches]
0 Displacements
0 Square Feet [0.00 Square Inches]
4915 patches before subdivision
4915 patches after subdivision
0 direct lights
0...1...2...3...4...5...6...7...8...9...100...1...2...3...4...5...6...7...8...9...10transfers 1283366, max 856
transfer lists:   9.8 megs
0...1...2...3...4...5...6...7...8...9...10	Bounce #1 added RGB(0, 0, 0)
Build Patch/Sample Hash Table(s).....Done<0.0746 sec>
0...1...2...3...4...5...6...7...8...9...10FinalLightFace Done
0 of 0 (0% of) surface lights went in leaf ambient cubes.
0...1...2...3...4...5...6...7...8...9...10Writing leaf ambient...done
Ready to Finish

Object names       Objects/Maxobjs  Memory / Maxmem  Fullness 
------------       ---------------  ---------------  -------- 
models                  23/1024         1104/49152    ( 2.2%) 
brushes                786/8192         9432/98304    ( 9.6%) 
brushsides            5550/65536       44400/524288   ( 8.5%) 
planes                2916/65536       58320/1310720  ( 4.4%) 
vertexes              7032/65536       84384/786432   (10.7%) 
nodes                 2147/65536       68704/2097152  ( 3.3%) 
texinfos               757/12288       54504/884736   ( 6.2%) 
texdata                 10/2048          320/65536    ( 0.5%) 
dispinfos                0/0               0/0        ( 0.0%) 
disp_verts               0/0               0/0        ( 0.0%) 
disp_tris                0/0               0/0        ( 0.0%) 
disp_lmsamples           0/0               0/0        ( 0.0%) 
faces                 4916/65536      275296/3670016  ( 7.5%) 
hdr faces                0/65536           0/3670016  ( 0.0%) 
origfaces             1372/65536       76832/3670016  ( 2.1%) 
leaves                2171/65536       69472/2097152  ( 3.3%) 
leaffaces             5512/65536       11024/131072   ( 8.4%) 
leafbrushes           2511/65536        5022/131072   ( 3.8%) 
areas                    3/256            24/2048     ( 1.2%) 
surfedges            27963/512000     111852/2048000  ( 5.5%) 
edges                15297/256000      61188/1024000  ( 6.0%) 
LDR worldlights          0/8192            0/720896   ( 0.0%) 
HDR worldlights          0/8192            0/720896   ( 0.0%) 
leafwaterdata            0/32768           0/393216   ( 0.0%) 
waterstrips            336/32768        3360/327680   ( 1.0%) 
waterverts               0/65536           0/786432   ( 0.0%) 
waterindices          4656/65536        9312/131072   ( 7.1%) 
cubemapsamples           0/1024            0/16384    ( 0.0%) 
overlays                 0/512             0/180224   ( 0.0%) 
LDR lightdata         [variable]     5619040/0        ( 0.0%) 
HDR lightdata         [variable]           0/0        ( 0.0%) 
visdata               [variable]      101372/16777216 ( 0.6%) 
entdata               [variable]        7541/393216   ( 1.9%) 
LDR ambient table     2171/65536        8684/262144   ( 3.3%) 
HDR ambient table     2171/65536        8684/262144   ( 3.3%) 
LDR leaf ambient       877/65536       24556/1835008  ( 1.3%) 
HDR leaf ambient      2171/65536       60788/1835008  ( 3.3%) 
occluders                0/0               0/0        ( 0.0%) 
occluder polygons        0/0               0/0        ( 0.0%) 
occluder vert ind        0/0               0/0        ( 0.0%) 
detail props          [variable]           1/12       ( 8.3%) 
static props          [variable]           1/12       ( 8.3%) 
pakfile               [variable]       86762/0        ( 0.0%) 
physics               [variable]      278459/4194304  ( 6.6%) 
physics terrain       [variable]           2/1048576  ( 0.0%) 

Level flags = 0

Total triangle count: 12661
Writing d:\art\level design\momentum mod\github\019ports\df_nood_inder\df_nood_inder.bsp
7 seconds elapsed



materialPath: E:\Juegos\SteamWin\steamapps\common\Team Fortress 2\tf\materials
Loading D:\Art\Level Design\Momentum Mod\github\019ports\df_nood_inder\df_nood_inder.vmf
fixing up env_cubemap materials on brush sides...
0...1...2...3...4...5...6...7...8...9...10
FindPortalSide: Couldn't find a good match for which brush to assign to a portal near (6968.0 216.1 -2712.0)
Leaf 0 contents: CONTENTS_SOLID 
Leaf 1 contents: CONTENTS_SOLID CONTENTS_WATER CONTENTS_TRANSLUCENT 
viscontents (node 0 contents ^ node 1 contents): CONTENTS_WATER 
This means that none of the brushes in leaf 0 or 1 that touches the portal has CONTENTS_WATER 
Check for a huge brush enclosing the coordinates above that has contents CONTENTS_WATER 
Candidate brush IDs: Brush 5141: 


FindPortalSide: Couldn't find a good match for which brush to assign to a portal near (6633.2 0.0 -2712.0)
Leaf 0 contents: CONTENTS_SOLID CONTENTS_WATER CONTENTS_TRANSLUCENT 
Leaf 1 contents: CONTENTS_SOLID 
viscontents (node 0 contents ^ node 1 contents): CONTENTS_WATER 
This means that none of the brushes in leaf 0 or 1 that touches the portal has CONTENTS_WATER 
Check for a huge brush enclosing the coordinates above that has contents CONTENTS_WATER 
Candidate brush IDs: Brush 5141: 


FindPortalSide: Couldn't find a good match for which brush to assign to a portal near (6921.2 33.8 -2712.0)
Leaf 0 contents: CONTENTS_SOLID CONTENTS_WATER CONTENTS_TRANSLUCENT 
Leaf 1 contents: CONTENTS_SOLID 
viscontents (node 0 contents ^ node 1 contents): CONTENTS_WATER 
This means that none of the brushes in leaf 0 or 1 that touches the portal has CONTENTS_WATER 
Check for a huge brush enclosing the coordinates above that has contents CONTENTS_WATER 
Candidate brush IDs: Brush 5141: 

0...1...2...3...4...5...6...7...8...9...10Processing areas...done (0)
Building Faces...done (0)
Chop Details...done (0)
Find Visible Detail Sides...done (0)
Merging details...done (0)
FixTjuncs...
PruneNodes...
WriteBSP...
done (0)
writing D:\Art\Level Design\Momentum Mod\github\019ports\df_nood_inder\df_nood_inder.prt...Building visibility clusters...
done (0)
Creating default LDR cubemaps for env_cubemap using skybox materials:
   skybox/sky_borealis01*.vmt
 ! Run buildcubemaps in the engine to get the correct cube maps.
Creating default HDR cubemaps for env_cubemap using skybox materials:
   skybox/sky_borealis01*.vmt
 ! Run buildcubemaps in the engine to get the correct cube maps.
Finding displacement neighbors...
Finding lightmap sample positions...
Displacement Alpha : 0...1...2...3...4...5...6...7...8...9...10
Building Physics collision data...
done (0) (289745 bytes)
Placing detail props : 0...1...2...3...4...5...6...7...8...9...10
Water found with no water_lod_control entity, creating a default one.
Compacting texture/material tables...
Reduced 879 texinfos to 821
Reduced 27 texdatas to 12 (963 bytes to 273)
Writing D:\Art\Level Design\Momentum Mod\github\019ports\df_nood_inder\df_nood_inder.bsp
MSG_FILEWRITE - Filesystem was asked to write to 'D:\Art\Level Design\Momentum Mod\github\019ports\df_nood_inder\df_nood_inder.bsp', but we don't own that location. Allowing.
Wrote ZIP buffer, estimated size 180860, actual size 178234
1 second elapsed



12 threads
reading d:\art\level design\momentum mod\github\019ports\df_nood_inder\df_nood_inder.bsp
reading d:\art\level design\momentum mod\github\019ports\df_nood_inder\df_nood_inder.prt
 926 portalclusters
2302 numportals
0...1...2...3...4...5...6...7...8...9...10Optimized: 27501 visible clusters (8.37%)
Total clusters visible: 328559
Average clusters visible: 354
Building PAS...
Average clusters audible: 659
visdatasize:157147  compressed from 222240
writing d:\art\level design\momentum mod\github\019ports\df_nood_inder\df_nood_inder.bsp
MSG_FILEWRITE - Filesystem was asked to write to 'd:\art\level design\momentum mod\github\019ports\df_nood_inder\df_nood_inder.bsp', but we don't own that location. Allowing.
0 seconds elapsed



[Reading texlights from 'lights.rad']
[56 texlights parsed from 'lights.rad']

Loading d:\art\level design\momentum mod\github\019ports\df_nood_inder\df_nood_inder.bsp
5805 faces
1 degenerate faces
2667364 square feet [384100480.00 square inches]
0 Displacements
0 Square Feet [0.00 Square Inches]
5804 patches before subdivision
5804 patches after subdivision
0 direct lights
0...1...2...3...4...5...6...7...8...9...100...1...2...3...4...5...6...7...8...9...10transfers 1481278, max 911
transfer lists:  11.3 megs
0...1...2...3...4...5...6...7...8...9...10	Bounce #1 added RGB(0, 0, 0)
Build Patch/Sample Hash Table(s).....Done<0.0922 sec>
0...1...2...3...4...5...6...7...8...9...10FinalLightFace Done
0 of 0 (0% of) surface lights went in leaf ambient cubes.
0...1...2...3...4...5...6...7...8...9...10Writing leaf ambient...done
Ready to Finish

Object names       Objects/Maxobjs  Memory / Maxmem  Fullness 
------------       ---------------  ---------------  -------- 
models                  23/1024         1104/49152    ( 2.2%) 
brushes                786/8192         9432/98304    ( 9.6%) 
brushsides            5550/65536       44400/524288   ( 8.5%) 
planes                2916/65536       58320/1310720  ( 4.4%) 
vertexes              7638/65536       91656/786432   (11.7%) 
nodes                 2571/65536       82272/2097152  ( 3.9%) 
texinfos               821/12288       59112/884736   ( 6.7%) 
texdata                 12/2048          384/65536    ( 0.6%) 
dispinfos                0/0               0/0        ( 0.0%) 
disp_verts               0/0               0/0        ( 0.0%) 
disp_tris                0/0               0/0        ( 0.0%) 
disp_lmsamples           0/0               0/0        ( 0.0%) 
faces                 5805/65536      325080/3670016  ( 8.9%) 
hdr faces                0/65536           0/3670016  ( 0.0%) 
origfaces             1457/65536       81592/3670016  ( 2.2%) 
leaves                2595/65536       83040/2097152  ( 4.0%) 
leaffaces             6468/65536       12936/131072   ( 9.9%) 
leafbrushes           2954/65536        5908/131072   ( 4.5%) 
areas                    3/256            24/2048     ( 1.2%) 
surfedges            32410/512000     129640/2048000  ( 6.3%) 
edges                17716/256000      70864/1024000  ( 6.9%) 
LDR worldlights          0/8192            0/720896   ( 0.0%) 
HDR worldlights          0/8192            0/720896   ( 0.0%) 
leafwaterdata           31/32768         372/393216   ( 0.1%) 
waterstrips            428/32768        4280/327680   ( 1.3%) 
waterverts               0/65536           0/786432   ( 0.0%) 
waterindices          6000/65536       12000/131072   ( 9.2%) 
cubemapsamples           0/1024            0/16384    ( 0.0%) 
overlays                 0/512             0/180224   ( 0.0%) 
LDR lightdata         [variable]     6001676/0        ( 0.0%) 
HDR lightdata         [variable]           0/0        ( 0.0%) 
visdata               [variable]      157147/16777216 ( 0.9%) 
entdata               [variable]        7641/393216   ( 1.9%) 
LDR ambient table     2595/65536       10380/262144   ( 4.0%) 
HDR ambient table     2595/65536       10380/262144   ( 4.0%) 
LDR leaf ambient      1073/65536       30044/1835008  ( 1.6%) 
HDR leaf ambient      2595/65536       72660/1835008  ( 4.0%) 
occluders                0/0               0/0        ( 0.0%) 
occluder polygons        0/0               0/0        ( 0.0%) 
occluder vert ind        0/0               0/0        ( 0.0%) 
detail props          [variable]           1/12       ( 8.3%) 
static props          [variable]           1/12       ( 8.3%) 
pakfile               [variable]      178234/0        ( 0.0%) 
physics               [variable]      289745/4194304  ( 6.9%) 
physics terrain       [variable]           2/1048576  ( 0.0%) 

Level flags = 0

Total triangle count: 14993
Writing d:\art\level design\momentum mod\github\019ports\df_nood_inder\df_nood_inder.bsp
4 seconds elapsed



materialPath: E:\Juegos\SteamWin\steamapps\common\Team Fortress 2\tf\materials
Loading D:\Art\Level Design\Momentum Mod\github\019ports\df_nood_inder\df_nood_inder.vmf
ConVarRef mat_reduceparticles doesn't point to an existing ConVar
fixing up env_cubemap materials on brush sides...
0...1...2...3...4...5...6...7...8...9...100...1...2...3...4...5...6...7...8...9...10Processing areas...done (0)
Building Faces...done (0)
Chop Details...done (0)
Find Visible Detail Sides...done (0)
Merging details...done (0)
FixTjuncs...
PruneNodes...
WriteBSP...
done (0)
writing D:\Art\Level Design\Momentum Mod\github\019ports\df_nood_inder\df_nood_inder.prt...Building visibility clusters...
done (0)
Creating default LDR cubemaps for env_cubemap using skybox materials:
   skybox/sky_borealis01*.vmt
 ! Run buildcubemaps in the engine to get the correct cube maps.
Creating default HDR cubemaps for env_cubemap using skybox materials:
   skybox/sky_borealis01*.vmt
 ! Run buildcubemaps in the engine to get the correct cube maps.
Finding displacement neighbors...
Finding lightmap sample positions...
Displacement Alpha : 0...1...2...3...4...5...6...7...8...9...10
Building Physics collision data...
done (0) (278812 bytes)
Placing detail props : 0...1...2...3...4...5...6...7...8...9...10
Compacting texture/material tables...
Reduced 820 texinfos to 751
Reduced 10 texdatas to 10 (222 bytes to 222)
Writing D:\Art\Level Design\Momentum Mod\github\019ports\df_nood_inder\df_nood_inder.bsp
MSG_FILEWRITE - Filesystem was asked to write to 'D:\Art\Level Design\Momentum Mod\github\019ports\df_nood_inder\df_nood_inder.bsp', but we don't own that location. Allowing.
Wrote ZIP buffer, estimated size 86976, actual size 86762
1 second elapsed



12 threads
reading d:\art\level design\momentum mod\github\019ports\df_nood_inder\df_nood_inder.bsp
reading d:\art\level design\momentum mod\github\019ports\df_nood_inder\df_nood_inder.prt
 734 portalclusters
1858 numportals
0...1...2...3...4...5...6...7...8...9...10Optimized: 9880 visible clusters (4.58%)
Total clusters visible: 215798
Average clusters visible: 294
Building PAS...
Average clusters audible: 534
visdatasize:103614  compressed from 140928
writing d:\art\level design\momentum mod\github\019ports\df_nood_inder\df_nood_inder.bsp
MSG_FILEWRITE - Filesystem was asked to write to 'd:\art\level design\momentum mod\github\019ports\df_nood_inder\df_nood_inder.bsp', but we don't own that location. Allowing.
1 second elapsed



[Reading texlights from 'lights.rad']
[56 texlights parsed from 'lights.rad']

Loading d:\art\level design\momentum mod\github\019ports\df_nood_inder\df_nood_inder.bsp
4927 faces
1 degenerate faces
2499567 square feet [359937664.00 square inches]
0 Displacements
0 Square Feet [0.00 Square Inches]
4926 patches before subdivision
4926 patches after subdivision
0 direct lights
0...1...2...3...4...5...6...7...8...9...100...1...2...3...4...5...6...7...8...9...10transfers 1285048, max 856
transfer lists:   9.8 megs
0...1...2...3...4...5...6...7...8...9...10	Bounce #1 added RGB(0, 0, 0)
Build Patch/Sample Hash Table(s).....Done<0.0746 sec>
0...1...2...3...4...5...6...7...8...9...10FinalLightFace Done
0 of 0 (0% of) surface lights went in leaf ambient cubes.
0...1...2...3...4...5...6...7...8...9...10Writing leaf ambient...done
Ready to Finish

Object names       Objects/Maxobjs  Memory / Maxmem  Fullness 
------------       ---------------  ---------------  -------- 
models                  24/1024         1152/49152    ( 2.3%) 
brushes                786/8192         9432/98304    ( 9.6%) 
brushsides            5549/65536       44392/524288   ( 8.5%) 
planes                2940/65536       58800/1310720  ( 4.5%) 
vertexes              7049/65536       84588/786432   (10.8%) 
nodes                 2154/65536       68928/2097152  ( 3.3%) 
texinfos               751/12288       54072/884736   ( 6.1%) 
texdata                 10/2048          320/65536    ( 0.5%) 
dispinfos                0/0               0/0        ( 0.0%) 
disp_verts               0/0               0/0        ( 0.0%) 
disp_tris                0/0               0/0        ( 0.0%) 
disp_lmsamples           0/0               0/0        ( 0.0%) 
faces                 4927/65536      275912/3670016  ( 7.5%) 
hdr faces                0/65536           0/3670016  ( 0.0%) 
origfaces             1373/65536       76888/3670016  ( 2.1%) 
leaves                2179/65536       69728/2097152  ( 3.3%) 
leaffaces             5522/65536       11044/131072   ( 8.4%) 
leafbrushes           2498/65536        4996/131072   ( 3.8%) 
areas                    3/256            24/2048     ( 1.2%) 
surfedges            27991/512000     111964/2048000  ( 5.5%) 
edges                15313/256000      61252/1024000  ( 6.0%) 
LDR worldlights          0/8192            0/720896   ( 0.0%) 
HDR worldlights          0/8192            0/720896   ( 0.0%) 
leafwaterdata            0/32768           0/393216   ( 0.0%) 
waterstrips            333/32768        3330/327680   ( 1.0%) 
waterverts               0/65536           0/786432   ( 0.0%) 
waterindices          4545/65536        9090/131072   ( 6.9%) 
cubemapsamples           0/1024            0/16384    ( 0.0%) 
overlays                 0/512             0/180224   ( 0.0%) 
LDR lightdata         [variable]     5614976/0        ( 0.0%) 
HDR lightdata         [variable]           0/0        ( 0.0%) 
visdata               [variable]      103614/16777216 ( 0.6%) 
entdata               [variable]        8229/393216   ( 2.1%) 
LDR ambient table     2179/65536        8716/262144   ( 3.3%) 
HDR ambient table     2179/65536        8716/262144   ( 3.3%) 
LDR leaf ambient       887/65536       24836/1835008  ( 1.4%) 
HDR leaf ambient      2179/65536       61012/1835008  ( 3.3%) 
occluders                0/0               0/0        ( 0.0%) 
occluder polygons        0/0               0/0        ( 0.0%) 
occluder vert ind        0/0               0/0        ( 0.0%) 
detail props          [variable]           1/12       ( 8.3%) 
static props          [variable]           1/12       ( 8.3%) 
pakfile               [variable]       86762/0        ( 0.0%) 
physics               [variable]      278812/4194304  ( 6.6%) 
physics terrain       [variable]           2/1048576  ( 0.0%) 

Level flags = 0

Total triangle count: 12663
Writing d:\art\level design\momentum mod\github\019ports\df_nood_inder\df_nood_inder.bsp
7 seconds elapsed



materialPath: E:\Juegos\SteamWin\steamapps\common\Team Fortress 2\tf\materials
Loading D:\Art\Level Design\Momentum Mod\github\019ports\df_nood_inder\df_nood_inder.vmf
ConVarRef mat_reduceparticles doesn't point to an existing ConVar
fixing up env_cubemap materials on brush sides...
0...1...2...3...4...5...6...7...8...9...100...1...2...3...4...5...6...7...8...9...10Processing areas...done (0)
Building Faces...done (0)
Chop Details...done (0)
Find Visible Detail Sides...done (0)
Merging details...done (0)
FixTjuncs...
PruneNodes...
WriteBSP...
done (0)
writing D:\Art\Level Design\Momentum Mod\github\019ports\df_nood_inder\df_nood_inder.prt...Building visibility clusters...
done (0)
Creating default LDR cubemaps for env_cubemap using skybox materials:
   skybox/sky_borealis01*.vmt
 ! Run buildcubemaps in the engine to get the correct cube maps.
Creating default HDR cubemaps for env_cubemap using skybox materials:
   skybox/sky_borealis01*.vmt
 ! Run buildcubemaps in the engine to get the correct cube maps.
Finding displacement neighbors...
Finding lightmap sample positions...
Displacement Alpha : 0...1...2...3...4...5...6...7...8...9...10
Building Physics collision data...
done (0) (280918 bytes)
Placing detail props : 0...1...2...3...4...5...6...7...8...9...10
Compacting texture/material tables...
Reduced 828 texinfos to 757
Reduced 10 texdatas to 10 (222 bytes to 222)
Writing D:\Art\Level Design\Momentum Mod\github\019ports\df_nood_inder\df_nood_inder.bsp
MSG_FILEWRITE - Filesystem was asked to write to 'D:\Art\Level Design\Momentum Mod\github\019ports\df_nood_inder\df_nood_inder.bsp', but we don't own that location. Allowing.
Wrote ZIP buffer, estimated size 86976, actual size 86762
1 second elapsed



12 threads
reading d:\art\level design\momentum mod\github\019ports\df_nood_inder\df_nood_inder.bsp
reading d:\art\level design\momentum mod\github\019ports\df_nood_inder\df_nood_inder.prt
 731 portalclusters
1850 numportals
0...1...2...3...4...5...6...7...8...9...10Optimized: 9596 visible clusters (4.48%)
Total clusters visible: 214377
Average clusters visible: 293
Building PAS...
Average clusters audible: 532
visdatasize:102927  compressed from 140352
writing d:\art\level design\momentum mod\github\019ports\df_nood_inder\df_nood_inder.bsp
MSG_FILEWRITE - Filesystem was asked to write to 'd:\art\level design\momentum mod\github\019ports\df_nood_inder\df_nood_inder.bsp', but we don't own that location. Allowing.
1 second elapsed



[Reading texlights from 'lights.rad']
[56 texlights parsed from 'lights.rad']

Loading d:\art\level design\momentum mod\github\019ports\df_nood_inder\df_nood_inder.bsp
4953 faces
1 degenerate faces
2500644 square feet [360092800.00 square inches]
0 Displacements
0 Square Feet [0.00 Square Inches]
4952 patches before subdivision
4952 patches after subdivision
2 direct lights
0...1...2...3...4...5...6...7...8...9...100...1...2...3...4...5...6...7...8...9...10transfers 1284441, max 856
transfer lists:   9.8 megs
0...1...2...3...4...5...6...7...8...9...10	Bounce #1 added RGB(299, 142, 61)
0...1...2...3...4...5...6...7...8...9...10	Bounce #2 added RGB(27, 5, 1)
Build Patch/Sample Hash Table(s).....Done<0.0851 sec>
0...1...2...3...4...5...6...7...8...9...10FinalLightFace Done
0 of 0 (0% of) surface lights went in leaf ambient cubes.
0...1...2...3...4...5...6...7...8...9...10Writing leaf ambient...done
Ready to Finish

Object names       Objects/Maxobjs  Memory / Maxmem  Fullness 
------------       ---------------  ---------------  -------- 
models                  24/1024         1152/49152    ( 2.3%) 
brushes                791/8192         9492/98304    ( 9.7%) 
brushsides            5579/65536       44632/524288   ( 8.5%) 
planes                2948/65536       58960/1310720  ( 4.5%) 
vertexes              7079/65536       84948/786432   (10.8%) 
nodes                 2162/65536       69184/2097152  ( 3.3%) 
texinfos               757/12288       54504/884736   ( 6.2%) 
texdata                 10/2048          320/65536    ( 0.5%) 
dispinfos                0/0               0/0        ( 0.0%) 
disp_verts               0/0               0/0        ( 0.0%) 
disp_tris                0/0               0/0        ( 0.0%) 
disp_lmsamples           0/0               0/0        ( 0.0%) 
faces                 4953/65536      277368/3670016  ( 7.6%) 
hdr faces                0/65536           0/3670016  ( 0.0%) 
origfaces             1401/65536       78456/3670016  ( 2.1%) 
leaves                2187/65536       69984/2097152  ( 3.3%) 
leaffaces             5533/65536       11066/131072   ( 8.4%) 
leafbrushes           2524/65536        5048/131072   ( 3.9%) 
areas                    3/256            24/2048     ( 1.2%) 
surfedges            28203/512000     112812/2048000  ( 5.5%) 
edges                15416/256000      61664/1024000  ( 6.0%) 
LDR worldlights          2/8192          176/720896   ( 0.0%) 
HDR worldlights          0/8192            0/720896   ( 0.0%) 
leafwaterdata            0/32768           0/393216   ( 0.0%) 
waterstrips            334/32768        3340/327680   ( 1.0%) 
waterverts               0/65536           0/786432   ( 0.0%) 
waterindices          4563/65536        9126/131072   ( 7.0%) 
cubemapsamples           0/1024            0/16384    ( 0.0%) 
overlays                 0/512             0/180224   ( 0.0%) 
LDR lightdata         [variable]     5613664/0        ( 0.0%) 
HDR lightdata         [variable]           0/0        ( 0.0%) 
visdata               [variable]      102927/16777216 ( 0.6%) 
entdata               [variable]        8475/393216   ( 2.2%) 
LDR ambient table     2187/65536        8748/262144   ( 3.3%) 
HDR ambient table     2187/65536        8748/262144   ( 3.3%) 
LDR leaf ambient      2781/65536       77868/1835008  ( 4.2%) 
HDR leaf ambient      2187/65536       61236/1835008  ( 3.3%) 
occluders                0/0               0/0        ( 0.0%) 
occluder polygons        0/0               0/0        ( 0.0%) 
occluder vert ind        0/0               0/0        ( 0.0%) 
detail props          [variable]           1/12       ( 8.3%) 
static props          [variable]           1/12       ( 8.3%) 
pakfile               [variable]       86762/0        ( 0.0%) 
physics               [variable]      280918/4194304  ( 6.7%) 
physics terrain       [variable]           2/1048576  ( 0.0%) 

Level flags = 0

Total triangle count: 12711
Writing d:\art\level design\momentum mod\github\019ports\df_nood_inder\df_nood_inder.bsp
8 seconds elapsed



materialPath: E:\Juegos\SteamWin\steamapps\common\Team Fortress 2\tf\materials
Loading D:\Art\Level Design\Momentum Mod\github\019ports\df_nood_inder\df_nood_inder.vmf
ConVarRef mat_reduceparticles doesn't point to an existing ConVar
fixing up env_cubemap materials on brush sides...
0...1...2...3...4...5...6...7...8...9...100...1...2...3...4...5...6...7...8...9...10Processing areas...done (0)
Building Faces...done (0)
Chop Details...done (0)
Find Visible Detail Sides...done (0)
Merging details...done (0)
FixTjuncs...
PruneNodes...
WriteBSP...
done (0)
writing D:\Art\Level Design\Momentum Mod\github\019ports\df_nood_inder\df_nood_inder.prt...Building visibility clusters...
done (0)
Creating default LDR cubemaps for env_cubemap using skybox materials:
   skybox/sky_borealis01*.vmt
 ! Run buildcubemaps in the engine to get the correct cube maps.
Creating default HDR cubemaps for env_cubemap using skybox materials:
   skybox/sky_borealis01*.vmt
 ! Run buildcubemaps in the engine to get the correct cube maps.
Finding displacement neighbors...
Finding lightmap sample positions...
Displacement Alpha : 0...1...2...3...4...5...6...7...8...9...10
Building Physics collision data...
done (0) (280918 bytes)
Placing detail props : 0...1...2...3...4...5...6...7...8...9...10
Compacting texture/material tables...
Reduced 828 texinfos to 757
Reduced 10 texdatas to 10 (222 bytes to 222)
Writing D:\Art\Level Design\Momentum Mod\github\019ports\df_nood_inder\df_nood_inder.bsp
MSG_FILEWRITE - Filesystem was asked to write to 'D:\Art\Level Design\Momentum Mod\github\019ports\df_nood_inder\df_nood_inder.bsp', but we don't own that location. Allowing.
Wrote ZIP buffer, estimated size 86976, actual size 86762
1 second elapsed



12 threads
reading d:\art\level design\momentum mod\github\019ports\df_nood_inder\df_nood_inder.bsp
reading d:\art\level design\momentum mod\github\019ports\df_nood_inder\df_nood_inder.prt
 731 portalclusters
1850 numportals
0...1...2...3...4...5...6...7...8...9...10Optimized: 9596 visible clusters (4.48%)
Total clusters visible: 214377
Average clusters visible: 293
Building PAS...
Average clusters audible: 532
visdatasize:102927  compressed from 140352
writing d:\art\level design\momentum mod\github\019ports\df_nood_inder\df_nood_inder.bsp
MSG_FILEWRITE - Filesystem was asked to write to 'd:\art\level design\momentum mod\github\019ports\df_nood_inder\df_nood_inder.bsp', but we don't own that location. Allowing.
0 seconds elapsed



[Reading texlights from 'lights.rad']
[56 texlights parsed from 'lights.rad']

Loading d:\art\level design\momentum mod\github\019ports\df_nood_inder\df_nood_inder.bsp
4953 faces
1 degenerate faces
2500644 square feet [360092800.00 square inches]
0 Displacements
0 Square Feet [0.00 Square Inches]
4952 patches before subdivision
4952 patches after subdivision
0 direct lights
0...1...2...3...4...5...6...7...8...9...100...1...2...3...4...5...6...7...8...9...10transfers 1284441, max 856
transfer lists:   9.8 megs
0...1...2...3...4...5...6...7...8...9...10	Bounce #1 added RGB(0, 0, 0)
Build Patch/Sample Hash Table(s).....Done<0.0762 sec>
0...1...2...3...4...5...6...7...8...9...10FinalLightFace Done
0 of 0 (0% of) surface lights went in leaf ambient cubes.
0...1...2...3...4...5...6...7...8...9...10Writing leaf ambient...done
Ready to Finish

Object names       Objects/Maxobjs  Memory / Maxmem  Fullness 
------------       ---------------  ---------------  -------- 
models                  24/1024         1152/49152    ( 2.3%) 
brushes                791/8192         9492/98304    ( 9.7%) 
brushsides            5579/65536       44632/524288   ( 8.5%) 
planes                2948/65536       58960/1310720  ( 4.5%) 
vertexes              7079/65536       84948/786432   (10.8%) 
nodes                 2162/65536       69184/2097152  ( 3.3%) 
texinfos               757/12288       54504/884736   ( 6.2%) 
texdata                 10/2048          320/65536    ( 0.5%) 
dispinfos                0/0               0/0        ( 0.0%) 
disp_verts               0/0               0/0        ( 0.0%) 
disp_tris                0/0               0/0        ( 0.0%) 
disp_lmsamples           0/0               0/0        ( 0.0%) 
faces                 4953/65536      277368/3670016  ( 7.6%) 
hdr faces                0/65536           0/3670016  ( 0.0%) 
origfaces             1401/65536       78456/3670016  ( 2.1%) 
leaves                2187/65536       69984/2097152  ( 3.3%) 
leaffaces             5533/65536       11066/131072   ( 8.4%) 
leafbrushes           2524/65536        5048/131072   ( 3.9%) 
areas                    3/256            24/2048     ( 1.2%) 
surfedges            28203/512000     112812/2048000  ( 5.5%) 
edges                15416/256000      61664/1024000  ( 6.0%) 
LDR worldlights          0/8192            0/720896   ( 0.0%) 
HDR worldlights          0/8192            0/720896   ( 0.0%) 
leafwaterdata            0/32768           0/393216   ( 0.0%) 
waterstrips            334/32768        3340/327680   ( 1.0%) 
waterverts               0/65536           0/786432   ( 0.0%) 
waterindices          4563/65536        9126/131072   ( 7.0%) 
cubemapsamples           0/1024            0/16384    ( 0.0%) 
overlays                 0/512             0/180224   ( 0.0%) 
LDR lightdata         [variable]     5613664/0        ( 0.0%) 
HDR lightdata         [variable]           0/0        ( 0.0%) 
visdata               [variable]      102927/16777216 ( 0.6%) 
entdata               [variable]        8188/393216   ( 2.1%) 
LDR ambient table     2187/65536        8748/262144   ( 3.3%) 
HDR ambient table     2187/65536        8748/262144   ( 3.3%) 
LDR leaf ambient       888/65536       24864/1835008  ( 1.4%) 
HDR leaf ambient      2187/65536       61236/1835008  ( 3.3%) 
occluders                0/0               0/0        ( 0.0%) 
occluder polygons        0/0               0/0        ( 0.0%) 
occluder vert ind        0/0               0/0        ( 0.0%) 
detail props          [variable]           1/12       ( 8.3%) 
static props          [variable]           1/12       ( 8.3%) 
pakfile               [variable]       86762/0        ( 0.0%) 
physics               [variable]      280918/4194304  ( 6.7%) 
physics terrain       [variable]           2/1048576  ( 0.0%) 

Level flags = 0

Total triangle count: 12711
Writing d:\art\level design\momentum mod\github\019ports\df_nood_inder\df_nood_inder.bsp
3 seconds elapsed
