PRT1
79
101
4 0 6 (1600 1024 -384 ) (1600 1024 256 ) (1280 1024 256 ) (1280 1024 -384 ) 
4 0 2 (1280 1600 256 ) (1280 1600 -384 ) (1280 1280 -384 ) (1280 1280 256 ) 
4 0 1 (1280 1024 -384 ) (1280 1280 -384 ) (1600 1280 -384 ) (1600 1024 -384 ) 
4 1 6 (1600 1024 -435.200195 ) (1600 1024 -384 ) (1280 1024 -384 ) (1280 1024 -435.200012 ) 
4 2 4 (1024 1600 -256 ) (1024 1600 -332.799988 ) (1024 1280 -332.800049 ) (1024 1280 -256 ) 
4 2 3 (1024 1280 256 ) (1024 1600 256 ) (1024 1600 -256 ) (1024 1280 -256 ) 
4 3 5 (640 1280 256 ) (320 1280 256 ) (320 1280 -256 ) (640 1280 -256 ) 
4 3 4 (1024 1280 -256 ) (640 1280 -256 ) (640 1600 -256 ) (1024 1600 -256 ) 
4 5 8 (640 1024 256 ) (320 1024 256 ) (320 1024 -204.799988 ) (640 1024 -204.800049 ) 
4 6 7 (1280 640 -512 ) (1280 320 -512 ) (1280 320 256 ) (1280 640 256 ) 
4 7 10 (1024 320 -563.199951 ) (1024 320 -192 ) (1024 640 -192 ) (1024 640 -563.200012 ) 
4 7 9 (1024 320 -192 ) (1024 320 256 ) (1024 640 256 ) (1024 640 -192 ) 
4 8 11 (640 640 -128 ) (640 640 256 ) (320 640 256 ) (320 640 -128 ) 
4 9 10 (1024 320 -192 ) (704 320 -192 ) (704 640 -192 ) (1024 640 -192 ) 
4 10 12 (640 640 -192 ) (640 640 -640 ) (640 320 -640 ) (640 320 -192 ) 
4 11 15 (320 640 256 ) (320 640 -128 ) (320 320 -128 ) (320 320 256 ) 
4 12 22 (640 320 -640 ) (640 320 -192 ) (320 320 -192 ) (320 320 -640 ) 
4 13 20 (640 320 -1408 ) (640 320 -704 ) (320 320 -704 ) (320 320 -1408 ) 
4 13 17 (320 640 -704 ) (320 640 -1408 ) (320 320 -1408 ) (320 320 -704 ) 
4 14 21 (640 320 -2944 ) (640 320 -1472 ) (320 320 -1472 ) (320 320 -2944 ) 
4 14 18 (320 640 -1472 ) (320 640 -2944 ) (320 320 -2944 ) (320 320 -1472 ) 
4 15 26 (0 320 -64 ) (0 320 256 ) (0 640 256 ) (0 640 -64 ) 
4 16 27 (0 320 -704 ) (0 320 -128 ) (0 640 -128 ) (0 640 -704 ) 
4 16 17 (0 640 -704 ) (256 640 -704 ) (256 320 -704 ) (0 320 -704 ) 
4 17 27 (0 320 -1472 ) (0 320 -704 ) (0 640 -704 ) (0 640 -1472 ) 
4 18 28 (0 320 -2880 ) (0 320 -1536 ) (0 640 -1536 ) (0 640 -2880 ) 
4 19 49 (640 0 -192 ) (640 0 256 ) (320 0 256 ) (320 0 -192 ) 
4 19 22 (320 0 -192 ) (320 256 -192 ) (640 256 -192 ) (640 0 -192 ) 
4 20 47 (640 0 -1344 ) (640 0 -768 ) (320 0 -768 ) (320 0 -1344 ) 
4 21 48 (640 0 -2944 ) (640 0 -1408 ) (320 0 -1408 ) (320 0 -2944 ) 
4 22 49 (640 0 -704 ) (640 0 -192 ) (320 0 -192 ) (320 0 -704 ) 
4 23 36 (-1024 1280 -1664 ) (-1024 1280 256 ) (-1024 1600 256 ) (-1024 1600 -1664 ) 
4 23 25 (-320 1280 -1664 ) (-320 1280 256 ) (-640 1280 256 ) (-640 1280 -1664 ) 
4 23 24 (-1024 1600 -1664 ) (-640 1600 -1664 ) (-640 1280 -1664 ) (-1024 1280 -1664 ) 
4 24 36 (-1024 1280 -1740.799805 ) (-1024 1280 -1664 ) (-1024 1600 -1664 ) (-1024 1600 -1740.799927 ) 
4 25 30 (-640 1024 -64 ) (-640 1024 -1612.799927 ) (-320 1024 -1612.799927 ) (-320 1024 -64 ) 
4 25 29 (-320 1024 256 ) (-640 1024 256 ) (-640 1024 -64 ) (-320 1024 -64 ) 
4 26 31 (-320 320 0 ) (-320 320 256 ) (-320 640 256 ) (-320 640 0 ) 
4 27 32 (-320 320 -1536 ) (-320 320 -64 ) (-320 640 -64 ) (-320 640 -1536 ) 
4 28 33 (-320 320 -2816 ) (-320 320 -1600 ) (-320 640 -1600 ) (-320 640 -2816 ) 
4 29 30 (-640 704 -64 ) (-640 1024 -64 ) (-320 1024 -64 ) (-320 704 -64 ) 
4 30 32 (-320 640 -1536 ) (-320 640 -64 ) (-640 640 -64 ) (-640 640 -1536 ) 
4 31 39 (-1024 320 0 ) (-1024 320 256 ) (-1024 640 256 ) (-1024 640 0 ) 
4 33 35 (-320 320 -2816 ) (-320 320 -1600 ) (-640 320 -1600 ) (-640 320 -2816 ) 
4 34 61 (-320 0 -1600 ) (-320 0 256 ) (-640 0 256 ) (-640 0 -1600 ) 
4 34 35 (-640 0 -1600 ) (-640 256 -1600 ) (-320 256 -1600 ) (-320 0 -1600 ) 
4 35 62 (-320 0 -2752 ) (-320 0 -2240 ) (-640 0 -2240 ) (-640 0 -2752 ) 
4 35 61 (-320 0 -2240 ) (-320 0 -1600 ) (-640 0 -1600 ) (-640 0 -2240 ) 
4 36 37 (-1280 1600 256 ) (-1280 1600 -1792 ) (-1280 1280 -1792 ) (-1280 1280 256 ) 
4 37 43 (-1280 1024 -1792 ) (-1280 1024 -64 ) (-1600 1024 -64 ) (-1600 1024 -1792 ) 
4 37 40 (-1280 1024 -64 ) (-1280 1024 256 ) (-1344 1024 256 ) (-1344 1024 -64 ) 
4 37 42 (-1344 1024 256 ) (-1600 1024 256 ) (-1600 1024 -64 ) (-1344 1024 -64 ) 
4 37 38 (-1600 1024 -1792 ) (-1600 1280 -1792 ) (-1280 1280 -1792 ) (-1280 1024 -1792 ) 
4 38 43 (-1280 1024 -1843.199951 ) (-1280 1024 -1792 ) (-1600 1024 -1792 ) (-1600 1024 -1843.199951 ) 
4 40 43 (-1344 1024 -64 ) (-1280 1024 -64 ) (-1280 704 -64 ) (-1344 704 -64 ) 
4 40 42 (-1344 1024 -64 ) (-1344 704 -64 ) (-1344 704 256 ) (-1344 1024 256 ) 
4 41 70 (-1280 0 -64 ) (-1280 0 256 ) (-1344 0 256 ) (-1344 0 -64 ) 
4 41 43 (-1280 256 -64 ) (-1280 0 -64 ) (-1344 0 -64 ) (-1344 256 -64 ) 
4 41 42 (-1344 256 -64 ) (-1344 0 -64 ) (-1344 0 256 ) (-1344 256 256 ) 
4 42 70 (-1344 0 256 ) (-1600 0 256 ) (-1600 0 -64 ) (-1344 0 -64 ) 
4 42 43 (-1600 0 -64 ) (-1600 1024 -64 ) (-1344 1024 -64 ) (-1344 0 -64 ) 
4 43 70 (-1280 0 -1920 ) (-1280 0 -64 ) (-1600 0 -64 ) (-1600 0 -1920 ) 
4 43 44 (-1600 0 -1920 ) (-1600 320 -1920 ) (-1280 320 -1920 ) (-1280 0 -1920 ) 
4 44 70 (-1280 0 -1984 ) (-1280 0 -1920 ) (-1600 0 -1920 ) (-1600 0 -1984 ) 
4 45 56 (1600 -1024 -1075.200073 ) (1600 -1024 -1024 ) (1280 -1024 -1024 ) (1280 -1024 -1075.200195 ) 
4 45 55 (1600 -1024 -1024 ) (1600 -1024 256 ) (1280 -1024 256 ) (1280 -1024 -1024 ) 
4 45 46 (1280 -640 256 ) (1280 -320 256 ) (1280 -320 -1152 ) (1280 -640 -1152 ) 
4 46 51 (1024 -320 -832 ) (1024 -320 -1203.199829 ) (1024 -640 -1203.199951 ) (1024 -640 -832 ) 
4 46 50 (1024 -640 256 ) (1024 -320 256 ) (1024 -320 -832 ) (1024 -640 -832 ) 
4 47 53 (640 -320 -1280 ) (640 -320 -832 ) (320 -320 -832 ) (320 -320 -1280 ) 
4 49 52 (640 -320 -768 ) (640 -320 256 ) (320 -320 256 ) (320 -320 -768 ) 
4 50 51 (1024 -640 -832 ) (704 -640 -832 ) (704 -320 -832 ) (1024 -320 -832 ) 
4 51 53 (640 -640 -1280 ) (640 -640 -832 ) (640 -320 -832 ) (640 -320 -1280 ) 
4 52 54 (640 -640 -768 ) (640 -640 256 ) (320 -640 256 ) (320 -640 -768 ) 
4 54 58 (640 -1024 256 ) (320 -1024 256 ) (320 -1024 -844.799927 ) (640 -1024 -844.800049 ) 
4 55 57 (1280 -1600 256 ) (1280 -1280 256 ) (1280 -1280 -1024 ) (1280 -1600 -1024 ) 
4 55 56 (1280 -1280 -1024 ) (1280 -1024 -1024 ) (1600 -1024 -1024 ) (1600 -1280 -1024 ) 
4 57 60 (1024 -1600 -972.800049 ) (1024 -1600 -896 ) (1024 -1280 -896 ) (1024 -1280 -972.800049 ) 
4 57 59 (1024 -1600 -896 ) (1024 -1600 256 ) (1024 -1280 256 ) (1024 -1280 -896 ) 
4 58 59 (640 -1280 -896 ) (640 -1280 256 ) (320 -1280 256 ) (320 -1280 -896 ) 
4 59 60 (1024 -1600 -896 ) (640 -1600 -896 ) (640 -1280 -896 ) (1024 -1280 -896 ) 
4 61 62 (-640 -256 -2240 ) (-640 0 -2240 ) (-320 0 -2240 ) (-320 -256 -2240 ) 
4 62 64 (-640 -320 -2240 ) (-640 -320 -2688 ) (-320 -320 -2688 ) (-320 -320 -2240 ) 
4 63 67 (-640 -640 -2176 ) (-640 -640 256 ) (-640 -320 256 ) (-640 -320 -2176 ) 
4 63 65 (-640 -640 256 ) (-640 -640 -2176 ) (-320 -640 -2176 ) (-320 -640 256 ) 
4 64 66 (-640 -640 -2688 ) (-640 -640 -2240 ) (-640 -320 -2240 ) (-640 -320 -2688 ) 
4 65 73 (-320 -1024 -2252.799805 ) (-320 -1024 256 ) (-640 -1024 256 ) (-640 -1024 -2252.800049 ) 
4 66 68 (-1024 -640 -2611.199951 ) (-1024 -640 -2163.199707 ) (-1024 -320 -2163.199707 ) (-1024 -320 -2611.199951 ) 
4 67 69 (-1024 -640 -2099.199707 ) (-1024 -640 256 ) (-1024 -320 256 ) (-1024 -320 -2099.199707 ) 
4 68 72 (-1280 -640 -2560 ) (-1280 -640 -2112 ) (-1280 -320 -2112 ) (-1280 -320 -2560 ) 
4 69 70 (-1280 -640 -2048 ) (-1280 -640 256 ) (-1280 -320 256 ) (-1280 -320 -2048 ) 
4 71 77 (-1280 -1024 -2112 ) (-1280 -1024 256 ) (-1600 -1024 256 ) (-1600 -1024 -2112 ) 
4 71 72 (-1600 -1024 -2112 ) (-1600 -704 -2112 ) (-1280 -704 -2112 ) (-1280 -1024 -2112 ) 
4 72 78 (-1280 -1024 -2483.199707 ) (-1280 -1024 -2432 ) (-1600 -1024 -2432 ) (-1600 -1024 -2483.199707 ) 
4 72 77 (-1280 -1024 -2432 ) (-1280 -1024 -2112 ) (-1600 -1024 -2112 ) (-1600 -1024 -2432 ) 
4 73 74 (-320 -1280 256 ) (-640 -1280 256 ) (-640 -1280 -2304 ) (-320 -1280 -2304 ) 
4 74 76 (-1024 -1600 -2304 ) (-1024 -1600 256 ) (-1024 -1280 256 ) (-1024 -1280 -2304 ) 
4 74 75 (-1024 -1280 -2304 ) (-640 -1280 -2304 ) (-640 -1600 -2304 ) (-1024 -1600 -2304 ) 
4 75 76 (-1024 -1600 -2380.800293 ) (-1024 -1600 -2304 ) (-1024 -1280 -2304 ) (-1024 -1280 -2380.800293 ) 
4 76 77 (-1280 -1600 -2432 ) (-1280 -1600 256 ) (-1280 -1280 256 ) (-1280 -1280 -2432 ) 
4 77 78 (-1280 -1024 -2432 ) (-1280 -1280 -2432 ) (-1600 -1280 -2432 ) (-1600 -1024 -2432 ) 
