


materialPath: E:\Juegos\SteamWin\steamapps\common\Team Fortress 2\tf\materials
Loading D:\Art\Level Design\Momentum Mod\github\019ports\df_cpmjump1\df_cpmjump1.vmf
fixing up env_cubemap materials on brush sides...
0...1...2...3...4...5...6...7...8...9...100...1...2...3...4...5...6...7...8...9...10Processing areas...done (0)
Building Faces...done (0)
Chop Details...done (0)
Find Visible Detail Sides...done (0)
Merging details...done (0)
FixTjuncs...
PruneNodes...
WriteBSP...
done (0)
writing D:\Art\Level Design\Momentum Mod\github\019ports\df_cpmjump1\df_cpmjump1.prt...Building visibility clusters...
done (0)
Creating default LDR cubemaps for env_cubemap using skybox materials:
   skybox/sky_day01_01*.vmt
 ! Run buildcubemaps in the engine to get the correct cube maps.
Creating default HDR cubemaps for env_cubemap using skybox materials:
   skybox/sky_day01_01*.vmt
 ! Run buildcubemaps in the engine to get the correct cube maps.
Finding displacement neighbors...
Finding lightmap sample positions...
Displacement Alpha : 0...1...2...3...4...5...6...7...8...9...10
Building Physics collision data...
done (0) (59102 bytes)
Placing detail props : 0...1...2...3...4...5...6...7...8...9...10
Compacting texture/material tables...
Reduced 29 texinfos to 18
Reduced 5 texdatas to 5 (103 bytes to 103)
Writing D:\Art\Level Design\Momentum Mod\github\019ports\df_cpmjump1\df_cpmjump1.bsp
MSG_FILEWRITE - Filesystem was asked to write to 'D:\Art\Level Design\Momentum Mod\github\019ports\df_cpmjump1\df_cpmjump1.bsp', but we don't own that location. Allowing.
Wrote ZIP buffer, estimated size 105889, actual size 105675
0 seconds elapsed



12 threads
reading d:\art\level design\momentum mod\github\019ports\df_cpmjump1\df_cpmjump1.bsp
reading d:\art\level design\momentum mod\github\019ports\df_cpmjump1\df_cpmjump1.prt
  79 portalclusters
 101 numportals
0...1...2...3...4...5...6...7...8...9...10Optimized: 47 visible clusters (3.35%)
Total clusters visible: 1404
Average clusters visible: 17
Building PAS...
Average clusters audible: 36
visdatasize:2298  compressed from 2528
writing d:\art\level design\momentum mod\github\019ports\df_cpmjump1\df_cpmjump1.bsp
MSG_FILEWRITE - Filesystem was asked to write to 'd:\art\level design\momentum mod\github\019ports\df_cpmjump1\df_cpmjump1.bsp', but we don't own that location. Allowing.
0 seconds elapsed



[Reading texlights from 'lights.rad']
[56 texlights parsed from 'lights.rad']

Loading d:\art\level design\momentum mod\github\019ports\df_cpmjump1\df_cpmjump1.bsp
523 faces
605821 square feet [87238344.00 square inches]
0 Displacements
0 Square Feet [0.00 Square Inches]
523 patches before subdivision
523 patches after subdivision
0 direct lights
0...1...2...3...4...5...6...7...8...9...100...1...2...3...4...5...6...7...8...9...10transfers 15142, max 70
transfer lists:   0.1 megs
0...1...2...3...4...5...6...7...8...9...10	Bounce #1 added RGB(0, 0, 0)
Build Patch/Sample Hash Table(s).....Done<0.0195 sec>
0...1...2...3...4...5...6...7...8...9...10FinalLightFace Done
0 of 0 (0% of) surface lights went in leaf ambient cubes.
0...1...2...3...4...5...6...7...8...9...10Writing leaf ambient...done
Ready to Finish

Object names       Objects/Maxobjs  Memory / Maxmem  Fullness 
------------       ---------------  ---------------  -------- 
models                   5/1024          240/49152    ( 0.5%) 
brushes                124/8192         1488/98304    ( 1.5%) 
brushsides             798/65536        6384/524288   ( 1.2%) 
planes                 440/65536        8800/1310720  ( 0.7%) 
vertexes               776/65536        9312/786432   ( 1.2%) 
nodes                  327/65536       10464/2097152  ( 0.5%) 
texinfos                18/12288        1296/884736   ( 0.1%) 
texdata                  5/2048          160/65536    ( 0.2%) 
dispinfos                0/0               0/0        ( 0.0%) 
disp_verts               0/0               0/0        ( 0.0%) 
disp_tris                0/0               0/0        ( 0.0%) 
disp_lmsamples           0/0               0/0        ( 0.0%) 
faces                  523/65536       29288/3670016  ( 0.8%) 
hdr faces                0/65536           0/3670016  ( 0.0%) 
origfaces              163/65536        9128/3670016  ( 0.2%) 
leaves                 333/65536       10656/2097152  ( 0.5%) 
leaffaces              571/65536        1142/131072   ( 0.9%) 
leafbrushes            303/65536         606/131072   ( 0.5%) 
areas                    2/256            16/2048     ( 0.8%) 
surfedges             3062/512000      12248/2048000  ( 0.6%) 
edges                 1702/256000       6808/1024000  ( 0.7%) 
LDR worldlights          0/8192            0/720896   ( 0.0%) 
HDR worldlights          0/8192            0/720896   ( 0.0%) 
leafwaterdata            0/32768           0/393216   ( 0.0%) 
waterstrips             38/32768         380/327680   ( 0.1%) 
waterverts               0/65536           0/786432   ( 0.0%) 
waterindices           534/65536        1068/131072   ( 0.8%) 
cubemapsamples           0/1024            0/16384    ( 0.0%) 
overlays                 0/512             0/180224   ( 0.0%) 
LDR lightdata         [variable]      908260/0        ( 0.0%) 
HDR lightdata         [variable]           0/0        ( 0.0%) 
visdata               [variable]        2298/16777216 ( 0.0%) 
entdata               [variable]        1582/393216   ( 0.4%) 
LDR ambient table      333/65536        1332/262144   ( 0.5%) 
HDR ambient table      333/65536        1332/262144   ( 0.5%) 
LDR leaf ambient       103/65536        2884/1835008  ( 0.2%) 
HDR leaf ambient       333/65536        9324/1835008  ( 0.5%) 
occluders                0/0               0/0        ( 0.0%) 
occluder polygons        0/0               0/0        ( 0.0%) 
occluder vert ind        0/0               0/0        ( 0.0%) 
detail props          [variable]           1/12       ( 8.3%) 
static props          [variable]           1/12       ( 8.3%) 
pakfile               [variable]      105675/0        ( 0.0%) 
physics               [variable]       59102/4194304  ( 1.4%) 
physics terrain       [variable]           2/1048576  ( 0.0%) 

Level flags = 0

Total triangle count: 1364
Writing d:\art\level design\momentum mod\github\019ports\df_cpmjump1\df_cpmjump1.bsp
0 seconds elapsed



materialPath: E:\Juegos\SteamWin\steamapps\common\Team Fortress 2\tf\materials
Loading D:\Art\Level Design\Momentum Mod\github\019ports\df_cpmjump1\df_cpmjump1.vmf
fixing up env_cubemap materials on brush sides...
0...1...2...3...4...5...6...7...8...9...100...1...2...3...4...5...6...7...8...9...10Processing areas...done (0)
Building Faces...done (0)
Chop Details...done (0)
Find Visible Detail Sides...done (0)
Merging details...done (0)
FixTjuncs...
PruneNodes...
WriteBSP...
done (0)
writing D:\Art\Level Design\Momentum Mod\github\019ports\df_cpmjump1\df_cpmjump1.prt...Building visibility clusters...
done (0)
Creating default LDR cubemaps for env_cubemap using skybox materials:
   skybox/sky_day01_01*.vmt
 ! Run buildcubemaps in the engine to get the correct cube maps.
Creating default HDR cubemaps for env_cubemap using skybox materials:
   skybox/sky_day01_01*.vmt
 ! Run buildcubemaps in the engine to get the correct cube maps.
Finding displacement neighbors...
Finding lightmap sample positions...
Displacement Alpha : 0...1...2...3...4...5...6...7...8...9...10
Building Physics collision data...
done (0) (59270 bytes)
Placing detail props : 0...1...2...3...4...5...6...7...8...9...10
Compacting texture/material tables...
Reduced 26 texinfos to 14
Reduced 5 texdatas to 5 (103 bytes to 103)
Writing D:\Art\Level Design\Momentum Mod\github\019ports\df_cpmjump1\df_cpmjump1.bsp
MSG_FILEWRITE - Filesystem was asked to write to 'D:\Art\Level Design\Momentum Mod\github\019ports\df_cpmjump1\df_cpmjump1.bsp', but we don't own that location. Allowing.
Wrote ZIP buffer, estimated size 105889, actual size 105675
0 seconds elapsed



12 threads
reading d:\art\level design\momentum mod\github\019ports\df_cpmjump1\df_cpmjump1.bsp
reading d:\art\level design\momentum mod\github\019ports\df_cpmjump1\df_cpmjump1.prt
  79 portalclusters
 101 numportals
0...1...2...3...4...5...6...7...8...9...10Optimized: 47 visible clusters (3.35%)
Total clusters visible: 1404
Average clusters visible: 17
Building PAS...
Average clusters audible: 36
visdatasize:2298  compressed from 2528
writing d:\art\level design\momentum mod\github\019ports\df_cpmjump1\df_cpmjump1.bsp
MSG_FILEWRITE - Filesystem was asked to write to 'd:\art\level design\momentum mod\github\019ports\df_cpmjump1\df_cpmjump1.bsp', but we don't own that location. Allowing.
0 seconds elapsed



[Reading texlights from 'lights.rad']
[56 texlights parsed from 'lights.rad']

Loading d:\art\level design\momentum mod\github\019ports\df_cpmjump1\df_cpmjump1.bsp
523 faces
605821 square feet [87238344.00 square inches]
0 Displacements
0 Square Feet [0.00 Square Inches]
523 patches before subdivision
523 patches after subdivision
0 direct lights
0...1...2...3...4...5...6...7...8...9...100...1...2...3...4...5...6...7...8...9...10transfers 15142, max 70
transfer lists:   0.1 megs
0...1...2...3...4...5...6...7...8...9...10	Bounce #1 added RGB(0, 0, 0)
Build Patch/Sample Hash Table(s).....Done<0.0177 sec>
0...1...2...3...4...5...6...7...8...9...10FinalLightFace Done
0 of 0 (0% of) surface lights went in leaf ambient cubes.
0...1...2...3...4...5...6...7...8...9...10Writing leaf ambient...done
Ready to Finish

Object names       Objects/Maxobjs  Memory / Maxmem  Fullness 
------------       ---------------  ---------------  -------- 
models                   3/1024          144/49152    ( 0.3%) 
brushes                124/8192         1488/98304    ( 1.5%) 
brushsides             798/65536        6384/524288   ( 1.2%) 
planes                 442/65536        8840/1310720  ( 0.7%) 
vertexes               776/65536        9312/786432   ( 1.2%) 
nodes                  325/65536       10400/2097152  ( 0.5%) 
texinfos                14/12288        1008/884736   ( 0.1%) 
texdata                  5/2048          160/65536    ( 0.2%) 
dispinfos                0/0               0/0        ( 0.0%) 
disp_verts               0/0               0/0        ( 0.0%) 
disp_tris                0/0               0/0        ( 0.0%) 
disp_lmsamples           0/0               0/0        ( 0.0%) 
faces                  523/65536       29288/3670016  ( 0.8%) 
hdr faces                0/65536           0/3670016  ( 0.0%) 
origfaces              163/65536        9128/3670016  ( 0.2%) 
leaves                 329/65536       10528/2097152  ( 0.5%) 
leaffaces              571/65536        1142/131072   ( 0.9%) 
leafbrushes            303/65536         606/131072   ( 0.5%) 
areas                    2/256            16/2048     ( 0.8%) 
surfedges             3062/512000      12248/2048000  ( 0.6%) 
edges                 1702/256000       6808/1024000  ( 0.7%) 
LDR worldlights          0/8192            0/720896   ( 0.0%) 
HDR worldlights          0/8192            0/720896   ( 0.0%) 
leafwaterdata            0/32768           0/393216   ( 0.0%) 
waterstrips             38/32768         380/327680   ( 0.1%) 
waterverts               0/65536           0/786432   ( 0.0%) 
waterindices           534/65536        1068/131072   ( 0.8%) 
cubemapsamples           0/1024            0/16384    ( 0.0%) 
overlays                 0/512             0/180224   ( 0.0%) 
LDR lightdata         [variable]      908260/0        ( 0.0%) 
HDR lightdata         [variable]           0/0        ( 0.0%) 
visdata               [variable]        2298/16777216 ( 0.0%) 
entdata               [variable]       21697/393216   ( 5.5%) 
LDR ambient table      329/65536        1316/262144   ( 0.5%) 
HDR ambient table      329/65536        1316/262144   ( 0.5%) 
LDR leaf ambient        99/65536        2772/1835008  ( 0.2%) 
HDR leaf ambient       329/65536        9212/1835008  ( 0.5%) 
occluders                0/0               0/0        ( 0.0%) 
occluder polygons        0/0               0/0        ( 0.0%) 
occluder vert ind        0/0               0/0        ( 0.0%) 
detail props          [variable]           1/12       ( 8.3%) 
static props          [variable]           1/12       ( 8.3%) 
pakfile               [variable]      105675/0        ( 0.0%) 
physics               [variable]       59270/4194304  ( 1.4%) 
physics terrain       [variable]           2/1048576  ( 0.0%) 

Level flags = 0

Total triangle count: 1364
Writing d:\art\level design\momentum mod\github\019ports\df_cpmjump1\df_cpmjump1.bsp
0 seconds elapsed
